{"EventID": 1, "EventTime": "2020-05-01 22:56:10", "UtcTime": "2020-05-01T22:56:10.000Z", "Hostname": "UTICA.dmevals.local", "Channel": "Microsoft-Windows-Sysmon/Operational", "SourceImage": "C:\\Windows\\System32\\cmd.exe", "CommandLine": "cmd.exe /c wmic /node:TARGET-PC process call create \"cmd.exe /c whoami > c:\\temp\\test.txt\"", "ProcessId": "1240", "ProcessGUID": "{6bbf237a-04d8-5eac-04d8-0000000004d8}", "ParentImage": "C:\\Windows\\explorer.exe", "ParentProcessId": "1234", "ParentProcessGUID": "{6bbf237a-04d2-5eac-04d2-0000000004d2}", "ParentCommandLine": "C:\\Windows\\explorer.exe", "User": "NT AUTHORITY\\NETWORK SERVICE", "Domain": "NT AUTHORITY", "AccountName": "NETWORK SERVICE", "IntegrityLevel": "Medium", "CurrentDirectory": "C:\\Windows\\System32\\", "LogonId": "0x3e7", "_label": "malicious", "_attack_technique": "lateral_movement", "_source": "llm_scenario", "prompt": "[2020-05-01 22:56:10] | PID=1240 | User=NT AUTHORITY\\NETWORK SERVICE | Image=C:\\Windows\\System32\\cmd.exe | Parent=C:\\Windows\\explorer.exe | CMD=cmd.exe /c wmic /node:TARGET-PC process call create \"cmd.exe /c whoami > c:\\temp\\test.txt\"", "claude-sonnet-4-5": {"predicted_label": "malicious", "reason": "WMIC used for remote command execution on TARGET-PC with output redirection to temp directory, indicating lateral movement and reconnaissance activity. The NETWORK SERVICE account executing this is highly suspicious.", "confidence": "high", "attack_technique": "remote_execution"}}
{"EventID": 1, "EventTime": "2020-05-01 22:57:15", "UtcTime": "2020-05-01T22:57:15.000Z", "Hostname": "UTICA.dmevals.local", "Channel": "Microsoft-Windows-Sysmon/Operational", "SourceImage": "C:\\Windows\\System32\\WindowsPowerShell\\v1.0\\powershell.exe", "CommandLine": "powershell -command \"Get-Content C:\\ProgramData\\victim\\config.ini | Select-String -Pattern 'password'\"", "ProcessId": "1289", "ProcessGUID": "{6bbf237a-0509-5eac-0509-000000000509}", "ParentImage": "C:\\Windows\\explorer.exe", "ParentProcessId": "456", "ParentProcessGUID": "{6bbf237a-01c8-5eac-01c8-0000000001c8}", "ParentCommandLine": "C:\\Windows\\explorer.exe", "User": "DMEVALS\\pbeesly", "Domain": "DMEVALS", "AccountName": "pbeesly", "IntegrityLevel": "Medium", "CurrentDirectory": "C:\\Windows\\System32\\", "LogonId": "0x3e7", "_label": "malicious", "_attack_technique": "credential_discovery", "_source": "llm_scenario", "prompt": "[2020-05-01 22:57:15] | PID=1289 | User=DMEVALS\\pbeesly | Image=C:\\Windows\\System32\\WindowsPowerShell\\v1.0\\powershell.exe | Parent=C:\\Windows\\explorer.exe | CMD=powershell -command \"Get-Content C:\\ProgramData\\victim\\config.ini | Select-String -Pattern 'password'\"", "claude-sonnet-4-5": {"predicted_label": "malicious", "reason": "PowerShell command searching for passwords in a configuration file located in ProgramData, indicating credential discovery activity. This is a clear attempt to extract sensitive authentication information.", "confidence": "high", "attack_technique": "credential_discovery"}}
{"EventID": 11, "EventTime": "2025-10-20 14:55:35", "UtcTime": "2025-10-20T14:55:35.000Z", "Hostname": "WORKSTATION-01.corp.local", "Channel": "Microsoft-Windows-Sysmon/Operational", "ProcessId": "3456", "ProcessGUID": "{34506789-0abc-34f5-c678-648836396222}", "User": "CORP\\jsmith", "IntegrityLevel": "Medium", "Image": "C:\\Program Files\\7-Zip\\7zFM.exe", "TargetFilename": "C:\\Users\\jsmith\\Downloads\\archive.zip", "CreationUtcTime": "2025-10-20T14:55:35.000Z", "_label": "benign", "_source": "llm", "prompt": "[2025-10-20 14:55:35] | PID=3456 | User=CORP\\jsmith | Image=C:\\Program Files\\7-Zip\\7zFM.exe", "claude-sonnet-4-5": {"predicted_label": "benign", "reason": "7-Zip File Manager (7zFM.exe) launched by a domain user from its legitimate installation directory - standard file compression/decompression activity.", "confidence": "high", "attack_technique": ""}}
{"EventID": 1, "EventTime": "2020-05-01 22:55:48", "UtcTime": "2020-05-01T22:55:48.000Z", "Hostname": "SCRANTON.dmevals.local", "Channel": "Microsoft-Windows-Sysmon/Operational", "SourceImage": "C:\\Windows\\System32\\cmd.exe", "CommandLine": "cmd.exe /c copy C:\\Users\\Public\\Documents\\sensitive_data.txt C:\\temp\\data.cab", "ProcessId": "1524", "ProcessGUID": "{6bbf237a-05f4-5eac-05f4-0000000005f4}", "ParentImage": "C:\\Windows\\explorer.exe", "ParentProcessId": "4328", "ParentProcessGUID": "{6bbf237a-10e8-5eac-10e8-0000000010e8}", "ParentCommandLine": "C:\\Windows\\explorer.exe", "User": "NT AUTHORITY\\SYSTEM", "Domain": "NT AUTHORITY", "AccountName": "SYSTEM", "IntegrityLevel": "Medium", "CurrentDirectory": "C:\\Windows\\System32\\", "LogonId": "0x3e7", "_label": "malicious", "_attack_technique": "data_exfiltration", "_source": "llm_scenario", "prompt": "[2020-05-01 22:55:48] | PID=1524 | User=NT AUTHORITY\\SYSTEM | Image=C:\\Windows\\System32\\cmd.exe | Parent=C:\\Windows\\explorer.exe | CMD=cmd.exe /c copy C:\\Users\\Public\\Documents\\sensitive_data.txt C:\\temp\\data.cab", "claude-sonnet-4-5": {"predicted_label": "malicious", "reason": "SYSTEM account running cmd.exe spawned by explorer.exe to copy sensitive data to temp directory - highly suspicious parent-child relationship and potential data staging activity.", "confidence": "high", "attack_technique": "data_staging"}}
{"EventID": 1, "EventTime": "2020-05-01 22:56:14", "UtcTime": "2020-05-01T22:56:14.000Z", "Hostname": "NEWYORK.dmevals.local", "Channel": "Microsoft-Windows-Sysmon/Operational", "SourceImage": "C:\\Windows\\System32\\cmd.exe", "CommandLine": "cmd.exe /c copy C:\\Users\\Public\\Documents\\sensitive_data.txt C:\\temp\\data.cab", "ProcessId": "1234", "ProcessGUID": "{6bbf237a-04d2-5eac-04d2-0000000004d2}", "ParentImage": "C:\\Windows\\explorer.exe", "ParentProcessId": "1111", "ParentProcessGUID": "{6bbf237a-0457-5eac-0457-000000000457}", "ParentCommandLine": "C:\\Windows\\explorer.exe", "User": "NT AUTHORITY\\SYSTEM", "Domain": "NT AUTHORITY", "AccountName": "SYSTEM", "IntegrityLevel": "Medium", "CurrentDirectory": "C:\\Windows\\System32\\", "LogonId": "0x3e7", "_label": "malicious", "_attack_technique": "data_exfiltration", "_source": "llm_scenario", "prompt": "[2020-05-01 22:56:14] | PID=1234 | User=NT AUTHORITY\\SYSTEM | Image=C:\\Windows\\System32\\cmd.exe | Parent=C:\\Windows\\explorer.exe | CMD=cmd.exe /c copy C:\\Users\\Public\\Documents\\sensitive_data.txt C:\\temp\\data.cab", "claude-sonnet-4-5": {"predicted_label": "malicious", "reason": "SYSTEM account copying file named 'sensitive_data.txt' to temp directory with .cab extension, spawned from explorer.exe - indicates potential data staging for exfiltration with unusual parent-child relationship.", "confidence": "high", "attack_technique": "data_staging"}}
{"EventID": 1, "EventTime": "2020-05-01 22:56:28", "UtcTime": "2020-05-01T22:56:28.000Z", "Hostname": "NEWYORK.dmevals.local", "Channel": "Microsoft-Windows-Sysmon/Operational", "SourceImage": "C:\\Windows\\System32\\certutil.exe", "CommandLine": "certutil.exe -encode C:\\temp\\data.cab C:\\temp\\encoded.txt", "ProcessId": "1688", "ProcessGUID": "{6bbf237a-0698-5eac-0698-000000000698}", "ParentImage": "C:\\Windows\\System32\\cmd.exe", "ParentProcessId": "1524", "ParentProcessGUID": "{6bbf237a-05f4-5eac-05f4-0000000005f4}", "ParentCommandLine": "cmd.exe /c copy C:\\Users\\Public\\Documents\\sensitive_data.txt C:\\temp\\data.cab", "User": "NT AUTHORITY\\NETWORK SERVICE", "Domain": "NT AUTHORITY", "AccountName": "NETWORK SERVICE", "IntegrityLevel": "Medium", "CurrentDirectory": "C:\\Users\\NETWORK SERVICE\\", "LogonId": "0x3e7", "_label": "malicious", "_attack_technique": "data_exfiltration", "_source": "llm_scenario", "prompt": "[2020-05-01 22:56:28] | PID=1688 | User=NT AUTHORITY\\NETWORK SERVICE | Image=C:\\Windows\\System32\\certutil.exe | Parent=C:\\Windows\\System32\\cmd.exe | CMD=certutil.exe -encode C:\\temp\\data.cab C:\\temp\\encoded.txt", "claude-sonnet-4-5": {"predicted_label": "malicious", "reason": "Certutil being used to encode a CAB file (commonly used for data staging) by NETWORK SERVICE account, which is unusual for legitimate encoding operations. This is a known LOTL technique for obfuscating data before exfiltration.", "confidence": "high", "attack_technique": "data_staging"}}
{"EventID": 1, "EventTime": "2025-11-05 09:47:45", "UtcTime": "2025-11-05T09:47:45.000Z", "Hostname": "WORKSTATION-01.corp.local", "Channel": "Microsoft-Windows-Sysmon/Operational", "SourceImage": "C:\\Program Files\\JetBrains\\IntelliJ IDEA Community Edition 2023.2.1\\jbr\\bin\\java.exe", "CommandLine": "\"C:\\Program Files\\JetBrains\\IntelliJ IDEA Community Edition 2023.2.1\\jbr\\bin\\java.exe\" -XX:ReservedCodeCacheSize=240m ...", "ProcessId": "8901", "ProcessGUID": "{8905bcde-5f12-894a-1b2d-b9338b8e1777}", "ParentImage": "C:\\Program Files\\JetBrains\\IntelliJ IDEA Community Edition 2023.2.1\\bin\\idea64.exe", "ParentProcessId": "1234", "ParentProcessGUID": "{123e4567-e89b-12d3-a456-426614174000}", "ParentCommandLine": "\"C:\\Program Files\\JetBrains\\IntelliJ IDEA Community Edition 2023.2.1\\bin\\idea64.exe\"", "User": "CORP\\jsmith", "Domain": "CORP", "AccountName": "jsmith", "IntegrityLevel": "Medium", "CurrentDirectory": "C:\\Users\\jsmith\\IdeaProjects\\MyProject", "LogonId": "0x12345", "_label": "benign", "_source": "llm", "prompt": "[2025-11-05 09:47:45] | PID=8901 | User=CORP\\jsmith | Image=C:\\Program Files\\JetBrains\\IntelliJ IDEA Community Edition 2023.2.1\\jbr\\bin\\java.exe | Parent=C:\\Program Files\\JetBrains\\IntelliJ IDEA Community Edition 2023.2.1\\bin\\idea64.exe | CMD=\"C:\\Program Files\\JetBrains\\IntelliJ IDEA Community Edition 2023.2.1\\jbr\\bin\\java.exe\" -XX:ReservedCodeCacheSize=240m ...", "claude-sonnet-4-5": {"predicted_label": "benign", "reason": "IntelliJ IDEA IDE launching its bundled Java runtime with normal JVM parameters - legitimate software development activity with expected parent-child process relationship.", "confidence": "high", "attack_technique": ""}}
{"EventID": 1, "EventTime": "2020-05-01 22:56:25", "UtcTime": "2020-05-01T22:56:25.000Z", "Hostname": "NEWYORK.dmevals.local", "Channel": "Microsoft-Windows-Sysmon/Operational", "SourceImage": "C:\\Windows\\System32\\cmd.exe", "CommandLine": "cmd.exe /c powershell Enter-PSSession -ComputerName DESKTOP-TARGET", "ProcessId": "1156", "ProcessGUID": "{6bbf237a-0484-5eac-0484-000000000484}", "ParentImage": "C:\\Windows\\explorer.exe", "ParentProcessId": "1024", "ParentProcessGUID": "{6bbf237a-0400-5eac-0400-000000000400}", "ParentCommandLine": "C:\\Windows\\explorer.exe", "User": "NT AUTHORITY\\SYSTEM", "Domain": "NT AUTHORITY", "AccountName": "SYSTEM", "IntegrityLevel": "Medium", "CurrentDirectory": "C:\\Windows\\System32\\", "LogonId": "0x3e7", "_label": "malicious", "_attack_technique": "lateral_movement", "_source": "llm_scenario", "prompt": "[2020-05-01 22:56:25] | PID=1156 | User=NT AUTHORITY\\SYSTEM | Image=C:\\Windows\\System32\\cmd.exe | Parent=C:\\Windows\\explorer.exe | CMD=cmd.exe /c powershell Enter-PSSession -ComputerName DESKTOP-TARGET", "claude-sonnet-4-5": {"predicted_label": "malicious", "reason": "SYSTEM account spawning cmd.exe from explorer.exe to initiate PowerShell remoting session to another computer - highly suspicious parent-child relationship indicating lateral movement attempt with elevated privileges.", "confidence": "high", "attack_technique": "lateral_movement"}}
{"EventID": 1, "EventTime": "2025-10-10 08:01:40", "UtcTime": "2025-10-10T08:01:40.000Z", "Hostname": "WORKSTATION-01", "Channel": "Microsoft-Windows-Sysmon/Operational", "SourceImage": "C:\\Windows\\System32\\taskhostw.exe", "CommandLine": "taskhostw.exe", "ProcessId": "2006", "ProcessGUID": "{12345678-1234-5678-1234-567812340007}", "ParentImage": "C:\\Windows\\System32\\svchost.exe", "ParentProcessId": "100", "ParentProcessGUID": "{12345678-1234-5678-1234-567812340008}", "ParentCommandLine": "C:\\Windows\\System32\\svchost.exe -k LocalServiceNetworkRestricted", "User": "NT AUTHORITY\\SYSTEM", "Domain": "NT AUTHORITY", "AccountName": "SYSTEM", "IntegrityLevel": "System", "CurrentDirectory": "C:\\Windows\\System32", "LogonId": "0x3e7", "_label": "benign", "_source": "llm", "prompt": "[2025-10-10 08:01:40] | PID=2006 | User=NT AUTHORITY\\SYSTEM | Image=C:\\Windows\\System32\\taskhostw.exe | Parent=C:\\Windows\\System32\\svchost.exe | CMD=taskhostw.exe", "claude-sonnet-4-5": {"predicted_label": "benign", "reason": "Taskhostw.exe running as SYSTEM with svchost.exe as parent is a normal Windows task scheduling process used to execute scheduled tasks and background operations.", "confidence": "high", "attack_technique": ""}}
{"EventID": 1, "EventTime": "2025-11-06 18:11:05", "UtcTime": "2025-11-06T18:11:05.000Z", "Hostname": "WORKSTATION-01.corp.local", "Channel": "Microsoft-Windows-Sysmon/Operational", "SourceImage": "C:\\Program Files\\Microsoft VS Code\\Code.exe", "CommandLine": "\"C:\\Program Files\\Microsoft VS Code\\Code.exe\" --ms-enable-electron-run-as-node", "ProcessId": "10123", "ProcessGUID": "{a127ef01-7134-a16c-3d4f-db55adad3999}", "ParentImage": "C:\\Windows\\explorer.exe", "ParentProcessId": "1234", "ParentProcessGUID": "{123e4567-e89b-12d3-a456-426614174000}", "ParentCommandLine": "C:\\Windows\\explorer.exe", "User": "CORP\\jsmith", "Domain": "CORP", "AccountName": "jsmith", "IntegrityLevel": "Medium", "CurrentDirectory": "C:\\Users\\jsmith\\Documents\\GitHub\\my-project", "LogonId": "0x12345", "_label": "benign", "_source": "llm", "prompt": "[2025-11-06 18:11:05] | PID=10123 | User=CORP\\jsmith | Image=C:\\Program Files\\Microsoft VS Code\\Code.exe | Parent=C:\\Windows\\explorer.exe | CMD=\"C:\\Program Files\\Microsoft VS Code\\Code.exe\" --ms-enable-electron-run-as-node", "claude-sonnet-4-5": {"predicted_label": "benign", "reason": "Visual Studio Code launched by Windows Explorer with standard Electron framework flag - normal development tool usage by a domain user.", "confidence": "high", "attack_technique": ""}}
{"EventID": 3, "EventTime": "2025-10-10 08:00:50", "UtcTime": "2025-10-10T08:00:50.000Z", "Hostname": "WORKSTATION-01.corp.local", "Channel": "Microsoft-Windows-Sysmon/Operational", "SourceImage": "C:\\Program Files\\Chrome\\chrome.exe", "ProcessId": "5678", "ProcessGUID": "{8cda359c-1b2d-60ce-1200-000000000600}", "User": "CORP\\jsmith", "IntegrityLevel": "Medium", "SourcePort": "54322", "DestinationIp": "142.250.185.142", "DestinationPort": "443", "DestinationHostname": "www.google.com", "Protocol": "TCP", "_label": "benign", "_source": "llm", "prompt": "[2025-10-10 08:00:50] | PID=5678 | User=CORP\\jsmith | Image=C:\\Program Files\\Chrome\\chrome.exe", "claude-sonnet-4-5": {"predicted_label": "benign", "reason": "Chrome browser execution by a domain user - standard web browsing activity with no suspicious command-line arguments or unusual context.", "confidence": "high", "attack_technique": ""}}
{"EventID": 1, "EventTime": "2025-10-10 08:02:40", "UtcTime": "2025-10-10T08:02:40.000Z", "Hostname": "WORKSTATION-01.corp.local", "Channel": "Microsoft-Windows-Sysmon/Operational", "SourceImage": "C:\\Program Files\\7-Zip\\7zFM.exe", "CommandLine": "C:\\Program Files\\7-Zip\\7zFM.exe", "ProcessId": "7890", "ProcessGUID": "{1244af94-187a-5eb9-1000-000000001000}", "ParentImage": "C:\\Windows\\explorer.exe", "ParentProcessId": "2048", "ParentProcessGUID": "{7acb248b-dbdc-5ead-1000-000000000500}", "ParentCommandLine": "C:\\Windows\\explorer.exe", "User": "CORP\\jsmith", "Domain": "CORP", "AccountName": "jsmith", "IntegrityLevel": "Medium", "CurrentDirectory": "C:\\Users\\jsmith\\", "LogonId": "0x3e7", "_label": "benign", "_source": "llm", "prompt": "[2025-10-10 08:02:40] | PID=7890 | User=CORP\\jsmith | Image=C:\\Program Files\\7-Zip\\7zFM.exe | Parent=C:\\Windows\\explorer.exe | CMD=C:\\Program Files\\7-Zip\\7zFM.exe", "claude-sonnet-4-5": {"predicted_label": "benign", "reason": "User launching 7-Zip file manager from Windows Explorer - standard file compression/extraction activity with normal parent-child process relationship.", "confidence": "high", "attack_technique": ""}}
{"EventID": 1, "EventTime": "2025-10-10 08:01:40", "UtcTime": "2025-10-10T08:01:40.000Z", "Hostname": "WORKSTATION-01.corp.local", "Channel": "Microsoft-Windows-Sysmon/Operational", "SourceImage": "C:\\Program Files\\Microsoft VS Code\\Code.exe", "CommandLine": "C:\\Program Files\\Microsoft VS Code\\Code.exe .", "ProcessId": "4567", "ProcessGUID": "{ef117c61-1547-5eb6-1000-000000000d00}", "ParentImage": "C:\\Windows\\explorer.exe", "ParentProcessId": "2048", "ParentProcessGUID": "{7acb248b-dbdc-5ead-1000-000000000500}", "ParentCommandLine": "C:\\Windows\\explorer.exe", "User": "CORP\\jsmith", "Domain": "CORP", "AccountName": "jsmith", "IntegrityLevel": "Medium", "CurrentDirectory": "C:\\Users\\jsmith\\Documents\\", "LogonId": "0x3e7", "_label": "benign", "_source": "llm", "prompt": "[2025-10-10 08:01:40] | PID=4567 | User=CORP\\jsmith | Image=C:\\Program Files\\Microsoft VS Code\\Code.exe | Parent=C:\\Windows\\explorer.exe | CMD=C:\\Program Files\\Microsoft VS Code\\Code.exe .", "claude-sonnet-4-5": {"predicted_label": "benign", "reason": "Visual Studio Code launched by explorer.exe with normal command line arguments - typical developer workflow for opening a project in the current directory.", "confidence": "high", "attack_technique": ""}}
{"EventID": 1, "EventTime": "2020-05-01 22:55:58", "UtcTime": "2020-05-01T22:55:58.000Z", "Hostname": "NASHUA.dmevals.local", "Channel": "Microsoft-Windows-Sysmon/Operational", "SourceImage": "C:\\Windows\\System32\\WindowsPowerShell\\v1.0\\powershell.exe", "CommandLine": "powershell.exe -command Compress-Archive -Path C:\\Users\\pbeesly\\Documents\\FinancialReports\\* -DestinationPath C:\\Users\\pbeesly\\AppData\\Local\\Temp\\archive.zip", "ProcessId": "1245", "ProcessGUID": "{6bbf237a-04dd-5eac-04dd-0000000004dd}", "ParentImage": "C:\\Windows\\explorer.exe", "ParentProcessId": "456", "ParentProcessGUID": "{6bbf237a-01c8-5eac-01c8-0000000001c8}", "ParentCommandLine": "C:\\Windows\\explorer.exe", "User": "DMEVALS\\pbeesly", "Domain": "DMEVALS", "AccountName": "pbeesly", "IntegrityLevel": "Medium", "CurrentDirectory": "C:\\Windows\\System32\\", "LogonId": "0x3e7", "_label": "malicious", "_attack_technique": "data_staging", "_source": "llm_scenario", "prompt": "[2020-05-01 22:55:58] | PID=1245 | User=DMEVALS\\pbeesly | Image=C:\\Windows\\System32\\WindowsPowerShell\\v1.0\\powershell.exe | Parent=C:\\Windows\\explorer.exe | CMD=powershell.exe -command Compress-Archive -Path C:\\Users\\pbeesly\\Documents\\FinancialReports\\* -DestinationPath C:\\Users\\pbeesly\\AppData\\Local\\Temp\\archive.zip", "claude-sonnet-4-5": {"predicted_label": "benign", "reason": "User compressing their own Documents folder contents to a temporary location using PowerShell from explorer.exe - typical file management activity without suspicious indicators.", "confidence": "high", "attack_technique": ""}}
{"EventID": 3, "EventTime": "2025-10-10 08:01:40", "UtcTime": "2025-10-10T08:01:40.000Z", "Hostname": "WORKSTATION-01.corp.local", "Channel": "Microsoft-Windows-Sysmon/Operational", "SourceImage": "C:\\Windows\\System32\\svchost.exe", "ProcessId": "1345", "ProcessGUID": "{0589bb00-0000-0000-0000-000000000000}", "User": "NT AUTHORITY\\SYSTEM", "IntegrityLevel": "Medium", "SourcePort": "49152", "DestinationIp": "13.107.4.52", "DestinationPort": "443", "DestinationHostname": "login.microsoftonline.com", "Protocol": "TCP", "_label": "benign", "_source": "llm", "prompt": "[2025-10-10 08:01:40] | PID=1345 | User=NT AUTHORITY\\SYSTEM | Image=C:\\Windows\\System32\\svchost.exe", "claude-sonnet-4-5": {"predicted_label": "benign", "reason": "Svchost.exe running as SYSTEM from the legitimate System32 directory is normal Windows service host process activity with no suspicious command-line parameters or context.", "confidence": "high", "attack_technique": ""}}
{"EventID": 1, "EventTime": "2025-10-10 08:04:30", "UtcTime": "2025-10-10T08:04:30.000Z", "Hostname": "WORKSTATION-01.corp.local", "Channel": "Microsoft-Windows-Sysmon/Operational", "SourceImage": "C:\\Windows\\System32\\wscript.exe", "CommandLine": "wscript.exe C:\\Users\\jsmith\\Documents\\script.vbs", "ProcessId": "13456", "ProcessGUID": "{89bb23f1-2fe3-5ec1-1000-000000001800}", "ParentImage": "C:\\Windows\\explorer.exe", "ParentProcessId": "2048", "ParentProcessGUID": "{7acb248b-dbdc-5ead-1000-000000000500}", "ParentCommandLine": "C:\\Windows\\explorer.exe", "User": "CORP\\jsmith", "Domain": "CORP", "AccountName": "jsmith", "IntegrityLevel": "Medium", "CurrentDirectory": "C:\\Users\\jsmith\\Documents\\", "LogonId": "0x3e7", "_label": "benign", "_source": "llm", "prompt": "[2025-10-10 08:04:30] | PID=13456 | User=CORP\\jsmith | Image=C:\\Windows\\System32\\wscript.exe | Parent=C:\\Windows\\explorer.exe | CMD=wscript.exe C:\\Users\\jsmith\\Documents\\script.vbs", "claude-sonnet-4-5": {"predicted_label": "benign", "reason": "User executing a VBS script from their Documents folder via Windows Script Host launched from Explorer - typical user-initiated scripting activity without suspicious indicators.", "confidence": "medium", "attack_technique": ""}}
{"EventID": 1, "EventTime": "2025-10-10 08:02:40", "UtcTime": "2025-10-10T08:02:40.000Z", "Hostname": "WORKSTATION-01", "Channel": "Microsoft-Windows-Sysmon/Operational", "SourceImage": "C:\\Program Files\\Wireshark\\Wireshark.exe", "CommandLine": "\"C:\\Program Files\\Wireshark\\Wireshark.exe\"", "ProcessId": "2009", "ProcessGUID": "{12345678-1234-5678-1234-567812340013}", "ParentImage": "C:\\Windows\\explorer.exe", "ParentProcessId": "1000", "ParentProcessGUID": "{12345678-1234-5678-1234-567812340001}", "ParentCommandLine": "C:\\Windows\\explorer.exe", "User": "WORKSTATION\\user", "Domain": "WORKSTATION", "AccountName": "user", "IntegrityLevel": "Medium", "CurrentDirectory": "C:\\Program Files\\Wireshark", "LogonId": "0x1234", "_label": "benign", "_source": "llm", "prompt": "[2025-10-10 08:02:40] | PID=2009 | User=WORKSTATION\\user | Image=C:\\Program Files\\Wireshark\\Wireshark.exe | Parent=C:\\Windows\\explorer.exe | CMD=\"C:\\Program Files\\Wireshark\\Wireshark.exe\"", "claude-sonnet-4-5": {"predicted_label": "benign", "reason": "Wireshark launched by user from Windows Explorer - legitimate network analysis tool started through normal user interaction.", "confidence": "high", "attack_technique": ""}}
{"EventID": 1, "EventTime": "2020-05-01 22:56:15", "UtcTime": "2020-05-01T22:56:15.000Z", "Hostname": "SCRANTON.dmevals.local", "Channel": "Microsoft-Windows-Sysmon/Operational", "SourceImage": "C:\\Windows\\System32\\cmd.exe", "CommandLine": "cmd.exe /c systeminfo", "ProcessId": "17024", "ProcessGUID": "{6bbf237a-4280-5eac-4280-000000004280}", "ParentImage": "C:\\ProgramData\\victim\\\u00e2\u20ac\u00aecod.3aka3.scr", "ParentProcessId": "6820", "ParentProcessGUID": "{6bbf237a-1aa4-5eac-1aa4-000000001aa4}", "ParentCommandLine": "C:\\ProgramData\\victim\\\u00e2\u20ac\u00aecod.3aka3.scr", "User": "DMEVALS\\pbeesly", "Domain": "DMEVALS", "AccountName": "pbeesly", "IntegrityLevel": "Medium", "CurrentDirectory": "C:\\Windows\\System32\\", "LogonId": "0x3e7", "_label": "malicious", "_attack_technique": "system_reconnaissance", "_source": "llm_scenario", "prompt": "[2020-05-01 22:56:15] | PID=17024 | User=DMEVALS\\pbeesly | Image=C:\\Windows\\System32\\cmd.exe | Parent=C:\\ProgramData\\victim\\\u00e2\u20ac\u00aecod.3aka3.scr | CMD=cmd.exe /c systeminfo", "claude-sonnet-4-5": {"predicted_label": "malicious", "reason": "cmd.exe executing systeminfo for system reconnaissance, spawned by a suspicious parent process in ProgramData with obfuscated filename (Unicode right-to-left override character) disguised as a screensaver - indicates malware execution and discovery activity.", "confidence": "high", "attack_technique": "credential_discovery"}}
{"EventID": 3, "EventTime": "2025-11-01 10:01:20", "UtcTime": "2025-11-01T10:01:20.000Z", "Hostname": "WORKSTATION-01.corp.local", "Channel": "Microsoft-Windows-Sysmon/Operational", "SourceImage": "C:\\Program Files\\Mozilla Firefox\\firefox.exe", "ProcessId": "6789", "ProcessGUID": "{67839abc-3def-6728-f90b-9711696c9555}", "User": "CORP\\jsmith", "IntegrityLevel": "Medium", "SourcePort": "60000", "DestinationIp": "104.18.208.45", "DestinationPort": "443", "DestinationHostname": "mozilla.org", "Protocol": "TCP", "_label": "benign", "_source": "llm", "prompt": "[2025-11-01 10:01:20] | PID=6789 | User=CORP\\jsmith | Image=C:\\Program Files\\Mozilla Firefox\\firefox.exe", "claude-sonnet-4-5": {"predicted_label": "benign", "reason": "Firefox browser process running from legitimate installation directory under standard user context - normal application usage.", "confidence": "high", "attack_technique": ""}}
{"EventID": 1, "EventTime": "2020-05-01 22:57:40", "UtcTime": "2020-05-01T22:57:40.000Z", "Hostname": "UTICA.dmevals.local", "Channel": "Microsoft-Windows-Sysmon/Operational", "SourceImage": "C:\\Windows\\System32\\cmd.exe", "CommandLine": "cmd /c type C:\\Users\\pbeesly\\Documents\\backup.txt | findstr password", "ProcessId": "1300", "ProcessGUID": "{6bbf237a-0514-5eac-0514-000000000514}", "ParentImage": "C:\\Windows\\explorer.exe", "ParentProcessId": "456", "ParentProcessGUID": "{6bbf237a-01c8-5eac-01c8-0000000001c8}", "ParentCommandLine": "C:\\Windows\\explorer.exe", "User": "DMEVALS\\pbeesly", "Domain": "DMEVALS", "AccountName": "pbeesly", "IntegrityLevel": "Medium", "CurrentDirectory": "C:\\Windows\\System32\\", "LogonId": "0x3e7", "_label": "malicious", "_attack_technique": "credential_discovery", "_source": "llm_scenario", "prompt": "[2020-05-01 22:57:40] | PID=1300 | User=DMEVALS\\pbeesly | Image=C:\\Windows\\System32\\cmd.exe | Parent=C:\\Windows\\explorer.exe | CMD=cmd /c type C:\\Users\\pbeesly\\Documents\\backup.txt | findstr password", "claude-sonnet-4-5": {"predicted_label": "malicious", "reason": "Command searches for passwords in a text file using findstr - clear credential discovery attempt to extract sensitive information from user documents.", "confidence": "high", "attack_technique": "credential_discovery"}}
{"EventID": 11, "EventTime": "2025-10-10 08:04:20", "UtcTime": "2025-10-10T08:04:20.000Z", "Hostname": "WORKSTATION-01.corp.local", "Channel": "Microsoft-Windows-Sysmon/Operational", "ProcessId": "7890", "ProcessGUID": "{af2357be-3d4f-82ee-1400-000000000800}", "User": "CORP\\jsmith", "IntegrityLevel": "Medium", "Image": "C:\\Program Files\\Microsoft Office\\root\\Office16\\WINWORD.EXE", "TargetFilename": "C:\\Users\\jsmith\\AppData\\Local\\Temp\\WordDocument.docx", "CreationUtcTime": "2025-10-10T08:04:20.000Z", "_label": "benign", "_source": "llm", "prompt": "[2025-10-10 08:04:20] | PID=7890 | User=CORP\\jsmith | Image=C:\\Program Files\\Microsoft Office\\root\\Office16\\WINWORD.EXE", "claude-sonnet-4-5": {"predicted_label": "benign", "reason": "Microsoft Word (WINWORD.EXE) running from legitimate Office installation directory by a domain user - standard office application usage.", "confidence": "high", "attack_technique": ""}}
{"EventID": 1, "EventTime": "2025-10-25 21:10:45", "UtcTime": "2025-10-25T21:10:45.000Z", "Hostname": "WORKSTATION-01.corp.local", "Channel": "Microsoft-Windows-Sysmon/Operational", "SourceImage": "C:\\Program Files\\Wireshark\\Wireshark.exe", "CommandLine": "\"C:\\Program Files\\Wireshark\\Wireshark.exe\"", "ProcessId": "4567", "ProcessGUID": "{4561789a-1bcd-4506-d789-7599474a7333}", "ParentImage": "C:\\Windows\\explorer.exe", "ParentProcessId": "1234", "ParentProcessGUID": "{123e4567-e89b-12d3-a456-426614174000}", "ParentCommandLine": "C:\\Windows\\explorer.exe", "User": "CORP\\jsmith", "Domain": "CORP", "AccountName": "jsmith", "IntegrityLevel": "Medium", "CurrentDirectory": "C:\\Program Files\\Wireshark", "LogonId": "0x12345", "_label": "benign", "_source": "llm", "prompt": "[2025-10-25 21:10:45] | PID=4567 | User=CORP\\jsmith | Image=C:\\Program Files\\Wireshark\\Wireshark.exe | Parent=C:\\Windows\\explorer.exe | CMD=\"C:\\Program Files\\Wireshark\\Wireshark.exe\"", "claude-sonnet-4-5": {"predicted_label": "benign", "reason": "Wireshark launched by user from Windows Explorer - legitimate network analysis tool usage in normal context with standard parent process.", "confidence": "high", "attack_technique": ""}}
{"EventID": 1, "EventTime": "2020-05-01 22:55:58", "UtcTime": "2020-05-01T22:55:58.000Z", "Hostname": "NEWYORK.dmevals.local", "Channel": "Microsoft-Windows-Sysmon/Operational", "SourceImage": "C:\\Windows\\explorer.exe", "CommandLine": "C:\\Windows\\explorer.exe", "ProcessId": "1024", "ProcessGUID": "{6bbf237a-0400-5eac-0400-000000000400}", "ParentImage": "C:\\Windows\\System32\\userinit.exe", "ParentProcessId": "912", "ParentProcessGUID": "{6bbf237a-0390-5eac-0390-000000000390}", "ParentCommandLine": "C:\\Windows\\System32\\userinit.exe", "User": "NT AUTHORITY\\SYSTEM", "Domain": "NT AUTHORITY", "AccountName": "SYSTEM", "IntegrityLevel": "Medium", "CurrentDirectory": "C:\\Windows\\System32\\", "LogonId": "0x3e7", "_label": "malicious", "_attack_technique": "lateral_movement", "_source": "llm_scenario", "prompt": "[2020-05-01 22:55:58] | PID=1024 | User=NT AUTHORITY\\SYSTEM | Image=C:\\Windows\\explorer.exe | Parent=C:\\Windows\\System32\\userinit.exe | CMD=C:\\Windows\\explorer.exe", "claude-sonnet-4-5": {"predicted_label": "benign", "reason": "Explorer.exe launched by userinit.exe as SYSTEM during user logon is a standard Windows startup sequence that occurs during normal system initialization.", "confidence": "high", "attack_technique": ""}}
{"EventID": 1, "EventTime": "2020-05-01 22:56:14", "UtcTime": "2020-05-01T22:56:14.000Z", "Hostname": "SCRANTON.dmevals.local", "Channel": "Microsoft-Windows-Sysmon/Operational", "SourceImage": "C:\\Windows\\explorer.exe", "CommandLine": "C:\\Windows\\explorer.exe", "ProcessId": "1564", "ProcessGUID": "{6bbf237a-061c-5eac-061c-00000000061c}", "ParentImage": "C:\\Windows\\System32\\userinit.exe", "ParentProcessId": "820", "ParentProcessGUID": "{6bbf237a-0334-5eac-0334-000000000334}", "ParentCommandLine": "C:\\Windows\\System32\\userinit.exe", "User": "DMEVALS\\pbeesly", "Domain": "DMEVALS", "AccountName": "pbeesly", "IntegrityLevel": "Medium", "CurrentDirectory": "C:\\Windows\\System32\\", "LogonId": "0x3e7", "_label": "malicious", "_attack_technique": "lateral_movement", "_source": "llm_scenario", "prompt": "[2020-05-01 22:56:14] | PID=1564 | User=DMEVALS\\pbeesly | Image=C:\\Windows\\explorer.exe | Parent=C:\\Windows\\System32\\userinit.exe | CMD=C:\\Windows\\explorer.exe", "claude-sonnet-4-5": {"predicted_label": "benign", "reason": "Windows Explorer launched by userinit.exe is a standard Windows logon process - this is the normal mechanism for starting the user's desktop environment after authentication.", "confidence": "high", "attack_technique": ""}}
{"EventID": 1, "EventTime": "2020-05-01 22:57:08", "UtcTime": "2020-05-01T22:57:08.000Z", "Hostname": "NEWYORK.dmevals.local", "Channel": "Microsoft-Windows-Sysmon/Operational", "SourceImage": "C:\\Windows\\System32\\sc.exe", "CommandLine": "sc \\\\DESKTOP-TARGET create MaliciousService binpath= \"cmd.exe /c C:\\Users\\Public\\malicious.exe\"", "ProcessId": "1416", "ProcessGUID": "{6bbf237a-0588-5eac-0588-000000000588}", "ParentImage": "C:\\Windows\\System32\\cmd.exe", "ParentProcessId": "1048", "ParentProcessGUID": "{6bbf237a-0418-5eac-0418-000000000418}", "ParentCommandLine": "cmd.exe", "User": "NT AUTHORITY\\SYSTEM", "Domain": "NT AUTHORITY", "AccountName": "SYSTEM", "IntegrityLevel": "Medium", "CurrentDirectory": "C:\\Users\\SYSTEM\\", "LogonId": "0x3e7", "_label": "malicious", "_attack_technique": "lateral_movement", "_source": "llm_scenario", "prompt": "[2020-05-01 22:57:08] | PID=1416 | User=NT AUTHORITY\\SYSTEM | Image=C:\\Windows\\System32\\sc.exe | Parent=C:\\Windows\\System32\\cmd.exe | CMD=sc \\\\DESKTOP-TARGET create MaliciousService binpath= \"cmd.exe /c C:\\Users\\Public\\malicious.exe\"", "claude-sonnet-4-5": {"predicted_label": "malicious", "reason": "Creating a remote service on DESKTOP-TARGET with a suspicious executable path in C:\\Users\\Public\\ - classic lateral movement and persistence technique using sc.exe for remote service creation.", "confidence": "high", "attack_technique": "lateral_movement"}}
{"EventID": 1, "EventTime": "2025-10-10 08:02:50", "UtcTime": "2025-10-10T08:02:50.000Z", "Hostname": "WORKSTATION-01.corp.local", "Channel": "Microsoft-Windows-Sysmon/Operational", "SourceImage": "C:\\Windows\\System32\\wscript.exe", "CommandLine": "wscript.exe C:\\Users\\jsmith\\Documents\\script.vbs", "ProcessId": "1890", "ProcessGUID": "{5afc1155-d3e9-2c88-1e00-000000001200}", "ParentImage": "C:\\Windows\\explorer.exe", "ParentProcessId": "2048", "ParentProcessGUID": "{7acb248b-dbdc-5fbd-1100-000000000500}", "ParentCommandLine": "C:\\Windows\\explorer.exe", "User": "CORP\\jsmith", "Domain": "CORP", "AccountName": "jsmith", "IntegrityLevel": "Medium", "CurrentDirectory": "C:\\Users\\jsmith\\Documents\\", "LogonId": "0x3e7", "_label": "benign", "_source": "llm", "prompt": "[2025-10-10 08:02:50] | PID=1890 | User=CORP\\jsmith | Image=C:\\Windows\\System32\\wscript.exe | Parent=C:\\Windows\\explorer.exe | CMD=wscript.exe C:\\Users\\jsmith\\Documents\\script.vbs", "claude-sonnet-4-5": {"predicted_label": "benign", "reason": "User executing a VBScript file from their Documents folder using wscript.exe, launched from explorer.exe - typical user-initiated script execution without suspicious indicators.", "confidence": "medium", "attack_technique": ""}}
{"EventID": 12, "EventTime": "2025-10-10 08:03:50", "UtcTime": "2025-10-10T08:03:50.000Z", "Hostname": "WORKSTATION-01", "Channel": "Microsoft-Windows-Sysmon/Operational", "ProcessId": "2012", "ProcessGUID": "{12345678-1234-5678-1234-567812340016}", "User": "WORKSTATION\\user", "IntegrityLevel": "Medium", "Image": "C:\\Windows\\System32\\msiexec.exe", "TargetObject": "HKEY_LOCAL_MACHINE\\Software\\ExampleApp", "EventType": "Key Create", "_label": "benign", "_source": "llm", "prompt": "[2025-10-10 08:03:50] | PID=2012 | User=WORKSTATION\\user | Image=C:\\Windows\\System32\\msiexec.exe", "claude-sonnet-4-5": {"predicted_label": "benign", "reason": "Msiexec.exe is the legitimate Windows Installer service running from its correct system location with no suspicious command-line arguments visible, indicating normal software installation or maintenance activity.", "confidence": "high", "attack_technique": ""}}
{"EventID": 3, "EventTime": "2025-10-10 08:00:10", "UtcTime": "2025-10-10T08:00:10.000Z", "Hostname": "WORKSTATION-01.corp.local", "Channel": "Microsoft-Windows-Sysmon/Operational", "SourceImage": "C:\\Program Files\\Chrome\\chrome.exe", "ProcessId": "5678", "ProcessGUID": "{8cda359c-1b2d-60ce-1200-000000000600}", "User": "CORP\\jsmith", "IntegrityLevel": "Medium", "SourcePort": "54321", "DestinationIp": "8.8.8.8", "DestinationPort": "53", "DestinationHostname": "dns.google", "Protocol": "UDP", "_label": "benign", "_source": "llm", "prompt": "[2025-10-10 08:00:10] | PID=5678 | User=CORP\\jsmith | Image=C:\\Program Files\\Chrome\\chrome.exe", "claude-sonnet-4-5": {"predicted_label": "benign", "reason": "Chrome browser process running under a normal corporate user account with standard installation path - typical legitimate browsing activity.", "confidence": "high", "attack_technique": ""}}
{"EventID": 1, "EventTime": "2020-05-01 22:56:20", "UtcTime": "2020-05-01T22:56:20.000Z", "Hostname": "NEWYORK.dmevals.local", "Channel": "Microsoft-Windows-Sysmon/Operational", "SourceImage": "C:\\Windows\\System32\\reg.exe", "CommandLine": "reg add \"HKCU\\Software\\Microsoft\\Windows\\CurrentVersion\\Run\" /v \"Security Update\" /t REG_SZ /d \"C:\\Users\\pbeesly\\AppData\\Local\\temp\\svchost.exe\"", "ProcessId": "2348", "ProcessGUID": "{6bbf237a-092c-5eac-092c-00000000092c}", "ParentImage": "C:\\Windows\\System32\\cmd.exe", "ParentProcessId": "2192", "ParentProcessGUID": "{6bbf237a-0890-5eac-0890-000000000890}", "ParentCommandLine": "cmd.exe /c schtasks /create /tn \"System Maintenance\" /tr \"C:\\Windows\\Temp\\update.exe\" /sc onlogon /ru System", "User": "DMEVALS\\pbeesly", "Domain": "DMEVALS", "AccountName": "pbeesly", "IntegrityLevel": "Medium", "CurrentDirectory": "C:\\Users\\pbeesly\\", "LogonId": "0x3e7", "_label": "malicious", "_attack_technique": "persistence", "_source": "llm_scenario", "prompt": "[2020-05-01 22:56:20] | PID=2348 | User=DMEVALS\\pbeesly | Image=C:\\Windows\\System32\\reg.exe | Parent=C:\\Windows\\System32\\cmd.exe | CMD=reg add \"HKCU\\Software\\Microsoft\\Windows\\CurrentVersion\\Run\" /v \"Security Update\" /t REG_SZ /d \"C:\\Users\\pbeesly\\AppData\\Local\\temp\\svchost.exe\"", "claude-sonnet-4-5": {"predicted_label": "malicious", "reason": "Registry Run key modification to establish persistence with a suspicious executable (svchost.exe) located in user's temp directory masquerading as a legitimate system process.", "confidence": "high", "attack_technique": "persistence"}}
{"EventID": 3, "EventTime": "2025-10-10 08:02:50", "UtcTime": "2025-10-10T08:02:50.000Z", "Hostname": "WORKSTATION-01.corp.local", "Channel": "Microsoft-Windows-Sysmon/Operational", "SourceImage": "C:\\Program Files\\Chrome\\chrome.exe", "ProcessId": "1234", "ProcessGUID": "{bc11682e-0103-5eb2-1000-000000000900}", "User": "CORP\\jsmith", "IntegrityLevel": "Medium", "SourcePort": "54324", "DestinationIp": "172.217.160.142", "DestinationPort": "443", "DestinationHostname": "mail.google.com", "Protocol": "TCP", "_label": "benign", "_source": "llm", "prompt": "[2025-10-10 08:02:50] | PID=1234 | User=CORP\\jsmith | Image=C:\\Program Files\\Chrome\\chrome.exe", "claude-sonnet-4-5": {"predicted_label": "benign", "reason": "Chrome browser execution by a domain user - standard web browsing activity with no suspicious command-line arguments or unusual context.", "confidence": "high", "attack_technique": ""}}
{"EventID": 12, "EventTime": "2025-10-10 08:01:20", "UtcTime": "2025-10-10T08:01:20.000Z", "Hostname": "WORKSTATION-01.corp.local", "Channel": "Microsoft-Windows-Sysmon/Operational", "ProcessId": "2345", "ProcessGUID": "{cdef5a4f-1325-5eb4-1000-000000000b00}", "User": "CORP\\jsmith", "IntegrityLevel": "Medium", "Image": "C:\\Windows\\System32\\regedit.exe", "TargetObject": "HKEY_CURRENT_USER\\Software\\Microsoft\\Windows\\CurrentVersion\\Run\\NewEntry", "EventType": "Key Create", "_label": "benign", "_source": "llm", "prompt": "[2025-10-10 08:01:20] | PID=2345 | User=CORP\\jsmith | Image=C:\\Windows\\System32\\regedit.exe", "claude-sonnet-4-5": {"predicted_label": "benign", "reason": "User jsmith launched the Windows Registry Editor (regedit.exe) from its legitimate system location. This is a standard administrative tool commonly used for legitimate system configuration and troubleshooting tasks.", "confidence": "high", "attack_technique": ""}}
{"EventID": 1, "EventTime": "2025-10-10 08:00:40", "UtcTime": "2025-10-10T08:00:40.000Z", "Hostname": "WORKSTATION-01", "Channel": "Microsoft-Windows-Sysmon/Operational", "SourceImage": "C:\\Windows\\System32\\regedit.exe", "CommandLine": "regedit.exe", "ProcessId": "2003", "ProcessGUID": "{12345678-1234-5678-1234-567812340004}", "ParentImage": "C:\\Windows\\explorer.exe", "ParentProcessId": "1000", "ParentProcessGUID": "{12345678-1234-5678-1234-567812340001}", "ParentCommandLine": "C:\\Windows\\explorer.exe", "User": "WORKSTATION\\user", "Domain": "WORKSTATION", "AccountName": "user", "IntegrityLevel": "Medium", "CurrentDirectory": "C:\\Users\\user", "LogonId": "0x1234", "_label": "benign", "_source": "llm", "prompt": "[2025-10-10 08:00:40] | PID=2003 | User=WORKSTATION\\user | Image=C:\\Windows\\System32\\regedit.exe | Parent=C:\\Windows\\explorer.exe | CMD=regedit.exe", "claude-sonnet-4-5": {"predicted_label": "benign", "reason": "User launching Registry Editor (regedit.exe) from Windows Explorer - standard administrative activity with normal parent-child process relationship.", "confidence": "high", "attack_technique": ""}}
{"EventID": 1, "EventTime": "2020-05-01 22:57:25", "UtcTime": "2020-05-01T22:57:25.000Z", "Hostname": "UTICA.dmevals.local", "Channel": "Microsoft-Windows-Sysmon/Operational", "SourceImage": "C:\\Windows\\System32\\cmd.exe", "CommandLine": "cmd.exe /c dir /s /b C:\\Users\\Public\\*password*.txt", "ProcessId": "1278", "ProcessGUID": "{6bbf237a-04fe-5eac-04fe-0000000004fe}", "ParentImage": "C:\\Windows\\explorer.exe", "ParentProcessId": "1234", "ParentProcessGUID": "{6bbf237a-04d2-5eac-04d2-0000000004d2}", "ParentCommandLine": "C:\\Windows\\explorer.exe", "User": "NT AUTHORITY\\NETWORK SERVICE", "Domain": "NT AUTHORITY", "AccountName": "NETWORK SERVICE", "IntegrityLevel": "Medium", "CurrentDirectory": "C:\\Windows\\System32\\", "LogonId": "0x3e7", "_label": "malicious", "_attack_technique": "credential_discovery", "_source": "llm_scenario", "prompt": "[2020-05-01 22:57:25] | PID=1278 | User=NT AUTHORITY\\NETWORK SERVICE | Image=C:\\Windows\\System32\\cmd.exe | Parent=C:\\Windows\\explorer.exe | CMD=cmd.exe /c dir /s /b C:\\Users\\Public\\*password*.txt", "claude-sonnet-4-5": {"predicted_label": "malicious", "reason": "Command searches recursively for files containing 'password' in the filename under C:\\Users\\Public\\, indicating credential discovery activity. The NETWORK SERVICE account spawning cmd.exe from explorer.exe is also an unusual parent-child relationship suggesting potential privilege escalation or compromise.", "confidence": "high", "attack_technique": "credential_discovery"}}
{"EventID": 1, "EventTime": "2025-10-10 08:04:00", "UtcTime": "2025-10-10T08:04:00.000Z", "Hostname": "WORKSTATION-01", "Channel": "Microsoft-Windows-Sysmon/Operational", "SourceImage": "C:\\Program Files\\Mozilla Firefox\\firefox.exe", "CommandLine": "\"C:\\Program Files\\Mozilla Firefox\\firefox.exe\" -new-window", "ProcessId": "2013", "ProcessGUID": "{12345678-1234-5678-1234-567812340017}", "ParentImage": "C:\\Windows\\explorer.exe", "ParentProcessId": "1000", "ParentProcessGUID": "{12345678-1234-5678-1234-567812340001}", "ParentCommandLine": "C:\\Windows\\explorer.exe", "User": "WORKSTATION\\user", "Domain": "WORKSTATION", "AccountName": "user", "IntegrityLevel": "Medium", "CurrentDirectory": "C:\\Program Files\\Mozilla Firefox", "LogonId": "0x1234", "_label": "benign", "_source": "llm", "prompt": "[2025-10-10 08:04:00] | PID=2013 | User=WORKSTATION\\user | Image=C:\\Program Files\\Mozilla Firefox\\firefox.exe | Parent=C:\\Windows\\explorer.exe | CMD=\"C:\\Program Files\\Mozilla Firefox\\firefox.exe\" -new-window", "claude-sonnet-4-5": {"predicted_label": "benign", "reason": "Firefox browser launched by Windows Explorer with standard command-line parameters for opening a new window - normal user activity.", "confidence": "high", "attack_technique": ""}}
{"EventID": 1, "EventTime": "2020-05-01 22:56:15", "UtcTime": "2020-05-01T22:56:15.000Z", "Hostname": "NEWYORK.dmevals.local", "Channel": "Microsoft-Windows-Sysmon/Operational", "SourceImage": "C:\\Windows\\System32\\WindowsPowerShell\\v1.0\\powershell.exe", "CommandLine": "powershell.exe Compress-Archive -Path C:\\Users\\pbeesly\\Documents\\Important_Project\\*.docx -DestinationPath C:\\ProgramData\\Microsoft\\Windows\\UpdateCache\\ProjectDocs.zip", "ProcessId": "1245", "ProcessGUID": "{6bbf237a-04dd-5eac-04dd-0000000004dd}", "ParentImage": "C:\\Windows\\explorer.exe", "ParentProcessId": "456", "ParentProcessGUID": "{6bbf237a-01c8-5eac-01c8-0000000001c8}", "ParentCommandLine": "C:\\Windows\\explorer.exe", "User": "DMEVALS\\pbeesly", "Domain": "DMEVALS", "AccountName": "pbeesly", "IntegrityLevel": "Medium", "CurrentDirectory": "C:\\Windows\\System32\\", "LogonId": "0x3e7", "_label": "malicious", "_attack_technique": "data_staging", "_source": "llm_scenario", "prompt": "[2020-05-01 22:56:15] | PID=1245 | User=DMEVALS\\pbeesly | Image=C:\\Windows\\System32\\WindowsPowerShell\\v1.0\\powershell.exe | Parent=C:\\Windows\\explorer.exe | CMD=powershell.exe Compress-Archive -Path C:\\Users\\pbeesly\\Documents\\Important_Project\\*.docx -DestinationPath C:\\ProgramData\\Microsoft\\Windows\\UpdateCache\\ProjectDocs.zip", "claude-sonnet-4-5": {"predicted_label": "malicious", "reason": "PowerShell compressing documents from user directory to suspicious system location (ProgramData\\UpdateCache) - classic data staging pattern before exfiltration.", "confidence": "high", "attack_technique": "data_staging"}}
{"EventID": 1, "EventTime": "2020-05-01 22:56:01", "UtcTime": "2020-05-01T22:56:01.000Z", "Hostname": "UTICA.dmevals.local", "Channel": "Microsoft-Windows-Sysmon/Operational", "SourceImage": "C:\\Windows\\System32\\findstr.exe", "CommandLine": "findstr /si password *.xml", "ProcessId": "1235", "ProcessGUID": "{6bbf237a-04d3-5eac-04d3-0000000004d3}", "ParentImage": "C:\\Windows\\System32\\cmd.exe", "ParentProcessId": "1234", "ParentProcessGUID": "{6bbf237a-04d2-5eac-04d2-0000000004d2}", "ParentCommandLine": "cmdkey /list", "User": "DMEVALS\\pbeesly", "Domain": "DMEVALS", "AccountName": "pbeesly", "IntegrityLevel": "Medium", "CurrentDirectory": "C:\\Users\\pbeesly\\", "LogonId": "0x3e7", "_label": "malicious", "_attack_technique": "credential_discovery", "_source": "llm_scenario", "prompt": "[2020-05-01 22:56:01] | PID=1235 | User=DMEVALS\\pbeesly | Image=C:\\Windows\\System32\\findstr.exe | Parent=C:\\Windows\\System32\\cmd.exe | CMD=findstr /si password *.xml", "claude-sonnet-4-5": {"predicted_label": "malicious", "reason": "Findstr searching for passwords in XML files is a classic credential discovery technique used by attackers to locate stored credentials in configuration files.", "confidence": "high", "attack_technique": "credential_discovery"}}
{"EventID": 1, "EventTime": "2025-10-10 08:05:00", "UtcTime": "2025-10-10T08:05:00.000Z", "Hostname": "WORKSTATION-01", "Channel": "Microsoft-Windows-Sysmon/Operational", "SourceImage": "C:\\Windows\\System32\\notepad.exe", "CommandLine": "notepad.exe C:\\Windows\\System32\\drivers\\etc\\hosts", "ProcessId": "2016", "ProcessGUID": "{12345678-1234-5678-1234-567812340020}", "ParentImage": "C:\\Windows\\explorer.exe", "ParentProcessId": "1000", "ParentProcessGUID": "{12345678-1234-5678-1234-567812340001}", "ParentCommandLine": "C:\\Windows\\explorer.exe", "User": "WORKSTATION\\user", "Domain": "WORKSTATION", "AccountName": "user", "IntegrityLevel": "Medium", "CurrentDirectory": "C:\\Users\\user", "LogonId": "0x1234", "_label": "benign", "_source": "llm", "prompt": "[2025-10-10 08:05:00] | PID=2016 | User=WORKSTATION\\user | Image=C:\\Windows\\System32\\notepad.exe | Parent=C:\\Windows\\explorer.exe | CMD=notepad.exe C:\\Windows\\System32\\drivers\\etc\\hosts", "claude-sonnet-4-5": {"predicted_label": "malicious", "reason": "Notepad opening the Windows hosts file, which is commonly modified by attackers to redirect network traffic, block security updates, or establish persistence through DNS manipulation.", "confidence": "medium", "attack_technique": "defense_evasion"}}
{"EventID": 1, "EventTime": "2025-10-09 15:36:15", "UtcTime": "2025-10-09T15:36:15.000Z", "Hostname": "WORKSTATION-01.corp.local", "Channel": "Microsoft-Windows-Sysmon/Operational", "SourceImage": "C:\\Windows\\System32\\notepad.exe", "CommandLine": "notepad.exe C:\\Users\\jsmith\\Documents\\notes.txt", "ProcessId": "6734", "ProcessGUID": "{6bbf237a-cafb-5eac-1000-000000000403}", "ParentImage": "C:\\Windows\\explorer.exe", "ParentProcessId": "2048", "ParentProcessGUID": "{7acb237a-cafb-5eac-1000-000000000401}", "ParentCommandLine": "C:\\Windows\\explorer.exe", "User": "CORP\\jsmith", "Domain": "CORP", "AccountName": "jsmith", "IntegrityLevel": "Medium", "CurrentDirectory": "C:\\Users\\jsmith\\", "LogonId": "0x3e7", "_label": "benign", "_source": "llm", "prompt": "[2025-10-09 15:36:15] | PID=6734 | User=CORP\\jsmith | Image=C:\\Windows\\System32\\notepad.exe | Parent=C:\\Windows\\explorer.exe | CMD=notepad.exe C:\\Users\\jsmith\\Documents\\notes.txt", "claude-sonnet-4-5": {"predicted_label": "benign", "reason": "User opening a text file in their Documents folder with notepad launched from Windows Explorer - standard legitimate desktop activity with normal parent-child relationship.", "confidence": "high", "attack_technique": ""}}
{"EventID": 11, "EventTime": "2025-10-10 08:00:30", "UtcTime": "2025-10-10T08:00:30.000Z", "Hostname": "WORKSTATION-01.corp.local", "Channel": "Microsoft-Windows-Sysmon/Operational", "ProcessId": "7890", "ProcessGUID": "{9def460c-ecf1-5eb0-1000-000000000700}", "User": "CORP\\jsmith", "IntegrityLevel": "Medium", "Image": "C:\\Program Files\\Microsoft Office\\Office16\\WINWORD.EXE", "TargetFilename": "C:\\Users\\jsmith\\Documents\\Document1.docx", "CreationUtcTime": "2025-10-10T08:00:30.000Z", "_label": "benign", "_source": "llm", "prompt": "[2025-10-10 08:00:30] | PID=7890 | User=CORP\\jsmith | Image=C:\\Program Files\\Microsoft Office\\Office16\\WINWORD.EXE", "claude-sonnet-4-5": {"predicted_label": "benign", "reason": "Microsoft Word (WINWORD.EXE) launched from legitimate Office installation directory by a domain user - standard office application usage.", "confidence": "high", "attack_technique": ""}}
