{"EventID": 3, "EventTime": "2025-10-10 08:01:50", "UtcTime": "2025-10-10T08:01:50.000Z", "Hostname": "WORKSTATION-01.corp.local", "Channel": "Microsoft-Windows-Sysmon/Operational", "SourceImage": "C:\\Program Files\\Microsoft VS Code\\Code.exe", "ProcessId": "4567", "ProcessGUID": "{ef117c61-1547-5eb6-1000-000000000d00}", "User": "CORP\\jsmith", "IntegrityLevel": "Medium", "SourcePort": "54323", "DestinationIp": "10.0.0.1", "DestinationPort": "8080", "DestinationHostname": "localhost", "Protocol": "TCP", "_label": "benign", "_source": "llm", "prompt": "[2025-10-10 08:01:50] | PID=4567 | User=CORP\\jsmith | Image=C:\\Program Files\\Microsoft VS Code\\Code.exe", "claude-sonnet-4-5": {"predicted_label": "benign", "reason": "Visual Studio Code application running from its standard installation directory - normal development tool usage by a domain user.", "confidence": "high", "attack_technique": ""}}
{"EventID": 1, "EventTime": "2020-05-01 22:57:30", "UtcTime": "2020-05-01T22:57:30.000Z", "Hostname": "NEWYORK.dmevals.local", "Channel": "Microsoft-Windows-Sysmon/Operational", "SourceImage": "C:\\Windows\\System32\\WindowsPowerShell\\v1.0\\powershell.exe", "CommandLine": "powershell.exe -Command Copy-Item C:\\Users\\pbeesly\\AppData\\Local\\Temp\\SensitiveData -Destination C:\\ProgramData\\Microsoft\\Windows\\UpdateCache -Recurse -Force", "ProcessId": "1278", "ProcessGUID": "{6bbf237a-04fe-5eac-04fe-0000000004fe}", "ParentImage": "C:\\Windows\\System32\\cmd.exe", "ParentProcessId": "901", "ParentProcessGUID": "{6bbf237a-0385-5eac-0385-000000000385}", "ParentCommandLine": "cmd.exe", "User": "DMEVALS\\pbeesly", "Domain": "DMEVALS", "AccountName": "pbeesly", "IntegrityLevel": "Medium", "CurrentDirectory": "C:\\Users\\pbeesly\\", "LogonId": "0x3e7", "_label": "malicious", "_attack_technique": "data_staging", "_source": "llm_scenario", "prompt": "[2020-05-01 22:57:30] | PID=1278 | User=DMEVALS\\pbeesly | Image=C:\\Windows\\System32\\WindowsPowerShell\\v1.0\\powershell.exe | Parent=C:\\Windows\\System32\\cmd.exe | CMD=powershell.exe -Command Copy-Item C:\\Users\\pbeesly\\AppData\\Local\\Temp\\SensitiveData -Destination C:\\ProgramData\\Microsoft\\Windows\\UpdateCache -Recurse -Force", "claude-sonnet-4-5": {"predicted_label": "malicious", "reason": "PowerShell copying data from Temp to an unusual system location (UpdateCache) with -Recurse -Force flags, indicating potential data staging for exfiltration. The use of Force flag and system directory as destination is highly suspicious.", "confidence": "high", "attack_technique": "data_staging"}}
{"EventID": 1, "EventTime": "2020-05-01 22:57:05", "UtcTime": "2020-05-01T22:57:05.000Z", "Hostname": "NEWYORK.dmevals.local", "Channel": "Microsoft-Windows-Sysmon/Operational", "SourceImage": "C:\\Windows\\System32\\cmd.exe", "CommandLine": "cmd.exe /c bitsadmin /transfer job1 /addfile C:\\temp\\encoded.txt C:\\temp\\encoded.txt", "ProcessId": "1267", "ProcessGUID": "{6bbf237a-04f3-5eac-04f3-0000000004f3}", "ParentImage": "C:\\Windows\\explorer.exe", "ParentProcessId": "1111", "ParentProcessGUID": "{6bbf237a-0457-5eac-0457-000000000457}", "ParentCommandLine": "C:\\Windows\\explorer.exe", "User": "NT AUTHORITY\\SYSTEM", "Domain": "NT AUTHORITY", "AccountName": "SYSTEM", "IntegrityLevel": "Medium", "CurrentDirectory": "C:\\Windows\\System32\\", "LogonId": "0x3e7", "_label": "malicious", "_attack_technique": "data_exfiltration", "_source": "llm_scenario", "prompt": "[2020-05-01 22:57:05] | PID=1267 | User=NT AUTHORITY\\SYSTEM | Image=C:\\Windows\\System32\\cmd.exe | Parent=C:\\Windows\\explorer.exe | CMD=cmd.exe /c bitsadmin /transfer job1 /addfile C:\\temp\\encoded.txt C:\\temp\\encoded.txt", "claude-sonnet-4-5": {"predicted_label": "malicious", "reason": "SYSTEM account using bitsadmin with unusual parent process (explorer.exe) to transfer files in temp directory. Bitsadmin is commonly abused for data staging/exfiltration, and the SYSTEM context with explorer.exe parent is highly suspicious.", "confidence": "high", "attack_technique": "data_staging"}}
{"EventID": 1, "EventTime": "2020-05-01 22:57:25", "UtcTime": "2020-05-01T22:57:25.000Z", "Hostname": "UTICA.dmevals.local", "Channel": "Microsoft-Windows-Sysmon/Operational", "SourceImage": "C:\\Windows\\System32\\cmd.exe", "CommandLine": "cmd.exe /c wmic /node:TARGET-PC process call create \"powershell.exe -c \\\"Get-Process | Where-Object {$_.ProcessName -like '*malware*'}\"\"", "ProcessId": "2520", "ProcessGUID": "{6bbf237a-09d8-5eac-09d8-0000000009d8}", "ParentImage": "C:\\Windows\\explorer.exe", "ParentProcessId": "1234", "ParentProcessGUID": "{6bbf237a-04d2-5eac-04d2-0000000004d2}", "ParentCommandLine": "C:\\Windows\\explorer.exe", "User": "NT AUTHORITY\\NETWORK SERVICE", "Domain": "NT AUTHORITY", "AccountName": "NETWORK SERVICE", "IntegrityLevel": "Medium", "CurrentDirectory": "C:\\Windows\\System32\\", "LogonId": "0x3e7", "_label": "malicious", "_attack_technique": "lateral_movement", "_source": "llm_scenario", "prompt": "[2020-05-01 22:57:25] | PID=2520 | User=NT AUTHORITY\\NETWORK SERVICE | Image=C:\\Windows\\System32\\cmd.exe | Parent=C:\\Windows\\explorer.exe | CMD=cmd.exe /c wmic /node:TARGET-PC process call create \"powershell.exe -c \\\"Get-Process | Where-Object {$_.ProcessName -like '*malware*'}\"\"", "claude-sonnet-4-5": {"predicted_label": "malicious", "reason": "WMIC remote process execution from NETWORK SERVICE account spawned by explorer.exe (unusual parent-child relationship), attempting to execute PowerShell on remote system TARGET-PC - classic lateral movement pattern with suspicious process hierarchy.", "confidence": "high", "attack_technique": "remote_execution"}}
{"EventID": 11, "EventTime": "2025-10-10 08:04:50", "UtcTime": "2025-10-10T08:04:50.000Z", "Hostname": "WORKSTATION-01.corp.local", "Channel": "Microsoft-Windows-Sysmon/Operational", "ProcessId": "14567", "ProcessGUID": "{9ace3402-30f4-5ec2-1000-000000001900}", "User": "CORP\\jsmith", "IntegrityLevel": "Medium", "Image": "C:\\Program Files\\Git\\bin\\bash.exe", "TargetFilename": "C:\\Users\\jsmith\\.bash_history", "CreationUtcTime": "2025-10-10T08:04:50.000Z", "_label": "benign", "_source": "llm", "prompt": "[2025-10-10 08:04:50] | PID=14567 | User=CORP\\jsmith | Image=C:\\Program Files\\Git\\bin\\bash.exe", "claude-sonnet-4-5": {"predicted_label": "benign", "reason": "Git Bash shell execution by a domain user - standard development tool usage for version control and command-line operations.", "confidence": "high", "attack_technique": ""}}
{"EventID": 1, "EventTime": "2020-05-01 22:55:35", "UtcTime": "2020-05-01T22:55:35.000Z", "Hostname": "NEWYORK.dmevals.local", "Channel": "Microsoft-Windows-Sysmon/Operational", "SourceImage": "C:\\Windows\\explorer.exe", "CommandLine": "C:\\Windows\\explorer.exe", "ProcessId": "1352", "ProcessGUID": "{6bbf237a-0548-5eac-0548-000000000548}", "ParentImage": "C:\\Windows\\System32\\userinit.exe", "ParentProcessId": "824", "ParentProcessGUID": "{6bbf237a-0338-5eac-0338-000000000338}", "ParentCommandLine": "C:\\Windows\\System32\\userinit.exe", "User": "DMEVALS\\pbeesly", "Domain": "DMEVALS", "AccountName": "pbeesly", "IntegrityLevel": "Medium", "CurrentDirectory": "C:\\Windows\\System32\\", "LogonId": "0x3e7", "_label": "malicious", "_attack_technique": "lolbin_execution", "_source": "llm_scenario", "prompt": "[2020-05-01 22:55:35] | PID=1352 | User=DMEVALS\\pbeesly | Image=C:\\Windows\\explorer.exe | Parent=C:\\Windows\\System32\\userinit.exe | CMD=C:\\Windows\\explorer.exe", "claude-sonnet-4-5": {"predicted_label": "benign", "reason": "Windows Explorer launched by userinit.exe is a standard Windows logon process that occurs during normal user session initialization.", "confidence": "high", "attack_technique": ""}}
{"EventID": 1, "EventTime": "2020-05-01 22:55:58", "UtcTime": "2020-05-01T22:55:58.000Z", "Hostname": "NEWYORK.dmevals.local", "Channel": "Microsoft-Windows-Sysmon/Operational", "SourceImage": "C:\\Windows\\System32\\cmd.exe", "CommandLine": "cmd.exe /c mkdir C:\\ProgramData\\Microsoft\\Windows\\UpdateCache", "ProcessId": "1234", "ProcessGUID": "{6bbf237a-04d2-5eac-04d2-0000000004d2}", "ParentImage": "C:\\Windows\\explorer.exe", "ParentProcessId": "456", "ParentProcessGUID": "{6bbf237a-01c8-5eac-01c8-0000000001c8}", "ParentCommandLine": "C:\\Windows\\explorer.exe", "User": "DMEVALS\\pbeesly", "Domain": "DMEVALS", "AccountName": "pbeesly", "IntegrityLevel": "Medium", "CurrentDirectory": "C:\\Windows\\System32\\", "LogonId": "0x3e7", "_label": "malicious", "_attack_technique": "data_staging", "_source": "llm_scenario", "prompt": "[2020-05-01 22:55:58] | PID=1234 | User=DMEVALS\\pbeesly | Image=C:\\Windows\\System32\\cmd.exe | Parent=C:\\Windows\\explorer.exe | CMD=cmd.exe /c mkdir C:\\ProgramData\\Microsoft\\Windows\\UpdateCache", "claude-sonnet-4-5": {"predicted_label": "malicious", "reason": "Creating a directory named 'UpdateCache' in ProgramData via cmd.exe is suspicious - this location and naming mimics legitimate Windows paths but is commonly used for data staging or malware persistence.", "confidence": "medium", "attack_technique": "data_staging"}}
{"EventID": 1, "EventTime": "2025-10-09 15:36:05", "UtcTime": "2025-10-09T15:36:05.000Z", "Hostname": "WORKSTATION-01.corp.local", "Channel": "Microsoft-Windows-Sysmon/Operational", "SourceImage": "C:\\Program Files\\Chrome\\chrome.exe", "CommandLine": "\"C:\\Program Files\\Chrome\\chrome.exe\" --type=renderer --user-data-dir=\"C:\\Users\\jsmith\\AppData\\Local\\Google\\Chrome\\User Data\"", "ProcessId": "5623", "ProcessGUID": "{6bbf237a-cafb-5eac-1000-000000000402}", "ParentImage": "C:\\Windows\\explorer.exe", "ParentProcessId": "2048", "ParentProcessGUID": "{7acb237a-cafb-5eac-1000-000000000401}", "ParentCommandLine": "C:\\Windows\\explorer.exe", "User": "CORP\\jsmith", "Domain": "CORP", "AccountName": "jsmith", "IntegrityLevel": "Medium", "CurrentDirectory": "C:\\Users\\jsmith\\", "LogonId": "0x3e7", "_label": "benign", "_source": "llm", "prompt": "[2025-10-09 15:36:05] | PID=5623 | User=CORP\\jsmith | Image=C:\\Program Files\\Chrome\\chrome.exe | Parent=C:\\Windows\\explorer.exe | CMD=\"C:\\Program Files\\Chrome\\chrome.exe\" --type=renderer --user-data-dir=\"C:\\Users\\jsmith\\AppData\\Local\\Google\\Chrome\\User Data\"", "claude-sonnet-4-5": {"predicted_label": "benign", "reason": "Chrome browser renderer process launched by Windows Explorer with normal user data directory - standard web browsing activity.", "confidence": "high", "attack_technique": ""}}
{"EventID": 1, "EventTime": "2020-05-01 22:57:55", "UtcTime": "2020-05-01T22:57:55.000Z", "Hostname": "UTICA.dmevals.local", "Channel": "Microsoft-Windows-Sysmon/Operational", "SourceImage": "C:\\Windows\\System32\\cmd.exe", "CommandLine": "cmd.exe /c net use \\\\TARGET-PC\\C$ /user:TARGET-PC\\admin Password123", "ProcessId": "2540", "ProcessGUID": "{6bbf237a-09ec-5eac-09ec-0000000009ec}", "ParentImage": "C:\\Windows\\explorer.exe", "ParentProcessId": "1234", "ParentProcessGUID": "{6bbf237a-04d2-5eac-04d2-0000000004d2}", "ParentCommandLine": "C:\\Windows\\explorer.exe", "User": "NT AUTHORITY\\NETWORK SERVICE", "Domain": "NT AUTHORITY", "AccountName": "NETWORK SERVICE", "IntegrityLevel": "Medium", "CurrentDirectory": "C:\\Windows\\System32\\", "LogonId": "0x3e7", "_label": "malicious", "_attack_technique": "lateral_movement", "_source": "llm_scenario", "prompt": "[2020-05-01 22:57:55] | PID=2540 | User=NT AUTHORITY\\NETWORK SERVICE | Image=C:\\Windows\\System32\\cmd.exe | Parent=C:\\Windows\\explorer.exe | CMD=cmd.exe /c net use \\\\TARGET-PC\\C$ /user:TARGET-PC\\admin Password123", "claude-sonnet-4-5": {"predicted_label": "malicious", "reason": "Command uses net use with hardcoded credentials to map remote admin share (C$), executed by NETWORK SERVICE account from explorer.exe - indicates lateral movement attempt with credential abuse.", "confidence": "high", "attack_technique": "lateral_movement"}}
{"EventID": 1, "EventTime": "2020-05-01 22:58:10", "UtcTime": "2020-05-01T22:58:10.000Z", "Hostname": "UTICA.dmevals.local", "Channel": "Microsoft-Windows-Sysmon/Operational", "SourceImage": "C:\\Windows\\System32\\WindowsPowerShell\\v1.0\\powershell.exe", "CommandLine": "powershell -c \"Remove-Item -Path C:\\temp\\test.txt\"", "ProcessId": "2550", "ProcessGUID": "{6bbf237a-09f6-5eac-09f6-0000000009f6}", "ParentImage": "C:\\Windows\\explorer.exe", "ParentProcessId": "1234", "ParentProcessGUID": "{6bbf237a-04d2-5eac-04d2-0000000004d2}", "ParentCommandLine": "C:\\Windows\\explorer.exe", "User": "NT AUTHORITY\\NETWORK SERVICE", "Domain": "NT AUTHORITY", "AccountName": "NETWORK SERVICE", "IntegrityLevel": "Medium", "CurrentDirectory": "C:\\Windows\\System32\\", "LogonId": "0x3e7", "_label": "malicious", "_attack_technique": "lateral_movement", "_source": "llm_scenario", "prompt": "[2020-05-01 22:58:10] | PID=2550 | User=NT AUTHORITY\\NETWORK SERVICE | Image=C:\\Windows\\System32\\WindowsPowerShell\\v1.0\\powershell.exe | Parent=C:\\Windows\\explorer.exe | CMD=powershell -c \"Remove-Item -Path C:\\temp\\test.txt\"", "claude-sonnet-4-5": {"predicted_label": "malicious", "reason": "PowerShell running as NETWORK SERVICE (system account) spawned by explorer.exe (user process) is highly suspicious - indicates privilege escalation or process injection. Legitimate user file deletion wouldn't use this account context.", "confidence": "high", "attack_technique": "privilege_escalation"}}
{"EventID": 1, "EventTime": "2020-05-01 22:57:15", "UtcTime": "2020-05-01T22:57:15.000Z", "Hostname": "SCRANTON.dmevals.local", "Channel": "Microsoft-Windows-Sysmon/Operational", "SourceImage": "C:\\Windows\\System32\\powershell.exe", "CommandLine": "powershell Enter-PSSession -ComputerName DESKTOP-TARGET", "ProcessId": "5104", "ProcessGUID": "{6bbf237a-13f0-5eac-13f0-0000000013f0}", "ParentImage": "C:\\Windows\\System32\\cmd.exe", "ParentProcessId": "3892", "ParentProcessGUID": "{6bbf237a-0f34-5eac-0f34-000000000f34}", "ParentCommandLine": "cmd.exe /c powershell Enter-PSSession -ComputerName DESKTOP-TARGET", "User": "DMEVALS\\pbeesly", "Domain": "DMEVALS", "AccountName": "pbeesly", "IntegrityLevel": "Medium", "CurrentDirectory": "C:\\Users\\pbeesly\\", "LogonId": "0x3e7", "_label": "malicious", "_attack_technique": "lateral_movement", "_source": "llm_scenario", "prompt": "[2020-05-01 22:57:15] | PID=5104 | User=DMEVALS\\pbeesly | Image=C:\\Windows\\System32\\powershell.exe | Parent=C:\\Windows\\System32\\cmd.exe | CMD=powershell Enter-PSSession -ComputerName DESKTOP-TARGET", "claude-sonnet-4-5": {"predicted_label": "malicious", "reason": "PowerShell Enter-PSSession command attempting to establish remote interactive session with another computer (DESKTOP-TARGET), indicating lateral movement activity.", "confidence": "high", "attack_technique": "lateral_movement"}}
{"EventID": 1, "EventTime": "2020-05-01 22:57:00", "UtcTime": "2020-05-01T22:57:00.000Z", "Hostname": "UTICA.dmevals.local", "Channel": "Microsoft-Windows-Sysmon/Operational", "SourceImage": "C:\\Windows\\System32\\cmd.exe", "CommandLine": "cmd.exe /c wevtutil cl \"Windows PowerShell\"", "ProcessId": "1250", "ProcessGUID": "{6bbf237a-04e2-5eac-04e2-0000000004e2}", "ParentImage": "C:\\Windows\\explorer.exe", "ParentProcessId": "420", "ParentProcessGUID": "{6bbf237a-01a4-5eac-01a4-0000000001a4}", "ParentCommandLine": "C:\\Windows\\explorer.exe", "User": "NT AUTHORITY\\NETWORK SERVICE", "Domain": "NT AUTHORITY", "AccountName": "NETWORK SERVICE", "IntegrityLevel": "Medium", "CurrentDirectory": "C:\\Windows\\System32\\", "LogonId": "0x3e7", "_label": "malicious", "_attack_technique": "log_clearing", "_source": "llm_scenario", "prompt": "[2020-05-01 22:57:00] | PID=1250 | User=NT AUTHORITY\\NETWORK SERVICE | Image=C:\\Windows\\System32\\cmd.exe | Parent=C:\\Windows\\explorer.exe | CMD=cmd.exe /c wevtutil cl \"Windows PowerShell\"", "claude-sonnet-4-5": {"predicted_label": "malicious", "reason": "Command uses wevtutil to clear Windows PowerShell event logs, a classic defense evasion technique to hide malicious activity. The unusual parent process (explorer.exe) and NETWORK SERVICE account context make this highly suspicious.", "confidence": "high", "attack_technique": "defense_evasion"}}
{"EventID": 1, "EventTime": "2025-10-10 08:04:00", "UtcTime": "2025-10-10T08:04:00.000Z", "Hostname": "WORKSTATION-01.corp.local", "Channel": "Microsoft-Windows-Sysmon/Operational", "SourceImage": "C:\\Program Files\\Wireshark\\Wireshark.exe", "CommandLine": "\"C:\\Program Files\\Wireshark\\Wireshark.exe\"", "ProcessId": "2345", "ProcessGUID": "{b04166aa-223e-7f3d-2300-000000001700}", "ParentImage": "C:\\Windows\\explorer.exe", "ParentProcessId": "2048", "ParentProcessGUID": "{7acb248b-dbdc-5fbd-1100-000000000500}", "ParentCommandLine": "C:\\Windows\\explorer.exe", "User": "CORP\\jsmith", "Domain": "CORP", "AccountName": "jsmith", "IntegrityLevel": "Medium", "CurrentDirectory": "C:\\Program Files\\Wireshark\\", "LogonId": "0x3e7", "_label": "benign", "_source": "llm", "prompt": "[2025-10-10 08:04:00] | PID=2345 | User=CORP\\jsmith | Image=C:\\Program Files\\Wireshark\\Wireshark.exe | Parent=C:\\Windows\\explorer.exe | CMD=\"C:\\Program Files\\Wireshark\\Wireshark.exe\"", "claude-sonnet-4-5": {"predicted_label": "benign", "reason": "Wireshark launched by user jsmith from Windows Explorer - legitimate network analysis tool usage with normal parent-child relationship.", "confidence": "high", "attack_technique": ""}}
{"EventID": 12, "EventTime": "2025-10-10 08:01:10", "UtcTime": "2025-10-10T08:01:10.000Z", "Hostname": "WORKSTATION-01.corp.local", "Channel": "Microsoft-Windows-Sysmon/Operational", "ProcessId": "1012", "ProcessGUID": "{d2568abc-6e72-b511-1700-000000000b00}", "User": "CORP\\jsmith", "IntegrityLevel": "Medium", "Image": "C:\\Windows\\System32\\regedit.exe", "TargetObject": "HKEY_CURRENT_USER\\Software\\Microsoft\\Windows\\CurrentVersion\\Run\\NewApp", "EventType": "Key Create", "_label": "benign", "_source": "llm", "prompt": "[2025-10-10 08:01:10] | PID=1012 | User=CORP\\jsmith | Image=C:\\Windows\\System32\\regedit.exe", "claude-sonnet-4-5": {"predicted_label": "benign", "reason": "User jsmith launching the Windows Registry Editor (regedit.exe) from its legitimate system location. This is a standard administrative tool used for viewing or editing registry settings without any suspicious command-line parameters.", "confidence": "high", "attack_technique": ""}}
{"EventID": 1, "EventTime": "2020-05-01 22:56:03", "UtcTime": "2020-05-01T22:56:03.000Z", "Hostname": "SCRANTON.dmevals.local", "Channel": "Microsoft-Windows-Sysmon/Operational", "SourceImage": "C:\\Windows\\explorer.exe", "CommandLine": "C:\\Windows\\explorer.exe", "ProcessId": "1234", "ProcessGUID": "{6bbf237a-04d2-5eac-04d2-0000000004d2}", "ParentImage": "C:\\Windows\\System32\\userinit.exe", "ParentProcessId": "123", "ParentProcessGUID": "{6bbf237a-007b-5eac-007b-00000000007b}", "ParentCommandLine": "C:\\Windows\\System32\\userinit.exe", "User": "DMEVALS\\pbeesly", "Domain": "DMEVALS", "AccountName": "pbeesly", "IntegrityLevel": "Medium", "CurrentDirectory": "C:\\Windows\\System32\\", "LogonId": "0x3e7", "_label": "malicious", "_attack_technique": "persistence", "_source": "llm_scenario", "prompt": "[2020-05-01 22:56:03] | PID=1234 | User=DMEVALS\\pbeesly | Image=C:\\Windows\\explorer.exe | Parent=C:\\Windows\\System32\\userinit.exe | CMD=C:\\Windows\\explorer.exe", "claude-sonnet-4-5": {"predicted_label": "benign", "reason": "Windows Explorer launched by userinit.exe is the standard Windows shell initialization process that occurs during normal user login.", "confidence": "high", "attack_technique": ""}}
{"EventID": 1, "EventTime": "2025-10-10 08:04:10", "UtcTime": "2025-10-10T08:04:10.000Z", "Hostname": "WORKSTATION-01.corp.local", "Channel": "Microsoft-Windows-Sysmon/Operational", "SourceImage": "C:\\Program Files\\Mozilla Firefox\\firefox.exe", "CommandLine": "C:\\Program Files\\Mozilla Firefox\\firefox.exe", "ProcessId": "12345", "ProcessGUID": "{78aa12e0-2ed2-5ec0-1000-000000001700}", "ParentImage": "C:\\Windows\\explorer.exe", "ParentProcessId": "2048", "ParentProcessGUID": "{7acb248b-dbdc-5ead-1000-000000000500}", "ParentCommandLine": "C:\\Windows\\explorer.exe", "User": "CORP\\jsmith", "Domain": "CORP", "AccountName": "jsmith", "IntegrityLevel": "Medium", "CurrentDirectory": "C:\\Program Files\\Mozilla Firefox\\", "LogonId": "0x3e7", "_label": "benign", "_source": "llm", "prompt": "[2025-10-10 08:04:10] | PID=12345 | User=CORP\\jsmith | Image=C:\\Program Files\\Mozilla Firefox\\firefox.exe | Parent=C:\\Windows\\explorer.exe | CMD=C:\\Program Files\\Mozilla Firefox\\firefox.exe", "claude-sonnet-4-5": {"predicted_label": "benign", "reason": "Firefox browser launched by Windows Explorer under normal user context - standard application startup behavior with legitimate parent-child process relationship.", "confidence": "high", "attack_technique": ""}}
{"EventID": 1, "EventTime": "2020-05-01 22:56:12", "UtcTime": "2020-05-01T22:56:12.000Z", "Hostname": "UTICA.dmevals.local", "Channel": "Microsoft-Windows-Sysmon/Operational", "SourceImage": "C:\\Windows\\System32\\cmd.exe", "CommandLine": "cmdkey /list", "ProcessId": "1234", "ProcessGUID": "{6bbf237a-04d2-5eac-04d2-0000000004d2}", "ParentImage": "C:\\Windows\\explorer.exe", "ParentProcessId": "1111", "ParentProcessGUID": "{6bbf237a-0457-5eac-0457-000000000457}", "ParentCommandLine": "C:\\Windows\\explorer.exe", "User": "DMEVALS\\pbeesly", "Domain": "DMEVALS", "AccountName": "pbeesly", "IntegrityLevel": "Medium", "CurrentDirectory": "C:\\Windows\\System32\\", "LogonId": "0x3e7", "_label": "malicious", "_attack_technique": "credential_discovery", "_source": "llm_scenario", "prompt": "[2020-05-01 22:56:12] | PID=1234 | User=DMEVALS\\pbeesly | Image=C:\\Windows\\System32\\cmd.exe | Parent=C:\\Windows\\explorer.exe | CMD=cmdkey /list", "claude-sonnet-4-5": {"predicted_label": "malicious", "reason": "The cmdkey /list command is used to enumerate stored credentials on the system, which is a common credential discovery technique used by attackers to find reusable credentials for lateral movement or privilege escalation.", "confidence": "high", "attack_technique": "credential_discovery"}}
{"EventID": 1, "EventTime": "2020-05-01 22:57:30", "UtcTime": "2020-05-01T22:57:30.000Z", "Hostname": "UTICA.dmevals.local", "Channel": "Microsoft-Windows-Sysmon/Operational", "SourceImage": "C:\\Windows\\System32\\cmd.exe", "CommandLine": "type C:\\Users\\DMEVALS\\pbeesly\\AppData\\Local\\Microsoft\\Vault\\*\\*.xml | findstr password", "ProcessId": "1241", "ProcessGUID": "{6bbf237a-04d9-5eac-04d9-0000000004d9}", "ParentImage": "C:\\Windows\\explorer.exe", "ParentProcessId": "1111", "ParentProcessGUID": "{6bbf237a-0457-5eac-0457-000000000457}", "ParentCommandLine": "C:\\Windows\\explorer.exe", "User": "DMEVALS\\pbeesly", "Domain": "DMEVALS", "AccountName": "pbeesly", "IntegrityLevel": "Medium", "CurrentDirectory": "C:\\Windows\\System32\\", "LogonId": "0x3e7", "_label": "malicious", "_attack_technique": "credential_discovery", "_source": "llm_scenario", "prompt": "[2020-05-01 22:57:30] | PID=1241 | User=DMEVALS\\pbeesly | Image=C:\\Windows\\System32\\cmd.exe | Parent=C:\\Windows\\explorer.exe | CMD=type C:\\Users\\DMEVALS\\pbeesly\\AppData\\Local\\Microsoft\\Vault\\*\\*.xml | findstr password", "claude-sonnet-4-5": {"predicted_label": "malicious", "reason": "Command attempts to read Windows Vault credential storage XML files and search for passwords - clear credential discovery activity targeting stored credentials.", "confidence": "high", "attack_technique": "credential_discovery"}}
{"EventID": 1, "EventTime": "2020-05-01 22:56:35", "UtcTime": "2020-05-01T22:56:35.000Z", "Hostname": "UTICA.dmevals.local", "Channel": "Microsoft-Windows-Sysmon/Operational", "SourceImage": "C:\\Windows\\System32\\cmd.exe", "CommandLine": "cmd.exe /c wevtutil cl Application", "ProcessId": "1150", "ProcessGUID": "{6bbf237a-047e-5eac-047e-00000000047e}", "ParentImage": "C:\\Windows\\explorer.exe", "ParentProcessId": "420", "ParentProcessGUID": "{6bbf237a-01a4-5eac-01a4-0000000001a4}", "ParentCommandLine": "C:\\Windows\\explorer.exe", "User": "NT AUTHORITY\\NETWORK SERVICE", "Domain": "NT AUTHORITY", "AccountName": "NETWORK SERVICE", "IntegrityLevel": "Medium", "CurrentDirectory": "C:\\Windows\\System32\\", "LogonId": "0x3e7", "_label": "malicious", "_attack_technique": "log_clearing", "_source": "llm_scenario", "prompt": "[2020-05-01 22:56:35] | PID=1150 | User=NT AUTHORITY\\NETWORK SERVICE | Image=C:\\Windows\\System32\\cmd.exe | Parent=C:\\Windows\\explorer.exe | CMD=cmd.exe /c wevtutil cl Application", "claude-sonnet-4-5": {"predicted_label": "malicious", "reason": "Command uses wevtutil to clear the Application event log, a classic defense evasion technique to hide malicious activity. Additionally, the parent process explorer.exe spawning cmd.exe under NETWORK SERVICE context is highly suspicious.", "confidence": "high", "attack_technique": "defense_evasion"}}
{"EventID": 1, "EventTime": "2025-11-08 11:57:30", "UtcTime": "2025-11-08T11:57:30.000Z", "Hostname": "WORKSTATION-01.corp.local", "Channel": "Microsoft-Windows-Sysmon/Operational", "SourceImage": "C:\\Windows\\System32\\wscript.exe", "CommandLine": "wscript.exe C:\\Users\\Public\\Downloads\\vbscript.vbs", "ProcessId": "12345", "ProcessGUID": "{c3490ab3-9356-c38e-5f61-fd77cff05bbb}", "ParentImage": "C:\\Windows\\explorer.exe", "ParentProcessId": "1234", "ParentProcessGUID": "{123e4567-e89b-12d3-a456-426614174000}", "ParentCommandLine": "C:\\Windows\\explorer.exe", "User": "CORP\\jsmith", "Domain": "CORP", "AccountName": "jsmith", "IntegrityLevel": "Medium", "CurrentDirectory": "C:\\Users\\Public\\Downloads", "LogonId": "0x12345", "_label": "benign", "_source": "llm", "prompt": "[2025-11-08 11:57:30] | PID=12345 | User=CORP\\jsmith | Image=C:\\Windows\\System32\\wscript.exe | Parent=C:\\Windows\\explorer.exe | CMD=wscript.exe C:\\Users\\Public\\Downloads\\vbscript.vbs", "claude-sonnet-4-5": {"predicted_label": "malicious", "reason": "Wscript.exe executing a VBS file from C:\\Users\\Public\\Downloads, a common location for malware staging. This directory is world-writable and frequently used by attackers to drop and execute malicious scripts.", "confidence": "high", "attack_technique": "defense_evasion"}}
{"EventID": 3, "EventTime": "2025-10-10 08:00:10", "UtcTime": "2025-10-10T08:00:10.000Z", "Hostname": "WORKSTATION-01", "Channel": "Microsoft-Windows-Sysmon/Operational", "SourceImage": "C:\\Program Files\\Chrome\\chrome.exe", "ProcessId": "2001", "ProcessGUID": "{12345678-1234-5678-1234-567812340002}", "User": "WORKSTATION\\user", "IntegrityLevel": "Medium", "SourcePort": "50000", "DestinationIp": "8.8.8.8", "DestinationPort": "53", "DestinationHostname": "dns.google", "Protocol": "udp", "_label": "benign", "_source": "llm", "prompt": "[2025-10-10 08:00:10] | PID=2001 | User=WORKSTATION\\user | Image=C:\\Program Files\\Chrome\\chrome.exe", "claude-sonnet-4-5": {"predicted_label": "benign", "reason": "Chrome browser process running under a normal user account with standard installation path - typical web browsing activity.", "confidence": "high", "attack_technique": ""}}
{"EventID": 1, "EventTime": "2025-10-10 08:01:00", "UtcTime": "2025-10-10T08:01:00.000Z", "Hostname": "WORKSTATION-01", "Channel": "Microsoft-Windows-Sysmon/Operational", "SourceImage": "C:\\Windows\\System32\\cmd.exe", "CommandLine": "cmd.exe /c ipconfig", "ProcessId": "2004", "ProcessGUID": "{12345678-1234-5678-1234-567812340005}", "ParentImage": "C:\\Windows\\explorer.exe", "ParentProcessId": "1000", "ParentProcessGUID": "{12345678-1234-5678-1234-567812340001}", "ParentCommandLine": "C:\\Windows\\explorer.exe", "User": "WORKSTATION\\user", "Domain": "WORKSTATION", "AccountName": "user", "IntegrityLevel": "Medium", "CurrentDirectory": "C:\\Users\\user", "LogonId": "0x1234", "_label": "benign", "_source": "llm", "prompt": "[2025-10-10 08:01:00] | PID=2004 | User=WORKSTATION\\user | Image=C:\\Windows\\System32\\cmd.exe | Parent=C:\\Windows\\explorer.exe | CMD=cmd.exe /c ipconfig", "claude-sonnet-4-5": {"predicted_label": "benign", "reason": "User executing ipconfig from explorer.exe via cmd.exe is normal network troubleshooting activity with no suspicious parameters or context.", "confidence": "high", "attack_technique": ""}}
{"EventID": 1, "EventTime": "2020-05-01 22:57:00", "UtcTime": "2020-05-01T22:57:00.000Z", "Hostname": "UTICA.dmevals.local", "Channel": "Microsoft-Windows-Sysmon/Operational", "SourceImage": "C:\\Windows\\System32\\cmd.exe", "CommandLine": "findstr /sil \"credentials\" C:\\Users\\DMEVALS\\pbeesly\\Documents\\*.*", "ProcessId": "1239", "ProcessGUID": "{6bbf237a-04d7-5eac-04d7-0000000004d7}", "ParentImage": "C:\\Windows\\explorer.exe", "ParentProcessId": "1111", "ParentProcessGUID": "{6bbf237a-0457-5eac-0457-000000000457}", "ParentCommandLine": "C:\\Windows\\explorer.exe", "User": "DMEVALS\\pbeesly", "Domain": "DMEVALS", "AccountName": "pbeesly", "IntegrityLevel": "Medium", "CurrentDirectory": "C:\\Windows\\System32\\", "LogonId": "0x3e7", "_label": "malicious", "_attack_technique": "credential_discovery", "_source": "llm_scenario", "prompt": "[2020-05-01 22:57:00] | PID=1239 | User=DMEVALS\\pbeesly | Image=C:\\Windows\\System32\\cmd.exe | Parent=C:\\Windows\\explorer.exe | CMD=findstr /sil \"credentials\" C:\\Users\\DMEVALS\\pbeesly\\Documents\\*.*", "claude-sonnet-4-5": {"predicted_label": "malicious", "reason": "Using findstr to recursively search for \"credentials\" in user documents is a credential discovery technique, attempting to locate stored passwords or sensitive authentication data.", "confidence": "high", "attack_technique": "credential_discovery"}}
{"EventID": 1, "EventTime": "2025-10-10 08:03:20", "UtcTime": "2025-10-10T08:03:20.000Z", "Hostname": "WORKSTATION-01", "Channel": "Microsoft-Windows-Sysmon/Operational", "SourceImage": "C:\\Program Files\\VideoLAN\\VLC\\vlc.exe", "CommandLine": "\"C:\\Program Files\\VideoLAN\\VLC\\vlc.exe\" C:\\Users\\user\\video.mp4", "ProcessId": "2011", "ProcessGUID": "{12345678-1234-5678-1234-567812340015}", "ParentImage": "C:\\Windows\\explorer.exe", "ParentProcessId": "1000", "ParentProcessGUID": "{12345678-1234-5678-1234-567812340001}", "ParentCommandLine": "C:\\Windows\\explorer.exe", "User": "WORKSTATION\\user", "Domain": "WORKSTATION", "AccountName": "user", "IntegrityLevel": "Medium", "CurrentDirectory": "C:\\Program Files\\VideoLAN\\VLC", "LogonId": "0x1234", "_label": "benign", "_source": "llm", "prompt": "[2025-10-10 08:03:20] | PID=2011 | User=WORKSTATION\\user | Image=C:\\Program Files\\VideoLAN\\VLC\\vlc.exe | Parent=C:\\Windows\\explorer.exe | CMD=\"C:\\Program Files\\VideoLAN\\VLC\\vlc.exe\" C:\\Users\\user\\video.mp4", "claude-sonnet-4-5": {"predicted_label": "benign", "reason": "VLC media player launched by Windows Explorer to open a video file in the user's directory - normal user activity for media playback.", "confidence": "high", "attack_technique": ""}}
{"EventID": 3, "EventTime": "2025-10-10 08:04:10", "UtcTime": "2025-10-10T08:04:10.000Z", "Hostname": "WORKSTATION-01.corp.local", "Channel": "Microsoft-Windows-Sysmon/Operational", "SourceImage": "C:\\Windows\\System32\\svchost.exe", "ProcessId": "1345", "ProcessGUID": "{0589bb00-0000-0000-0000-000000000000}", "User": "NT AUTHORITY\\SYSTEM", "IntegrityLevel": "Medium", "SourcePort": "49154", "DestinationIp": "40.74.178.116", "DestinationPort": "443", "DestinationHostname": "outlook.office365.com", "Protocol": "TCP", "_label": "benign", "_source": "llm", "prompt": "[2025-10-10 08:04:10] | PID=1345 | User=NT AUTHORITY\\SYSTEM | Image=C:\\Windows\\System32\\svchost.exe", "claude-sonnet-4-5": {"predicted_label": "benign", "reason": "Svchost.exe running as SYSTEM from the legitimate System32 directory is normal Windows service host behavior with no suspicious command-line arguments or context.", "confidence": "high", "attack_technique": ""}}
{"EventID": 1, "EventTime": "2020-05-01 22:57:55", "UtcTime": "2020-05-01T22:57:55.000Z", "Hostname": "NEWYORK.dmevals.local", "Channel": "Microsoft-Windows-Sysmon/Operational", "SourceImage": "C:\\Windows\\System32\\cmd.exe", "CommandLine": "cmd.exe /c attrib +h C:\\ProgramData\\Microsoft\\Windows\\UpdateCache", "ProcessId": "1289", "ProcessGUID": "{6bbf237a-0509-5eac-0509-000000000509}", "ParentImage": "C:\\Windows\\explorer.exe", "ParentProcessId": "456", "ParentProcessGUID": "{6bbf237a-01c8-5eac-01c8-0000000001c8}", "ParentCommandLine": "C:\\Windows\\explorer.exe", "User": "DMEVALS\\pbeesly", "Domain": "DMEVALS", "AccountName": "pbeesly", "IntegrityLevel": "Medium", "CurrentDirectory": "C:\\Windows\\System32\\", "LogonId": "0x3e7", "_label": "malicious", "_attack_technique": "data_staging", "_source": "llm_scenario", "prompt": "[2020-05-01 22:57:55] | PID=1289 | User=DMEVALS\\pbeesly | Image=C:\\Windows\\System32\\cmd.exe | Parent=C:\\Windows\\explorer.exe | CMD=cmd.exe /c attrib +h C:\\ProgramData\\Microsoft\\Windows\\UpdateCache", "claude-sonnet-4-5": {"predicted_label": "malicious", "reason": "Using attrib command to hide a folder in ProgramData via cmd.exe - typical defense evasion technique to conceal malicious files or data staging locations from casual observation.", "confidence": "high", "attack_technique": "defense_evasion"}}
{"EventID": 1, "EventTime": "2020-05-01 22:56:50", "UtcTime": "2020-05-01T22:56:50.000Z", "Hostname": "UTICA.dmevals.local", "Channel": "Microsoft-Windows-Sysmon/Operational", "SourceImage": "C:\\Windows\\System32\\reg.exe", "CommandLine": "reg query HKLM\\SOFTWARE\\Microsoft\\Windows NT\\CurrentVersion\\Winlogon", "ProcessId": "1256", "ProcessGUID": "{6bbf237a-04e8-5eac-04e8-0000000004e8}", "ParentImage": "C:\\Windows\\System32\\cmd.exe", "ParentProcessId": "1245", "ParentProcessGUID": "{6bbf237a-04dd-5eac-04dd-0000000004dd}", "ParentCommandLine": "cmd.exe", "User": "DMEVALS\\pbeesly", "Domain": "DMEVALS", "AccountName": "pbeesly", "IntegrityLevel": "Medium", "CurrentDirectory": "C:\\Users\\pbeesly\\", "LogonId": "0x3e7", "_label": "malicious", "_attack_technique": "credential_discovery", "_source": "llm_scenario", "prompt": "[2020-05-01 22:56:50] | PID=1256 | User=DMEVALS\\pbeesly | Image=C:\\Windows\\System32\\reg.exe | Parent=C:\\Windows\\System32\\cmd.exe | CMD=reg query HKLM\\SOFTWARE\\Microsoft\\Windows NT\\CurrentVersion\\Winlogon", "claude-sonnet-4-5": {"predicted_label": "malicious", "reason": "Querying the Winlogon registry key is commonly used for credential discovery to find default username/password or for persistence reconnaissance. This registry location stores authentication and login configuration data.", "confidence": "high", "attack_technique": "credential_discovery"}}
{"EventID": 1, "EventTime": "2020-05-01 22:58:05", "UtcTime": "2020-05-01T22:58:05.000Z", "Hostname": "UTICA.dmevals.local", "Channel": "Microsoft-Windows-Sysmon/Operational", "SourceImage": "C:\\Windows\\System32\\cmd.exe", "CommandLine": "cmdkey /list", "ProcessId": "1289", "ProcessGUID": "{6bbf237a-0509-5eac-0509-000000000509}", "ParentImage": "C:\\Windows\\explorer.exe", "ParentProcessId": "1111", "ParentProcessGUID": "{6bbf237a-0457-5eac-0457-000000000457}", "ParentCommandLine": "C:\\Windows\\explorer.exe", "User": "DMEVALS\\pbeesly", "Domain": "DMEVALS", "AccountName": "pbeesly", "IntegrityLevel": "Medium", "CurrentDirectory": "C:\\Windows\\System32\\", "LogonId": "0x3e7", "_label": "malicious", "_attack_technique": "credential_discovery", "_source": "llm_scenario", "prompt": "[2020-05-01 22:58:05] | PID=1289 | User=DMEVALS\\pbeesly | Image=C:\\Windows\\System32\\cmd.exe | Parent=C:\\Windows\\explorer.exe | CMD=cmdkey /list", "claude-sonnet-4-5": {"predicted_label": "malicious", "reason": "The cmdkey /list command is used to enumerate stored Windows credentials, which is a common credential discovery technique used by attackers to find reusable credentials for lateral movement or privilege escalation.", "confidence": "high", "attack_technique": "credential_discovery"}}
{"EventID": 3, "EventTime": "2025-10-10 08:02:30", "UtcTime": "2025-10-10T08:02:30.000Z", "Hostname": "WORKSTATION-01", "Channel": "Microsoft-Windows-Sysmon/Operational", "SourceImage": "C:\\Windows\\System32\\svchost.exe", "ProcessId": "2008", "ProcessGUID": "{12345678-1234-5678-1234-567812340011}", "User": "NT AUTHORITY\\SYSTEM", "IntegrityLevel": "Medium", "SourcePort": "49153", "DestinationIp": "20.54.80.127", "DestinationPort": "443", "DestinationHostname": "onecollector.cloudapp.aria.ms", "Protocol": "tcp", "_label": "benign", "_source": "llm", "prompt": "[2025-10-10 08:02:30] | PID=2008 | User=NT AUTHORITY\\SYSTEM | Image=C:\\Windows\\System32\\svchost.exe", "claude-sonnet-4-5": {"predicted_label": "benign", "reason": "svchost.exe running as SYSTEM is a standard Windows service host process with normal system operations. No suspicious command-line arguments or unusual behavior detected.", "confidence": "high", "attack_technique": ""}}
